2015/01/07 09:32:25	エクスキュート　処理開始　(perform)
2015/01/07 09:32:25	エクスキュート　処理終了　(perform)
2015/01/07 09:32:26	[HBHUN370-01]の実行処理が開始した。
2015/01/07 09:32:27	外部exe実行：CBLCTFM.EXE</r C:\Work\Projects\aat\aat\bin\Debug\Work\HBHUN370-01\HBHUN370-01.cfm>
2015/01/07 09:32:27	Std Output:	正常終了(DONE)

2015/01/07 09:32:28	外部exe実行：CBLCTFM.EXE</a C:\Work\Projects\aat\aat\bin\Debug\Work\HBHUN370-01\HBHUN370-01.cfm>
2015/01/07 09:32:28	Std Output:	正常終了(DONE)

2015/01/07 09:32:28	外部exe実行：C:\Work\Projects\aat\aat\bin\Debug\Work\HBHUN370-01\HBHUN370.exe<>
2015/01/07 09:32:32	Std Output:CX00027
CX00028
CX00029
CX00030
CX00031
CX00032
CX00033
CX00034
CX00035
CX00036
CX00037
CX00038
CX00039
CX00040
CX00041
CX00042
CX00043
CX00044
CX00045
CX00046
CX00047
CX00048
CX00049
運用管理Ｆ
CX00050
CX00051
CX00054
CX00052
CX00055
CX00060
CX00061
CX00062
CX00059
変数販売チャネルコードＦ
ＳＧ情報管理Ｆ
CX00063
P100-RTN
P110-RTN
CX00120
発売ゲームＦ－Ｂ
CX00125
CX00126
CX00127
CX00124
CX00112
CX00114
CX00114
ゲーム状況Ｆ
CX00115
CX00115
CX00116
CX00116
ゲームＦ
CX00118
CX00118
ゲームルールＦ
CX00119
CX00119
CX00116
CX00116
ゲームＦ
CX00118
CX00118
ゲームルールＦ
CX00119
CX00119
CX00116
CX00116
ゲームＦ
CX00118
CX00118
ゲームルールＦ
CX00119
CX00119
CX00116
CX00116
ゲームＦ
CX00118
CX00118
ゲームルールＦ
CX00119
CX00119
CX00116
CX00116
ゲームＦ
CX00118
CX00118
ゲームルールＦ
CX00119
CX00119
CX00117
CX00117
P110-RTN
CX00120
発売ゲームＦ－Ｂ
CX00125
CX00126
CX00127
CX00124
CX00113
P200-RTN
CX00128
販売チャネルＦ
CX00131
CX00131
CX00135
CX00136
販売Ｃ別手数料変更Ｇ情報Ｆ
CX00139
CX00139
CX00142
CX00142
CX00143
CX00143
CX00144
CX00144
CX00136
販売Ｃ別手数料変更Ｇ情報Ｆ
CX00139
CX00139
CX00142
CX00142
CX00143
CX00143
CX00144
CX00144
CX00136
販売Ｃ別手数料変更Ｇ情報Ｆ
CX00139
CX00139
CX00141
CX00141
CX00144
CX00144
CX00137
CX00137
CX00145
CX00133
CX00128
販売チャネルＦ
CX00131
CX00131
CX00135
CX00136
販売Ｃ別手数料変更Ｇ情報Ｆ
CX00139
CX00139
CX00142
CX00142
CX00143
CX00143
CX00144
CX00144
CX00136
販売Ｃ別手数料変更Ｇ情報Ｆ
CX00139
CX00139
CX00142
CX00142
CX00143
CX00143
CX00144
CX00144
CX00136
販売Ｃ別手数料変更Ｇ情報Ｆ
CX00139
CX00139
CX00141
CX00141
CX00144
CX00144
CX00137
CX00137
CX00145
CX00133
CX00128
販売チャネルＦ
CX00131
CX00131
CX00135
CX00136
販売Ｃ別手数料変更Ｇ情報Ｆ
CX00139
CX00139
CX00142
CX00142
CX00143
CX00143
CX00144
CX00144
CX00136
販売Ｃ別手数料変更Ｇ情報Ｆ
CX00139
CX00139
CX00142
CX00142
CX00143
CX00143
CX00144
CX00144
CX00136
販売Ｃ別手数料変更Ｇ情報Ｆ
CX00138
CX00139
CX00139
CX00141
CX00141
CX00144
CX00144
CX00137
CX00137
CX00145
CX00133
CX00128
販売チャネルＦ
CX00130
CX00131
CX00131
CX00133
CX00129
CX00129
売捌手数料Ｆ
CX00158
CX00159
CX00159
CX00161
CX00161
CX00161
CX00161
CX00161
CX00161
CX00161
CX00161
CX00161
CX00161
CX00162
売捌手数料Ｆ
CX00164
CX00159
CX00159
CX00161
CX00161
CX00161
CX00161
CX00161
CX00161
CX00161
CX00161
CX00161
CX00161
CX00162
売捌手数料Ｆ
CX00163
CX00164
CX00160
CX00064
CX00064
CX00190
トランザクションＦ－Ｂ
CX00196
CX00196
CX00197
CX00198
CX00198
CX00199
CX00195
CX00065
CX00065
CX00069
CX00070
CX00070
CX00071
CX00071
CX00069
CX00070
CX00070
P500-RTN
ＵＲＢＡ売場コード=000001
売場Ｆ
CX00200
CX00200
業者Ｆ
CX00201
P600-RTN
CX00203
CX00203
CX00205
CX00205
URJKWK-RTN
CX00242
IDX-GET-RTN
CX00334
CX00334
CX00336
CX00335
CX00335
CX00338
CX00338
CX00340
CX00339
CX00337
CX00341
CX00341
URISABAKI-GET-RTN
CX00343
CX00343
CX00345
CX00345
CX00346
CX00344
CX00348
CX00348
CX00350
CX00350
CX00351
CX00349
CX00347
CX00352
CX00342
CX00342
CX00353
URJKWK-RTN
CX00242
CX00210
CX00210
CX00209
CX00209
WUBSWK-RTN
CX00281
CX00281
CX00282
CX00279
CX00285
CX00208
CX00207
CX00206
CX00204
CX00211
CX00074
CX00074
CX00077
CX00071
CX00071
CX00068
CX00068
CX00190
トランザクションＦ－Ｂ
CX00196
CX00196
ＦＬＧＴＲＮＳ=1
CX00197
CX00198
CX00198
CX00199
CX00195
CX00066
CX00066
WK-WRITE-RTN
CX00369
CX00369
CX00370
CX00370
CX00372
CX00372
CX00374
CX00376
CX00374
CX00376
CX00374
CX00376
CX00374
CX00376
CX00374
CX00376
CX00374
CX00376
CX00374
CX00376
CX00374
CX00376
CX00374
CX00376
CX00374
CX00376
CX00374
CX00376
CX00374
CX00376
CX00374
CX00376
CX00374
CX00376
CX00374
CX00376
CX00374
CX00376
CX00374
CX00376
CX00374
CX00376
CX00374
CX00376
CX00374
CX00376
CX00374
CX00376
CX00374
CX00376
CX00374
CX00376
CX00374
CX00376
CX00374
CX00376
CX00374
CX00376
CX00374
CX00376
CX00374
CX00376
CX00374
CX00376
CX00374
CX00376
CX00374
CX00376
CX00374
CX00376
CX00374
CX00376
CX00374
CX00376
CX00374
CX00376
CX00374
CX00376
CX00374
CX00376
CX00374
CX00376
CX00374
CX00376
CX00374
CX00376
CX00374
CX00376
CX00374
CX00376
CX00374
CX00376
CX00374
CX00376
CX00374
CX00376
CX00374
CX00376
CX00374
CX00376
CX00374
CX00376
CX00374
CX00376
CX00374
CX00376
CX00374
CX00376
CX00374
CX00376
CX00374
CX00376
CX00374
CX00376
CX00374
CX00376
CX00374
CX00376
CX00374
CX00376
CX00374
CX00376
CX00374
CX00376
CX00374
CX00376
CX00374
CX00376
CX00374
CX00376
CX00374
CX00376
CX00374
CX00376
CX00374
CX00376
CX00374
CX00376
CX00374
CX00376
CX00374
CX00376
CX00374
CX00376
CX00374
CX00376
CX00374
CX00376
CX00374
CX00376
CX00374
CX00376
CX00374
CX00376
CX00374
CX00376
CX00374
CX00376
CX00374
CX00376
CX00374
CX00376
CX00374
CX00376
CX00374
CX00376
CX00375
CX00375
CX00372
CX00372
CX00374
CX00376
CX00374
CX00376
CX00374
CX00376
CX00374
CX00376
CX00374
CX00376
CX00374
CX00376
CX00374
CX00376
CX00374
CX00376
CX00374
CX00376
CX00374
CX00376
CX00374
CX00376
CX00374
CX00376
CX00374
CX00376
CX00374
CX00376
CX00374
CX00376
CX00374
CX00376
CX00374
CX00376
CX00374
CX00376
CX00374
CX00376
CX00374
CX00376
CX00374
CX00376
CX00374
CX00376
CX00374
CX00376
CX00374
CX00376
CX00374
CX00376
CX00374
CX00376
CX00374
CX00376
CX00374
CX00376
CX00374
CX00376
CX00374
CX00376
CX00374
CX00376
CX00374
CX00376
CX00374
CX00376
CX00374
CX00376
CX00374
CX00376
CX00374
CX00376
CX00374
CX00376
CX00374
CX00376
CX00374
CX00376
CX00374
CX00376
CX00374
CX00376
CX00374
CX00376
CX00374
CX00376
CX00374
CX00376
CX00374
CX00376
CX00374
CX00376
CX00374
CX00376
CX00374
CX00376
CX00374
CX00376
CX00374
CX00376
CX00374
CX00376
CX00374
CX00376
CX00374
CX00376
CX00374
CX00376
CX00374
CX00376
CX00374
CX00376
CX00374
CX00376
CX00374
CX00376
CX00374
CX00376
CX00374
CX00376
CX00374
CX00376
CX00374
CX00376
CX00374
CX00376
CX00374
CX00376
CX00374
CX00376
CX00374
CX00376
CX00374
CX00376
CX00374
CX00376
CX00374
CX00376
CX00374
CX00376
CX00374
CX00376
CX00374
CX00376
CX00374
CX00376
CX00374
CX00376
CX00374
CX00376
CX00374
CX00376
CX00374
CX00376
CX00374
CX00376
CX00374
CX00376
CX00374
CX00376
CX00375
CX00375
CX00372
CX00372
CX00374
CX00376
CX00374
CX00376
CX00374
CX00376
CX00374
CX00376
CX00374
CX00376
CX00374
CX00376
CX00374
CX00376
CX00374
CX00376
CX00374
CX00376
CX00374
CX00376
CX00374
CX00376
CX00374
CX00376
CX00374
CX00376
CX00374
CX00376
CX00374
CX00376
CX00374
CX00376
CX00374
CX00376
CX00374
CX00376
CX00374
CX00376
CX00374
CX00376
CX00374
CX00376
CX00374
CX00376
CX00374
CX00376
CX00374
CX00376
CX00374
CX00376
CX00374
CX00376
CX00374
CX00376
CX00374
CX00376
CX00374
CX00376
CX00374
CX00376
CX00374
CX00376
CX00374
CX00376
CX00374
CX00376
CX00374
CX00376
CX00374
CX00376
CX00374
CX00376
CX00374
CX00376
CX00374
CX00376
CX00374
CX00376
CX00374
CX00376
CX00374
CX00376
CX00374
CX00376
CX00374
CX00376
CX00374
CX00376
CX00374
CX00376
CX00374
CX00376
CX00374
CX00376
CX00374
CX00376
CX00374
CX00376
CX00374
CX00376
CX00374
CX00376
CX00374
CX00376
CX00374
CX00376
CX00374
CX00376
CX00374
CX00376
CX00374
CX00376
CX00374
CX00376
CX00374
CX00376
CX00374
CX00376
CX00374
CX00376
CX00374
CX00376
CX00374
CX00376
CX00374
CX00376
CX00374
CX00376
CX00374
CX00376
CX00374
CX00376
CX00374
CX00376
CX00374
CX00376
CX00374
CX00376
CX00374
CX00376
CX00374
CX00376
CX00374
CX00376
CX00374
CX00376
CX00374
CX00376
CX00374
CX00376
CX00374
CX00376
CX00374
CX00376
CX00374
CX00376
CX00374
CX00376
CX00374
CX00376
CX00375
CX00375
CX00372
CX00372
CX00374
CX00376
CX00374
CX00376
CX00374
CX00376
CX00374
CX00376
CX00374
CX00376
CX00374
CX00376
CX00374
CX00376
CX00374
CX00376
CX00374
CX00376
CX00374
CX00376
CX00374
CX00376
CX00374
CX00376
CX00374
CX00376
CX00374
CX00376
CX00374
CX00376
CX00374
CX00376
CX00374
CX00376
CX00374
CX00376
CX00374
CX00376
CX00374
CX00376
CX00374
CX00376
CX00374
CX00376
CX00374
CX00376
CX00374
CX00376
CX00374
CX00376
CX00374
CX00376
CX00374
CX00376
CX00374
CX00376
CX00374
CX00376
CX00374
CX00376
CX00374
CX00376
CX00374
CX00376
CX00374
CX00376
CX00374
CX00376
CX00374
CX00376
CX00374
CX00376
CX00374
CX00376
CX00374
CX00376
CX00374
CX00376
CX00374
CX00376
CX00374
CX00376
CX00374
CX00376
CX00374
CX00376
CX00374
CX00376
CX00374
CX00376
CX00374
CX00376
CX00374
CX00376
CX00374
CX00376
CX00374
CX00376
CX00374
CX00376
CX00374
CX00376
CX00374
CX00376
CX00374
CX00376
CX00374
CX00376
CX00374
CX00376
CX00374
CX00376
CX00374
CX00376
CX00374
CX00376
CX00374
CX00376
CX00374
CX00376
CX00374
CX00376
CX00374
CX00376
CX00374
CX00376
CX00374
CX00376
CX00374
CX00376
CX00374
CX00376
CX00374
CX00376
CX00374
CX00376
CX00374
CX00376
CX00374
CX00376
CX00374
CX00376
CX00374
CX00376
CX00374
CX00376
CX00374
CX00376
CX00374
CX00376
CX00374
CX00376
CX00374
CX00376
CX00374
CX00376
CX00374
CX00376
CX00374
CX00376
CX00375
CX00375
CX00372
CX00372
CX00374
CX00376
CX00374
CX00376
CX00374
CX00376
CX00374
CX00376
CX00374
CX00376
CX00374
CX00376
CX00374
CX00376
CX00374
CX00376
CX00374
CX00376
CX00374
CX00376
CX00374
CX00376
CX00374
CX00376
CX00374
CX00376
CX00374
CX00376
CX00374
CX00376
CX00374
CX00376
CX00374
CX00376
CX00374
CX00376
CX00374
CX00376
CX00374
CX00376
CX00374
CX00376
CX00374
CX00376
CX00374
CX00376
CX00374
CX00376
CX00374
CX00376
CX00374
CX00376
CX00374
CX00376
CX00374
CX00376
CX00374
CX00376
CX00374
CX00376
CX00374
CX00376
CX00374
CX00376
CX00374
CX00376
CX00374
CX00376
CX00374
CX00376
CX00374
CX00376
CX00374
CX00376
CX00374
CX00376
CX00374
CX00376
CX00374
CX00376
CX00374
CX00376
CX00374
CX00376
CX00374
CX00376
CX00374
CX00376
CX00374
CX00376
CX00374
CX00376
CX00374
CX00376
CX00374
CX00376
CX00374
CX00376
CX00374
CX00376
CX00374
CX00376
CX00374
CX00376
CX00374
CX00376
CX00374
CX00376
CX00374
CX00376
CX00374
CX00376
CX00374
CX00376
CX00374
CX00376
CX00374
CX00376
CX00374
CX00376
CX00374
CX00376
CX00374
CX00376
CX00374
CX00376
CX00374
CX00376
CX00374
CX00376
CX00374
CX00376
CX00374
CX00376
CX00374
CX00376
CX00374
CX00376
CX00374
CX00376
CX00374
CX00376
CX00374
CX00376
CX00374
CX00376
CX00374
CX00376
CX00374
CX00376
CX00374
CX00376
CX00374
CX00376
CX00374
CX00376
CX00374
CX00376
CX00374
CX00376
CX00375
CX00375
CX00373
CX00373
CX00371
CX00371
CX00378
CX00380
CX00380
CX00382
CX00384
CX00384
CX00382
CX00384
CX00384
CX00382
CX00384
CX00384
CX00382
CX00384
CX00384
CX00382
CX00384
CX00384
CX00382
CX00384
CX00384
CX00382
CX00384
CX00384
CX00382
CX00384
CX00384
CX00382
CX00384
CX00384
CX00382
CX00384
CX00384
CX00383
CX00383
CX00380
CX00380
CX00382
CX00384
CX00384
CX00382
CX00384
CX00384
CX00382
CX00384
CX00384
CX00382
CX00384
CX00384
CX00382
CX00384
CX00384
CX00382
CX00384
CX00384
CX00382
CX00384
CX00384
CX00382
CX00384
CX00384
CX00382
CX00384
CX00384
CX00382
CX00384
CX00384
CX00383
CX00383
CX00380
CX00380
CX00382
CX00384
CX00384
CX00382
CX00384
CX00384
CX00382
CX00384
CX00384
CX00382
CX00384
CX00384
CX00382
CX00384
CX00384
CX00382
CX00384
CX00384
CX00382
CX00384
CX00384
CX00382
CX00384
CX00384
CX00382
CX00384
CX00384
CX00382
CX00384
CX00384
CX00383
CX00383
CX00380
CX00380
CX00382
CX00384
CX00384
CX00382
CX00384
CX00384
CX00382
CX00384
CX00384
CX00382
CX00384
CX00384
CX00382
CX00384
CX00384
CX00382
CX00384
CX00384
CX00382
CX00384
CX00384
CX00382
CX00384
CX00384
CX00382
CX00384
CX00384
CX00382
CX00384
CX00384
CX00383
CX00383
CX00380
CX00380
CX00382
CX00384
CX00384
CX00382
CX00384
CX00384
CX00382
CX00384
CX00384
CX00382
CX00384
CX00384
CX00382
CX00384
CX00384
CX00382
CX00384
CX00384
CX00382
CX00384
CX00384
CX00382
CX00384
CX00384
CX00382
CX00384
CX00384
CX00382
CX00384
CX00384
CX00383
CX00383
CX00381
CX00381
CX00379
CX00379
E000-RTN
CX00081
CX00082
CX00083
CX00084
CX00085
CX00086
CX00087
CX00088
CX00089
CX00090
CX00091
CX00092
CX00093
CX00094
CX00095
CX00096
CX00097
CX00098
CX00099
CX00100
CX00101
CX00102
CX00103
CX00104
CX00109
CX00110
CX00111
CX00108

2015/01/07 09:32:32	[HBHUN370-01]の実行処理が正常終了した。
2015/01/07 09:32:32	　　　☆☆☆実行処理が正常に終了しました。☆☆☆　　　
2015/01/07 09:32:35	エクスポート　処理開始　(export)
2015/01/07 09:32:35	エクスポート　処理終了　(export)
2015/01/07 09:32:36	[HBHUN370-01]の結果出力処理が開始した。
2015/01/07 09:32:45	[HBHUN370-01]に不一致が発生しました。
2015/01/07 09:32:45	　　　☆☆☆結果出力処理が正常に終了しました。☆☆☆　　　
2015/01/07 10:01:37	エクスキュート　処理開始　(perform)
2015/01/07 10:01:37	エクスキュート　処理終了　(perform)
2015/01/07 10:01:37	[HBHUN370-01]の実行処理が開始した。
2015/01/07 10:01:40	外部exe実行：CBLCTFM.EXE</r C:\Work\Projects\aat\aat\bin\Debug\Work\HBHUN370-01\HBHUN370-01.cfm>
2015/01/07 10:01:40	Std Output:	正常終了(DONE)

2015/01/07 10:01:41	外部exe実行：CBLCTFM.EXE</a C:\Work\Projects\aat\aat\bin\Debug\Work\HBHUN370-01\HBHUN370-01.cfm>
2015/01/07 10:01:41	Std Output:	正常終了(DONE)

2015/01/07 10:01:41	外部exe実行：C:\Work\Projects\aat\aat\bin\Debug\Work\HBHUN370-01\HBHUN370.exe<>
2015/01/07 10:01:45	Std Output:CX00027
CX00028
CX00029
CX00030
CX00031
CX00032
CX00033
CX00034
CX00035
CX00036
CX00037
CX00038
CX00039
CX00040
CX00041
CX00042
CX00043
CX00044
CX00045
CX00046
CX00047
CX00048
CX00049
運用管理Ｆ
CX00050
CX00051
CX00054
CX00052
CX00055
CX00060
CX00061
CX00062
CX00059
変数販売チャネルコードＦ
ＳＧ情報管理Ｆ
CX00063
P100-RTN
P110-RTN
CX00120
発売ゲームＦ－Ｂ
CX00125
CX00126
CX00127
CX00124
CX00112
CX00114
CX00114
ゲーム状況Ｆ
CX00115
CX00115
CX00116
CX00116
ゲームＦ
CX00118
CX00118
ゲームルールＦ
CX00119
CX00119
CX00116
CX00116
ゲームＦ
CX00118
CX00118
ゲームルールＦ
CX00119
CX00119
CX00116
CX00116
ゲームＦ
CX00118
CX00118
ゲームルールＦ
CX00119
CX00119
CX00116
CX00116
ゲームＦ
CX00118
CX00118
ゲームルールＦ
CX00119
CX00119
CX00116
CX00116
ゲームＦ
CX00118
CX00118
ゲームルールＦ
CX00119
CX00119
CX00117
CX00117
P110-RTN
CX00120
発売ゲームＦ－Ｂ
CX00125
CX00126
CX00127
CX00124
CX00113
P200-RTN
CX00128
販売チャネルＦ
CX00131
CX00131
CX00135
CX00136
販売Ｃ別手数料変更Ｇ情報Ｆ
CX00139
CX00139
CX00142
CX00142
CX00143
CX00143
CX00144
CX00144
CX00136
販売Ｃ別手数料変更Ｇ情報Ｆ
CX00139
CX00139
CX00142
CX00142
CX00143
CX00143
CX00144
CX00144
CX00136
販売Ｃ別手数料変更Ｇ情報Ｆ
CX00139
CX00139
CX00141
CX00141
CX00144
CX00144
CX00137
CX00137
CX00145
CX00133
CX00128
販売チャネルＦ
CX00131
CX00131
CX00135
CX00136
販売Ｃ別手数料変更Ｇ情報Ｆ
CX00139
CX00139
CX00142
CX00142
CX00143
CX00143
CX00144
CX00144
CX00136
販売Ｃ別手数料変更Ｇ情報Ｆ
CX00139
CX00139
CX00142
CX00142
CX00143
CX00143
CX00144
CX00144
CX00136
販売Ｃ別手数料変更Ｇ情報Ｆ
CX00139
CX00139
CX00141
CX00141
CX00144
CX00144
CX00137
CX00137
CX00145
CX00133
CX00128
販売チャネルＦ
CX00131
CX00131
CX00135
CX00136
販売Ｃ別手数料変更Ｇ情報Ｆ
CX00139
CX00139
CX00142
CX00142
CX00143
CX00143
CX00144
CX00144
CX00136
販売Ｃ別手数料変更Ｇ情報Ｆ
CX00139
CX00139
CX00142
CX00142
CX00143
CX00143
CX00144
CX00144
CX00136
販売Ｃ別手数料変更Ｇ情報Ｆ
CX00138
CX00139
CX00139
CX00141
CX00141
CX00144
CX00144
CX00137
CX00137
CX00145
CX00133
CX00128
販売チャネルＦ
CX00130
CX00131
CX00131
CX00133
CX00129
CX00129
売捌手数料Ｆ
CX00158
CX00159
CX00159
CX00161
CX00161
CX00161
CX00161
CX00161
CX00161
CX00161
CX00161
CX00161
CX00161
CX00162
売捌手数料Ｆ
CX00164
CX00159
CX00159
CX00161
CX00161
CX00161
CX00161
CX00161
CX00161
CX00161
CX00161
CX00161
CX00161
CX00162
売捌手数料Ｆ
CX00163
CX00164
CX00160
CX00064
CX00064
CX00190
トランザクションＦ－Ｂ
CX00196
CX00196
CX00197
CX00198
CX00198
CX00199
CX00195
CX00065
CX00065
CX00069
CX00070
CX00070
CX00071
CX00071
CX00069
CX00070
CX00070
P500-RTN
ＵＲＢＡ売場コード=000001
売場Ｆ
CX00200
CX00200
業者Ｆ
CX00201
P600-RTN
CX00203
CX00203
CX00205
CX00205
URJKWK-RTN
CX00242
IDX-GET-RTN
CX00334
CX00334
CX00336
CX00335
CX00335
CX00338
CX00338
CX00340
CX00339
CX00337
CX00341
CX00341
URISABAKI-GET-RTN
CX00343
CX00343
CX00345
CX00345
CX00346
CX00344
CX00348
CX00348
CX00350
CX00350
CX00351
CX00349
CX00347
CX00352
CX00342
CX00342
CX00353
URJKWK-RTN
CX00242
CX00210
CX00210
CX00209
CX00209
WUBSWK-RTN
CX00281
CX00281
CX00282
CX00279
CX00285
CX00208
CX00207
CX00206
CX00204
CX00211
CX00074
CX00074
CX00077
CX00071
CX00071
CX00068
CX00068
CX00190
トランザクションＦ－Ｂ
CX00196
CX00196
ＦＬＧＴＲＮＳ=1
CX00197
CX00198
CX00198
CX00199
CX00195
CX00066
CX00066
WK-WRITE-RTN
CX00369
CX00369
CX00370
CX00370
CX00372
CX00372
CX00374
CX00376
CX00374
CX00376
CX00374
CX00376
CX00374
CX00376
CX00374
CX00376
CX00374
CX00376
CX00374
CX00376
CX00374
CX00376
CX00374
CX00376
CX00374
CX00376
CX00374
CX00376
CX00374
CX00376
CX00374
CX00376
CX00374
CX00376
CX00374
CX00376
CX00374
CX00376
CX00374
CX00376
CX00374
CX00376
CX00374
CX00376
CX00374
CX00376
CX00374
CX00376
CX00374
CX00376
CX00374
CX00376
CX00374
CX00376
CX00374
CX00376
CX00374
CX00376
CX00374
CX00376
CX00374
CX00376
CX00374
CX00376
CX00374
CX00376
CX00374
CX00376
CX00374
CX00376
CX00374
CX00376
CX00374
CX00376
CX00374
CX00376
CX00374
CX00376
CX00374
CX00376
CX00374
CX00376
CX00374
CX00376
CX00374
CX00376
CX00374
CX00376
CX00374
CX00376
CX00374
CX00376
CX00374
CX00376
CX00374
CX00376
CX00374
CX00376
CX00374
CX00376
CX00374
CX00376
CX00374
CX00376
CX00374
CX00376
CX00374
CX00376
CX00374
CX00376
CX00374
CX00376
CX00374
CX00376
CX00374
CX00376
CX00374
CX00376
CX00374
CX00376
CX00374
CX00376
CX00374
CX00376
CX00374
CX00376
CX00374
CX00376
CX00374
CX00376
CX00374
CX00376
CX00374
CX00376
CX00374
CX00376
CX00374
CX00376
CX00374
CX00376
CX00374
CX00376
CX00374
CX00376
CX00374
CX00376
CX00374
CX00376
CX00374
CX00376
CX00374
CX00376
CX00374
CX00376
CX00374
CX00376
CX00374
CX00376
CX00374
CX00376
CX00374
CX00376
CX00374
CX00376
CX00374
CX00376
CX00375
CX00375
CX00372
CX00372
CX00374
CX00376
CX00374
CX00376
CX00374
CX00376
CX00374
CX00376
CX00374
CX00376
CX00374
CX00376
CX00374
CX00376
CX00374
CX00376
CX00374
CX00376
CX00374
CX00376
CX00374
CX00376
CX00374
CX00376
CX00374
CX00376
CX00374
CX00376
CX00374
CX00376
CX00374
CX00376
CX00374
CX00376
CX00374
CX00376
CX00374
CX00376
CX00374
CX00376
CX00374
CX00376
CX00374
CX00376
CX00374
CX00376
CX00374
CX00376
CX00374
CX00376
CX00374
CX00376
CX00374
CX00376
CX00374
CX00376
CX00374
CX00376
CX00374
CX00376
CX00374
CX00376
CX00374
CX00376
CX00374
CX00376
CX00374
CX00376
CX00374
CX00376
CX00374
CX00376
CX00374
CX00376
CX00374
CX00376
CX00374
CX00376
CX00374
CX00376
CX00374
CX00376
CX00374
CX00376
CX00374
CX00376
CX00374
CX00376
CX00374
CX00376
CX00374
CX00376
CX00374
CX00376
CX00374
CX00376
CX00374
CX00376
CX00374
CX00376
CX00374
CX00376
CX00374
CX00376
CX00374
CX00376
CX00374
CX00376
CX00374
CX00376
CX00374
CX00376
CX00374
CX00376
CX00374
CX00376
CX00374
CX00376
CX00374
CX00376
CX00374
CX00376
CX00374
CX00376
CX00374
CX00376
CX00374
CX00376
CX00374
CX00376
CX00374
CX00376
CX00374
CX00376
CX00374
CX00376
CX00374
CX00376
CX00374
CX00376
CX00374
CX00376
CX00374
CX00376
CX00374
CX00376
CX00374
CX00376
CX00374
CX00376
CX00374
CX00376
CX00374
CX00376
CX00374
CX00376
CX00374
CX00376
CX00374
CX00376
CX00375
CX00375
CX00372
CX00372
CX00374
CX00376
CX00374
CX00376
CX00374
CX00376
CX00374
CX00376
CX00374
CX00376
CX00374
CX00376
CX00374
CX00376
CX00374
CX00376
CX00374
CX00376
CX00374
CX00376
CX00374
CX00376
CX00374
CX00376
CX00374
CX00376
CX00374
CX00376
CX00374
CX00376
CX00374
CX00376
CX00374
CX00376
CX00374
CX00376
CX00374
CX00376
CX00374
CX00376
CX00374
CX00376
CX00374
CX00376
CX00374
CX00376
CX00374
CX00376
CX00374
CX00376
CX00374
CX00376
CX00374
CX00376
CX00374
CX00376
CX00374
CX00376
CX00374
CX00376
CX00374
CX00376
CX00374
CX00376
CX00374
CX00376
CX00374
CX00376
CX00374
CX00376
CX00374
CX00376
CX00374
CX00376
CX00374
CX00376
CX00374
CX00376
CX00374
CX00376
CX00374
CX00376
CX00374
CX00376
CX00374
CX00376
CX00374
CX00376
CX00374
CX00376
CX00374
CX00376
CX00374
CX00376
CX00374
CX00376
CX00374
CX00376
CX00374
CX00376
CX00374
CX00376
CX00374
CX00376
CX00374
CX00376
CX00374
CX00376
CX00374
CX00376
CX00374
CX00376
CX00374
CX00376
CX00374
CX00376
CX00374
CX00376
CX00374
CX00376
CX00374
CX00376
CX00374
CX00376
CX00374
CX00376
CX00374
CX00376
CX00374
CX00376
CX00374
CX00376
CX00374
CX00376
CX00374
CX00376
CX00374
CX00376
CX00374
CX00376
CX00374
CX00376
CX00374
CX00376
CX00374
CX00376
CX00374
CX00376
CX00374
CX00376
CX00374
CX00376
CX00374
CX00376
CX00374
CX00376
CX00374
CX00376
CX00374
CX00376
CX00375
CX00375
CX00372
CX00372
CX00374
CX00376
CX00374
CX00376
CX00374
CX00376
CX00374
CX00376
CX00374
CX00376
CX00374
CX00376
CX00374
CX00376
CX00374
CX00376
CX00374
CX00376
CX00374
CX00376
CX00374
CX00376
CX00374
CX00376
CX00374
CX00376
CX00374
CX00376
CX00374
CX00376
CX00374
CX00376
CX00374
CX00376
CX00374
CX00376
CX00374
CX00376
CX00374
CX00376
CX00374
CX00376
CX00374
CX00376
CX00374
CX00376
CX00374
CX00376
CX00374
CX00376
CX00374
CX00376
CX00374
CX00376
CX00374
CX00376
CX00374
CX00376
CX00374
CX00376
CX00374
CX00376
CX00374
CX00376
CX00374
CX00376
CX00374
CX00376
CX00374
CX00376
CX00374
CX00376
CX00374
CX00376
CX00374
CX00376
CX00374
CX00376
CX00374
CX00376
CX00374
CX00376
CX00374
CX00376
CX00374
CX00376
CX00374
CX00376
CX00374
CX00376
CX00374
CX00376
CX00374
CX00376
CX00374
CX00376
CX00374
CX00376
CX00374
CX00376
CX00374
CX00376
CX00374
CX00376
CX00374
CX00376
CX00374
CX00376
CX00374
CX00376
CX00374
CX00376
CX00374
CX00376
CX00374
CX00376
CX00374
CX00376
CX00374
CX00376
CX00374
CX00376
CX00374
CX00376
CX00374
CX00376
CX00374
CX00376
CX00374
CX00376
CX00374
CX00376
CX00374
CX00376
CX00374
CX00376
CX00374
CX00376
CX00374
CX00376
CX00374
CX00376
CX00374
CX00376
CX00374
CX00376
CX00374
CX00376
CX00374
CX00376
CX00374
CX00376
CX00374
CX00376
CX00374
CX00376
CX00374
CX00376
CX00374
CX00376
CX00375
CX00375
CX00372
CX00372
CX00374
CX00376
CX00374
CX00376
CX00374
CX00376
CX00374
CX00376
CX00374
CX00376
CX00374
CX00376
CX00374
CX00376
CX00374
CX00376
CX00374
CX00376
CX00374
CX00376
CX00374
CX00376
CX00374
CX00376
CX00374
CX00376
CX00374
CX00376
CX00374
CX00376
CX00374
CX00376
CX00374
CX00376
CX00374
CX00376
CX00374
CX00376
CX00374
CX00376
CX00374
CX00376
CX00374
CX00376
CX00374
CX00376
CX00374
CX00376
CX00374
CX00376
CX00374
CX00376
CX00374
CX00376
CX00374
CX00376
CX00374
CX00376
CX00374
CX00376
CX00374
CX00376
CX00374
CX00376
CX00374
CX00376
CX00374
CX00376
CX00374
CX00376
CX00374
CX00376
CX00374
CX00376
CX00374
CX00376
CX00374
CX00376
CX00374
CX00376
CX00374
CX00376
CX00374
CX00376
CX00374
CX00376
CX00374
CX00376
CX00374
CX00376
CX00374
CX00376
CX00374
CX00376
CX00374
CX00376
CX00374
CX00376
CX00374
CX00376
CX00374
CX00376
CX00374
CX00376
CX00374
CX00376
CX00374
CX00376
CX00374
CX00376
CX00374
CX00376
CX00374
CX00376
CX00374
CX00376
CX00374
CX00376
CX00374
CX00376
CX00374
CX00376
CX00374
CX00376
CX00374
CX00376
CX00374
CX00376
CX00374
CX00376
CX00374
CX00376
CX00374
CX00376
CX00374
CX00376
CX00374
CX00376
CX00374
CX00376
CX00374
CX00376
CX00374
CX00376
CX00374
CX00376
CX00374
CX00376
CX00374
CX00376
CX00374
CX00376
CX00374
CX00376
CX00374
CX00376
CX00374
CX00376
CX00374
CX00376
CX00375
CX00375
CX00373
CX00373
CX00371
CX00371
CX00378
CX00380
CX00380
CX00382
CX00384
CX00384
CX00382
CX00384
CX00384
CX00382
CX00384
CX00384
CX00382
CX00384
CX00384
CX00382
CX00384
CX00384
CX00382
CX00384
CX00384
CX00382
CX00384
CX00384
CX00382
CX00384
CX00384
CX00382
CX00384
CX00384
CX00382
CX00384
CX00384
CX00383
CX00383
CX00380
CX00380
CX00382
CX00384
CX00384
CX00382
CX00384
CX00384
CX00382
CX00384
CX00384
CX00382
CX00384
CX00384
CX00382
CX00384
CX00384
CX00382
CX00384
CX00384
CX00382
CX00384
CX00384
CX00382
CX00384
CX00384
CX00382
CX00384
CX00384
CX00382
CX00384
CX00384
CX00383
CX00383
CX00380
CX00380
CX00382
CX00384
CX00384
CX00382
CX00384
CX00384
CX00382
CX00384
CX00384
CX00382
CX00384
CX00384
CX00382
CX00384
CX00384
CX00382
CX00384
CX00384
CX00382
CX00384
CX00384
CX00382
CX00384
CX00384
CX00382
CX00384
CX00384
CX00382
CX00384
CX00384
CX00383
CX00383
CX00380
CX00380
CX00382
CX00384
CX00384
CX00382
CX00384
CX00384
CX00382
CX00384
CX00384
CX00382
CX00384
CX00384
CX00382
CX00384
CX00384
CX00382
CX00384
CX00384
CX00382
CX00384
CX00384
CX00382
CX00384
CX00384
CX00382
CX00384
CX00384
CX00382
CX00384
CX00384
CX00383
CX00383
CX00380
CX00380
CX00382
CX00384
CX00384
CX00382
CX00384
CX00384
CX00382
CX00384
CX00384
CX00382
CX00384
CX00384
CX00382
CX00384
CX00384
CX00382
CX00384
CX00384
CX00382
CX00384
CX00384
CX00382
CX00384
CX00384
CX00382
CX00384
CX00384
CX00382
CX00384
CX00384
CX00383
CX00383
CX00381
CX00381
CX00379
CX00379
E000-RTN
CX00081
CX00082
CX00083
CX00084
CX00085
CX00086
CX00087
CX00088
CX00089
CX00090
CX00091
CX00092
CX00093
CX00094
CX00095
CX00096
CX00097
CX00098
CX00099
CX00100
CX00101
CX00102
CX00103
CX00104
CX00109
CX00110
CX00111
CX00108

2015/01/07 10:01:45	[HBHUN370-01]の実行処理が正常終了した。
2015/01/07 10:01:45	　　　☆☆☆実行処理が正常に終了しました。☆☆☆　　　
2015/01/07 10:01:45	エクスポート　処理開始　(export)
2015/01/07 10:01:45	エクスポート　処理終了　(export)
2015/01/07 10:01:45	[HBHUN370-01]の結果出力処理が開始した。
2015/01/07 10:01:52	[HBHUN370-01]に不一致が発生しました。
2015/01/07 10:01:53	　　　☆☆☆結果出力処理が正常に終了しました。☆☆☆　　　
2015/01/07 13:11:48	--After --LINE:436--  ＨＣＨＮ販売チャネル = 01
2015/01/07 13:11:48	--After --LINE:455--  ＨＣＨＮ販売チャネル = 01
2015/01/07 13:11:48	--After --LINE:552--  ＨＣＨＮ販売チャネル = 01
2015/01/07 13:11:48	--After --LINE:555--  ＨＣＨＮゲームタイプ = 01
2015/01/07 13:11:48	--After --LINE:552--  ＨＣＨＮ販売チャネル = 01
2015/01/07 13:11:48	--After --LINE:555--  ＨＣＨＮゲームタイプ = 02
2015/01/07 13:11:48	--After --LINE:552--  ＨＣＨＮ販売チャネル = 01
2015/01/07 13:11:48	--After --LINE:555--  ＨＣＨＮゲームタイプ = 06
2015/01/07 13:11:48	--After --LINE:552--  ＨＣＨＮ販売チャネル = 02
2015/01/07 13:11:48	--After --LINE:555--  ＨＣＨＮゲームタイプ = 01
2015/01/07 13:11:48	--After --LINE:552--  ＨＣＨＮ販売チャネル = 02
2015/01/07 13:11:48	--After --LINE:555--  ＨＣＨＮゲームタイプ = 02
2015/01/07 13:11:48	--After --LINE:552--  ＨＣＨＮ販売チャネル = 03
2015/01/07 13:11:48	--After --LINE:555--  ＨＣＨＮゲームタイプ = 01
2015/01/07 13:11:48	--After --LINE:552--  ＨＣＨＮ販売チャネル = 03
2015/01/07 13:11:48	--After --LINE:555--  ＨＣＨＮゲームタイプ = 02
2015/01/07 13:11:48	--After --LINE:552--  ＨＣＨＮ販売チャネル = 04
2015/01/07 13:11:48	--After --LINE:555--  ＨＣＨＮゲームタイプ = 01
2015/01/07 13:11:48	--After --LINE:552--  ＨＣＨＮ販売チャネル = 04
2015/01/07 13:11:48	--After --LINE:555--  ＨＣＨＮゲームタイプ = 02
2015/01/07 13:11:48	--After --LINE:552--  ＨＣＨＮ販売チャネル = 04
2015/01/07 13:11:48	--After --LINE:555--  ＨＣＨＮゲームタイプ = 02
2015/01/07 13:11:48	--After --LINE:552--  ＨＣＨＮ販売チャネル = 01
2015/01/07 13:11:48	--After --LINE:555--  ＨＣＨＮゲームタイプ = 03
2015/01/07 13:11:48	--After --LINE:670--  ＨＣＨＮ販売チャネル = 01
2015/01/07 13:11:48	--After --LINE:673--  ＨＣＨＮゲームタイプ = 01
2015/01/07 13:11:48	--After --LINE:670--  ＨＣＨＮ販売チャネル = 01
2015/01/07 13:11:48	--After --LINE:673--  ＨＣＨＮゲームタイプ = 02
2015/01/07 13:11:48	--After --LINE:670--  ＨＣＨＮ販売チャネル = 02
2015/01/07 13:11:48	--After --LINE:673--  ＨＣＨＮゲームタイプ = 01
2015/01/07 13:11:48	--After --LINE:670--  ＨＣＨＮ販売チャネル = 02
2015/01/07 13:11:48	--After --LINE:673--  ＨＣＨＮゲームタイプ = 02
2015/01/07 13:11:48	--After --LINE:670--  ＨＣＨＮ販売チャネル = 03
2015/01/07 13:11:48	--After --LINE:673--  ＨＣＨＮゲームタイプ = 01
2015/01/07 13:11:48	--After --LINE:670--  ＨＣＨＮ販売チャネル = 03
2015/01/07 13:11:49	--After --LINE:673--  ＨＣＨＮゲームタイプ = 02
2015/01/07 13:11:49	--After --LINE:670--  ＨＣＨＮ販売チャネル = 04
2015/01/07 13:11:49	--After --LINE:673--  ＨＣＨＮゲームタイプ = 01
2015/01/07 13:11:49	--After --LINE:670--  ＨＣＨＮ販売チャネル = 04
2015/01/07 13:11:49	--After --LINE:673--  ＨＣＨＮゲームタイプ = 02
2015/01/07 13:11:49	--After --LINE:670--  ＨＣＨＮ販売チャネル = 04
2015/01/07 13:11:49	--After --LINE:673--  ＨＣＨＮゲームタイプ = 02
2015/01/07 13:11:49	--After --LINE:670--  ＨＣＨＮ販売チャネル = 01
2015/01/07 13:11:49	--After --LINE:673--  ＨＣＨＮゲームタイプ = 03
2015/01/07 13:18:09	エクスキュート　処理開始　(perform)
2015/01/07 13:18:09	エクスキュート　処理終了　(perform)
2015/01/07 13:18:09	[HBHUN370-01]の実行処理が開始した。
2015/01/07 13:18:10	外部exe実行：CBLCTFM.EXE</r C:\Work\Projects\aat\aat\bin\Debug\Work\HBHUN370-01\HBHUN370-01.cfm>
2015/01/07 13:18:10	Std Output:	正常終了(DONE)

2015/01/07 13:18:10	外部exe実行：CBLCTFM.EXE</a C:\Work\Projects\aat\aat\bin\Debug\Work\HBHUN370-01\HBHUN370-01.cfm>
2015/01/07 13:18:10	Std Output:	正常終了(DONE)

2015/01/07 13:18:10	外部exe実行：C:\Work\Projects\aat\aat\bin\Debug\Work\HBHUN370-01\HBHUN370.exe<>
2015/01/07 13:18:14	Std Output:CX00027
CX00028
CX00029
CX00030
CX00031
CX00032
CX00033
CX00034
CX00035
CX00036
CX00037
CX00038
CX00039
CX00040
CX00041
CX00042
CX00043
CX00044
CX00045
CX00046
CX00047
CX00048
CX00049
運用管理Ｆ
CX00050
CX00051
CX00054
CX00052
CX00055
CX00060
CX00061
CX00062
CX00059
変数販売チャネルコードＦ
ＳＧ情報管理Ｆ
CX00063
P100-RTN
P110-RTN
CX00120
発売ゲームＦ－Ｂ
CX00125
CX00126
CX00127
CX00124
CX00112
CX00114
CX00114
ゲーム状況Ｆ
CX00115
CX00115
CX00116
CX00116
ゲームＦ
CX00118
CX00118
ゲームルールＦ
CX00119
CX00119
CX00116
CX00116
ゲームＦ
CX00118
CX00118
ゲームルールＦ
CX00119
CX00119
CX00116
CX00116
ゲームＦ
CX00118
CX00118
ゲームルールＦ
CX00119
CX00119
CX00116
CX00116
ゲームＦ
CX00118
CX00118
ゲームルールＦ
CX00119
CX00119
CX00116
CX00116
ゲームＦ
CX00118
CX00118
ゲームルールＦ
CX00119
CX00119
CX00117
CX00117
P110-RTN
CX00120
発売ゲームＦ－Ｂ
CX00125
CX00126
CX00127
CX00124
CX00113
P200-RTN
CX00128
販売チャネルＦ
CX00131
CX00131
CX00135
CX00136
販売Ｃ別手数料変更Ｇ情報Ｆ
CX00139
CX00139
CX00142
CX00142
CX00143
CX00143
CX00144
CX00144
CX00136
販売Ｃ別手数料変更Ｇ情報Ｆ
CX00139
CX00139
CX00142
CX00142
CX00143
CX00143
CX00144
CX00144
CX00136
販売Ｃ別手数料変更Ｇ情報Ｆ
CX00139
CX00139
CX00141
CX00141
CX00144
CX00144
CX00137
CX00137
CX00145
CX00133
CX00128
販売チャネルＦ
CX00131
CX00131
CX00135
CX00136
販売Ｃ別手数料変更Ｇ情報Ｆ
CX00139
CX00139
CX00142
CX00142
CX00143
CX00143
CX00144
CX00144
CX00136
販売Ｃ別手数料変更Ｇ情報Ｆ
CX00139
CX00139
CX00142
CX00142
CX00143
CX00143
CX00144
CX00144
CX00136
販売Ｃ別手数料変更Ｇ情報Ｆ
CX00139
CX00139
CX00141
CX00141
CX00144
CX00144
CX00137
CX00137
CX00145
CX00133
CX00128
販売チャネルＦ
CX00131
CX00131
CX00135
CX00136
販売Ｃ別手数料変更Ｇ情報Ｆ
CX00139
CX00139
CX00142
CX00142
CX00143
CX00143
CX00144
CX00144
CX00136
販売Ｃ別手数料変更Ｇ情報Ｆ
CX00139
CX00139
CX00142
CX00142
CX00143
CX00143
CX00144
CX00144
CX00136
販売Ｃ別手数料変更Ｇ情報Ｆ
CX00138
CX00139
CX00139
CX00141
CX00141
CX00144
CX00144
CX00137
CX00137
CX00145
CX00133
CX00128
販売チャネルＦ
CX00130
CX00131
CX00131
CX00133
CX00129
CX00129
売捌手数料Ｆ
CX00158
CX00159
CX00159
CX00161
CX00161
CX00161
CX00161
CX00161
CX00161
CX00161
CX00161
CX00161
CX00161
CX00162
売捌手数料Ｆ
CX00164
CX00159
CX00159
CX00161
CX00161
CX00161
CX00161
CX00161
CX00161
CX00161
CX00161
CX00161
CX00161
CX00162
売捌手数料Ｆ
CX00163
CX00164
CX00160
CX00064
CX00064
CX00190
トランザクションＦ－Ｂ
CX00196
CX00196
CX00197
CX00198
CX00198
CX00199
CX00195
CX00065
CX00065
CX00069
CX00070
CX00070
CX00071
CX00071
CX00069
CX00070
CX00070
P500-RTN
ＵＲＢＡ売場コード=000001
売場Ｆ
CX00200
CX00200
業者Ｆ
CX00201
P600-RTN
CX00203
CX00203
CX00205
CX00205
URJKWK-RTN
CX00242
IDX-GET-RTN
CX00334
CX00334
CX00336
CX00335
CX00335
CX00338
CX00338
CX00340
CX00339
CX00337
CX00341
CX00341
URISABAKI-GET-RTN
CX00343
CX00343
CX00345
CX00345
CX00346
CX00344
CX00348
CX00348
CX00350
CX00350
CX00351
CX00349
CX00347
CX00352
CX00342
CX00342
CX00353
URJKWK-RTN
CX00242
CX00210
CX00210
CX00209
CX00209
WUBSWK-RTN
CX00281
CX00281
CX00282
CX00279
CX00285
CX00208
CX00207
CX00206
CX00204
CX00211
CX00074
CX00074
CX00077
CX00071
CX00071
CX00068
CX00068
CX00190
トランザクションＦ－Ｂ
CX00196
CX00196
ＦＬＧＴＲＮＳ=1
CX00197
CX00198
CX00198
CX00199
CX00195
CX00066
CX00066
WK-WRITE-RTN
CX00369
CX00369
CX00370
CX00370
CX00372
CX00372
CX00374
CX00376
CX00374
CX00376
CX00374
CX00376
CX00374
CX00376
CX00374
CX00376
CX00374
CX00376
CX00374
CX00376
CX00374
CX00376
CX00374
CX00376
CX00374
CX00376
CX00374
CX00376
CX00374
CX00376
CX00374
CX00376
CX00374
CX00376
CX00374
CX00376
CX00374
CX00376
CX00374
CX00376
CX00374
CX00376
CX00374
CX00376
CX00374
CX00376
CX00374
CX00376
CX00374
CX00376
CX00374
CX00376
CX00374
CX00376
CX00374
CX00376
CX00374
CX00376
CX00374
CX00376
CX00374
CX00376
CX00374
CX00376
CX00374
CX00376
CX00374
CX00376
CX00374
CX00376
CX00374
CX00376
CX00374
CX00376
CX00374
CX00376
CX00374
CX00376
CX00374
CX00376
CX00374
CX00376
CX00374
CX00376
CX00374
CX00376
CX00374
CX00376
CX00374
CX00376
CX00374
CX00376
CX00374
CX00376
CX00374
CX00376
CX00374
CX00376
CX00374
CX00376
CX00374
CX00376
CX00374
CX00376
CX00374
CX00376
CX00374
CX00376
CX00374
CX00376
CX00374
CX00376
CX00374
CX00376
CX00374
CX00376
CX00374
CX00376
CX00374
CX00376
CX00374
CX00376
CX00374
CX00376
CX00374
CX00376
CX00374
CX00376
CX00374
CX00376
CX00374
CX00376
CX00374
CX00376
CX00374
CX00376
CX00374
CX00376
CX00374
CX00376
CX00374
CX00376
CX00374
CX00376
CX00374
CX00376
CX00374
CX00376
CX00374
CX00376
CX00374
CX00376
CX00374
CX00376
CX00374
CX00376
CX00374
CX00376
CX00374
CX00376
CX00374
CX00376
CX00374
CX00376
CX00374
CX00376
CX00375
CX00375
CX00372
CX00372
CX00374
CX00376
CX00374
CX00376
CX00374
CX00376
CX00374
CX00376
CX00374
CX00376
CX00374
CX00376
CX00374
CX00376
CX00374
CX00376
CX00374
CX00376
CX00374
CX00376
CX00374
CX00376
CX00374
CX00376
CX00374
CX00376
CX00374
CX00376
CX00374
CX00376
CX00374
CX00376
CX00374
CX00376
CX00374
CX00376
CX00374
CX00376
CX00374
CX00376
CX00374
CX00376
CX00374
CX00376
CX00374
CX00376
CX00374
CX00376
CX00374
CX00376
CX00374
CX00376
CX00374
CX00376
CX00374
CX00376
CX00374
CX00376
CX00374
CX00376
CX00374
CX00376
CX00374
CX00376
CX00374
CX00376
CX00374
CX00376
CX00374
CX00376
CX00374
CX00376
CX00374
CX00376
CX00374
CX00376
CX00374
CX00376
CX00374
CX00376
CX00374
CX00376
CX00374
CX00376
CX00374
CX00376
CX00374
CX00376
CX00374
CX00376
CX00374
CX00376
CX00374
CX00376
CX00374
CX00376
CX00374
CX00376
CX00374
CX00376
CX00374
CX00376
CX00374
CX00376
CX00374
CX00376
CX00374
CX00376
CX00374
CX00376
CX00374
CX00376
CX00374
CX00376
CX00374
CX00376
CX00374
CX00376
CX00374
CX00376
CX00374
CX00376
CX00374
CX00376
CX00374
CX00376
CX00374
CX00376
CX00374
CX00376
CX00374
CX00376
CX00374
CX00376
CX00374
CX00376
CX00374
CX00376
CX00374
CX00376
CX00374
CX00376
CX00374
CX00376
CX00374
CX00376
CX00374
CX00376
CX00374
CX00376
CX00374
CX00376
CX00374
CX00376
CX00374
CX00376
CX00374
CX00376
CX00374
CX00376
CX00375
CX00375
CX00372
CX00372
CX00374
CX00376
CX00374
CX00376
CX00374
CX00376
CX00374
CX00376
CX00374
CX00376
CX00374
CX00376
CX00374
CX00376
CX00374
CX00376
CX00374
CX00376
CX00374
CX00376
CX00374
CX00376
CX00374
CX00376
CX00374
CX00376
CX00374
CX00376
CX00374
CX00376
CX00374
CX00376
CX00374
CX00376
CX00374
CX00376
CX00374
CX00376
CX00374
CX00376
CX00374
CX00376
CX00374
CX00376
CX00374
CX00376
CX00374
CX00376
CX00374
CX00376
CX00374
CX00376
CX00374
CX00376
CX00374
CX00376
CX00374
CX00376
CX00374
CX00376
CX00374
CX00376
CX00374
CX00376
CX00374
CX00376
CX00374
CX00376
CX00374
CX00376
CX00374
CX00376
CX00374
CX00376
CX00374
CX00376
CX00374
CX00376
CX00374
CX00376
CX00374
CX00376
CX00374
CX00376
CX00374
CX00376
CX00374
CX00376
CX00374
CX00376
CX00374
CX00376
CX00374
CX00376
CX00374
CX00376
CX00374
CX00376
CX00374
CX00376
CX00374
CX00376
CX00374
CX00376
CX00374
CX00376
CX00374
CX00376
CX00374
CX00376
CX00374
CX00376
CX00374
CX00376
CX00374
CX00376
CX00374
CX00376
CX00374
CX00376
CX00374
CX00376
CX00374
CX00376
CX00374
CX00376
CX00374
CX00376
CX00374
CX00376
CX00374
CX00376
CX00374
CX00376
CX00374
CX00376
CX00374
CX00376
CX00374
CX00376
CX00374
CX00376
CX00374
CX00376
CX00374
CX00376
CX00374
CX00376
CX00374
CX00376
CX00374
CX00376
CX00374
CX00376
CX00374
CX00376
CX00374
CX00376
CX00374
CX00376
CX00375
CX00375
CX00372
CX00372
CX00374
CX00376
CX00374
CX00376
CX00374
CX00376
CX00374
CX00376
CX00374
CX00376
CX00374
CX00376
CX00374
CX00376
CX00374
CX00376
CX00374
CX00376
CX00374
CX00376
CX00374
CX00376
CX00374
CX00376
CX00374
CX00376
CX00374
CX00376
CX00374
CX00376
CX00374
CX00376
CX00374
CX00376
CX00374
CX00376
CX00374
CX00376
CX00374
CX00376
CX00374
CX00376
CX00374
CX00376
CX00374
CX00376
CX00374
CX00376
CX00374
CX00376
CX00374
CX00376
CX00374
CX00376
CX00374
CX00376
CX00374
CX00376
CX00374
CX00376
CX00374
CX00376
CX00374
CX00376
CX00374
CX00376
CX00374
CX00376
CX00374
CX00376
CX00374
CX00376
CX00374
CX00376
CX00374
CX00376
CX00374
CX00376
CX00374
CX00376
CX00374
CX00376
CX00374
CX00376
CX00374
CX00376
CX00374
CX00376
CX00374
CX00376
CX00374
CX00376
CX00374
CX00376
CX00374
CX00376
CX00374
CX00376
CX00374
CX00376
CX00374
CX00376
CX00374
CX00376
CX00374
CX00376
CX00374
CX00376
CX00374
CX00376
CX00374
CX00376
CX00374
CX00376
CX00374
CX00376
CX00374
CX00376
CX00374
CX00376
CX00374
CX00376
CX00374
CX00376
CX00374
CX00376
CX00374
CX00376
CX00374
CX00376
CX00374
CX00376
CX00374
CX00376
CX00374
CX00376
CX00374
CX00376
CX00374
CX00376
CX00374
CX00376
CX00374
CX00376
CX00374
CX00376
CX00374
CX00376
CX00374
CX00376
CX00374
CX00376
CX00374
CX00376
CX00374
CX00376
CX00374
CX00376
CX00374
CX00376
CX00375
CX00375
CX00372
CX00372
CX00374
CX00376
CX00374
CX00376
CX00374
CX00376
CX00374
CX00376
CX00374
CX00376
CX00374
CX00376
CX00374
CX00376
CX00374
CX00376
CX00374
CX00376
CX00374
CX00376
CX00374
CX00376
CX00374
CX00376
CX00374
CX00376
CX00374
CX00376
CX00374
CX00376
CX00374
CX00376
CX00374
CX00376
CX00374
CX00376
CX00374
CX00376
CX00374
CX00376
CX00374
CX00376
CX00374
CX00376
CX00374
CX00376
CX00374
CX00376
CX00374
CX00376
CX00374
CX00376
CX00374
CX00376
CX00374
CX00376
CX00374
CX00376
CX00374
CX00376
CX00374
CX00376
CX00374
CX00376
CX00374
CX00376
CX00374
CX00376
CX00374
CX00376
CX00374
CX00376
CX00374
CX00376
CX00374
CX00376
CX00374
CX00376
CX00374
CX00376
CX00374
CX00376
CX00374
CX00376
CX00374
CX00376
CX00374
CX00376
CX00374
CX00376
CX00374
CX00376
CX00374
CX00376
CX00374
CX00376
CX00374
CX00376
CX00374
CX00376
CX00374
CX00376
CX00374
CX00376
CX00374
CX00376
CX00374
CX00376
CX00374
CX00376
CX00374
CX00376
CX00374
CX00376
CX00374
CX00376
CX00374
CX00376
CX00374
CX00376
CX00374
CX00376
CX00374
CX00376
CX00374
CX00376
CX00374
CX00376
CX00374
CX00376
CX00374
CX00376
CX00374
CX00376
CX00374
CX00376
CX00374
CX00376
CX00374
CX00376
CX00374
CX00376
CX00374
CX00376
CX00374
CX00376
CX00374
CX00376
CX00374
CX00376
CX00374
CX00376
CX00374
CX00376
CX00374
CX00376
CX00374
CX00376
CX00374
CX00376
CX00375
CX00375
CX00373
CX00373
CX00371
CX00371
CX00378
CX00380
CX00380
CX00382
CX00384
CX00384
CX00382
CX00384
CX00384
CX00382
CX00384
CX00384
CX00382
CX00384
CX00384
CX00382
CX00384
CX00384
CX00382
CX00384
CX00384
CX00382
CX00384
CX00384
CX00382
CX00384
CX00384
CX00382
CX00384
CX00384
CX00382
CX00384
CX00384
CX00383
CX00383
CX00380
CX00380
CX00382
CX00384
CX00384
CX00382
CX00384
CX00384
CX00382
CX00384
CX00384
CX00382
CX00384
CX00384
CX00382
CX00384
CX00384
CX00382
CX00384
CX00384
CX00382
CX00384
CX00384
CX00382
CX00384
CX00384
CX00382
CX00384
CX00384
CX00382
CX00384
CX00384
CX00383
CX00383
CX00380
CX00380
CX00382
CX00384
CX00384
CX00382
CX00384
CX00384
CX00382
CX00384
CX00384
CX00382
CX00384
CX00384
CX00382
CX00384
CX00384
CX00382
CX00384
CX00384
CX00382
CX00384
CX00384
CX00382
CX00384
CX00384
CX00382
CX00384
CX00384
CX00382
CX00384
CX00384
CX00383
CX00383
CX00380
CX00380
CX00382
CX00384
CX00384
CX00382
CX00384
CX00384
CX00382
CX00384
CX00384
CX00382
CX00384
CX00384
CX00382
CX00384
CX00384
CX00382
CX00384
CX00384
CX00382
CX00384
CX00384
CX00382
CX00384
CX00384
CX00382
CX00384
CX00384
CX00382
CX00384
CX00384
CX00383
CX00383
CX00380
CX00380
CX00382
CX00384
CX00384
CX00382
CX00384
CX00384
CX00382
CX00384
CX00384
CX00382
CX00384
CX00384
CX00382
CX00384
CX00384
CX00382
CX00384
CX00384
CX00382
CX00384
CX00384
CX00382
CX00384
CX00384
CX00382
CX00384
CX00384
CX00382
CX00384
CX00384
CX00383
CX00383
CX00381
CX00381
CX00379
CX00379
E000-RTN
CX00081
CX00082
CX00083
CX00084
CX00085
CX00086
CX00087
CX00088
CX00089
CX00090
CX00091
CX00092
CX00093
CX00094
CX00095
CX00096
CX00097
CX00098
CX00099
CX00100
CX00101
CX00102
CX00103
CX00104
CX00109
CX00110
CX00111
CX00108

2015/01/07 13:18:14	[HBHUN370-01]の実行処理が正常終了した。
2015/01/07 13:18:14	[HBHUN370-03]の実行処理が開始した。
2015/01/07 13:18:15	外部exe実行：CBLCTFM.EXE</r C:\Work\Projects\aat\aat\bin\Debug\Work\HBHUN370-03\HBHUN370-03.cfm>
2015/01/07 13:18:15	Std Output:	正常終了(DONE)

2015/01/07 13:18:15	外部exe実行：CBLCTFM.EXE</a C:\Work\Projects\aat\aat\bin\Debug\Work\HBHUN370-03\HBHUN370-03.cfm>
2015/01/07 13:18:15	Std Output:	正常終了(DONE)

2015/01/07 13:18:15	外部exe実行：C:\Work\Projects\aat\aat\bin\Debug\Work\HBHUN370-03\HBHUN370.exe<>
2015/01/07 13:18:18	Std Output:CX00027
CX00028
CX00029
CX00030
CX00031
CX00032
CX00033
CX00034
CX00035
CX00036
CX00037
CX00038
CX00039
CX00040
CX00041
CX00042
CX00043
CX00044
CX00045
CX00046
CX00047
CX00048
CX00049
運用管理Ｆ
CX00050
CX00051
CX00054
CX00052
CX00055
CX00060
CX00061
CX00062
CX00059
変数販売チャネルコードＦ
ＳＧ情報管理Ｆ
CX00063
P100-RTN
P110-RTN
CX00120
発売ゲームＦ－Ｂ
CX00125
CX00126
CX00127
CX00124
CX00112
CX00114
CX00114
ゲーム状況Ｆ
CX00115
CX00115
CX00116
CX00116
ゲームＦ
CX00118
CX00118
ゲームルールＦ
CX00119
CX00119
CX00116
CX00116
ゲームＦ
CX00118
CX00118
ゲームルールＦ
CX00119
CX00119
CX00116
CX00116
ゲームＦ
CX00118
CX00118
ゲームルールＦ
CX00119
CX00119
CX00116
CX00116
ゲームＦ
CX00118
CX00118
ゲームルールＦ
CX00119
CX00119
CX00116
CX00116
ゲームＦ
CX00118
CX00118
ゲームルールＦ
CX00119
CX00119
CX00117
CX00117
P110-RTN
CX00120
発売ゲームＦ－Ｂ
CX00125
CX00126
CX00127
CX00124
CX00113
P200-RTN
CX00128
販売チャネルＦ
CX00131
CX00131
CX00135
CX00136
販売Ｃ別手数料変更Ｇ情報Ｆ
CX00139
CX00139
CX00142
CX00142
CX00143
CX00143
CX00144
CX00144
CX00136
販売Ｃ別手数料変更Ｇ情報Ｆ
CX00139
CX00139
CX00142
CX00142
CX00143
CX00143
CX00144
CX00144
CX00136
販売Ｃ別手数料変更Ｇ情報Ｆ
CX00139
CX00139
CX00141
CX00141
CX00144
CX00144
CX00137
CX00137
CX00145
CX00133
CX00128
販売チャネルＦ
CX00131
CX00131
CX00135
CX00136
販売Ｃ別手数料変更Ｇ情報Ｆ
CX00139
CX00139
CX00142
CX00142
CX00143
CX00143
CX00144
CX00144
CX00136
販売Ｃ別手数料変更Ｇ情報Ｆ
CX00139
CX00139
CX00142
CX00142
CX00143
CX00143
CX00144
CX00144
CX00136
販売Ｃ別手数料変更Ｇ情報Ｆ
CX00139
CX00139
CX00141
CX00141
CX00144
CX00144
CX00137
CX00137
CX00145
CX00133
CX00128
販売チャネルＦ
CX00131
CX00131
CX00135
CX00136
販売Ｃ別手数料変更Ｇ情報Ｆ
CX00139
CX00139
CX00142
CX00142
CX00143
CX00143
CX00144
CX00144
CX00136
販売Ｃ別手数料変更Ｇ情報Ｆ
CX00139
CX00139
CX00142
CX00142
CX00143
CX00143
CX00144
CX00144
CX00136
販売Ｃ別手数料変更Ｇ情報Ｆ
CX00138
CX00139
CX00139
CX00141
CX00141
CX00144
CX00144
CX00137
CX00137
CX00145
CX00133
CX00128
販売チャネルＦ
CX00130
CX00131
CX00131
CX00133
CX00129
CX00129
売捌手数料Ｆ
CX00158
CX00159
CX00159
CX00161
CX00161
CX00161
CX00161
CX00161
CX00161
CX00161
CX00161
CX00161
CX00161
CX00162
売捌手数料Ｆ
CX00164
CX00159
CX00159
CX00161
CX00161
CX00161
CX00161
CX00161
CX00161
CX00161
CX00161
CX00161
CX00161
CX00162
売捌手数料Ｆ
CX00164
CX00159
CX00159
CX00161
CX00161
CX00161
CX00161
CX00161
CX00161
CX00161
CX00161
CX00161
CX00161
CX00162
売捌手数料Ｆ
CX00163
CX00164
CX00160
CX00064
CX00064
CX00190
トランザクションＦ－Ｂ
CX00196
CX00196
CX00197
CX00198
CX00198
CX00199
CX00195
CX00065
CX00065
CX00069
CX00070
CX00070
P500-RTN
ＵＲＢＡ売場コード=000001
売場Ｆ
CX00200
CX00200
業者Ｆ
CX00201
P600-RTN
CX00202
CX00202
CX00213
CX00213
CX00214
CX00214
URJKWK-RTN
CX00242
IDX-GET-RTN
CX00334
CX00334
CX00336
CX00335
CX00335
CX00338
CX00338
CX00340
CX00339
CX00337
CX00341
CX00341
URISABAKI-GET-RTN
CX00343
CX00343
CX00345
CX00345
CX00346
CX00344
CX00348
CX00348
CX00350
CX00350
CX00351
CX00349
CX00347
CX00352
CX00342
CX00342
CX00353
HAKKEN-RTN
CX00243
CX00243
CX00245
CX00245
CX00244
CX00244
CX00248
CX00248
CX00249
CX00249
CX00251
CX00251
CX00250
CX00250
CX00246
CX00252
CX00252
CX00259
CX00259
CX00262
CX00262
CX00263
CX00263
CX00260
CX00258
CX00258
CX00266
CX00266
CX00267
CX00267
CX00218
CX00218
CX00217
CX00217
WUBSWK-RTN
CX00281
CX00281
CX00282
CX00279
CX00285
CX00216
CX00215
CX00219
CX00211
CX00074
CX00074
CX00077
CX00071
CX00071
CX00069
CX00070
CX00070
P500-RTN
ＵＲＢＡ売場コード=000001
売場Ｆ
CX00200
CX00200
業者Ｆ
CX00201
P600-RTN
CX00203
CX00203
CX00205
CX00205
URJKWK-RTN
CX00242
IDX-GET-RTN
CX00334
CX00334
CX00336
CX00335
CX00335
CX00338
CX00338
CX00340
CX00339
CX00337
CX00341
CX00341
URISABAKI-GET-RTN
CX00343
CX00343
CX00345
CX00345
CX00346
CX00344
CX00348
CX00348
CX00350
CX00350
CX00351
CX00349
CX00347
CX00352
CX00342
CX00342
CX00353
URJKWK-RTN
CX00242
CX00210
CX00210
CX00209
CX00209
WUBSWK-RTN
CX00279
CX00285
CX00208
CX00207
CX00206
CX00204
CX00211
CX00074
CX00074
CX00077
CX00071
CX00071
CX00069
CX00070
CX00070
P500-RTN
ＵＲＢＡ売場コード=000001
売場Ｆ
CX00200
CX00200
業者Ｆ
CX00201
P600-RTN
CX00202
CX00202
CX00213
CX00213
CX00214
CX00214
URJKWK-RTN
CX00242
IDX-GET-RTN
CX00334
CX00334
CX00336
CX00335
CX00335
CX00338
CX00338
CX00340
CX00339
CX00337
CX00341
CX00341
URISABAKI-GET-RTN
CX00343
CX00343
CX00345
CX00345
CX00346
CX00344
CX00348
CX00348
CX00350
CX00350
CX00351
CX00349
CX00347
CX00352
CX00342
CX00342
CX00353
HAKKEN-RTN
CX00243
CX00243
CX00245
CX00245
CX00244
CX00244
CX00248
CX00248
CX00249
CX00249
CX00251
CX00251
CX00250
CX00250
CX00246
CX00252
CX00252
CX00259
CX00259
CX00262
CX00262
CX00263
CX00263
CX00260
CX00258
CX00258
CX00266
CX00266
CX00267
CX00267
CX00218
CX00218
CX00217
CX00217
WUBSWK-RTN
CX00281
CX00281
CX00282
CX00279
CX00285
CX00216
CX00215
CX00219
CX00211
CX00074
CX00074
CX00077
CX00071
CX00071
CX00069
CX00070
CX00070
P500-RTN
ＵＲＢＡ売場コード=000001
売場Ｆ
CX00200
CX00200
業者Ｆ
CX00201
P600-RTN
CX00202
CX00202
CX00213
CX00213
CX00214
CX00214
URJKWK-RTN
CX00242
IDX-GET-RTN
CX00334
CX00334
CX00336
CX00335
CX00335
CX00338
CX00338
CX00340
CX00339
CX00337
CX00341
CX00341
URISABAKI-GET-RTN
CX00343
CX00343
CX00345
CX00345
CX00346
CX00344
CX00348
CX00348
CX00350
CX00350
CX00351
CX00349
CX00347
CX00352
CX00342
CX00342
CX00353
HAKKEN-RTN
CX00243
CX00243
CX00245
CX00245
CX00244
CX00244
CX00248
CX00248
CX00249
CX00249
CX00251
CX00251
CX00250
CX00250
CX00246
CX00252
CX00252
CX00259
CX00259
CX00262
CX00262
CX00263
CX00263
CX00260
CX00258
CX00258
CX00266
CX00266
CX00267
CX00267
CX00218
CX00218
CX00217
CX00217
WUBSWK-RTN
CX00279
CX00285
CX00216
CX00215
CX00219
CX00211
CX00074
CX00074
CX00077
CX00071
CX00071
CX00069
CX00070
CX00070
P500-RTN
ＵＲＢＡ売場コード=000001
売場Ｆ
CX00200
CX00200
業者Ｆ
CX00201
P600-RTN
CX00202
CX00202
CX00212
CX00212
URJKWK-RTN
CX00242
IDX-GET-RTN
CX00334
CX00334
CX00336
CX00335
CX00335
CX00338
CX00338
CX00340
CX00339
CX00337
CX00341
CX00341
URISABAKI-GET-RTN
CX00343
CX00343
CX00345
CX00345
CX00346
CX00344
CX00348
CX00348
CX00350
CX00350
CX00351
CX00349
CX00347
CX00352
CX00342
CX00342
CX00353
HAKKEN-RTN
CX00243
CX00243
CX00245
CX00245
CX00244
CX00244
CX00248
CX00248
CX00249
CX00249
CX00251
CX00251
CX00250
CX00250
CX00246
CX00252
CX00252
CX00259
CX00259
CX00262
CX00262
CX00263
CX00263
CX00260
CX00258
CX00258
CX00266
CX00266
CX00267
CX00267
CX00222
CX00222
WUBSWK-RTN
CX00281
CX00281
CX00282
CX00279
CX00285
CX00221
CX00220
CX00219
CX00211
CX00074
CX00074
CX00077
CX00071
CX00071
CX00069
CX00070
CX00070
P500-RTN
ＵＲＢＡ売場コード=000001
売場Ｆ
CX00200
CX00200
業者Ｆ
CX00201
P600-RTN
CX00202
CX00202
CX00212
CX00212
URJKWK-RTN
CX00242
IDX-GET-RTN
CX00334
CX00334
CX00336
CX00335
CX00335
CX00338
CX00338
CX00340
CX00339
CX00337
CX00341
CX00341
URISABAKI-GET-RTN
CX00343
CX00343
CX00345
CX00345
CX00346
CX00344
CX00348
CX00348
CX00350
CX00350
CX00351
CX00349
CX00347
CX00352
CX00342
CX00342
CX00353
HAKKEN-RTN
CX00243
CX00243
CX00245
CX00245
CX00244
CX00244
CX00248
CX00248
CX00249
CX00249
CX00251
CX00251
CX00250
CX00250
CX00246
CX00252
CX00252
CX00259
CX00259
CX00262
CX00262
CX00263
CX00263
CX00260
CX00258
CX00258
CX00266
CX00266
CX00267
CX00267
CX00222
CX00222
WUBSWK-RTN
CX00279
CX00285
CX00221
CX00220
CX00219
CX00211
CX00074
CX00074
CX00077
CX00071
CX00071
CX00069
CX00070
CX00070
P500-RTN
ＵＲＢＡ売場コード=000001
売場Ｆ
CX00200
CX00200
業者Ｆ
CX00201
P600-RTN
CX00202
CX00202
CX00213
CX00213
CX00214
CX00214
URJKWK-RTN
CX00242
IDX-GET-RTN
CX00334
CX00334
CX00336
CX00335
CX00335
CX00338
CX00338
CX00340
CX00339
CX00337
CX00341
CX00341
URISABAKI-GET-RTN
CX00343
CX00343
CX00345
CX00345
CX00346
CX00344
CX00348
CX00348
CX00350
CX00350
CX00351
CX00349
CX00347
CX00352
CX00342
CX00342
CX00353
HAKKEN-RTN
CX00243
CX00243
CX00245
CX00245
CX00244
CX00244
CX00248
CX00248
CX00249
CX00249
CX00251
CX00251
CX00250
CX00250
CX00246
CX00252
CX00252
CX00259
CX00259
CX00261
CX00261
CX00262
CX00262
CX00265
CX00263
CX00263
CX00260
CX00258
CX00258
CX00266
CX00266
CX00267
CX00267
CX00218
CX00218
CX00217
CX00217
WUBSWK-RTN
CX00280
CX00280
CX00281
CX00281
CX00284
CX00282
CX00279
CX00285
CX00216
CX00215
CX00219
CX00211
CX00074
CX00074
CX00077
CX00071
CX00071
CX00069
CX00070
CX00070
P500-RTN
ＵＲＢＡ売場コード=000001
売場Ｆ
CX00200
CX00200
業者Ｆ
CX00201
CX00073
CX00073
P800-RTN
CX00235
CX00235
CX00237
CX00237
KSWK-RTN
CX00269
CX00274
CX00274
CX00276
CX00276
CX00275
CX00273
CX00277
CX00277
CX00278
CX00239
CX00239
URJKWK-RTN
CX00242
WUBSWK-RTN
CX00279
CX00285
KOSH-RTN
CX00287
CX00287
西暦年月日の受入項目を指定して下さい

2015/01/07 13:18:18	[HBHUN370-03]の実行処理が正常終了した。
2015/01/07 13:18:18	[HBHUN370-04]の実行処理が開始した。
2015/01/07 13:18:19	外部exe実行：CBLCTFM.EXE</r C:\Work\Projects\aat\aat\bin\Debug\Work\HBHUN370-04\HBHUN370-04.cfm>
2015/01/07 13:18:19	Std Output:	正常終了(DONE)

2015/01/07 13:18:19	外部exe実行：CBLCTFM.EXE</a C:\Work\Projects\aat\aat\bin\Debug\Work\HBHUN370-04\HBHUN370-04.cfm>
2015/01/07 13:18:19	Std Output:	正常終了(DONE)

2015/01/07 13:18:19	外部exe実行：C:\Work\Projects\aat\aat\bin\Debug\Work\HBHUN370-04\HBHUN370.exe<>
2015/01/07 13:18:22	Std Output:CX00027
CX00028
CX00029
CX00030
CX00031
CX00032
CX00033
CX00034
CX00035
CX00036
CX00037
CX00038
CX00039
CX00040
CX00041
CX00042
CX00043
CX00044
CX00045
CX00046
CX00047
CX00048
CX00049
運用管理Ｆ
CX00050
CX00051
CX00054
CX00052
CX00055
CX00060
CX00061
CX00062
CX00059
変数販売チャネルコードＦ
ＳＧ情報管理Ｆ
CX00063
P100-RTN
P110-RTN
CX00120
発売ゲームＦ－Ｂ
CX00125
CX00126
CX00127
CX00124
CX00112
CX00114
CX00114
ゲーム状況Ｆ
CX00115
CX00115
CX00116
CX00116
ゲームＦ
CX00118
CX00118
ゲームルールＦ
CX00119
CX00119
CX00116
CX00116
ゲームＦ
CX00118
CX00118
ゲームルールＦ
CX00119
CX00119
CX00116
CX00116
ゲームＦ
CX00118
CX00118
ゲームルールＦ
CX00119
CX00119
CX00116
CX00116
ゲームＦ
CX00118
CX00118
ゲームルールＦ
CX00119
CX00119
CX00116
CX00116
ゲームＦ
CX00118
CX00118
ゲームルールＦ
CX00119
CX00119
CX00117
CX00117
P110-RTN
CX00120
発売ゲームＦ－Ｂ
CX00125
CX00126
CX00127
CX00124
CX00113
P200-RTN
CX00128
販売チャネルＦ
CX00131
CX00131
CX00135
CX00136
販売Ｃ別手数料変更Ｇ情報Ｆ
CX00139
CX00139
CX00142
CX00142
CX00143
CX00143
CX00144
CX00144
CX00136
販売Ｃ別手数料変更Ｇ情報Ｆ
CX00139
CX00139
CX00142
CX00142
CX00143
CX00143
CX00144
CX00144
CX00136
販売Ｃ別手数料変更Ｇ情報Ｆ
CX00139
CX00139
CX00141
CX00141
CX00144
CX00144
CX00137
CX00137
CX00145
CX00133
CX00128
販売チャネルＦ
CX00131
CX00131
CX00135
CX00136
販売Ｃ別手数料変更Ｇ情報Ｆ
CX00139
CX00139
CX00142
CX00142
CX00143
CX00143
CX00144
CX00144
CX00136
販売Ｃ別手数料変更Ｇ情報Ｆ
CX00139
CX00139
CX00142
CX00142
CX00143
CX00143
CX00144
CX00144
CX00136
販売Ｃ別手数料変更Ｇ情報Ｆ
CX00139
CX00139
CX00141
CX00141
CX00144
CX00144
CX00137
CX00137
CX00145
CX00133
CX00128
販売チャネルＦ
CX00131
CX00131
CX00135
CX00136
販売Ｃ別手数料変更Ｇ情報Ｆ
CX00139
CX00139
CX00142
CX00142
CX00143
CX00143
CX00144
CX00144
CX00136
販売Ｃ別手数料変更Ｇ情報Ｆ
CX00139
CX00139
CX00142
CX00142
CX00143
CX00143
CX00144
CX00144
CX00136
販売Ｃ別手数料変更Ｇ情報Ｆ
CX00138
CX00139
CX00139
CX00141
CX00141
CX00144
CX00144
CX00137
CX00137
CX00145
CX00133
CX00128
販売チャネルＦ
CX00130
CX00131
CX00131
CX00133
CX00129
CX00129
売捌手数料Ｆ
CX00158
CX00159
CX00159
CX00161
CX00161
CX00161
CX00161
CX00161
CX00161
CX00161
CX00161
CX00161
CX00161
CX00162
売捌手数料Ｆ
CX00164
CX00159
CX00159
CX00161
CX00161
CX00161
CX00161
CX00161
CX00161
CX00161
CX00161
CX00161
CX00161
CX00162
売捌手数料Ｆ
CX00164
CX00159
CX00159
CX00161
CX00161
CX00161
CX00161
CX00161
CX00161
CX00161
CX00161
CX00161
CX00161
CX00162
売捌手数料Ｆ
CX00163
CX00164
CX00160
CX00064
CX00064
CX00190
トランザクションＦ－Ｂ
CX00196
CX00196
CX00197
CX00198
CX00198
CX00199
CX00195
CX00065
CX00065
CX00069
CX00070
CX00070
P500-RTN
ＵＲＢＡ売場コード=000001
売場Ｆ
CX00200
CX00200
業者Ｆ
CX00201
P600-RTN
CX00202
CX00202
CX00213
CX00213
CX00214
CX00214
URJKWK-RTN
CX00242
IDX-GET-RTN
CX00334
CX00334
CX00336
CX00335
CX00335
CX00338
CX00338
CX00340
CX00339
CX00337
CX00341
CX00341
URISABAKI-GET-RTN
CX00343
CX00343
CX00345
CX00345
CX00346
CX00344
CX00348
CX00348
CX00350
CX00350
CX00351
CX00349
CX00347
CX00352
CX00342
CX00342
CX00353
HAKKEN-RTN
CX00243
CX00243
CX00245
CX00245
CX00244
CX00244
CX00248
CX00248
CX00249
CX00249
CX00251
CX00251
CX00250
CX00250
CX00246
CX00252
CX00252
CX00259
CX00259
CX00262
CX00262
CX00263
CX00263
CX00260
CX00258
CX00258
CX00266
CX00266
CX00267
CX00267
CX00218
CX00218
CX00217
CX00217
WUBSWK-RTN
CX00281
CX00281
CX00282
CX00279
CX00285
CX00216
CX00215
CX00219
CX00211
CX00074
CX00074
CX00077
CX00071
CX00071
CX00069
CX00070
CX00070
P500-RTN
ＵＲＢＡ売場コード=000001
売場Ｆ
CX00200
CX00200
業者Ｆ
CX00201
P600-RTN
CX00202
CX00202
CX00213
CX00213
CX00214
CX00214
URJKWK-RTN
CX00242
IDX-GET-RTN
CX00334
CX00334
CX00336
CX00335
CX00335
CX00338
CX00338
CX00340
CX00339
CX00337
CX00341
CX00341
URISABAKI-GET-RTN
CX00343
CX00343
CX00345
CX00345
CX00346
CX00344
CX00348
CX00348
CX00350
CX00350
CX00351
CX00349
CX00347
CX00352
CX00342
CX00342
CX00353
HAKKEN-RTN
CX00243
CX00243
CX00245
CX00245
CX00244
CX00244
CX00248
CX00248
CX00249
CX00249
CX00251
CX00251
CX00250
CX00250
CX00246
CX00252
CX00252
CX00259
CX00259
CX00262
CX00262
CX00263
CX00263
CX00260
CX00258
CX00258
CX00266
CX00266
CX00267
CX00267
CX00218
CX00218
CX00217
CX00217
WUBSWK-RTN
CX00279
CX00285
CX00216
CX00215
CX00219
CX00211
CX00074
CX00074
CX00077
CX00071
CX00071
CX00069
CX00070
CX00070
P500-RTN
ＵＲＢＡ売場コード=000001
売場Ｆ
CX00200
CX00200
業者Ｆ
CX00201
P600-RTN
CX00202
CX00202
CX00213
CX00213
CX00214
CX00214
URJKWK-RTN
CX00242
IDX-GET-RTN
CX00334
CX00334
CX00336
CX00335
CX00335
CX00338
CX00338
CX00340
CX00339
CX00337
CX00341
CX00341
URISABAKI-GET-RTN
CX00343
CX00343
CX00345
CX00345
CX00346
CX00344
CX00348
CX00348
CX00350
CX00350
CX00351
CX00349
CX00347
CX00352
CX00342
CX00342
CX00353
HAKKEN-RTN
CX00243
CX00243
CX00245
CX00245
CX00244
CX00244
CX00248
CX00248
CX00249
CX00249
CX00251
CX00251
CX00250
CX00250
CX00246
CX00252
CX00252
CX00259
CX00259
CX00262
CX00262
CX00263
CX00263
CX00260
CX00258
CX00258
CX00266
CX00266
CX00267
CX00267
CX00218
CX00218
CX00217
CX00217
WUBSWK-RTN
CX00281
CX00281
CX00282
CX00279
CX00285
CX00216
CX00215
CX00219
CX00211
CX00074
CX00074
CX00077
CX00071
CX00071
CX00069
CX00070
CX00070
P500-RTN
ＵＲＢＡ売場コード=000001
売場Ｆ
CX00200
CX00200
業者Ｆ
CX00201
P600-RTN
CX00202
CX00202
CX00213
CX00213
CX00214
CX00214
URJKWK-RTN
CX00242
IDX-GET-RTN
CX00334
CX00334
CX00336
CX00335
CX00335
CX00338
CX00338
CX00340
CX00339
CX00337
CX00341
CX00341
URISABAKI-GET-RTN
CX00343
CX00343
CX00345
CX00345
CX00346
CX00344
CX00348
CX00348
CX00350
CX00350
CX00351
CX00349
CX00347
CX00352
CX00342
CX00342
CX00353
HAKKEN-RTN
CX00243
CX00243
CX00245
CX00245
CX00244
CX00244
CX00248
CX00248
CX00249
CX00249
CX00251
CX00251
CX00250
CX00250
CX00246
CX00252
CX00252
CX00259
CX00259
CX00262
CX00262
CX00263
CX00263
CX00260
CX00258
CX00258
CX00266
CX00266
CX00267
CX00267
CX00218
CX00218
CX00217
CX00217
WUBSWK-RTN
CX00279
CX00285
CX00216
CX00215
CX00219
CX00211
CX00074
CX00074
CX00077
CX00071
CX00071
CX00069
CX00070
CX00070
P500-RTN
ＵＲＢＡ売場コード=000001
売場Ｆ
CX00200
CX00200
業者Ｆ
CX00201
P600-RTN
CX00202
CX00202
CX00212
CX00212
URJKWK-RTN
CX00242
IDX-GET-RTN
CX00334
CX00334
CX00336
CX00335
CX00335
CX00338
CX00338
CX00340
CX00339
CX00337
CX00341
CX00341
URISABAKI-GET-RTN
CX00343
CX00343
CX00345
CX00345
CX00346
CX00344
CX00348
CX00348
CX00350
CX00350
CX00351
CX00349
CX00347
CX00352
CX00342
CX00342
CX00353
HAKKEN-RTN
CX00243
CX00243
CX00245
CX00245
CX00244
CX00244
CX00248
CX00248
CX00249
CX00249
CX00251
CX00251
CX00250
CX00250
CX00246
CX00252
CX00252
CX00259
CX00259
CX00262
CX00262
CX00263
CX00263
CX00260
CX00258
CX00258
CX00266
CX00266
CX00267
CX00267
CX00222
CX00222
WUBSWK-RTN
CX00281
CX00281
CX00282
CX00279
CX00285
CX00221
CX00220
CX00219
CX00211
CX00074
CX00074
CX00077
CX00071
CX00071
CX00069
CX00070
CX00070
P500-RTN
ＵＲＢＡ売場コード=000001
売場Ｆ
CX00200
CX00200
業者Ｆ
CX00201
P600-RTN
CX00202
CX00202
CX00212
CX00212
URJKWK-RTN
CX00242
IDX-GET-RTN
CX00334
CX00334
CX00336
CX00335
CX00335
CX00338
CX00338
CX00340
CX00339
CX00337
CX00341
CX00341
URISABAKI-GET-RTN
CX00343
CX00343
CX00345
CX00345
CX00346
CX00344
CX00348
CX00348
CX00350
CX00350
CX00351
CX00349
CX00347
CX00352
CX00342
CX00342
CX00353
HAKKEN-RTN
CX00243
CX00243
CX00245
CX00245
CX00244
CX00244
CX00248
CX00248
CX00249
CX00249
CX00251
CX00251
CX00250
CX00250
CX00246
CX00252
CX00252
CX00259
CX00259
CX00262
CX00262
CX00263
CX00263
CX00260
CX00258
CX00258
CX00266
CX00266
CX00267
CX00267
CX00222
CX00222
WUBSWK-RTN
CX00279
CX00285
CX00221
CX00220
CX00219
CX00211
CX00074
CX00074
CX00077
CX00071
CX00071
CX00069
CX00070
CX00070
P500-RTN
ＵＲＢＡ売場コード=000001
売場Ｆ
CX00200
CX00200
業者Ｆ
CX00201
P600-RTN
CX00202
CX00202
CX00213
CX00213
CX00214
CX00214
URJKWK-RTN
CX00242
IDX-GET-RTN
CX00334
CX00334
CX00336
CX00335
CX00335
CX00338
CX00338
CX00340
CX00339
CX00337
CX00341
CX00341
URISABAKI-GET-RTN
CX00343
CX00343
CX00345
CX00345
CX00346
CX00344
CX00348
CX00348
CX00350
CX00350
CX00351
CX00349
CX00347
CX00352
CX00342
CX00342
CX00353
HAKKEN-RTN
CX00243
CX00243
CX00245
CX00245
CX00244
CX00244
CX00248
CX00248
CX00249
CX00249
CX00251
CX00251
CX00250
CX00250
CX00246
CX00252
CX00252
CX00259
CX00259
CX00261
CX00261
CX00262
CX00262
CX00265
CX00263
CX00263
CX00260
CX00258
CX00258
CX00266
CX00266
CX00267
CX00267
CX00218
CX00218
CX00217
CX00217
WUBSWK-RTN
CX00280
CX00280
CX00281
CX00281
CX00284
CX00282
CX00279
CX00285
CX00216
CX00215
CX00219
CX00211
CX00074
CX00074
CX00077
CX00071
CX00071
CX00069
CX00070
CX00070
P500-RTN
ＵＲＢＡ売場コード=000001
売場Ｆ
CX00200
CX00200
業者Ｆ
CX00201
CX00073
CX00073
P800-RTN
CX00235
CX00235
CX00237
CX00237
KSWK-RTN
CX00269
CX00274
CX00274
CX00276
CX00276
CX00275
CX00273
CX00277
CX00277
CX00278
CX00239
CX00239
URJKWK-RTN
CX00242
WUBSWK-RTN
CX00279
CX00285
KOSH-RTN
CX00287
CX00287
西暦年月日の受入項目を指定して下さい

2015/01/07 13:18:22	[HBHUN370-04]の実行処理が正常終了した。
2015/01/07 13:18:22	　　　☆☆☆実行処理が正常に終了しました。☆☆☆　　　
2015/01/07 13:18:25	エクスポート　処理開始　(export)
2015/01/07 13:18:26	エクスポート　処理終了　(export)
2015/01/07 13:18:26	[HBHUN370-04]の結果出力処理が開始した。
2015/01/07 13:18:40	[HBHUN370-04]に不一致が発生しました。
2015/01/07 13:18:40	[HBHSS020-01]の結果出力処理が開始した。
2015/01/07 13:18:49	[HBHSS020-01]に不一致が発生しました。
2015/01/07 13:18:50	　　　☆☆☆結果出力処理が正常に終了しました。☆☆☆　　　
2015/01/07 13:19:03	エクスキュート　処理開始　(perform)
2015/01/07 13:19:03	エクスキュート　処理終了　(perform)
2015/01/07 13:19:03	[HBHSH010-01]の実行処理が開始した。
2015/01/07 13:19:03	外部exe実行：CBLCTFM.EXE</r C:\Work\Projects\aat\aat\bin\Debug\Work\HBHSH010-01\HBHSH010-01.cfm>
2015/01/07 13:19:03	Std Output:	正常終了(DONE)

2015/01/07 13:19:04	外部exe実行：CBLCTFM.EXE</a C:\Work\Projects\aat\aat\bin\Debug\Work\HBHSH010-01\HBHSH010-01.cfm>
2015/01/07 13:19:04	Std Output:	正常終了(DONE)

2015/01/07 13:19:04	外部exe実行：C:\Work\Projects\aat\aat\bin\Debug\Work\HBHSH010-01\HBHSH010.exe<>
2015/01/07 13:19:04	[HBHSH010-01]の実行処理が正常終了した。
2015/01/07 13:19:04	　　　☆☆☆実行処理が正常に終了しました。☆☆☆　　　
2015/01/07 13:19:05	エクスポート　処理開始　(export)
2015/01/07 13:19:06	エクスポート　処理終了　(export)
2015/01/07 13:19:06	[HBHSH010-01]の結果出力処理が開始した。
2015/01/07 13:19:30	[HBHSH010-01]に不一致が発生しました。
2015/01/07 13:19:31	　　　☆☆☆結果出力処理が正常に終了しました。☆☆☆　　　
2015/01/07 13:20:16	--After --LINE:436--  ＨＣＨＮ販売チャネル = 01
2015/01/07 13:20:16	--After --LINE:455--  ＨＣＨＮ販売チャネル = 01
2015/01/07 13:20:16	--After --LINE:458--  ＨＣＨＮ売上金額 = 0000003456789
2015/01/07 13:20:16	--After --LINE:552--  ＨＣＨＮ販売チャネル = 01
2015/01/07 13:20:16	--After --LINE:555--  ＨＣＨＮゲームタイプ = 01
2015/01/07 13:20:16	--After --LINE:563--  ＨＣＨＮ売上金額 = 0000010375367
2015/01/07 13:20:16	--After --LINE:552--  ＨＣＨＮ販売チャネル = 01
2015/01/07 13:20:16	--After --LINE:555--  ＨＣＨＮゲームタイプ = 02
2015/01/07 13:20:16	--After --LINE:563--  ＨＣＨＮ売上金額 = 0000000020000
2015/01/07 13:20:16	--After --LINE:552--  ＨＣＨＮ販売チャネル = 01
2015/01/07 13:20:16	--After --LINE:555--  ＨＣＨＮゲームタイプ = 06
2015/01/07 13:20:16	--After --LINE:563--  ＨＣＨＮ売上金額 = 0000003456789
2015/01/07 13:20:16	--After --LINE:552--  ＨＣＨＮ販売チャネル = 02
2015/01/07 13:20:16	--After --LINE:555--  ＨＣＨＮゲームタイプ = 01
2015/01/07 13:20:16	--After --LINE:563--  ＨＣＨＮ売上金額 = 0000010375367
2015/01/07 13:20:16	--After --LINE:552--  ＨＣＨＮ販売チャネル = 02
2015/01/07 13:20:16	--After --LINE:555--  ＨＣＨＮゲームタイプ = 02
2015/01/07 13:20:16	--After --LINE:563--  ＨＣＨＮ売上金額 = 0000000020000
2015/01/07 13:20:16	--After --LINE:552--  ＨＣＨＮ販売チャネル = 03
2015/01/07 13:20:16	--After --LINE:555--  ＨＣＨＮゲームタイプ = 01
2015/01/07 13:20:16	--After --LINE:563--  ＨＣＨＮ売上金額 = 0000017283945
2015/01/07 13:20:16	--After --LINE:552--  ＨＣＨＮ販売チャネル = 03
2015/01/07 13:20:16	--After --LINE:555--  ＨＣＨＮゲームタイプ = 02
2015/01/07 13:20:16	--After --LINE:563--  ＨＣＨＮ売上金額 = 0000000090000
2015/01/07 13:20:16	--After --LINE:552--  ＨＣＨＮ販売チャネル = 04
2015/01/07 13:20:16	--After --LINE:555--  ＨＣＨＮゲームタイプ = 01
2015/01/07 13:20:16	--After --LINE:563--  ＨＣＨＮ売上金額 = 0000051851835
2015/01/07 13:20:16	--After --LINE:552--  ＨＣＨＮ販売チャネル = 04
2015/01/07 13:20:16	--After --LINE:555--  ＨＣＨＮゲームタイプ = 02
2015/01/07 13:20:16	--After --LINE:563--  ＨＣＨＮ売上金額 = 0000000150000
2015/01/07 13:20:16	--After --LINE:552--  ＨＣＨＮ販売チャネル = 04
2015/01/07 13:20:16	--After --LINE:555--  ＨＣＨＮゲームタイプ = 02
2015/01/07 13:20:16	--After --LINE:563--  ＨＣＨＮ売上金額 = 0000000030000
2015/01/07 13:20:16	--After --LINE:552--  ＨＣＨＮ販売チャネル = 01
2015/01/07 13:20:16	--After --LINE:555--  ＨＣＨＮゲームタイプ = 03
2015/01/07 13:20:16	--After --LINE:563--  ＨＣＨＮ売上金額 = 0000000010000
2015/01/07 13:20:16	--After --LINE:670--  ＨＣＨＮ販売チャネル = 01
2015/01/07 13:20:16	--After --LINE:673--  ＨＣＨＮゲームタイプ = 01
2015/01/07 13:20:16	--After --LINE:680--  ＨＣＨＮ売上金額 = 0000010375367
2015/01/07 13:20:16	--After --LINE:670--  ＨＣＨＮ販売チャネル = 01
2015/01/07 13:20:16	--After --LINE:673--  ＨＣＨＮゲームタイプ = 02
2015/01/07 13:20:16	--After --LINE:680--  ＨＣＨＮ売上金額 = 0000000020000
2015/01/07 13:20:16	--After --LINE:670--  ＨＣＨＮ販売チャネル = 02
2015/01/07 13:20:16	--After --LINE:673--  ＨＣＨＮゲームタイプ = 01
2015/01/07 13:20:16	--After --LINE:680--  ＨＣＨＮ売上金額 = 0000010375367
2015/01/07 13:20:16	--After --LINE:670--  ＨＣＨＮ販売チャネル = 02
2015/01/07 13:20:16	--After --LINE:673--  ＨＣＨＮゲームタイプ = 02
2015/01/07 13:20:16	--After --LINE:680--  ＨＣＨＮ売上金額 = 0000000020000
2015/01/07 13:20:16	--After --LINE:670--  ＨＣＨＮ販売チャネル = 03
2015/01/07 13:20:16	--After --LINE:673--  ＨＣＨＮゲームタイプ = 01
2015/01/07 13:20:16	--After --LINE:680--  ＨＣＨＮ売上金額 = 0000017283945
2015/01/07 13:20:16	--After --LINE:670--  ＨＣＨＮ販売チャネル = 03
2015/01/07 13:20:16	--After --LINE:673--  ＨＣＨＮゲームタイプ = 02
2015/01/07 13:20:16	--After --LINE:680--  ＨＣＨＮ売上金額 = 0000000090000
2015/01/07 13:20:16	--After --LINE:670--  ＨＣＨＮ販売チャネル = 04
2015/01/07 13:20:16	--After --LINE:673--  ＨＣＨＮゲームタイプ = 01
2015/01/07 13:20:16	--After --LINE:680--  ＨＣＨＮ売上金額 = 0000051851835
2015/01/07 13:20:16	--After --LINE:670--  ＨＣＨＮ販売チャネル = 04
2015/01/07 13:20:16	--After --LINE:673--  ＨＣＨＮゲームタイプ = 02
2015/01/07 13:20:16	--After --LINE:680--  ＨＣＨＮ売上金額 = 0000000150000
2015/01/07 13:20:16	--After --LINE:670--  ＨＣＨＮ販売チャネル = 04
2015/01/07 13:20:16	--After --LINE:673--  ＨＣＨＮゲームタイプ = 02
2015/01/07 13:20:16	--After --LINE:680--  ＨＣＨＮ売上金額 = 0000000030000
2015/01/07 13:20:16	--After --LINE:670--  ＨＣＨＮ販売チャネル = 01
2015/01/07 13:20:16	--After --LINE:673--  ＨＣＨＮゲームタイプ = 03
2015/01/07 13:20:16	--After --LINE:680--  ＨＣＨＮ売上金額 = 0000000010000
2015/01/07 13:31:10	エクスポート　処理開始　(export)
2015/01/07 13:31:10	エクスポート　処理終了　(export)
2015/01/07 13:31:11	[HBHUN370-01]の結果出力処理が開始した。
2015/01/07 13:31:17	[HBHUN370-01]に不一致が発生しました。
2015/01/07 13:31:17	[HBHUN370-03]の結果出力処理が開始した。
2015/01/07 13:31:29	[HBHUN370-03]に不一致が発生しました。
2015/01/07 13:31:29	[HBHSH010-01]の結果出力処理が開始した。
2015/01/07 13:31:51	[HBHSH010-01]に不一致が発生しました。
2015/01/07 13:31:51	[HBHSS020-01]の結果出力処理が開始した。
2015/01/07 13:32:03	[HBHSS020-01]に不一致が発生しました。
2015/01/07 13:32:03	　　　☆☆☆結果出力処理が正常に終了しました。☆☆☆　　　
2015/01/07 13:32:16	エクスキュート　処理開始　(perform)
2015/01/07 13:32:16	エクスキュート　処理終了　(perform)
2015/01/07 13:32:16	[HBHUN370-03]の実行処理が開始した。
2015/01/07 13:32:17	外部exe実行：CBLCTFM.EXE</r C:\Work\Projects\aat\aat\bin\Debug\Work\HBHUN370-03\HBHUN370-03.cfm>
2015/01/07 13:32:17	Std Output:	正常終了(DONE)

2015/01/07 13:32:17	外部exe実行：CBLCTFM.EXE</a C:\Work\Projects\aat\aat\bin\Debug\Work\HBHUN370-03\HBHUN370-03.cfm>
2015/01/07 13:32:17	Std Output:	正常終了(DONE)

2015/01/07 13:32:17	外部exe実行：C:\Work\Projects\aat\aat\bin\Debug\Work\HBHUN370-03\HBHUN370.exe<>
2015/01/07 13:32:19	Std Output:CX00027
CX00028
CX00029
CX00030
CX00031
CX00032
CX00033
CX00034
CX00035
CX00036
CX00037
CX00038
CX00039
CX00040
CX00041
CX00042
CX00043
CX00044
CX00045
CX00046
CX00047
CX00048
CX00049
運用管理Ｆ
CX00050
CX00051
CX00054
CX00052
CX00055
CX00060
CX00061
CX00062
CX00059
変数販売チャネルコードＦ
ＳＧ情報管理Ｆ
CX00063
P100-RTN
P110-RTN
CX00120
発売ゲームＦ－Ｂ
CX00125
CX00126
CX00127
CX00124
CX00112
CX00114
CX00114
ゲーム状況Ｆ
CX00115
CX00115
CX00116
CX00116
ゲームＦ
CX00118
CX00118
ゲームルールＦ
CX00119
CX00119
CX00116
CX00116
ゲームＦ
CX00118
CX00118
ゲームルールＦ
CX00119
CX00119
CX00116
CX00116
ゲームＦ
CX00118
CX00118
ゲームルールＦ
CX00119
CX00119
CX00116
CX00116
ゲームＦ
CX00118
CX00118
ゲームルールＦ
CX00119
CX00119
CX00116
CX00116
ゲームＦ
CX00118
CX00118
ゲームルールＦ
CX00119
CX00119
CX00117
CX00117
P110-RTN
CX00120
発売ゲームＦ－Ｂ
CX00125
CX00126
CX00127
CX00124
CX00113
P200-RTN
CX00128
販売チャネルＦ
CX00131
CX00131
CX00135
CX00136
販売Ｃ別手数料変更Ｇ情報Ｆ
CX00139
CX00139
CX00142
CX00142
CX00143
CX00143
CX00144
CX00144
CX00136
販売Ｃ別手数料変更Ｇ情報Ｆ
CX00139
CX00139
CX00142
CX00142
CX00143
CX00143
CX00144
CX00144
CX00136
販売Ｃ別手数料変更Ｇ情報Ｆ
CX00139
CX00139
CX00141
CX00141
CX00144
CX00144
CX00137
CX00137
CX00145
CX00133
CX00128
販売チャネルＦ
CX00131
CX00131
CX00135
CX00136
販売Ｃ別手数料変更Ｇ情報Ｆ
CX00139
CX00139
CX00142
CX00142
CX00143
CX00143
CX00144
CX00144
CX00136
販売Ｃ別手数料変更Ｇ情報Ｆ
CX00139
CX00139
CX00142
CX00142
CX00143
CX00143
CX00144
CX00144
CX00136
販売Ｃ別手数料変更Ｇ情報Ｆ
CX00139
CX00139
CX00141
CX00141
CX00144
CX00144
CX00137
CX00137
CX00145
CX00133
CX00128
販売チャネルＦ
CX00131
CX00131
CX00135
CX00136
販売Ｃ別手数料変更Ｇ情報Ｆ
CX00139
CX00139
CX00142
CX00142
CX00143
CX00143
CX00144
CX00144
CX00136
販売Ｃ別手数料変更Ｇ情報Ｆ
CX00139
CX00139
CX00142
CX00142
CX00143
CX00143
CX00144
CX00144
CX00136
販売Ｃ別手数料変更Ｇ情報Ｆ
CX00138
CX00139
CX00139
CX00141
CX00141
CX00144
CX00144
CX00137
CX00137
CX00145
CX00133
CX00128
販売チャネルＦ
CX00130
CX00131
CX00131
CX00133
CX00129
CX00129
売捌手数料Ｆ
CX00158
CX00159
CX00159
CX00161
CX00161
CX00161
CX00161
CX00161
CX00161
CX00161
CX00161
CX00161
CX00161
CX00162
売捌手数料Ｆ
CX00164
CX00159
CX00159
CX00161
CX00161
CX00161
CX00161
CX00161
CX00161
CX00161
CX00161
CX00161
CX00161
CX00162
売捌手数料Ｆ
CX00164
CX00159
CX00159
CX00161
CX00161
CX00161
CX00161
CX00161
CX00161
CX00161
CX00161
CX00161
CX00161
CX00162
売捌手数料Ｆ
CX00163
CX00164
CX00160
CX00064
CX00064
CX00190
トランザクションＦ－Ｂ
CX00196
CX00196
CX00197
CX00198
CX00198
CX00199
CX00195
CX00065
CX00065
CX00069
CX00070
CX00070
P500-RTN
ＵＲＢＡ売場コード=000001
売場Ｆ
CX00200
CX00200
業者Ｆ
CX00201
P600-RTN
CX00202
CX00202
CX00213
CX00213
CX00214
CX00214
URJKWK-RTN
CX00242
IDX-GET-RTN
CX00334
CX00334
CX00336
CX00335
CX00335
CX00338
CX00338
CX00340
CX00339
CX00337
CX00341
CX00341
URISABAKI-GET-RTN
CX00343
CX00343
CX00345
CX00345
CX00346
CX00344
CX00348
CX00348
CX00350
CX00350
CX00351
CX00349
CX00347
CX00352
CX00342
CX00342
CX00353
HAKKEN-RTN
CX00243
CX00243
CX00245
CX00245
CX00244
CX00244
CX00248
CX00248
CX00249
CX00249
CX00251
CX00251
CX00250
CX00250
CX00246
CX00252
CX00252
CX00259
CX00259
CX00262
CX00262
CX00263
CX00263
CX00260
CX00258
CX00258
CX00266
CX00266
CX00267
CX00267
CX00218
CX00218
CX00217
CX00217
WUBSWK-RTN
CX00281
CX00281
CX00282
CX00279
CX00285
CX00216
CX00215
CX00219
CX00211
CX00074
CX00074
CX00077
CX00071
CX00071
CX00069
CX00070
CX00070
P500-RTN
ＵＲＢＡ売場コード=000001
売場Ｆ
CX00200
CX00200
業者Ｆ
CX00201
P600-RTN
CX00203
CX00203
CX00205
CX00205
URJKWK-RTN
CX00242
IDX-GET-RTN
CX00334
CX00334
CX00336
CX00335
CX00335
CX00338
CX00338
CX00340
CX00339
CX00337
CX00341
CX00341
URISABAKI-GET-RTN
CX00343
CX00343
CX00345
CX00345
CX00346
CX00344
CX00348
CX00348
CX00350
CX00350
CX00351
CX00349
CX00347
CX00352
CX00342
CX00342
CX00353
URJKWK-RTN
CX00242
CX00210
CX00210
CX00209
CX00209
WUBSWK-RTN
CX00279
CX00285
CX00208
CX00207
CX00206
CX00204
CX00211
CX00074
CX00074
CX00077
CX00071
CX00071
CX00069
CX00070
CX00070
P500-RTN
ＵＲＢＡ売場コード=000001
売場Ｆ
CX00200
CX00200
業者Ｆ
CX00201
P600-RTN
CX00202
CX00202
CX00213
CX00213
CX00214
CX00214
URJKWK-RTN
CX00242
IDX-GET-RTN
CX00334
CX00334
CX00336
CX00335
CX00335
CX00338
CX00338
CX00340
CX00339
CX00337
CX00341
CX00341
URISABAKI-GET-RTN
CX00343
CX00343
CX00345
CX00345
CX00346
CX00344
CX00348
CX00348
CX00350
CX00350
CX00351
CX00349
CX00347
CX00352
CX00342
CX00342
CX00353
HAKKEN-RTN
CX00243
CX00243
CX00245
CX00245
CX00244
CX00244
CX00248
CX00248
CX00249
CX00249
CX00251
CX00251
CX00250
CX00250
CX00246
CX00252
CX00252
CX00259
CX00259
CX00262
CX00262
CX00263
CX00263
CX00260
CX00258
CX00258
CX00266
CX00266
CX00267
CX00267
CX00218
CX00218
CX00217
CX00217
WUBSWK-RTN
CX00281
CX00281
CX00282
CX00279
CX00285
CX00216
CX00215
CX00219
CX00211
CX00074
CX00074
CX00077
CX00071
CX00071
CX00069
CX00070
CX00070
P500-RTN
ＵＲＢＡ売場コード=000001
売場Ｆ
CX00200
CX00200
業者Ｆ
CX00201
P600-RTN
CX00202
CX00202
CX00213
CX00213
CX00214
CX00214
URJKWK-RTN
CX00242
IDX-GET-RTN
CX00334
CX00334
CX00336
CX00335
CX00335
CX00338
CX00338
CX00340
CX00339
CX00337
CX00341
CX00341
URISABAKI-GET-RTN
CX00343
CX00343
CX00345
CX00345
CX00346
CX00344
CX00348
CX00348
CX00350
CX00350
CX00351
CX00349
CX00347
CX00352
CX00342
CX00342
CX00353
HAKKEN-RTN
CX00243
CX00243
CX00245
CX00245
CX00244
CX00244
CX00248
CX00248
CX00249
CX00249
CX00251
CX00251
CX00250
CX00250
CX00246
CX00252
CX00252
CX00259
CX00259
CX00262
CX00262
CX00263
CX00263
CX00260
CX00258
CX00258
CX00266
CX00266
CX00267
CX00267
CX00218
CX00218
CX00217
CX00217
WUBSWK-RTN
CX00279
CX00285
CX00216
CX00215
CX00219
CX00211
CX00074
CX00074
CX00077
CX00071
CX00071
CX00069
CX00070
CX00070
P500-RTN
ＵＲＢＡ売場コード=000001
売場Ｆ
CX00200
CX00200
業者Ｆ
CX00201
P600-RTN
CX00202
CX00202
CX00212
CX00212
URJKWK-RTN
CX00242
IDX-GET-RTN
CX00334
CX00334
CX00336
CX00335
CX00335
CX00338
CX00338
CX00340
CX00339
CX00337
CX00341
CX00341
URISABAKI-GET-RTN
CX00343
CX00343
CX00345
CX00345
CX00346
CX00344
CX00348
CX00348
CX00350
CX00350
CX00351
CX00349
CX00347
CX00352
CX00342
CX00342
CX00353
HAKKEN-RTN
CX00243
CX00243
CX00245
CX00245
CX00244
CX00244
CX00248
CX00248
CX00249
CX00249
CX00251
CX00251
CX00250
CX00250
CX00246
CX00252
CX00252
CX00259
CX00259
CX00262
CX00262
CX00263
CX00263
CX00260
CX00258
CX00258
CX00266
CX00266
CX00267
CX00267
CX00222
CX00222
WUBSWK-RTN
CX00281
CX00281
CX00282
CX00279
CX00285
CX00221
CX00220
CX00219
CX00211
CX00074
CX00074
CX00077
CX00071
CX00071
CX00069
CX00070
CX00070
P500-RTN
ＵＲＢＡ売場コード=000001
売場Ｆ
CX00200
CX00200
業者Ｆ
CX00201
P600-RTN
CX00202
CX00202
CX00212
CX00212
URJKWK-RTN
CX00242
IDX-GET-RTN
CX00334
CX00334
CX00336
CX00335
CX00335
CX00338
CX00338
CX00340
CX00339
CX00337
CX00341
CX00341
URISABAKI-GET-RTN
CX00343
CX00343
CX00345
CX00345
CX00346
CX00344
CX00348
CX00348
CX00350
CX00350
CX00351
CX00349
CX00347
CX00352
CX00342
CX00342
CX00353
HAKKEN-RTN
CX00243
CX00243
CX00245
CX00245
CX00244
CX00244
CX00248
CX00248
CX00249
CX00249
CX00251
CX00251
CX00250
CX00250
CX00246
CX00252
CX00252
CX00259
CX00259
CX00262
CX00262
CX00263
CX00263
CX00260
CX00258
CX00258
CX00266
CX00266
CX00267
CX00267
CX00222
CX00222
WUBSWK-RTN
CX00279
CX00285
CX00221
CX00220
CX00219
CX00211
CX00074
CX00074
CX00077
CX00071
CX00071
CX00069
CX00070
CX00070
P500-RTN
ＵＲＢＡ売場コード=000001
売場Ｆ
CX00200
CX00200
業者Ｆ
CX00201
P600-RTN
CX00202
CX00202
CX00213
CX00213
CX00214
CX00214
URJKWK-RTN
CX00242
IDX-GET-RTN
CX00334
CX00334
CX00336
CX00335
CX00335
CX00338
CX00338
CX00340
CX00339
CX00337
CX00341
CX00341
URISABAKI-GET-RTN
CX00343
CX00343
CX00345
CX00345
CX00346
CX00344
CX00348
CX00348
CX00350
CX00350
CX00351
CX00349
CX00347
CX00352
CX00342
CX00342
CX00353
HAKKEN-RTN
CX00243
CX00243
CX00245
CX00245
CX00244
CX00244
CX00248
CX00248
CX00249
CX00249
CX00251
CX00251
CX00250
CX00250
CX00246
CX00252
CX00252
CX00259
CX00259
CX00261
CX00261
CX00262
CX00262
CX00265
CX00263
CX00263
CX00260
CX00258
CX00258
CX00266
CX00266
CX00267
CX00267
CX00218
CX00218
CX00217
CX00217
WUBSWK-RTN
CX00280
CX00280
CX00281
CX00281
CX00284
CX00282
CX00279
CX00285
CX00216
CX00215
CX00219
CX00211
CX00074
CX00074
CX00077
CX00071
CX00071
CX00069
CX00070
CX00070
P500-RTN
ＵＲＢＡ売場コード=000001
売場Ｆ
CX00200
CX00200
業者Ｆ
CX00201
CX00073
CX00073
P800-RTN
CX00235
CX00235
CX00237
CX00237
KSWK-RTN
CX00269
CX00274
CX00274
CX00276
CX00276
CX00275
CX00273
CX00277
CX00277
CX00278
CX00239
CX00239
URJKWK-RTN
CX00242
WUBSWK-RTN
CX00279
CX00285
KOSH-RTN
CX00287
CX00287
西暦年月日の受入項目を指定して下さい

2015/01/07 13:32:19	[HBHUN370-03]の実行処理が正常終了した。
2015/01/07 13:32:20	　　　☆☆☆実行処理が正常に終了しました。☆☆☆　　　
2015/01/07 13:32:20	エクスポート　処理開始　(export)
2015/01/07 13:32:20	エクスポート　処理終了　(export)
2015/01/07 13:32:20	[HBHUN370-03]の結果出力処理が開始した。
2015/01/07 13:32:33	[HBHUN370-03]に不一致が発生しました。
2015/01/07 13:32:34	　　　☆☆☆結果出力処理が正常に終了しました。☆☆☆　　　
2015/01/07 13:32:40	エクスキュート　処理開始　(perform)
2015/01/07 13:32:40	エクスキュート　処理終了　(perform)
2015/01/07 13:32:40	[HBHUN370-04]の実行処理が開始した。
2015/01/07 13:32:40	外部exe実行：CBLCTFM.EXE</r C:\Work\Projects\aat\aat\bin\Debug\Work\HBHUN370-04\HBHUN370-04.cfm>
2015/01/07 13:32:40	Std Output:	正常終了(DONE)

2015/01/07 13:32:41	外部exe実行：CBLCTFM.EXE</a C:\Work\Projects\aat\aat\bin\Debug\Work\HBHUN370-04\HBHUN370-04.cfm>
2015/01/07 13:32:41	Std Output:	正常終了(DONE)

2015/01/07 13:32:41	外部exe実行：C:\Work\Projects\aat\aat\bin\Debug\Work\HBHUN370-04\HBHUN370.exe<>
2015/01/07 13:32:44	Std Output:CX00027
CX00028
CX00029
CX00030
CX00031
CX00032
CX00033
CX00034
CX00035
CX00036
CX00037
CX00038
CX00039
CX00040
CX00041
CX00042
CX00043
CX00044
CX00045
CX00046
CX00047
CX00048
CX00049
運用管理Ｆ
CX00050
CX00051
CX00054
CX00052
CX00055
CX00060
CX00061
CX00062
CX00059
変数販売チャネルコードＦ
ＳＧ情報管理Ｆ
CX00063
P100-RTN
P110-RTN
CX00120
発売ゲームＦ－Ｂ
CX00125
CX00126
CX00127
CX00124
CX00112
CX00114
CX00114
ゲーム状況Ｆ
CX00115
CX00115
CX00116
CX00116
ゲームＦ
CX00118
CX00118
ゲームルールＦ
CX00119
CX00119
CX00116
CX00116
ゲームＦ
CX00118
CX00118
ゲームルールＦ
CX00119
CX00119
CX00116
CX00116
ゲームＦ
CX00118
CX00118
ゲームルールＦ
CX00119
CX00119
CX00116
CX00116
ゲームＦ
CX00118
CX00118
ゲームルールＦ
CX00119
CX00119
CX00116
CX00116
ゲームＦ
CX00118
CX00118
ゲームルールＦ
CX00119
CX00119
CX00117
CX00117
P110-RTN
CX00120
発売ゲームＦ－Ｂ
CX00125
CX00126
CX00127
CX00124
CX00113
P200-RTN
CX00128
販売チャネルＦ
CX00131
CX00131
CX00135
CX00136
販売Ｃ別手数料変更Ｇ情報Ｆ
CX00139
CX00139
CX00142
CX00142
CX00143
CX00143
CX00144
CX00144
CX00136
販売Ｃ別手数料変更Ｇ情報Ｆ
CX00139
CX00139
CX00142
CX00142
CX00143
CX00143
CX00144
CX00144
CX00136
販売Ｃ別手数料変更Ｇ情報Ｆ
CX00139
CX00139
CX00141
CX00141
CX00144
CX00144
CX00137
CX00137
CX00145
CX00133
CX00128
販売チャネルＦ
CX00131
CX00131
CX00135
CX00136
販売Ｃ別手数料変更Ｇ情報Ｆ
CX00139
CX00139
CX00142
CX00142
CX00143
CX00143
CX00144
CX00144
CX00136
販売Ｃ別手数料変更Ｇ情報Ｆ
CX00139
CX00139
CX00142
CX00142
CX00143
CX00143
CX00144
CX00144
CX00136
販売Ｃ別手数料変更Ｇ情報Ｆ
CX00139
CX00139
CX00141
CX00141
CX00144
CX00144
CX00137
CX00137
CX00145
CX00133
CX00128
販売チャネルＦ
CX00131
CX00131
CX00135
CX00136
販売Ｃ別手数料変更Ｇ情報Ｆ
CX00139
CX00139
CX00142
CX00142
CX00143
CX00143
CX00144
CX00144
CX00136
販売Ｃ別手数料変更Ｇ情報Ｆ
CX00139
CX00139
CX00142
CX00142
CX00143
CX00143
CX00144
CX00144
CX00136
販売Ｃ別手数料変更Ｇ情報Ｆ
CX00138
CX00139
CX00139
CX00141
CX00141
CX00144
CX00144
CX00137
CX00137
CX00145
CX00133
CX00128
販売チャネルＦ
CX00130
CX00131
CX00131
CX00133
CX00129
CX00129
売捌手数料Ｆ
CX00158
CX00159
CX00159
CX00161
CX00161
CX00161
CX00161
CX00161
CX00161
CX00161
CX00161
CX00161
CX00161
CX00162
売捌手数料Ｆ
CX00164
CX00159
CX00159
CX00161
CX00161
CX00161
CX00161
CX00161
CX00161
CX00161
CX00161
CX00161
CX00161
CX00162
売捌手数料Ｆ
CX00164
CX00159
CX00159
CX00161
CX00161
CX00161
CX00161
CX00161
CX00161
CX00161
CX00161
CX00161
CX00161
CX00162
売捌手数料Ｆ
CX00163
CX00164
CX00160
CX00064
CX00064
CX00190
トランザクションＦ－Ｂ
CX00196
CX00196
CX00197
CX00198
CX00198
CX00199
CX00195
CX00065
CX00065
CX00069
CX00070
CX00070
P500-RTN
ＵＲＢＡ売場コード=000001
売場Ｆ
CX00200
CX00200
業者Ｆ
CX00201
P600-RTN
CX00202
CX00202
CX00213
CX00213
CX00214
CX00214
URJKWK-RTN
CX00242
IDX-GET-RTN
CX00334
CX00334
CX00336
CX00335
CX00335
CX00338
CX00338
CX00340
CX00339
CX00337
CX00341
CX00341
URISABAKI-GET-RTN
CX00343
CX00343
CX00345
CX00345
CX00346
CX00344
CX00348
CX00348
CX00350
CX00350
CX00351
CX00349
CX00347
CX00352
CX00342
CX00342
CX00353
HAKKEN-RTN
CX00243
CX00243
CX00245
CX00245
CX00244
CX00244
CX00248
CX00248
CX00249
CX00249
CX00251
CX00251
CX00250
CX00250
CX00246
CX00252
CX00252
CX00259
CX00259
CX00262
CX00262
CX00263
CX00263
CX00260
CX00258
CX00258
CX00266
CX00266
CX00267
CX00267
CX00218
CX00218
CX00217
CX00217
WUBSWK-RTN
CX00281
CX00281
CX00282
CX00279
CX00285
CX00216
CX00215
CX00219
CX00211
CX00074
CX00074
CX00077
CX00071
CX00071
CX00069
CX00070
CX00070
P500-RTN
ＵＲＢＡ売場コード=000001
売場Ｆ
CX00200
CX00200
業者Ｆ
CX00201
P600-RTN
CX00202
CX00202
CX00213
CX00213
CX00214
CX00214
URJKWK-RTN
CX00242
IDX-GET-RTN
CX00334
CX00334
CX00336
CX00335
CX00335
CX00338
CX00338
CX00340
CX00339
CX00337
CX00341
CX00341
URISABAKI-GET-RTN
CX00343
CX00343
CX00345
CX00345
CX00346
CX00344
CX00348
CX00348
CX00350
CX00350
CX00351
CX00349
CX00347
CX00352
CX00342
CX00342
CX00353
HAKKEN-RTN
CX00243
CX00243
CX00245
CX00245
CX00244
CX00244
CX00248
CX00248
CX00249
CX00249
CX00251
CX00251
CX00250
CX00250
CX00246
CX00252
CX00252
CX00259
CX00259
CX00262
CX00262
CX00263
CX00263
CX00260
CX00258
CX00258
CX00266
CX00266
CX00267
CX00267
CX00218
CX00218
CX00217
CX00217
WUBSWK-RTN
CX00279
CX00285
CX00216
CX00215
CX00219
CX00211
CX00074
CX00074
CX00077
CX00071
CX00071
CX00069
CX00070
CX00070
P500-RTN
ＵＲＢＡ売場コード=000001
売場Ｆ
CX00200
CX00200
業者Ｆ
CX00201
P600-RTN
CX00202
CX00202
CX00213
CX00213
CX00214
CX00214
URJKWK-RTN
CX00242
IDX-GET-RTN
CX00334
CX00334
CX00336
CX00335
CX00335
CX00338
CX00338
CX00340
CX00339
CX00337
CX00341
CX00341
URISABAKI-GET-RTN
CX00343
CX00343
CX00345
CX00345
CX00346
CX00344
CX00348
CX00348
CX00350
CX00350
CX00351
CX00349
CX00347
CX00352
CX00342
CX00342
CX00353
HAKKEN-RTN
CX00243
CX00243
CX00245
CX00245
CX00244
CX00244
CX00248
CX00248
CX00249
CX00249
CX00251
CX00251
CX00250
CX00250
CX00246
CX00252
CX00252
CX00259
CX00259
CX00262
CX00262
CX00263
CX00263
CX00260
CX00258
CX00258
CX00266
CX00266
CX00267
CX00267
CX00218
CX00218
CX00217
CX00217
WUBSWK-RTN
CX00281
CX00281
CX00282
CX00279
CX00285
CX00216
CX00215
CX00219
CX00211
CX00074
CX00074
CX00077
CX00071
CX00071
CX00069
CX00070
CX00070
P500-RTN
ＵＲＢＡ売場コード=000001
売場Ｆ
CX00200
CX00200
業者Ｆ
CX00201
P600-RTN
CX00202
CX00202
CX00213
CX00213
CX00214
CX00214
URJKWK-RTN
CX00242
IDX-GET-RTN
CX00334
CX00334
CX00336
CX00335
CX00335
CX00338
CX00338
CX00340
CX00339
CX00337
CX00341
CX00341
URISABAKI-GET-RTN
CX00343
CX00343
CX00345
CX00345
CX00346
CX00344
CX00348
CX00348
CX00350
CX00350
CX00351
CX00349
CX00347
CX00352
CX00342
CX00342
CX00353
HAKKEN-RTN
CX00243
CX00243
CX00245
CX00245
CX00244
CX00244
CX00248
CX00248
CX00249
CX00249
CX00251
CX00251
CX00250
CX00250
CX00246
CX00252
CX00252
CX00259
CX00259
CX00262
CX00262
CX00263
CX00263
CX00260
CX00258
CX00258
CX00266
CX00266
CX00267
CX00267
CX00218
CX00218
CX00217
CX00217
WUBSWK-RTN
CX00279
CX00285
CX00216
CX00215
CX00219
CX00211
CX00074
CX00074
CX00077
CX00071
CX00071
CX00069
CX00070
CX00070
P500-RTN
ＵＲＢＡ売場コード=000001
売場Ｆ
CX00200
CX00200
業者Ｆ
CX00201
P600-RTN
CX00202
CX00202
CX00212
CX00212
URJKWK-RTN
CX00242
IDX-GET-RTN
CX00334
CX00334
CX00336
CX00335
CX00335
CX00338
CX00338
CX00340
CX00339
CX00337
CX00341
CX00341
URISABAKI-GET-RTN
CX00343
CX00343
CX00345
CX00345
CX00346
CX00344
CX00348
CX00348
CX00350
CX00350
CX00351
CX00349
CX00347
CX00352
CX00342
CX00342
CX00353
HAKKEN-RTN
CX00243
CX00243
CX00245
CX00245
CX00244
CX00244
CX00248
CX00248
CX00249
CX00249
CX00251
CX00251
CX00250
CX00250
CX00246
CX00252
CX00252
CX00259
CX00259
CX00262
CX00262
CX00263
CX00263
CX00260
CX00258
CX00258
CX00266
CX00266
CX00267
CX00267
CX00222
CX00222
WUBSWK-RTN
CX00281
CX00281
CX00282
CX00279
CX00285
CX00221
CX00220
CX00219
CX00211
CX00074
CX00074
CX00077
CX00071
CX00071
CX00069
CX00070
CX00070
P500-RTN
ＵＲＢＡ売場コード=000001
売場Ｆ
CX00200
CX00200
業者Ｆ
CX00201
P600-RTN
CX00202
CX00202
CX00212
CX00212
URJKWK-RTN
CX00242
IDX-GET-RTN
CX00334
CX00334
CX00336
CX00335
CX00335
CX00338
CX00338
CX00340
CX00339
CX00337
CX00341
CX00341
URISABAKI-GET-RTN
CX00343
CX00343
CX00345
CX00345
CX00346
CX00344
CX00348
CX00348
CX00350
CX00350
CX00351
CX00349
CX00347
CX00352
CX00342
CX00342
CX00353
HAKKEN-RTN
CX00243
CX00243
CX00245
CX00245
CX00244
CX00244
CX00248
CX00248
CX00249
CX00249
CX00251
CX00251
CX00250
CX00250
CX00246
CX00252
CX00252
CX00259
CX00259
CX00262
CX00262
CX00263
CX00263
CX00260
CX00258
CX00258
CX00266
CX00266
CX00267
CX00267
CX00222
CX00222
WUBSWK-RTN
CX00279
CX00285
CX00221
CX00220
CX00219
CX00211
CX00074
CX00074
CX00077
CX00071
CX00071
CX00069
CX00070
CX00070
P500-RTN
ＵＲＢＡ売場コード=000001
売場Ｆ
CX00200
CX00200
業者Ｆ
CX00201
P600-RTN
CX00202
CX00202
CX00213
CX00213
CX00214
CX00214
URJKWK-RTN
CX00242
IDX-GET-RTN
CX00334
CX00334
CX00336
CX00335
CX00335
CX00338
CX00338
CX00340
CX00339
CX00337
CX00341
CX00341
URISABAKI-GET-RTN
CX00343
CX00343
CX00345
CX00345
CX00346
CX00344
CX00348
CX00348
CX00350
CX00350
CX00351
CX00349
CX00347
CX00352
CX00342
CX00342
CX00353
HAKKEN-RTN
CX00243
CX00243
CX00245
CX00245
CX00244
CX00244
CX00248
CX00248
CX00249
CX00249
CX00251
CX00251
CX00250
CX00250
CX00246
CX00252
CX00252
CX00259
CX00259
CX00261
CX00261
CX00262
CX00262
CX00265
CX00263
CX00263
CX00260
CX00258
CX00258
CX00266
CX00266
CX00267
CX00267
CX00218
CX00218
CX00217
CX00217
WUBSWK-RTN
CX00280
CX00280
CX00281
CX00281
CX00284
CX00282
CX00279
CX00285
CX00216
CX00215
CX00219
CX00211
CX00074
CX00074
CX00077
CX00071
CX00071
CX00069
CX00070
CX00070
P500-RTN
ＵＲＢＡ売場コード=000001
売場Ｆ
CX00200
CX00200
業者Ｆ
CX00201
CX00073
CX00073
P800-RTN
CX00235
CX00235
CX00237
CX00237
KSWK-RTN
CX00269
CX00274
CX00274
CX00276
CX00276
CX00275
CX00273
CX00277
CX00277
CX00278
CX00239
CX00239
URJKWK-RTN
CX00242
WUBSWK-RTN
CX00279
CX00285
KOSH-RTN
CX00287
CX00287
西暦年月日の受入項目を指定して下さい

2015/01/07 13:32:44	[HBHUN370-04]の実行処理が正常終了した。
2015/01/07 13:32:44	　　　☆☆☆実行処理が正常に終了しました。☆☆☆　　　
2015/01/07 14:51:15	エクスポート　処理開始　(export)
2015/01/07 14:51:16	エクスポート　処理終了　(export)
2015/01/07 14:51:16	[HBHUN370-01]の結果出力処理が開始した。
2015/01/07 14:51:23	[HBHUN370-01]に不一致が発生しました。
2015/01/07 14:51:23	[HBHUN370-02]の結果出力処理が開始した。
2015/01/07 14:51:31	[HBHUN370-02]に不一致が発生しました。
2015/01/07 14:51:31	[HBHUN370-03]の結果出力処理が開始した。
2015/01/07 14:51:44	[HBHUN370-03]に不一致が発生しました。
2015/01/07 14:51:44	　　　☆☆☆結果出力処理が正常に終了しました。☆☆☆　　　
