2015/01/05 11:10:20	選択されたケースの結果ファイルが見つかりません。結果出力を先に実行してください。
<HBHSS020-01>
2015/01/05 11:10:27	選択されたケースの結果ファイルが見つかりません。結果出力を先に実行してください。
<HBHSS021-01>
2015/01/05 11:10:53	--After --LINE:436--  ＨＣＨＮ販売チャネル = 01
2015/01/05 11:10:53	--After --LINE:455--  ＨＣＨＮ販売チャネル = 01
2015/01/05 11:10:53	--After --LINE:552--  ＨＣＨＮ販売チャネル = 01
2015/01/05 11:10:53	--After --LINE:555--  ＨＣＨＮゲームタイプ = 01
2015/01/05 11:10:53	--After --LINE:552--  ＨＣＨＮ販売チャネル = 01
2015/01/05 11:10:53	--After --LINE:555--  ＨＣＨＮゲームタイプ = 02
2015/01/05 11:10:53	--After --LINE:552--  ＨＣＨＮ販売チャネル = 01
2015/01/05 11:10:53	--After --LINE:555--  ＨＣＨＮゲームタイプ = 06
2015/01/05 11:10:53	--After --LINE:552--  ＨＣＨＮ販売チャネル = 02
2015/01/05 11:10:53	--After --LINE:555--  ＨＣＨＮゲームタイプ = 01
2015/01/05 11:10:53	--After --LINE:552--  ＨＣＨＮ販売チャネル = 02
2015/01/05 11:10:53	--After --LINE:555--  ＨＣＨＮゲームタイプ = 02
2015/01/05 11:10:53	--After --LINE:552--  ＨＣＨＮ販売チャネル = 03
2015/01/05 11:10:53	--After --LINE:555--  ＨＣＨＮゲームタイプ = 01
2015/01/05 11:10:53	--After --LINE:552--  ＨＣＨＮ販売チャネル = 03
2015/01/05 11:10:53	--After --LINE:555--  ＨＣＨＮゲームタイプ = 02
2015/01/05 11:10:53	--After --LINE:552--  ＨＣＨＮ販売チャネル = 04
2015/01/05 11:10:53	--After --LINE:555--  ＨＣＨＮゲームタイプ = 01
2015/01/05 11:10:53	--After --LINE:552--  ＨＣＨＮ販売チャネル = 04
2015/01/05 11:10:53	--After --LINE:555--  ＨＣＨＮゲームタイプ = 02
2015/01/05 11:10:53	--After --LINE:552--  ＨＣＨＮ販売チャネル = 04
2015/01/05 11:10:53	--After --LINE:555--  ＨＣＨＮゲームタイプ = 02
2015/01/05 11:10:53	--After --LINE:552--  ＨＣＨＮ販売チャネル = 01
2015/01/05 11:10:53	--After --LINE:555--  ＨＣＨＮゲームタイプ = 03
2015/01/05 11:10:53	--After --LINE:670--  ＨＣＨＮ販売チャネル = 01
2015/01/05 11:10:53	--After --LINE:673--  ＨＣＨＮゲームタイプ = 01
2015/01/05 11:10:53	--After --LINE:670--  ＨＣＨＮ販売チャネル = 01
2015/01/05 11:10:53	--After --LINE:673--  ＨＣＨＮゲームタイプ = 02
2015/01/05 11:10:53	--After --LINE:670--  ＨＣＨＮ販売チャネル = 02
2015/01/05 11:10:53	--After --LINE:673--  ＨＣＨＮゲームタイプ = 01
2015/01/05 11:10:53	--After --LINE:670--  ＨＣＨＮ販売チャネル = 02
2015/01/05 11:10:53	--After --LINE:673--  ＨＣＨＮゲームタイプ = 02
2015/01/05 11:10:53	--After --LINE:670--  ＨＣＨＮ販売チャネル = 03
2015/01/05 11:10:53	--After --LINE:673--  ＨＣＨＮゲームタイプ = 01
2015/01/05 11:10:53	--After --LINE:670--  ＨＣＨＮ販売チャネル = 03
2015/01/05 11:10:53	--After --LINE:673--  ＨＣＨＮゲームタイプ = 02
2015/01/05 11:10:53	--After --LINE:670--  ＨＣＨＮ販売チャネル = 04
2015/01/05 11:10:53	--After --LINE:673--  ＨＣＨＮゲームタイプ = 01
2015/01/05 11:10:53	--After --LINE:670--  ＨＣＨＮ販売チャネル = 04
2015/01/05 11:10:53	--After --LINE:673--  ＨＣＨＮゲームタイプ = 02
2015/01/05 11:10:53	--After --LINE:670--  ＨＣＨＮ販売チャネル = 04
2015/01/05 11:10:53	--After --LINE:673--  ＨＣＨＮゲームタイプ = 02
2015/01/05 11:10:53	--After --LINE:670--  ＨＣＨＮ販売チャネル = 01
2015/01/05 11:10:53	--After --LINE:673--  ＨＣＨＮゲームタイプ = 03
2015/01/05 11:43:26	--After --LINE:596--  ＣＨＵＲ売上金額 = 0000038029679
2015/01/05 13:05:53	--After --LINE:596--  ＣＨＵＲ売上金額 = 0000048400046
2015/01/05 13:05:59	--After --LINE:436--  ＨＣＨＮ販売チャネル = 01
2015/01/05 13:05:59	--After --LINE:455--  ＨＣＨＮ販売チャネル = 01
2015/01/05 13:05:59	--After --LINE:552--  ＨＣＨＮ販売チャネル = 01
2015/01/05 13:05:59	--After --LINE:552--  ＨＣＨＮ販売チャネル = 01
2015/01/05 13:05:59	--After --LINE:552--  ＨＣＨＮ販売チャネル = 01
2015/01/05 13:06:00	--After --LINE:552--  ＨＣＨＮ販売チャネル = 02
2015/01/05 13:06:00	--After --LINE:552--  ＨＣＨＮ販売チャネル = 02
2015/01/05 13:06:00	--After --LINE:552--  ＨＣＨＮ販売チャネル = 03
2015/01/05 13:06:00	--After --LINE:552--  ＨＣＨＮ販売チャネル = 03
2015/01/05 13:06:00	--After --LINE:552--  ＨＣＨＮ販売チャネル = 04
2015/01/05 13:06:00	--After --LINE:552--  ＨＣＨＮ販売チャネル = 04
2015/01/05 13:06:00	--After --LINE:552--  ＨＣＨＮ販売チャネル = 04
2015/01/05 13:06:00	--After --LINE:552--  ＨＣＨＮ販売チャネル = 01
2015/01/05 13:06:00	--After --LINE:596--  ＣＨＵＲ売上金額 = 0000048400046
2015/01/05 13:06:00	--After --LINE:670--  ＨＣＨＮ販売チャネル = 01
2015/01/05 13:06:00	--After --LINE:670--  ＨＣＨＮ販売チャネル = 01
2015/01/05 13:06:00	--After --LINE:670--  ＨＣＨＮ販売チャネル = 02
2015/01/05 13:06:00	--After --LINE:670--  ＨＣＨＮ販売チャネル = 02
2015/01/05 13:06:00	--After --LINE:670--  ＨＣＨＮ販売チャネル = 03
2015/01/05 13:06:00	--After --LINE:670--  ＨＣＨＮ販売チャネル = 03
2015/01/05 13:06:00	--After --LINE:670--  ＨＣＨＮ販売チャネル = 04
2015/01/05 13:06:00	--After --LINE:670--  ＨＣＨＮ販売チャネル = 04
2015/01/05 13:06:00	--After --LINE:670--  ＨＣＨＮ販売チャネル = 04
2015/01/05 13:06:00	--After --LINE:670--  ＨＣＨＮ販売チャネル = 01
2015/01/05 13:29:12	--After --LINE:596--  ＣＨＵＲ売上金額 = 0000051856835
2015/01/05 13:29:18	--After --LINE:436--  ＨＣＨＮ販売チャネル = 01
2015/01/05 13:29:18	--After --LINE:455--  ＨＣＨＮ販売チャネル = 01
2015/01/05 13:29:18	--After --LINE:552--  ＨＣＨＮ販売チャネル = 01
2015/01/05 13:29:18	--After --LINE:552--  ＨＣＨＮ販売チャネル = 01
2015/01/05 13:29:18	--After --LINE:552--  ＨＣＨＮ販売チャネル = 01
2015/01/05 13:29:18	--After --LINE:552--  ＨＣＨＮ販売チャネル = 02
2015/01/05 13:29:18	--After --LINE:552--  ＨＣＨＮ販売チャネル = 02
2015/01/05 13:29:18	--After --LINE:552--  ＨＣＨＮ販売チャネル = 03
2015/01/05 13:29:18	--After --LINE:552--  ＨＣＨＮ販売チャネル = 03
2015/01/05 13:29:18	--After --LINE:552--  ＨＣＨＮ販売チャネル = 04
2015/01/05 13:29:18	--After --LINE:552--  ＨＣＨＮ販売チャネル = 04
2015/01/05 13:29:18	--After --LINE:552--  ＨＣＨＮ販売チャネル = 04
2015/01/05 13:29:18	--After --LINE:552--  ＨＣＨＮ販売チャネル = 01
2015/01/05 13:29:18	--After --LINE:596--  ＣＨＵＲ売上金額 = 0000051856835
2015/01/05 13:29:18	--After --LINE:670--  ＨＣＨＮ販売チャネル = 01
2015/01/05 13:29:18	--After --LINE:670--  ＨＣＨＮ販売チャネル = 01
2015/01/05 13:29:18	--After --LINE:670--  ＨＣＨＮ販売チャネル = 02
2015/01/05 13:29:18	--After --LINE:670--  ＨＣＨＮ販売チャネル = 02
2015/01/05 13:29:18	--After --LINE:670--  ＨＣＨＮ販売チャネル = 03
2015/01/05 13:29:18	--After --LINE:670--  ＨＣＨＮ販売チャネル = 03
2015/01/05 13:29:18	--After --LINE:670--  ＨＣＨＮ販売チャネル = 04
2015/01/05 13:29:18	--After --LINE:670--  ＨＣＨＮ販売チャネル = 04
2015/01/05 13:29:18	--After --LINE:670--  ＨＣＨＮ販売チャネル = 04
2015/01/05 13:29:18	--After --LINE:670--  ＨＣＨＮ販売チャネル = 01
2015/01/05 13:31:45	--After --LINE:436--  ＨＣＨＮ販売チャネル = 01
2015/01/05 13:31:45	--After --LINE:455--  ＨＣＨＮ販売チャネル = 01
2015/01/05 13:31:45	--After --LINE:552--  ＨＣＨＮ販売チャネル = 01
2015/01/05 13:31:45	--After --LINE:555--  ＨＣＨＮゲームタイプ = 01
2015/01/05 13:31:45	--After --LINE:552--  ＨＣＨＮ販売チャネル = 01
2015/01/05 13:31:45	--After --LINE:555--  ＨＣＨＮゲームタイプ = 02
2015/01/05 13:31:45	--After --LINE:552--  ＨＣＨＮ販売チャネル = 01
2015/01/05 13:31:45	--After --LINE:555--  ＨＣＨＮゲームタイプ = 06
2015/01/05 13:31:45	--After --LINE:552--  ＨＣＨＮ販売チャネル = 02
2015/01/05 13:31:45	--After --LINE:555--  ＨＣＨＮゲームタイプ = 01
2015/01/05 13:31:45	--After --LINE:552--  ＨＣＨＮ販売チャネル = 02
2015/01/05 13:31:45	--After --LINE:555--  ＨＣＨＮゲームタイプ = 02
2015/01/05 13:31:45	--After --LINE:552--  ＨＣＨＮ販売チャネル = 03
2015/01/05 13:31:45	--After --LINE:555--  ＨＣＨＮゲームタイプ = 01
2015/01/05 13:31:45	--After --LINE:552--  ＨＣＨＮ販売チャネル = 03
2015/01/05 13:31:45	--After --LINE:555--  ＨＣＨＮゲームタイプ = 02
2015/01/05 13:31:45	--After --LINE:552--  ＨＣＨＮ販売チャネル = 04
2015/01/05 13:31:45	--After --LINE:555--  ＨＣＨＮゲームタイプ = 01
2015/01/05 13:31:45	--After --LINE:552--  ＨＣＨＮ販売チャネル = 04
2015/01/05 13:31:45	--After --LINE:555--  ＨＣＨＮゲームタイプ = 02
2015/01/05 13:31:45	--After --LINE:552--  ＨＣＨＮ販売チャネル = 04
2015/01/05 13:31:45	--After --LINE:555--  ＨＣＨＮゲームタイプ = 02
2015/01/05 13:31:45	--After --LINE:552--  ＨＣＨＮ販売チャネル = 01
2015/01/05 13:31:45	--After --LINE:555--  ＨＣＨＮゲームタイプ = 03
2015/01/05 13:31:45	--After --LINE:596--  ＣＨＵＲ売上金額 = 0000051856835
2015/01/05 13:31:45	--After --LINE:670--  ＨＣＨＮ販売チャネル = 01
2015/01/05 13:31:45	--After --LINE:673--  ＨＣＨＮゲームタイプ = 01
2015/01/05 13:31:45	--After --LINE:670--  ＨＣＨＮ販売チャネル = 01
2015/01/05 13:31:45	--After --LINE:673--  ＨＣＨＮゲームタイプ = 02
2015/01/05 13:31:45	--After --LINE:670--  ＨＣＨＮ販売チャネル = 02
2015/01/05 13:31:45	--After --LINE:673--  ＨＣＨＮゲームタイプ = 01
2015/01/05 13:31:45	--After --LINE:670--  ＨＣＨＮ販売チャネル = 02
2015/01/05 13:31:45	--After --LINE:673--  ＨＣＨＮゲームタイプ = 02
2015/01/05 13:31:45	--After --LINE:670--  ＨＣＨＮ販売チャネル = 03
2015/01/05 13:31:45	--After --LINE:673--  ＨＣＨＮゲームタイプ = 01
2015/01/05 13:31:45	--After --LINE:670--  ＨＣＨＮ販売チャネル = 03
2015/01/05 13:31:45	--After --LINE:673--  ＨＣＨＮゲームタイプ = 02
2015/01/05 13:31:45	--After --LINE:670--  ＨＣＨＮ販売チャネル = 04
2015/01/05 13:31:45	--After --LINE:673--  ＨＣＨＮゲームタイプ = 01
2015/01/05 13:31:45	--After --LINE:670--  ＨＣＨＮ販売チャネル = 04
2015/01/05 13:31:45	--After --LINE:673--  ＨＣＨＮゲームタイプ = 02
2015/01/05 13:31:45	--After --LINE:670--  ＨＣＨＮ販売チャネル = 04
2015/01/05 13:31:45	--After --LINE:673--  ＨＣＨＮゲームタイプ = 02
2015/01/05 13:31:45	--After --LINE:670--  ＨＣＨＮ販売チャネル = 01
2015/01/05 13:31:45	--After --LINE:673--  ＨＣＨＮゲームタイプ = 03
2015/01/05 13:31:53	--After --LINE:436--  ＨＣＨＮ販売チャネル = 01
2015/01/05 13:31:53	--After --LINE:455--  ＨＣＨＮ販売チャネル = 01
2015/01/05 13:31:53	--After --LINE:458--  ＨＣＨＮ売上金額 = 0000003456789
2015/01/05 13:31:53	--After --LINE:552--  ＨＣＨＮ販売チャネル = 01
2015/01/05 13:31:53	--After --LINE:555--  ＨＣＨＮゲームタイプ = 01
2015/01/05 13:31:53	--After --LINE:563--  ＨＣＨＮ売上金額 = 0000010375367
2015/01/05 13:31:53	--After --LINE:552--  ＨＣＨＮ販売チャネル = 01
2015/01/05 13:31:53	--After --LINE:555--  ＨＣＨＮゲームタイプ = 02
2015/01/05 13:31:53	--After --LINE:563--  ＨＣＨＮ売上金額 = 0000000020000
2015/01/05 13:31:53	--After --LINE:552--  ＨＣＨＮ販売チャネル = 01
2015/01/05 13:31:53	--After --LINE:555--  ＨＣＨＮゲームタイプ = 06
2015/01/05 13:31:53	--After --LINE:563--  ＨＣＨＮ売上金額 = 0000003456789
2015/01/05 13:31:53	--After --LINE:552--  ＨＣＨＮ販売チャネル = 02
2015/01/05 13:31:53	--After --LINE:555--  ＨＣＨＮゲームタイプ = 01
2015/01/05 13:31:53	--After --LINE:563--  ＨＣＨＮ売上金額 = 0000010375367
2015/01/05 13:31:53	--After --LINE:552--  ＨＣＨＮ販売チャネル = 02
2015/01/05 13:31:53	--After --LINE:555--  ＨＣＨＮゲームタイプ = 02
2015/01/05 13:31:53	--After --LINE:563--  ＨＣＨＮ売上金額 = 0000000020000
2015/01/05 13:31:53	--After --LINE:552--  ＨＣＨＮ販売チャネル = 03
2015/01/05 13:31:53	--After --LINE:555--  ＨＣＨＮゲームタイプ = 01
2015/01/05 13:31:53	--After --LINE:563--  ＨＣＨＮ売上金額 = 0000017283945
2015/01/05 13:31:53	--After --LINE:552--  ＨＣＨＮ販売チャネル = 03
2015/01/05 13:31:53	--After --LINE:555--  ＨＣＨＮゲームタイプ = 02
2015/01/05 13:31:53	--After --LINE:563--  ＨＣＨＮ売上金額 = 0000000090000
2015/01/05 13:31:53	--After --LINE:552--  ＨＣＨＮ販売チャネル = 04
2015/01/05 13:31:53	--After --LINE:555--  ＨＣＨＮゲームタイプ = 01
2015/01/05 13:31:53	--After --LINE:563--  ＨＣＨＮ売上金額 = 0000051851835
2015/01/05 13:31:53	--After --LINE:552--  ＨＣＨＮ販売チャネル = 04
2015/01/05 13:31:53	--After --LINE:555--  ＨＣＨＮゲームタイプ = 02
2015/01/05 13:31:53	--After --LINE:563--  ＨＣＨＮ売上金額 = 0000000150000
2015/01/05 13:31:53	--After --LINE:552--  ＨＣＨＮ販売チャネル = 04
2015/01/05 13:31:53	--After --LINE:555--  ＨＣＨＮゲームタイプ = 02
2015/01/05 13:31:53	--After --LINE:563--  ＨＣＨＮ売上金額 = 0000000030000
2015/01/05 13:31:53	--After --LINE:552--  ＨＣＨＮ販売チャネル = 01
2015/01/05 13:31:53	--After --LINE:555--  ＨＣＨＮゲームタイプ = 03
2015/01/05 13:31:53	--After --LINE:563--  ＨＣＨＮ売上金額 = 0000000010000
2015/01/05 13:31:53	--After --LINE:596--  ＣＨＵＲ売上金額 = 0000051856835
2015/01/05 13:31:53	--After --LINE:670--  ＨＣＨＮ販売チャネル = 01
2015/01/05 13:31:53	--After --LINE:673--  ＨＣＨＮゲームタイプ = 01
2015/01/05 13:31:53	--After --LINE:680--  ＨＣＨＮ売上金額 = 0000010375367
2015/01/05 13:31:53	--After --LINE:670--  ＨＣＨＮ販売チャネル = 01
2015/01/05 13:31:53	--After --LINE:673--  ＨＣＨＮゲームタイプ = 02
2015/01/05 13:31:53	--After --LINE:680--  ＨＣＨＮ売上金額 = 0000000020000
2015/01/05 13:31:53	--After --LINE:670--  ＨＣＨＮ販売チャネル = 02
2015/01/05 13:31:53	--After --LINE:673--  ＨＣＨＮゲームタイプ = 01
2015/01/05 13:31:53	--After --LINE:680--  ＨＣＨＮ売上金額 = 0000010375367
2015/01/05 13:31:53	--After --LINE:670--  ＨＣＨＮ販売チャネル = 02
2015/01/05 13:31:53	--After --LINE:673--  ＨＣＨＮゲームタイプ = 02
2015/01/05 13:31:54	--After --LINE:680--  ＨＣＨＮ売上金額 = 0000000020000
2015/01/05 13:31:54	--After --LINE:670--  ＨＣＨＮ販売チャネル = 03
2015/01/05 13:31:54	--After --LINE:673--  ＨＣＨＮゲームタイプ = 01
2015/01/05 13:31:54	--After --LINE:680--  ＨＣＨＮ売上金額 = 0000017283945
2015/01/05 13:31:54	--After --LINE:670--  ＨＣＨＮ販売チャネル = 03
2015/01/05 13:31:54	--After --LINE:673--  ＨＣＨＮゲームタイプ = 02
2015/01/05 13:31:54	--After --LINE:680--  ＨＣＨＮ売上金額 = 0000000090000
2015/01/05 13:31:54	--After --LINE:670--  ＨＣＨＮ販売チャネル = 04
2015/01/05 13:31:54	--After --LINE:673--  ＨＣＨＮゲームタイプ = 01
2015/01/05 13:31:54	--After --LINE:680--  ＨＣＨＮ売上金額 = 0000051851835
2015/01/05 13:31:54	--After --LINE:670--  ＨＣＨＮ販売チャネル = 04
2015/01/05 13:31:54	--After --LINE:673--  ＨＣＨＮゲームタイプ = 02
2015/01/05 13:31:54	--After --LINE:680--  ＨＣＨＮ売上金額 = 0000000150000
2015/01/05 13:31:54	--After --LINE:670--  ＨＣＨＮ販売チャネル = 04
2015/01/05 13:31:54	--After --LINE:673--  ＨＣＨＮゲームタイプ = 02
2015/01/05 13:31:54	--After --LINE:680--  ＨＣＨＮ売上金額 = 0000000030000
2015/01/05 13:31:54	--After --LINE:670--  ＨＣＨＮ販売チャネル = 01
2015/01/05 13:31:54	--After --LINE:673--  ＨＣＨＮゲームタイプ = 03
2015/01/05 13:31:54	--After --LINE:680--  ＨＣＨＮ売上金額 = 0000000010000
2015/01/05 13:32:19	--After --LINE:436--  ＨＣＨＮ販売チャネル = 01
2015/01/05 13:32:19	--After --LINE:455--  ＨＣＨＮ販売チャネル = 01
2015/01/05 13:32:19	--After --LINE:458--  ＨＣＨＮ売上金額 = 0000003456789
2015/01/05 13:32:19	--After --LINE:552--  ＨＣＨＮ販売チャネル = 01
2015/01/05 13:32:19	--After --LINE:555--  ＨＣＨＮゲームタイプ = 01
2015/01/05 13:32:19	--After --LINE:558--  ＨＣＨＮブロックコード = +00000
2015/01/05 13:32:19	--After --LINE:563--  ＨＣＨＮ売上金額 = 0000010375367
2015/01/05 13:32:19	--After --LINE:552--  ＨＣＨＮ販売チャネル = 01
2015/01/05 13:32:19	--After --LINE:555--  ＨＣＨＮゲームタイプ = 02
2015/01/05 13:32:19	--After --LINE:558--  ＨＣＨＮブロックコード = +00001
2015/01/05 13:32:19	--After --LINE:563--  ＨＣＨＮ売上金額 = 0000000020000
2015/01/05 13:32:19	--After --LINE:552--  ＨＣＨＮ販売チャネル = 01
2015/01/05 13:32:19	--After --LINE:555--  ＨＣＨＮゲームタイプ = 06
2015/01/05 13:32:19	--After --LINE:558--  ＨＣＨＮブロックコード = +00000
2015/01/05 13:32:19	--After --LINE:563--  ＨＣＨＮ売上金額 = 0000003456789
2015/01/05 13:32:19	--After --LINE:552--  ＨＣＨＮ販売チャネル = 02
2015/01/05 13:32:19	--After --LINE:555--  ＨＣＨＮゲームタイプ = 01
2015/01/05 13:32:19	--After --LINE:558--  ＨＣＨＮブロックコード = +00000
2015/01/05 13:32:19	--After --LINE:563--  ＨＣＨＮ売上金額 = 0000010375367
2015/01/05 13:32:19	--After --LINE:552--  ＨＣＨＮ販売チャネル = 02
2015/01/05 13:32:19	--After --LINE:555--  ＨＣＨＮゲームタイプ = 02
2015/01/05 13:32:19	--After --LINE:558--  ＨＣＨＮブロックコード = +00001
2015/01/05 13:32:19	--After --LINE:563--  ＨＣＨＮ売上金額 = 0000000020000
2015/01/05 13:32:19	--After --LINE:552--  ＨＣＨＮ販売チャネル = 03
2015/01/05 13:32:19	--After --LINE:555--  ＨＣＨＮゲームタイプ = 01
2015/01/05 13:32:19	--After --LINE:558--  ＨＣＨＮブロックコード = +00000
2015/01/05 13:32:19	--After --LINE:563--  ＨＣＨＮ売上金額 = 0000017283945
2015/01/05 13:32:19	--After --LINE:552--  ＨＣＨＮ販売チャネル = 03
2015/01/05 13:32:19	--After --LINE:555--  ＨＣＨＮゲームタイプ = 02
2015/01/05 13:32:19	--After --LINE:558--  ＨＣＨＮブロックコード = +00001
2015/01/05 13:32:19	--After --LINE:563--  ＨＣＨＮ売上金額 = 0000000090000
2015/01/05 13:32:19	--After --LINE:552--  ＨＣＨＮ販売チャネル = 04
2015/01/05 13:32:19	--After --LINE:555--  ＨＣＨＮゲームタイプ = 01
2015/01/05 13:32:19	--After --LINE:558--  ＨＣＨＮブロックコード = +00000
2015/01/05 13:32:19	--After --LINE:563--  ＨＣＨＮ売上金額 = 0000051851835
2015/01/05 13:32:19	--After --LINE:552--  ＨＣＨＮ販売チャネル = 04
2015/01/05 13:32:19	--After --LINE:555--  ＨＣＨＮゲームタイプ = 02
2015/01/05 13:32:19	--After --LINE:558--  ＨＣＨＮブロックコード = +00001
2015/01/05 13:32:19	--After --LINE:563--  ＨＣＨＮ売上金額 = 0000000150000
2015/01/05 13:32:19	--After --LINE:552--  ＨＣＨＮ販売チャネル = 04
2015/01/05 13:32:19	--After --LINE:555--  ＨＣＨＮゲームタイプ = 02
2015/01/05 13:32:19	--After --LINE:558--  ＨＣＨＮブロックコード = +00001
2015/01/05 13:32:19	--After --LINE:563--  ＨＣＨＮ売上金額 = 0000000030000
2015/01/05 13:32:19	--After --LINE:552--  ＨＣＨＮ販売チャネル = 01
2015/01/05 13:32:19	--After --LINE:555--  ＨＣＨＮゲームタイプ = 03
2015/01/05 13:32:19	--After --LINE:558--  ＨＣＨＮブロックコード = +00001
2015/01/05 13:32:19	--After --LINE:563--  ＨＣＨＮ売上金額 = 0000000010000
2015/01/05 13:32:19	--After --LINE:596--  ＣＨＵＲ売上金額 = 0000051856835
2015/01/05 13:32:19	--After --LINE:670--  ＨＣＨＮ販売チャネル = 01
2015/01/05 13:32:19	--After --LINE:673--  ＨＣＨＮゲームタイプ = 01
2015/01/05 13:32:19	--After --LINE:676--  ＨＣＨＮブロックコード = +00000
2015/01/05 13:32:19	--After --LINE:680--  ＨＣＨＮ売上金額 = 0000010375367
2015/01/05 13:32:19	--After --LINE:670--  ＨＣＨＮ販売チャネル = 01
2015/01/05 13:32:19	--After --LINE:673--  ＨＣＨＮゲームタイプ = 02
2015/01/05 13:32:19	--After --LINE:676--  ＨＣＨＮブロックコード = +00001
2015/01/05 13:32:19	--After --LINE:680--  ＨＣＨＮ売上金額 = 0000000020000
2015/01/05 13:32:19	--After --LINE:670--  ＨＣＨＮ販売チャネル = 02
2015/01/05 13:32:19	--After --LINE:673--  ＨＣＨＮゲームタイプ = 01
2015/01/05 13:32:19	--After --LINE:676--  ＨＣＨＮブロックコード = +00000
2015/01/05 13:32:19	--After --LINE:680--  ＨＣＨＮ売上金額 = 0000010375367
2015/01/05 13:32:19	--After --LINE:670--  ＨＣＨＮ販売チャネル = 02
2015/01/05 13:32:19	--After --LINE:673--  ＨＣＨＮゲームタイプ = 02
2015/01/05 13:32:19	--After --LINE:676--  ＨＣＨＮブロックコード = +00001
2015/01/05 13:32:19	--After --LINE:680--  ＨＣＨＮ売上金額 = 0000000020000
2015/01/05 13:32:19	--After --LINE:670--  ＨＣＨＮ販売チャネル = 03
2015/01/05 13:32:19	--After --LINE:673--  ＨＣＨＮゲームタイプ = 01
2015/01/05 13:32:19	--After --LINE:676--  ＨＣＨＮブロックコード = +00000
2015/01/05 13:32:19	--After --LINE:680--  ＨＣＨＮ売上金額 = 0000017283945
2015/01/05 13:32:19	--After --LINE:670--  ＨＣＨＮ販売チャネル = 03
2015/01/05 13:32:19	--After --LINE:673--  ＨＣＨＮゲームタイプ = 02
2015/01/05 13:32:19	--After --LINE:676--  ＨＣＨＮブロックコード = +00001
2015/01/05 13:32:19	--After --LINE:680--  ＨＣＨＮ売上金額 = 0000000090000
2015/01/05 13:32:19	--After --LINE:670--  ＨＣＨＮ販売チャネル = 04
2015/01/05 13:32:19	--After --LINE:673--  ＨＣＨＮゲームタイプ = 01
2015/01/05 13:32:19	--After --LINE:676--  ＨＣＨＮブロックコード = +00000
2015/01/05 13:32:19	--After --LINE:680--  ＨＣＨＮ売上金額 = 0000051851835
2015/01/05 13:32:19	--After --LINE:670--  ＨＣＨＮ販売チャネル = 04
2015/01/05 13:32:19	--After --LINE:673--  ＨＣＨＮゲームタイプ = 02
2015/01/05 13:32:19	--After --LINE:676--  ＨＣＨＮブロックコード = +00001
2015/01/05 13:32:19	--After --LINE:680--  ＨＣＨＮ売上金額 = 0000000150000
2015/01/05 13:32:19	--After --LINE:670--  ＨＣＨＮ販売チャネル = 04
2015/01/05 13:32:19	--After --LINE:673--  ＨＣＨＮゲームタイプ = 02
2015/01/05 13:32:19	--After --LINE:676--  ＨＣＨＮブロックコード = +00001
2015/01/05 13:32:19	--After --LINE:680--  ＨＣＨＮ売上金額 = 0000000030000
2015/01/05 13:32:19	--After --LINE:670--  ＨＣＨＮ販売チャネル = 01
2015/01/05 13:32:19	--After --LINE:673--  ＨＣＨＮゲームタイプ = 03
2015/01/05 13:32:19	--After --LINE:676--  ＨＣＨＮブロックコード = +00001
2015/01/05 13:32:19	--After --LINE:680--  ＨＣＨＮ売上金額 = 0000000010000
2015/01/05 13:42:00	--After --LINE:436--  ＨＣＨＮ販売チャネル = 01
2015/01/05 13:42:00	--After --LINE:455--  ＨＣＨＮ販売チャネル = 01
2015/01/05 13:42:00	--After --LINE:458--  ＨＣＨＮ売上金額 = 0000003456789
2015/01/05 13:42:00	--After --LINE:552--  ＨＣＨＮ販売チャネル = 01
2015/01/05 13:42:00	--After --LINE:555--  ＨＣＨＮゲームタイプ = 01
2015/01/05 13:42:00	--After --LINE:563--  ＨＣＨＮ売上金額 = 0000010375367
2015/01/05 13:42:00	--After --LINE:552--  ＨＣＨＮ販売チャネル = 01
2015/01/05 13:42:00	--After --LINE:555--  ＨＣＨＮゲームタイプ = 02
2015/01/05 13:42:00	--After --LINE:563--  ＨＣＨＮ売上金額 = 0000000020000
2015/01/05 13:42:00	--After --LINE:552--  ＨＣＨＮ販売チャネル = 01
2015/01/05 13:42:00	--After --LINE:555--  ＨＣＨＮゲームタイプ = 06
2015/01/05 13:42:00	--After --LINE:563--  ＨＣＨＮ売上金額 = 0000003456789
2015/01/05 13:42:00	--After --LINE:552--  ＨＣＨＮ販売チャネル = 02
2015/01/05 13:42:00	--After --LINE:555--  ＨＣＨＮゲームタイプ = 01
2015/01/05 13:42:00	--After --LINE:563--  ＨＣＨＮ売上金額 = 0000010375367
2015/01/05 13:42:00	--After --LINE:552--  ＨＣＨＮ販売チャネル = 02
2015/01/05 13:42:00	--After --LINE:555--  ＨＣＨＮゲームタイプ = 02
2015/01/05 13:42:00	--After --LINE:563--  ＨＣＨＮ売上金額 = 0000000020000
2015/01/05 13:42:00	--After --LINE:552--  ＨＣＨＮ販売チャネル = 03
2015/01/05 13:42:00	--After --LINE:555--  ＨＣＨＮゲームタイプ = 01
2015/01/05 13:42:00	--After --LINE:563--  ＨＣＨＮ売上金額 = 0000017283945
2015/01/05 13:42:00	--After --LINE:552--  ＨＣＨＮ販売チャネル = 03
2015/01/05 13:42:00	--After --LINE:555--  ＨＣＨＮゲームタイプ = 02
2015/01/05 13:42:00	--After --LINE:563--  ＨＣＨＮ売上金額 = 0000000090000
2015/01/05 13:42:00	--After --LINE:552--  ＨＣＨＮ販売チャネル = 04
2015/01/05 13:42:00	--After --LINE:555--  ＨＣＨＮゲームタイプ = 01
2015/01/05 13:42:00	--After --LINE:563--  ＨＣＨＮ売上金額 = 0000051851835
2015/01/05 13:42:00	--After --LINE:552--  ＨＣＨＮ販売チャネル = 04
2015/01/05 13:42:00	--After --LINE:555--  ＨＣＨＮゲームタイプ = 02
2015/01/05 13:42:00	--After --LINE:563--  ＨＣＨＮ売上金額 = 0000000150000
2015/01/05 13:42:00	--After --LINE:552--  ＨＣＨＮ販売チャネル = 04
2015/01/05 13:42:00	--After --LINE:555--  ＨＣＨＮゲームタイプ = 02
2015/01/05 13:42:00	--After --LINE:563--  ＨＣＨＮ売上金額 = 0000000030000
2015/01/05 13:42:00	--After --LINE:552--  ＨＣＨＮ販売チャネル = 01
2015/01/05 13:42:00	--After --LINE:555--  ＨＣＨＮゲームタイプ = 03
2015/01/05 13:42:00	--After --LINE:563--  ＨＣＨＮ売上金額 = 0000000010000
2015/01/05 13:42:00	--After --LINE:670--  ＨＣＨＮ販売チャネル = 01
2015/01/05 13:42:00	--After --LINE:673--  ＨＣＨＮゲームタイプ = 01
2015/01/05 13:42:00	--After --LINE:680--  ＨＣＨＮ売上金額 = 0000010375367
2015/01/05 13:42:00	--After --LINE:670--  ＨＣＨＮ販売チャネル = 01
2015/01/05 13:42:00	--After --LINE:673--  ＨＣＨＮゲームタイプ = 02
2015/01/05 13:42:00	--After --LINE:680--  ＨＣＨＮ売上金額 = 0000000020000
2015/01/05 13:42:00	--After --LINE:670--  ＨＣＨＮ販売チャネル = 02
2015/01/05 13:42:00	--After --LINE:673--  ＨＣＨＮゲームタイプ = 01
2015/01/05 13:42:00	--After --LINE:680--  ＨＣＨＮ売上金額 = 0000010375367
2015/01/05 13:42:00	--After --LINE:670--  ＨＣＨＮ販売チャネル = 02
2015/01/05 13:42:00	--After --LINE:673--  ＨＣＨＮゲームタイプ = 02
2015/01/05 13:42:00	--After --LINE:680--  ＨＣＨＮ売上金額 = 0000000020000
2015/01/05 13:42:00	--After --LINE:670--  ＨＣＨＮ販売チャネル = 03
2015/01/05 13:42:00	--After --LINE:673--  ＨＣＨＮゲームタイプ = 01
2015/01/05 13:42:00	--After --LINE:680--  ＨＣＨＮ売上金額 = 0000017283945
2015/01/05 13:42:00	--After --LINE:670--  ＨＣＨＮ販売チャネル = 03
2015/01/05 13:42:00	--After --LINE:673--  ＨＣＨＮゲームタイプ = 02
2015/01/05 13:42:00	--After --LINE:680--  ＨＣＨＮ売上金額 = 0000000090000
2015/01/05 13:42:00	--After --LINE:670--  ＨＣＨＮ販売チャネル = 04
2015/01/05 13:42:00	--After --LINE:673--  ＨＣＨＮゲームタイプ = 01
2015/01/05 13:42:00	--After --LINE:680--  ＨＣＨＮ売上金額 = 0000051851835
2015/01/05 13:42:00	--After --LINE:670--  ＨＣＨＮ販売チャネル = 04
2015/01/05 13:42:00	--After --LINE:673--  ＨＣＨＮゲームタイプ = 02
2015/01/05 13:42:00	--After --LINE:680--  ＨＣＨＮ売上金額 = 0000000150000
2015/01/05 13:42:00	--After --LINE:670--  ＨＣＨＮ販売チャネル = 04
2015/01/05 13:42:00	--After --LINE:673--  ＨＣＨＮゲームタイプ = 02
2015/01/05 13:42:00	--After --LINE:680--  ＨＣＨＮ売上金額 = 0000000030000
2015/01/05 13:42:00	--After --LINE:670--  ＨＣＨＮ販売チャネル = 01
2015/01/05 13:42:00	--After --LINE:673--  ＨＣＨＮゲームタイプ = 03
2015/01/05 13:42:00	--After --LINE:680--  ＨＣＨＮ売上金額 = 0000000010000
2015/01/05 13:48:20	--After --LINE:436--  ＨＣＨＮ販売チャネル = 01
2015/01/05 13:48:20	--After --LINE:455--  ＨＣＨＮ販売チャネル = 01
2015/01/05 13:48:20	--After --LINE:552--  ＨＣＨＮ販売チャネル = 01
2015/01/05 13:48:20	--After --LINE:555--  ＨＣＨＮゲームタイプ = 01
2015/01/05 13:48:20	--After --LINE:552--  ＨＣＨＮ販売チャネル = 01
2015/01/05 13:48:20	--After --LINE:555--  ＨＣＨＮゲームタイプ = 02
2015/01/05 13:48:20	--After --LINE:552--  ＨＣＨＮ販売チャネル = 01
2015/01/05 13:48:20	--After --LINE:555--  ＨＣＨＮゲームタイプ = 06
2015/01/05 13:48:20	--After --LINE:552--  ＨＣＨＮ販売チャネル = 02
2015/01/05 13:48:20	--After --LINE:555--  ＨＣＨＮゲームタイプ = 01
2015/01/05 13:48:20	--After --LINE:552--  ＨＣＨＮ販売チャネル = 02
2015/01/05 13:48:20	--After --LINE:555--  ＨＣＨＮゲームタイプ = 02
2015/01/05 13:48:20	--After --LINE:552--  ＨＣＨＮ販売チャネル = 03
2015/01/05 13:48:20	--After --LINE:555--  ＨＣＨＮゲームタイプ = 01
2015/01/05 13:48:20	--After --LINE:552--  ＨＣＨＮ販売チャネル = 03
2015/01/05 13:48:20	--After --LINE:555--  ＨＣＨＮゲームタイプ = 02
2015/01/05 13:48:20	--After --LINE:552--  ＨＣＨＮ販売チャネル = 04
2015/01/05 13:48:20	--After --LINE:555--  ＨＣＨＮゲームタイプ = 01
2015/01/05 13:48:20	--After --LINE:552--  ＨＣＨＮ販売チャネル = 04
2015/01/05 13:48:20	--After --LINE:555--  ＨＣＨＮゲームタイプ = 02
2015/01/05 13:48:20	--After --LINE:552--  ＨＣＨＮ販売チャネル = 04
2015/01/05 13:48:20	--After --LINE:555--  ＨＣＨＮゲームタイプ = 02
2015/01/05 13:48:20	--After --LINE:552--  ＨＣＨＮ販売チャネル = 01
2015/01/05 13:48:20	--After --LINE:555--  ＨＣＨＮゲームタイプ = 03
2015/01/05 13:48:20	--After --LINE:670--  ＨＣＨＮ販売チャネル = 01
2015/01/05 13:48:20	--After --LINE:673--  ＨＣＨＮゲームタイプ = 01
2015/01/05 13:48:20	--After --LINE:670--  ＨＣＨＮ販売チャネル = 01
2015/01/05 13:48:20	--After --LINE:673--  ＨＣＨＮゲームタイプ = 02
2015/01/05 13:48:20	--After --LINE:670--  ＨＣＨＮ販売チャネル = 02
2015/01/05 13:48:20	--After --LINE:673--  ＨＣＨＮゲームタイプ = 01
2015/01/05 13:48:20	--After --LINE:670--  ＨＣＨＮ販売チャネル = 02
2015/01/05 13:48:20	--After --LINE:673--  ＨＣＨＮゲームタイプ = 02
2015/01/05 13:48:20	--After --LINE:670--  ＨＣＨＮ販売チャネル = 03
2015/01/05 13:48:20	--After --LINE:673--  ＨＣＨＮゲームタイプ = 01
2015/01/05 13:48:20	--After --LINE:670--  ＨＣＨＮ販売チャネル = 03
2015/01/05 13:48:20	--After --LINE:673--  ＨＣＨＮゲームタイプ = 02
2015/01/05 13:48:20	--After --LINE:670--  ＨＣＨＮ販売チャネル = 04
2015/01/05 13:48:20	--After --LINE:673--  ＨＣＨＮゲームタイプ = 01
2015/01/05 13:48:20	--After --LINE:670--  ＨＣＨＮ販売チャネル = 04
2015/01/05 13:48:20	--After --LINE:673--  ＨＣＨＮゲームタイプ = 02
2015/01/05 13:48:20	--After --LINE:670--  ＨＣＨＮ販売チャネル = 04
2015/01/05 13:48:20	--After --LINE:673--  ＨＣＨＮゲームタイプ = 02
2015/01/05 13:48:20	--After --LINE:670--  ＨＣＨＮ販売チャネル = 01
2015/01/05 13:48:20	--After --LINE:673--  ＨＣＨＮゲームタイプ = 03
2015/01/05 13:49:41	セクション　処理開始　(addSectionLog)
2015/01/05 13:49:42	デバッグが開始しました。
2015/01/05 13:49:42	外部exe実行：cobAddDisplay.exe<C:\temp\cobolSRC\HBHUN551.cob C:\Work\Projects\aat\aat\bin\Debug\PreWork\src\HBHUN551.cob>
2015/01/05 13:49:42	外部exe実行：CBL.EXE</M /Ccon /Dy /NOWARNING /O1 /IC:\Work\Cobol_分析\COPY\ /FeC:\Work\Projects\aat\aat\bin\Debug\PreWork\lib\ HBHUN551.cob >
2015/01/05 13:49:42	Std Output:COBOL85 Pro Version 8.7 
(C) NEC Corporation 1998,2013
    ***** ERROR SUMMARY LIST *****
    00000  FATAL ERRORS
    00000  WARNINGS
    SUCCESSFULLY COMPILED
Microsoft (R) Windows (R) Resource Compiler Version 6.3.9600.17298
Copyright (C) Microsoft Corporation.  All rights reserved.
Microsoft (R) Incremental Linker Version 12.00.31101.0
Copyright (C) Microsoft Corporation.  All rights reserved.
/SUBSYSTEM:CONSOLE /ENTRY:mainCRTStartup "HBHUN551.obj" "C:\Work\Projects\aat\aat\bin\Debug\PreWork\lib\HBHUN551.res" "/OUT:C:\Work\Projects\aat\aat\bin\Debug\PreWork\lib\HBHUN551.exe" cblrt.lib cblrts.lib cblxml.lib msvcrt.lib kernel32.lib 
Microsoft (R) Manifest Tool version 6.3.9600.17298
Copyright (c) Microsoft Corporation 2012. 
All rights reserved.

2015/01/05 13:49:42	デバッグが終了しました。
2015/01/05 13:49:42	セクション　処理終了　(addSectionLog)
2015/01/05 13:49:48	エクスキュート　処理開始　(perform)
2015/01/05 13:49:48	エクスキュート　処理終了　(perform)
2015/01/05 13:49:48	[HBHUN551-01]の実行処理が開始した。
2015/01/05 13:49:49	外部exe実行：CBLCTFM.EXE</r C:\Work\Projects\aat\aat\bin\Debug\Work\HBHUN551-01\HBHUN551-01.cfm>
2015/01/05 13:49:49	Std Output:	正常終了(DONE)

2015/01/05 13:49:49	外部exe実行：CBLCTFM.EXE</a C:\Work\Projects\aat\aat\bin\Debug\Work\HBHUN551-01\HBHUN551-01.cfm>
2015/01/05 13:49:49	Std Output:	正常終了(DONE)

2015/01/05 13:49:49	外部exe実行：C:\Work\Projects\aat\aat\bin\Debug\Work\HBHUN551-01\HBHUN551.exe<>
2015/01/05 13:49:50	Std Output:--After --LINE:224--  CX00011
--After --LINE:232--  CX00012
--After --LINE:240--  CX00013
--After --LINE:248--  CX00014
--After --LINE:256--  CX00015
--After --LINE:264--  CX00016
--After --LINE:272--  CX00017
--After --LINE:281--  CX00018
--After --LINE:301--  CX00020
--After --LINE:314--  CX00023
--After --LINE:322--  CX00026
--Before --LINE:323--  CX00025
--After --LINE:325--  CX00025
--After --LINE:432--  CX00038
--Before --LINE:435--  CX00039
--After --LINE:437--  CX00039
--Before --LINE:438--  CX00041
--After --LINE:442--  CX00041
--After --LINE:453--  CX00043
--After --LINE:457--  CX00042
--After --LINE:472--  CX00044
--After --LINE:481--  CX00047
--Before --LINE:483--  CX00046
--After --LINE:485--  CX00046
--After --LINE:496--  CX00049
--After --LINE:505--  CX00050
--After --LINE:514--  CX00051
--After --LINE:530--  CX00053
--After --LINE:558--  CX00054
--Before --LINE:563--  CX00057
--After --LINE:565--  CX00057
--Before --LINE:570--  CX00058
--After --LINE:572--  CX00058
--After --LINE:579--  CX00040
--After --LINE:646--  CX00067
--Before --LINE:647--  CX00068
--After --LINE:649--  CX00068
--After --LINE:658--  CX00070
--Before --LINE:671--  CX00071
--After --LINE:673--  CX00071
--After --LINE:649--  CX00068
--After --LINE:658--  CX00070
--Before --LINE:671--  CX00071
--After --LINE:673--  CX00071
--After --LINE:649--  CX00068
--After --LINE:658--  CX00070
--Before --LINE:671--  CX00071
--After --LINE:673--  CX00071
--After --LINE:649--  CX00068
--After --LINE:658--  CX00070
--Before --LINE:671--  CX00071
--After --LINE:673--  CX00071
--After --LINE:649--  CX00068
--After --LINE:658--  CX00070
--Before --LINE:671--  CX00071
--After --LINE:673--  CX00071
--After --LINE:649--  CX00068
--After --LINE:658--  CX00070
--Before --LINE:671--  CX00071
--After --LINE:673--  CX00071
--After --LINE:649--  CX00068
--After --LINE:658--  CX00070
--Before --LINE:671--  CX00071
--After --LINE:673--  CX00071
--After --LINE:649--  CX00068
--After --LINE:658--  CX00070
--Before --LINE:671--  CX00071
--After --LINE:673--  CX00071
--After --LINE:649--  CX00068
--After --LINE:658--  CX00070
--Before --LINE:671--  CX00071
--After --LINE:673--  CX00071
--After --LINE:649--  CX00068
--After --LINE:658--  CX00070
--Before --LINE:671--  CX00071
--After --LINE:673--  CX00071
--After --LINE:649--  CX00068
--After --LINE:658--  CX00070
--Before --LINE:671--  CX00071
--After --LINE:673--  CX00071
--After --LINE:649--  CX00068
--After --LINE:658--  CX00070
--After --LINE:673--  CX00071
--After --LINE:677--  CX00069
CLOSEED
--After --LINE:690--  CX00072
--After --LINE:588--  CX00059
--Before --LINE:590--  CX00060
--After --LINE:592--  CX00060
--After --LINE:600--  CX00061
--Before --LINE:603--  CX00062
--After --LINE:607--  CX00062
--After --LINE:617--  CX00064
--Before --LINE:695--  CX00073
--After --LINE:698--  CX00073
--After --LINE:759--  CX00075
--After --LINE:698--  CX00073
--After --LINE:759--  CX00075
--After --LINE:698--  CX00073
--After --LINE:717--  CX00077
--After --LINE:743--  CX00078
--Before --LINE:748--  CX00081
--After --LINE:750--  CX00081
--Before --LINE:757--  CX00075
--After --LINE:759--  CX00075
--After --LINE:698--  CX00073
--After --LINE:759--  CX00075
--After --LINE:698--  CX00073
--After --LINE:759--  CX00075
--After --LINE:698--  CX00073
--After --LINE:759--  CX00075
--After --LINE:698--  CX00073
--After --LINE:759--  CX00075
--After --LINE:698--  CX00073
--After --LINE:759--  CX00075
--After --LINE:698--  CX00073
--After --LINE:759--  CX00075
--After --LINE:698--  CX00073
--After --LINE:759--  CX00075
--After --LINE:698--  CX00073
--After --LINE:759--  CX00075
--After --LINE:769--  CX00074
--Before --LINE:621--  CX00066
--After --LINE:623--  CX00066
--Before --LINE:624--  CX00065
--After --LINE:626--  CX00065
--After --LINE:607--  CX00062
--After --LINE:626--  CX00065
--After --LINE:631--  CX00063
--After --LINE:779--  CX00082
--Before --LINE:782--  CX00083
--After --LINE:785--  CX00083
--After --LINE:796--  CX00085
--After --LINE:813--  CX00087
--Before --LINE:818--  CX00088
--After --LINE:820--  CX00088
--Before --LINE:821--  CX00086
--After --LINE:823--  CX00086
--After --LINE:785--  CX00083
--After --LINE:796--  CX00085
--After --LINE:813--  CX00087
--Before --LINE:818--  CX00088
--After --LINE:820--  CX00088
--Before --LINE:821--  CX00086
--After --LINE:823--  CX00086
--After --LINE:785--  CX00083
--After --LINE:823--  CX00086
--After --LINE:785--  CX00083
--After --LINE:796--  CX00085
--After --LINE:813--  CX00087
--Before --LINE:818--  CX00088
--After --LINE:820--  CX00088
--Before --LINE:821--  CX00086
--After --LINE:823--  CX00086
--After --LINE:785--  CX00083
--After --LINE:796--  CX00085
--After --LINE:813--  CX00087
--Before --LINE:818--  CX00088
--After --LINE:820--  CX00088
--Before --LINE:821--  CX00086
--After --LINE:823--  CX00086
--After --LINE:785--  CX00083
--After --LINE:796--  CX00085
--After --LINE:813--  CX00087
--Before --LINE:818--  CX00088
--After --LINE:820--  CX00088
--Before --LINE:821--  CX00086
--After --LINE:823--  CX00086
--After --LINE:785--  CX00083
--After --LINE:796--  CX00085
--After --LINE:813--  CX00087
--Before --LINE:818--  CX00088
--After --LINE:820--  CX00088
--Before --LINE:821--  CX00086
--After --LINE:823--  CX00086
--After --LINE:785--  CX00083
--After --LINE:796--  CX00085
--After --LINE:813--  CX00087
--Before --LINE:818--  CX00088
--After --LINE:820--  CX00088
--Before --LINE:821--  CX00086
--After --LINE:823--  CX00086
--After --LINE:785--  CX00083
--After --LINE:796--  CX00085
--After --LINE:813--  CX00087
--Before --LINE:818--  CX00088
--After --LINE:820--  CX00088
--Before --LINE:821--  CX00086
--After --LINE:823--  CX00086
--After --LINE:785--  CX00083
--After --LINE:796--  CX00085
--After --LINE:813--  CX00087
--Before --LINE:818--  CX00088
--After --LINE:820--  CX00088
--Before --LINE:821--  CX00086
--After --LINE:823--  CX00086
--After --LINE:785--  CX00083
--After --LINE:796--  CX00085
--After --LINE:813--  CX00087
--Before --LINE:818--  CX00088
--After --LINE:820--  CX00088
--Before --LINE:821--  CX00086
--After --LINE:823--  CX00086
--After --LINE:833--  CX00084
--After --LINE:342--  CX00027
--After --LINE:350--  CX00028
--After --LINE:358--  CX00029
--After --LINE:366--  CX00030
--After --LINE:374--  CX00031
--After --LINE:382--  CX00032
--After --LINE:390--  CX00033
--After --LINE:403--  CX00034
--After --LINE:411--  CX00037
--Before --LINE:412--  CX00036
--After --LINE:414--  CX00036
--Before --LINE:209--  CX00001

2015/01/05 13:49:50	[HBHUN551-01]の実行処理が正常終了した。
2015/01/05 13:49:50	　　　☆☆☆実行処理が正常に終了しました。☆☆☆　　　
2015/01/05 13:50:41	選択されたケースの結果ファイルが見つかりません。結果出力を先に実行してください。
<HBHUN551-01>
2015/01/05 13:50:44	エクスポート　処理開始　(export)
2015/01/05 13:50:44	エクスポート　処理終了　(export)
2015/01/05 13:50:44	[HBHUN551-01]の結果出力処理が開始した。
2015/01/05 13:50:48	[HBHUN551-01]に不一致が発生しました。
2015/01/05 13:50:49	　　　☆☆☆結果出力処理が正常に終了しました。☆☆☆　　　
2015/01/05 13:51:19	--After --LINE:436--  ＨＣＨＮ販売チャネル = 01
2015/01/05 13:51:19	--After --LINE:455--  ＨＣＨＮ販売チャネル = 01
2015/01/05 13:51:19	--After --LINE:552--  ＨＣＨＮ販売チャネル = 01
2015/01/05 13:51:19	--After --LINE:555--  ＨＣＨＮゲームタイプ = 01
2015/01/05 13:51:19	--After --LINE:558--  ＨＣＨＮブロックコード = +00000
2015/01/05 13:51:19	--After --LINE:552--  ＨＣＨＮ販売チャネル = 01
2015/01/05 13:51:19	--After --LINE:555--  ＨＣＨＮゲームタイプ = 02
2015/01/05 13:51:19	--After --LINE:558--  ＨＣＨＮブロックコード = +00001
2015/01/05 13:51:19	--After --LINE:552--  ＨＣＨＮ販売チャネル = 01
2015/01/05 13:51:19	--After --LINE:555--  ＨＣＨＮゲームタイプ = 06
2015/01/05 13:51:19	--After --LINE:558--  ＨＣＨＮブロックコード = +00000
2015/01/05 13:51:19	--After --LINE:552--  ＨＣＨＮ販売チャネル = 02
2015/01/05 13:51:19	--After --LINE:555--  ＨＣＨＮゲームタイプ = 01
2015/01/05 13:51:19	--After --LINE:558--  ＨＣＨＮブロックコード = +00000
2015/01/05 13:51:19	--After --LINE:552--  ＨＣＨＮ販売チャネル = 02
2015/01/05 13:51:19	--After --LINE:555--  ＨＣＨＮゲームタイプ = 02
2015/01/05 13:51:19	--After --LINE:558--  ＨＣＨＮブロックコード = +00001
2015/01/05 13:51:19	--After --LINE:552--  ＨＣＨＮ販売チャネル = 03
2015/01/05 13:51:19	--After --LINE:555--  ＨＣＨＮゲームタイプ = 01
2015/01/05 13:51:19	--After --LINE:558--  ＨＣＨＮブロックコード = +00000
2015/01/05 13:51:19	--After --LINE:552--  ＨＣＨＮ販売チャネル = 03
2015/01/05 13:51:19	--After --LINE:555--  ＨＣＨＮゲームタイプ = 02
2015/01/05 13:51:19	--After --LINE:558--  ＨＣＨＮブロックコード = +00001
2015/01/05 13:51:19	--After --LINE:552--  ＨＣＨＮ販売チャネル = 04
2015/01/05 13:51:19	--After --LINE:555--  ＨＣＨＮゲームタイプ = 01
2015/01/05 13:51:19	--After --LINE:558--  ＨＣＨＮブロックコード = +00000
2015/01/05 13:51:19	--After --LINE:552--  ＨＣＨＮ販売チャネル = 04
2015/01/05 13:51:19	--After --LINE:555--  ＨＣＨＮゲームタイプ = 02
2015/01/05 13:51:19	--After --LINE:558--  ＨＣＨＮブロックコード = +00001
2015/01/05 13:51:19	--After --LINE:552--  ＨＣＨＮ販売チャネル = 04
2015/01/05 13:51:19	--After --LINE:555--  ＨＣＨＮゲームタイプ = 02
2015/01/05 13:51:19	--After --LINE:558--  ＨＣＨＮブロックコード = +00001
2015/01/05 13:51:19	--After --LINE:552--  ＨＣＨＮ販売チャネル = 01
2015/01/05 13:51:19	--After --LINE:555--  ＨＣＨＮゲームタイプ = 03
2015/01/05 13:51:19	--After --LINE:558--  ＨＣＨＮブロックコード = +00001
2015/01/05 13:51:19	--After --LINE:670--  ＨＣＨＮ販売チャネル = 01
2015/01/05 13:51:19	--After --LINE:673--  ＨＣＨＮゲームタイプ = 01
2015/01/05 13:51:19	--After --LINE:676--  ＨＣＨＮブロックコード = +00000
2015/01/05 13:51:19	--After --LINE:670--  ＨＣＨＮ販売チャネル = 01
2015/01/05 13:51:19	--After --LINE:673--  ＨＣＨＮゲームタイプ = 02
2015/01/05 13:51:19	--After --LINE:676--  ＨＣＨＮブロックコード = +00001
2015/01/05 13:51:19	--After --LINE:670--  ＨＣＨＮ販売チャネル = 02
2015/01/05 13:51:19	--After --LINE:673--  ＨＣＨＮゲームタイプ = 01
2015/01/05 13:51:19	--After --LINE:676--  ＨＣＨＮブロックコード = +00000
2015/01/05 13:51:19	--After --LINE:670--  ＨＣＨＮ販売チャネル = 02
2015/01/05 13:51:19	--After --LINE:673--  ＨＣＨＮゲームタイプ = 02
2015/01/05 13:51:19	--After --LINE:676--  ＨＣＨＮブロックコード = +00001
2015/01/05 13:51:19	--After --LINE:670--  ＨＣＨＮ販売チャネル = 03
2015/01/05 13:51:19	--After --LINE:673--  ＨＣＨＮゲームタイプ = 01
2015/01/05 13:51:19	--After --LINE:676--  ＨＣＨＮブロックコード = +00000
2015/01/05 13:51:19	--After --LINE:670--  ＨＣＨＮ販売チャネル = 03
2015/01/05 13:51:19	--After --LINE:673--  ＨＣＨＮゲームタイプ = 02
2015/01/05 13:51:19	--After --LINE:676--  ＨＣＨＮブロックコード = +00001
2015/01/05 13:51:19	--After --LINE:670--  ＨＣＨＮ販売チャネル = 04
2015/01/05 13:51:19	--After --LINE:673--  ＨＣＨＮゲームタイプ = 01
2015/01/05 13:51:19	--After --LINE:676--  ＨＣＨＮブロックコード = +00000
2015/01/05 13:51:19	--After --LINE:670--  ＨＣＨＮ販売チャネル = 04
2015/01/05 13:51:19	--After --LINE:673--  ＨＣＨＮゲームタイプ = 02
2015/01/05 13:51:19	--After --LINE:676--  ＨＣＨＮブロックコード = +00001
2015/01/05 13:51:19	--After --LINE:670--  ＨＣＨＮ販売チャネル = 04
2015/01/05 13:51:19	--After --LINE:673--  ＨＣＨＮゲームタイプ = 02
2015/01/05 13:51:19	--After --LINE:676--  ＨＣＨＮブロックコード = +00001
2015/01/05 13:51:19	--After --LINE:670--  ＨＣＨＮ販売チャネル = 01
2015/01/05 13:51:19	--After --LINE:673--  ＨＣＨＮゲームタイプ = 03
2015/01/05 13:51:19	--After --LINE:676--  ＨＣＨＮブロックコード = +00001
2015/01/05 13:54:10	--After --LINE:436--  ＨＣＨＮ販売チャネル = 01
2015/01/05 13:54:10	--After --LINE:455--  ＨＣＨＮ販売チャネル = 01
2015/01/05 13:54:10	--After --LINE:552--  ＨＣＨＮ販売チャネル = 01
2015/01/05 13:54:10	--After --LINE:552--  ＨＣＨＮ販売チャネル = 01
2015/01/05 13:54:10	--After --LINE:552--  ＨＣＨＮ販売チャネル = 01
2015/01/05 13:54:10	--After --LINE:552--  ＨＣＨＮ販売チャネル = 02
2015/01/05 13:54:10	--After --LINE:552--  ＨＣＨＮ販売チャネル = 02
2015/01/05 13:54:10	--After --LINE:552--  ＨＣＨＮ販売チャネル = 03
2015/01/05 13:54:10	--After --LINE:552--  ＨＣＨＮ販売チャネル = 03
2015/01/05 13:54:10	--After --LINE:552--  ＨＣＨＮ販売チャネル = 04
2015/01/05 13:54:10	--After --LINE:552--  ＨＣＨＮ販売チャネル = 04
2015/01/05 13:54:10	--After --LINE:552--  ＨＣＨＮ販売チャネル = 04
2015/01/05 13:54:10	--After --LINE:552--  ＨＣＨＮ販売チャネル = 01
2015/01/05 13:54:10	--After --LINE:670--  ＨＣＨＮ販売チャネル = 01
2015/01/05 13:54:10	--After --LINE:670--  ＨＣＨＮ販売チャネル = 01
2015/01/05 13:54:10	--After --LINE:670--  ＨＣＨＮ販売チャネル = 02
2015/01/05 13:54:10	--After --LINE:670--  ＨＣＨＮ販売チャネル = 02
2015/01/05 13:54:10	--After --LINE:670--  ＨＣＨＮ販売チャネル = 03
2015/01/05 13:54:10	--After --LINE:670--  ＨＣＨＮ販売チャネル = 03
2015/01/05 13:54:10	--After --LINE:670--  ＨＣＨＮ販売チャネル = 04
2015/01/05 13:54:10	--After --LINE:670--  ＨＣＨＮ販売チャネル = 04
2015/01/05 13:54:10	--After --LINE:670--  ＨＣＨＮ販売チャネル = 04
2015/01/05 13:54:10	--After --LINE:670--  ＨＣＨＮ販売チャネル = 01
2015/01/05 13:54:42	--After --LINE:434--  ＨＣＨＮ年度 = 2013
2015/01/05 13:54:42	--After --LINE:453--  ＨＣＨＮ年度 = 2013
2015/01/05 13:54:42	--After --LINE:549--  ＨＣＨＮ年度 = 2013
2015/01/05 13:54:42	--After --LINE:549--  ＨＣＨＮ年度 = 2013
2015/01/05 13:54:42	--After --LINE:549--  ＨＣＨＮ年度 = 2013
2015/01/05 13:54:42	--After --LINE:549--  ＨＣＨＮ年度 = 2013
2015/01/05 13:54:42	--After --LINE:549--  ＨＣＨＮ年度 = 2013
2015/01/05 13:54:42	--After --LINE:549--  ＨＣＨＮ年度 = 2013
2015/01/05 13:54:42	--After --LINE:549--  ＨＣＨＮ年度 = 2013
2015/01/05 13:54:42	--After --LINE:549--  ＨＣＨＮ年度 = 2013
2015/01/05 13:54:42	--After --LINE:549--  ＨＣＨＮ年度 = 2013
2015/01/05 13:54:42	--After --LINE:549--  ＨＣＨＮ年度 = 2014
2015/01/05 13:54:42	--After --LINE:549--  ＨＣＨＮ年度 = 2015
2015/01/05 13:54:42	--After --LINE:667--  ＨＣＨＮ年度 = 2013
2015/01/05 13:54:42	--After --LINE:667--  ＨＣＨＮ年度 = 2013
2015/01/05 13:54:42	--After --LINE:667--  ＨＣＨＮ年度 = 2013
2015/01/05 13:54:42	--After --LINE:667--  ＨＣＨＮ年度 = 2013
2015/01/05 13:54:42	--After --LINE:667--  ＨＣＨＮ年度 = 2013
2015/01/05 13:54:42	--After --LINE:667--  ＨＣＨＮ年度 = 2013
2015/01/05 13:54:42	--After --LINE:667--  ＨＣＨＮ年度 = 2013
2015/01/05 13:54:42	--After --LINE:667--  ＨＣＨＮ年度 = 2013
2015/01/05 13:54:42	--After --LINE:667--  ＨＣＨＮ年度 = 2014
2015/01/05 13:54:42	--After --LINE:667--  ＨＣＨＮ年度 = 2015
2015/01/05 14:07:00	--After --LINE:436--  ＨＣＨＮ販売チャネル = 01
2015/01/05 14:07:00	--After --LINE:455--  ＨＣＨＮ販売チャネル = 01
2015/01/05 14:07:00	--After --LINE:552--  ＨＣＨＮ販売チャネル = 01
2015/01/05 14:07:00	--After --LINE:552--  ＨＣＨＮ販売チャネル = 01
2015/01/05 14:07:00	--After --LINE:552--  ＨＣＨＮ販売チャネル = 01
2015/01/05 14:07:00	--After --LINE:552--  ＨＣＨＮ販売チャネル = 02
2015/01/05 14:07:00	--After --LINE:552--  ＨＣＨＮ販売チャネル = 02
2015/01/05 14:07:00	--After --LINE:552--  ＨＣＨＮ販売チャネル = 03
2015/01/05 14:07:00	--After --LINE:552--  ＨＣＨＮ販売チャネル = 03
2015/01/05 14:07:00	--After --LINE:552--  ＨＣＨＮ販売チャネル = 04
2015/01/05 14:07:00	--After --LINE:552--  ＨＣＨＮ販売チャネル = 04
2015/01/05 14:07:00	--After --LINE:552--  ＨＣＨＮ販売チャネル = 04
2015/01/05 14:07:00	--After --LINE:552--  ＨＣＨＮ販売チャネル = 01
2015/01/05 14:07:00	--After --LINE:670--  ＨＣＨＮ販売チャネル = 01
2015/01/05 14:07:00	--After --LINE:670--  ＨＣＨＮ販売チャネル = 01
2015/01/05 14:07:00	--After --LINE:670--  ＨＣＨＮ販売チャネル = 02
2015/01/05 14:07:00	--After --LINE:670--  ＨＣＨＮ販売チャネル = 02
2015/01/05 14:07:00	--After --LINE:670--  ＨＣＨＮ販売チャネル = 03
2015/01/05 14:07:00	--After --LINE:670--  ＨＣＨＮ販売チャネル = 03
2015/01/05 14:07:00	--After --LINE:670--  ＨＣＨＮ販売チャネル = 04
2015/01/05 14:07:00	--After --LINE:670--  ＨＣＨＮ販売チャネル = 04
2015/01/05 14:07:00	--After --LINE:670--  ＨＣＨＮ販売チャネル = 04
2015/01/05 14:07:00	--After --LINE:670--  ＨＣＨＮ販売チャネル = 01
2015/01/05 17:43:40	--After --LINE:436--  ＨＣＨＮ販売チャネル = 01
2015/01/05 17:43:40	--After --LINE:455--  ＨＣＨＮ販売チャネル = 01
2015/01/05 17:43:40	--After --LINE:552--  ＨＣＨＮ販売チャネル = 01
2015/01/05 17:43:40	--After --LINE:555--  ＨＣＨＮゲームタイプ = 01
2015/01/05 17:43:40	--After --LINE:552--  ＨＣＨＮ販売チャネル = 01
2015/01/05 17:43:40	--After --LINE:555--  ＨＣＨＮゲームタイプ = 02
2015/01/05 17:43:40	--After --LINE:552--  ＨＣＨＮ販売チャネル = 01
2015/01/05 17:43:40	--After --LINE:555--  ＨＣＨＮゲームタイプ = 06
2015/01/05 17:43:40	--After --LINE:552--  ＨＣＨＮ販売チャネル = 02
2015/01/05 17:43:40	--After --LINE:555--  ＨＣＨＮゲームタイプ = 01
2015/01/05 17:43:40	--After --LINE:552--  ＨＣＨＮ販売チャネル = 02
2015/01/05 17:43:40	--After --LINE:555--  ＨＣＨＮゲームタイプ = 02
2015/01/05 17:43:40	--After --LINE:552--  ＨＣＨＮ販売チャネル = 03
2015/01/05 17:43:40	--After --LINE:555--  ＨＣＨＮゲームタイプ = 01
2015/01/05 17:43:40	--After --LINE:552--  ＨＣＨＮ販売チャネル = 03
2015/01/05 17:43:40	--After --LINE:555--  ＨＣＨＮゲームタイプ = 02
2015/01/05 17:43:40	--After --LINE:552--  ＨＣＨＮ販売チャネル = 04
2015/01/05 17:43:40	--After --LINE:555--  ＨＣＨＮゲームタイプ = 01
2015/01/05 17:43:40	--After --LINE:552--  ＨＣＨＮ販売チャネル = 04
2015/01/05 17:43:40	--After --LINE:555--  ＨＣＨＮゲームタイプ = 02
2015/01/05 17:43:40	--After --LINE:552--  ＨＣＨＮ販売チャネル = 04
2015/01/05 17:43:40	--After --LINE:555--  ＨＣＨＮゲームタイプ = 02
2015/01/05 17:43:40	--After --LINE:552--  ＨＣＨＮ販売チャネル = 01
2015/01/05 17:43:40	--After --LINE:555--  ＨＣＨＮゲームタイプ = 03
2015/01/05 17:43:40	--After --LINE:670--  ＨＣＨＮ販売チャネル = 01
2015/01/05 17:43:40	--After --LINE:673--  ＨＣＨＮゲームタイプ = 01
2015/01/05 17:43:40	--After --LINE:670--  ＨＣＨＮ販売チャネル = 01
2015/01/05 17:43:40	--After --LINE:673--  ＨＣＨＮゲームタイプ = 02
2015/01/05 17:43:40	--After --LINE:670--  ＨＣＨＮ販売チャネル = 02
2015/01/05 17:43:40	--After --LINE:673--  ＨＣＨＮゲームタイプ = 01
2015/01/05 17:43:40	--After --LINE:670--  ＨＣＨＮ販売チャネル = 02
2015/01/05 17:43:40	--After --LINE:673--  ＨＣＨＮゲームタイプ = 02
2015/01/05 17:43:40	--After --LINE:670--  ＨＣＨＮ販売チャネル = 03
2015/01/05 17:43:40	--After --LINE:673--  ＨＣＨＮゲームタイプ = 01
2015/01/05 17:43:40	--After --LINE:670--  ＨＣＨＮ販売チャネル = 03
2015/01/05 17:43:40	--After --LINE:673--  ＨＣＨＮゲームタイプ = 02
2015/01/05 17:43:40	--After --LINE:670--  ＨＣＨＮ販売チャネル = 04
2015/01/05 17:43:40	--After --LINE:673--  ＨＣＨＮゲームタイプ = 01
2015/01/05 17:43:40	--After --LINE:670--  ＨＣＨＮ販売チャネル = 04
2015/01/05 17:43:40	--After --LINE:673--  ＨＣＨＮゲームタイプ = 02
2015/01/05 17:43:40	--After --LINE:670--  ＨＣＨＮ販売チャネル = 04
2015/01/05 17:43:40	--After --LINE:673--  ＨＣＨＮゲームタイプ = 02
2015/01/05 17:43:40	--After --LINE:670--  ＨＣＨＮ販売チャネル = 01
2015/01/05 17:43:40	--After --LINE:673--  ＨＣＨＮゲームタイプ = 03
2015/01/05 17:49:20	--After --LINE:436--  ＨＣＨＮ販売チャネル = 01
2015/01/05 17:49:20	--After --LINE:455--  ＨＣＨＮ販売チャネル = 01
2015/01/05 17:49:20	--After --LINE:552--  ＨＣＨＮ販売チャネル = 01
2015/01/05 17:49:20	--After --LINE:555--  ＨＣＨＮゲームタイプ = 01
2015/01/05 17:49:20	--After --LINE:558--  ＨＣＨＮブロックコード = +00000
2015/01/05 17:49:20	--After --LINE:552--  ＨＣＨＮ販売チャネル = 01
2015/01/05 17:49:20	--After --LINE:555--  ＨＣＨＮゲームタイプ = 02
2015/01/05 17:49:20	--After --LINE:558--  ＨＣＨＮブロックコード = +00001
2015/01/05 17:49:20	--After --LINE:552--  ＨＣＨＮ販売チャネル = 01
2015/01/05 17:49:20	--After --LINE:555--  ＨＣＨＮゲームタイプ = 06
2015/01/05 17:49:20	--After --LINE:558--  ＨＣＨＮブロックコード = +00000
2015/01/05 17:49:20	--After --LINE:552--  ＨＣＨＮ販売チャネル = 02
2015/01/05 17:49:20	--After --LINE:555--  ＨＣＨＮゲームタイプ = 01
2015/01/05 17:49:20	--After --LINE:558--  ＨＣＨＮブロックコード = +00000
2015/01/05 17:49:20	--After --LINE:552--  ＨＣＨＮ販売チャネル = 02
2015/01/05 17:49:20	--After --LINE:555--  ＨＣＨＮゲームタイプ = 02
2015/01/05 17:49:20	--After --LINE:558--  ＨＣＨＮブロックコード = +00001
2015/01/05 17:49:20	--After --LINE:552--  ＨＣＨＮ販売チャネル = 03
2015/01/05 17:49:20	--After --LINE:555--  ＨＣＨＮゲームタイプ = 01
2015/01/05 17:49:20	--After --LINE:558--  ＨＣＨＮブロックコード = +00000
2015/01/05 17:49:20	--After --LINE:552--  ＨＣＨＮ販売チャネル = 03
2015/01/05 17:49:20	--After --LINE:555--  ＨＣＨＮゲームタイプ = 02
2015/01/05 17:49:20	--After --LINE:558--  ＨＣＨＮブロックコード = +00001
2015/01/05 17:49:20	--After --LINE:552--  ＨＣＨＮ販売チャネル = 04
2015/01/05 17:49:20	--After --LINE:555--  ＨＣＨＮゲームタイプ = 01
2015/01/05 17:49:20	--After --LINE:558--  ＨＣＨＮブロックコード = +00000
2015/01/05 17:49:20	--After --LINE:552--  ＨＣＨＮ販売チャネル = 04
2015/01/05 17:49:20	--After --LINE:555--  ＨＣＨＮゲームタイプ = 02
2015/01/05 17:49:20	--After --LINE:558--  ＨＣＨＮブロックコード = +00001
2015/01/05 17:49:20	--After --LINE:552--  ＨＣＨＮ販売チャネル = 04
2015/01/05 17:49:20	--After --LINE:555--  ＨＣＨＮゲームタイプ = 02
2015/01/05 17:49:20	--After --LINE:558--  ＨＣＨＮブロックコード = +00001
2015/01/05 17:49:20	--After --LINE:552--  ＨＣＨＮ販売チャネル = 01
2015/01/05 17:49:20	--After --LINE:555--  ＨＣＨＮゲームタイプ = 03
2015/01/05 17:49:20	--After --LINE:558--  ＨＣＨＮブロックコード = +00001
2015/01/05 17:49:20	--After --LINE:670--  ＨＣＨＮ販売チャネル = 01
2015/01/05 17:49:20	--After --LINE:673--  ＨＣＨＮゲームタイプ = 01
2015/01/05 17:49:20	--After --LINE:676--  ＨＣＨＮブロックコード = +00000
2015/01/05 17:49:20	--After --LINE:670--  ＨＣＨＮ販売チャネル = 01
2015/01/05 17:49:20	--After --LINE:673--  ＨＣＨＮゲームタイプ = 02
2015/01/05 17:49:20	--After --LINE:676--  ＨＣＨＮブロックコード = +00001
2015/01/05 17:49:20	--After --LINE:670--  ＨＣＨＮ販売チャネル = 02
2015/01/05 17:49:20	--After --LINE:673--  ＨＣＨＮゲームタイプ = 01
2015/01/05 17:49:20	--After --LINE:676--  ＨＣＨＮブロックコード = +00000
2015/01/05 17:49:20	--After --LINE:670--  ＨＣＨＮ販売チャネル = 02
2015/01/05 17:49:20	--After --LINE:673--  ＨＣＨＮゲームタイプ = 02
2015/01/05 17:49:20	--After --LINE:676--  ＨＣＨＮブロックコード = +00001
2015/01/05 17:49:20	--After --LINE:670--  ＨＣＨＮ販売チャネル = 03
2015/01/05 17:49:20	--After --LINE:673--  ＨＣＨＮゲームタイプ = 01
2015/01/05 17:49:20	--After --LINE:676--  ＨＣＨＮブロックコード = +00000
2015/01/05 17:49:20	--After --LINE:670--  ＨＣＨＮ販売チャネル = 03
2015/01/05 17:49:20	--After --LINE:673--  ＨＣＨＮゲームタイプ = 02
2015/01/05 17:49:20	--After --LINE:676--  ＨＣＨＮブロックコード = +00001
2015/01/05 17:49:20	--After --LINE:670--  ＨＣＨＮ販売チャネル = 04
2015/01/05 17:49:20	--After --LINE:673--  ＨＣＨＮゲームタイプ = 01
2015/01/05 17:49:20	--After --LINE:676--  ＨＣＨＮブロックコード = +00000
2015/01/05 17:49:20	--After --LINE:670--  ＨＣＨＮ販売チャネル = 04
2015/01/05 17:49:21	--After --LINE:673--  ＨＣＨＮゲームタイプ = 02
2015/01/05 17:49:21	--After --LINE:676--  ＨＣＨＮブロックコード = +00001
2015/01/05 17:49:21	--After --LINE:670--  ＨＣＨＮ販売チャネル = 04
2015/01/05 17:49:21	--After --LINE:673--  ＨＣＨＮゲームタイプ = 02
2015/01/05 17:49:21	--After --LINE:676--  ＨＣＨＮブロックコード = +00001
2015/01/05 17:49:21	--After --LINE:670--  ＨＣＨＮ販売チャネル = 01
2015/01/05 17:49:21	--After --LINE:673--  ＨＣＨＮゲームタイプ = 03
2015/01/05 17:49:21	--After --LINE:676--  ＨＣＨＮブロックコード = +00001
