2014/11/26 11:45:51	実行　処理開始　(perform)
2014/11/26 11:45:51	実行　処理終了　(perform)
2014/11/26 11:45:51	[HBHUN330-01]の実行処理が開始した。
2014/11/26 11:45:52	外部exe実行：CBLCTFM.EXE</r C:\Work\Projects\aat\aat\bin\Debug\Work\HBHUN330-01\HBHUN330-01.cfm>
2014/11/26 11:45:52	Std Output:	正常終了(DONE)

2014/11/26 11:45:53	外部exe実行：CBLCTFM.EXE</a C:\Work\Projects\aat\aat\bin\Debug\Work\HBHUN330-01\HBHUN330-01.cfm>
2014/11/26 11:45:53	Std Output:	正常終了(DONE)

2014/11/26 11:45:53	外部exe実行：C:\Work\Projects\aat\aat\bin\Debug\Work\HBHUN330-01\HBHUN330.exe<>
2014/11/26 11:45:54	Std Output:CX00029
CX00031
CX00052
CX00054
CX00056
CX00062
CX00064
CX00230
CX00068
変数販売チャネル=01
ＧＹＳＡ販売チャネルコード=01
CX00069
ＵＲＳＳ売場コード=595329
CX00070
CX00230
CX00089
CX00091
CX00094
CX00095
CX00068
変数販売チャネル=01
ＧＹＳＡ販売チャネルコード=01
CX00069
ＵＲＳＳ売場コード=595330
CX00070
CX00230
CX00089
CX00091
CX00094
CX00095
CX00068
変数販売チャネル=01
ＧＹＳＡ販売チャネルコード=01
CX00069
ＵＲＳＳ売場コード=595331
CX00070
CX00230
CX00089
CX00091
CX00094
CX00095
CX00068
変数販売チャネル=01
ＧＹＳＡ販売チャネルコード=01
CX00069
ＵＲＳＳ売場コード=595332
CX00070
CX00089
CX00091
CX00094
CX00095
CX00068
変数販売チャネル=01
ＧＹＳＡ販売チャネルコード=01
CX00069
ＵＲＳＳ売場コード=595333
CX00070
CX00089
CX00091
CX00094
CX00095
CX00068
変数販売チャネル=01
ＧＹＳＡ販売チャネルコード=01
CX00069
ＵＲＳＳ売場コード=596329
CX00070
CX00230
CX00089
CX00091
CX00094
CX00095
CX00068
変数販売チャネル=01
ＧＹＳＡ販売チャネルコード=01
CX00069
ＵＲＳＳ売場コード=596330
CX00070
CX00230
CX00089
CX00091
CX00094
CX00095
CX00068
変数販売チャネル=01
ＧＹＳＡ販売チャネルコード=01
CX00069
ＵＲＳＳ売場コード=596331
CX00070
CX00230
CX00089
CX00091
CX00094
CX00095
CX00068
変数販売チャネル=01
ＧＹＳＡ販売チャネルコード=01
CX00069
ＵＲＳＳ売場コード=596332
CX00070
CX00089
CX00091
CX00094
CX00095
CX00068
変数販売チャネル=01
ＧＹＳＡ販売チャネルコード=01
CX00069
ＵＲＳＳ売場コード=596333
CX00070
CX00089
CX00091
CX00094
CX00095
CX00068
変数販売チャネル=01
ＧＹＳＡ販売チャネルコード=01
CX00069
ＵＲＳＳ売場コード=596339
CX00070
CX00089
CX00091
CX00094
CX00095
CX00068
変数販売チャネル=01
ＧＹＳＡ販売チャネルコード=01
CX00069
ＵＲＳＳ売場コード=596340
CX00070
CX00089
CX00091
CX00094
CX00095
CX00068
変数販売チャネル=01
ＧＹＳＡ販売チャネルコード=01
CX00069
ＵＲＳＳ売場コード=597329
CX00070
CX00089
CX00091
CX00094
CX00095
CX00068
変数販売チャネル=01
ＧＹＳＡ販売チャネルコード=01
CX00069
ＵＲＳＳ売場コード=597330
CX00070
CX00089
CX00091
CX00094
CX00095
CX00068
変数販売チャネル=01
ＧＹＳＡ販売チャネルコード=01
CX00069
ＵＲＳＳ売場コード=597331
CX00070
CX00089
CX00091
CX00094
CX00095
CX00068
変数販売チャネル=01
ＧＹＳＡ販売チャネルコード=01
CX00069
ＵＲＳＳ売場コード=597332
CX00070
CX00089
CX00091
CX00094
CX00095
CX00068
変数販売チャネル=01
ＧＹＳＡ販売チャネルコード=01
CX00069
ＵＲＳＳ売場コード=597333
CX00070
CX00089
CX00090
CX00091
CX00094
CX00095
CX00067
CX00098
CX00109
P000-RTN
CX00032
CX00033
P100-RTN
CX00114
CX00117
CX00134
CX00114
CX00117
CX00134
CX00114
CX00117
CX00134
CX00114
CX00117
CX00134
CX00114
CX00117
CX00134
CX00114
CX00117
CX00134
CX00114
CX00117
CX00134
CX00114
CX00117
CX00134
CX00114
CX00117
CX00134
CX00114
CX00117
CX00134
CX00140
CX00142
CX00144
ＵＳＷＦゲームタイプ=01
ＵＳＷＦブロックコード=+00000
IX1=+00001
ＵＳＷＦ支払回号 (IX1)=+00001
ＵＳＷＦゲームタイプ=01
ＵＳＷＦブロックコード=+00000
IX1=+00002
ＵＳＷＦ支払回号 (IX1)=+00002
ＵＳＷＦゲームタイプ=01
ＵＳＷＦブロックコード=+00000
IX1=+00003
ＵＳＷＦ支払回号 (IX1)=+00003
ＵＳＷＦゲームタイプ=01
ＵＳＷＦブロックコード=+00000
IX1=+00004
ＵＳＷＦ支払回号 (IX1)=+00004
ＵＳＷＦゲームタイプ=01
ＵＳＷＦブロックコード=+00000
IX1=+00005
ＵＳＷＦ支払回号 (IX1)=+00005
CX00145
CX00142
CX00144
ＵＳＷＦゲームタイプ=02
ＵＳＷＦブロックコード=+00000
IX1=+00001
ＵＳＷＦ支払回号 (IX1)=+00001
ＵＳＷＦゲームタイプ=02
ＵＳＷＦブロックコード=+00000
IX1=+00002
ＵＳＷＦ支払回号 (IX1)=+00002
ＵＳＷＦゲームタイプ=02
ＵＳＷＦブロックコード=+00000
IX1=+00003
ＵＳＷＦ支払回号 (IX1)=+00003
ＵＳＷＦゲームタイプ=02
ＵＳＷＦブロックコード=+00000
IX1=+00004
ＵＳＷＦ支払回号 (IX1)=+00004
ＵＳＷＦゲームタイプ=02
ＵＳＷＦブロックコード=+00000
IX1=+00005
ＵＳＷＦ支払回号 (IX1)=+00005
CX00145
CX00142
CX00144
CX00145
CX00156
CX00140
CX00142
CX00144
ＵＳＷＦゲームタイプ=01
ＵＳＷＦブロックコード=+00000
IX1=+00001
ＵＳＷＦ支払回号 (IX1)=+00001
ＵＳＷＦゲームタイプ=01
ＵＳＷＦブロックコード=+00000
IX1=+00002
ＵＳＷＦ支払回号 (IX1)=+00002
ＵＳＷＦゲームタイプ=01
ＵＳＷＦブロックコード=+00000
IX1=+00003
ＵＳＷＦ支払回号 (IX1)=+00003
ＵＳＷＦゲームタイプ=01
ＵＳＷＦブロックコード=+00000
IX1=+00004
ＵＳＷＦ支払回号 (IX1)=+00004
ＵＳＷＦゲームタイプ=01
ＵＳＷＦブロックコード=+00000
IX1=+00005
ＵＳＷＦ支払回号 (IX1)=+00005
CX00145
CX00142
CX00144
ＵＳＷＦゲームタイプ=02
ＵＳＷＦブロックコード=+00000
IX1=+00001
ＵＳＷＦ支払回号 (IX1)=+00001
ＵＳＷＦゲームタイプ=02
ＵＳＷＦブロックコード=+00000
IX1=+00002
ＵＳＷＦ支払回号 (IX1)=+00002
ＵＳＷＦゲームタイプ=02
ＵＳＷＦブロックコード=+00000
IX1=+00003
ＵＳＷＦ支払回号 (IX1)=+00003
ＵＳＷＦゲームタイプ=02
ＵＳＷＦブロックコード=+00000
IX1=+00004
ＵＳＷＦ支払回号 (IX1)=+00004
ＵＳＷＦゲームタイプ=02
ＵＳＷＦブロックコード=+00000
IX1=+00005
ＵＳＷＦ支払回号 (IX1)=+00005
CX00145
CX00156
CX00140
CX00142
CX00144
ＵＳＷＦゲームタイプ=01
ＵＳＷＦブロックコード=+00000
IX1=+00001
ＵＳＷＦ支払回号 (IX1)=+00001
ＵＳＷＦゲームタイプ=01
ＵＳＷＦブロックコード=+00000
IX1=+00002
ＵＳＷＦ支払回号 (IX1)=+00002
ＵＳＷＦゲームタイプ=01
ＵＳＷＦブロックコード=+00000
IX1=+00003
ＵＳＷＦ支払回号 (IX1)=+00003
ＵＳＷＦゲームタイプ=01
ＵＳＷＦブロックコード=+00000
IX1=+00004
ＵＳＷＦ支払回号 (IX1)=+00004
ＵＳＷＦゲームタイプ=01
ＵＳＷＦブロックコード=+00000
IX1=+00005
ＵＳＷＦ支払回号 (IX1)=+00005
CX00145
CX00142
CX00144
ＵＳＷＦゲームタイプ=02
ＵＳＷＦブロックコード=+00000
IX1=+00001
ＵＳＷＦ支払回号 (IX1)=+00001
ＵＳＷＦゲームタイプ=02
ＵＳＷＦブロックコード=+00000
IX1=+00002
ＵＳＷＦ支払回号 (IX1)=+00002
ＵＳＷＦゲームタイプ=02
ＵＳＷＦブロックコード=+00000
IX1=+00003
ＵＳＷＦ支払回号 (IX1)=+00003
ＵＳＷＦゲームタイプ=02
ＵＳＷＦブロックコード=+00000
IX1=+00004
ＵＳＷＦ支払回号 (IX1)=+00004
ＵＳＷＦゲームタイプ=02
ＵＳＷＦブロックコード=+00000
IX1=+00005
ＵＳＷＦ支払回号 (IX1)=+00005
CX00145
CX00156

2014/11/26 11:45:54	[HBHUN330-01]の実行処理が正常終了した。
2014/11/26 11:45:54	　　　☆☆☆実行処理が正常に終了しました。☆☆☆　　　
2014/11/26 11:46:09	結果出力　処理開始　(export)
2014/11/26 11:46:09	結果出力　処理終了　(export)
2014/11/26 11:46:09	[HBHUN330-01]の結果出力処理が開始した。
2014/11/26 11:46:24	[HBHUN330-01]に不一致が発生しました。
2014/11/26 11:46:24	　　　☆☆☆結果出力処理が正常に終了しました。☆☆☆　　　
2014/11/26 11:46:47	実行　処理開始　(perform)
2014/11/26 11:46:48	実行　処理終了　(perform)
2014/11/26 11:46:48	[HBHUN340-01]の実行処理が開始した。
2014/11/26 11:46:48	指定されたファイルが存在しません。[\\10.169.71.236\構成管理\事前準備\プロト比較\GXT\HBHUN340-01\NEW\VIWKGGSH]
2014/11/26 11:46:48	[HBHUN340-01]の実行処理にエラーが発生しました。ログファイルをご参照ください。
2014/11/26 11:46:49	指定されたファイルが存在しません。[\\10.169.71.236\構成管理\事前準備\プロト比較\GXT\HBHUN340-01\NEW\VIWKGYSH]
2014/11/26 11:46:49	[HBHUN340-01]の実行処理にエラーが発生しました。ログファイルをご参照ください。
2014/11/26 11:46:49	外部exe実行：CBLCTFM.EXE</r C:\Work\Projects\aat\aat\bin\Debug\Work\HBHUN340-01\HBHUN340-01.cfm>
2014/11/26 11:46:49	Std Output:	正常終了(DONE)

2014/11/26 11:46:49	外部exe実行：CBLCTFM.EXE</a C:\Work\Projects\aat\aat\bin\Debug\Work\HBHUN340-01\HBHUN340-01.cfm>
2014/11/26 11:46:50	Std Output:	正常終了(DONE)

2014/11/26 11:46:50	外部exe実行：C:\Work\Projects\aat\aat\bin\Debug\Work\HBHUN340-01\HBHUN340.exe<>
2014/11/26 11:46:50	[HBHUN340-01]の実行処理が正常終了した。
2014/11/26 11:46:50	　　　☆☆☆実行処理が正常に終了しました。☆☆☆　　　
2014/11/26 11:47:28	結果出力　処理開始　(export)
2014/11/26 11:47:28	結果出力　処理終了　(export)
2014/11/26 11:47:28	[HBHUN340-01]の結果出力処理が開始した。
2014/11/26 11:47:29	[HBHUN340-01]の比較対象ファイルが存在しません<C:\Work\Projects\aat\aat\bin\Debug\Work\HBHUN340-01\NEW\VIWKGGSH>
2014/11/26 11:47:29	[HBHUN340-01]の比較対象ファイルが存在しません<C:\Work\Projects\aat\aat\bin\Debug\Work\HBHUN340-01\NEW\VIWKGYSH>
2014/11/26 11:47:30	[HBHUN340-01]の比較にエラーが発生しました。
2014/11/26 11:47:30	\n比較対象ファイルが存在しません<C:\Work\Projects\aat\aat\bin\Debug\Work\HBHUN340-01\NEW\VIWKGYSH>
2014/11/26 11:47:30	　　　☆☆☆結果出力処理が正常に終了しました。☆☆☆　　　
2014/11/26 13:20:56	データ変換　処理開始　(convert)
2014/11/26 13:20:56	データ変換　処理終了　(convert)
2014/11/26 13:21:02	データ変換　処理開始　(convert)
2014/11/26 13:21:03	外部exe実行：ConvertData.exe<\\10.169.71.236\構成管理\事前準備\Work_データ加工\02_新規_DB定義\3.2_情報蓄積\UI1203_論理テーブル仕様(01_090_業者別精算表).xls \\10.169.71.236\構成管理\事前準備\原本JAVAデータ\DB_HBHUN340\入力データ\LOTO_RQGYOSSN.csv \\10.169.71.236\構成管理\事前準備\Work_データ加工\01_現行_Copy句\CFGYSS_業者別精算表.xlsx C:\Work\temp\Work_データ加工\Test\HBHUN340-01\TMP\GYOSSN>
2014/11/26 13:21:06	Std Output:データ変換中........
ファイル:【C:\Work\temp\Work_データ加工\Test\HBHUN340-01\TMP\GYOSSN】データ変換完了しました！！

2014/11/26 13:21:06	外部exe実行：CBLCTFM.EXE</r C:\Work\temp\Work_データ加工\Test\RQGYOSSN.cfm>
2014/11/26 13:21:06	Std Output:	正常終了(DONE)

2014/11/26 13:21:06	外部exe実行：CBLCTFM.EXE</a C:\Work\temp\Work_データ加工\Test\RQGYOSSN.cfm>
2014/11/26 13:21:06	Std Output:	正常終了(DONE)

2014/11/26 13:21:06	外部exe実行：\\10.169.71.236\構成管理\事前準備\Work_データ加工\03_IndexChange\IndexChange_RQGYOSSN.exe<>
2014/11/26 13:21:07	外部exe実行：CBLCTFM.EXE</r C:\Work\temp\Work_データ加工\Test\RQGYOSSN.cfm>
2014/11/26 13:21:07	Std Output:	正常終了(DONE)

2014/11/26 13:21:07	外部exe実行：ConvertData.exe<\\10.169.71.236\構成管理\事前準備\Work_データ加工\02_新規_DB定義\3.2_情報蓄積\UI1203_論理テーブル仕様(01_081_業者).xls \\10.169.71.236\構成管理\事前準備\原本JAVAデータ\DB_HBHUN340\入力データ\LOTO_VIGYOSYA.csv \\10.169.71.236\構成管理\事前準備\Work_データ加工\01_現行_Copy句\CFGYSA_業者ファイル.xlsx C:\Work\temp\Work_データ加工\Test\HBHUN340-01\TMP\GYOSYA>
2014/11/26 13:21:09	Std Output:データ変換中........
ファイル:【C:\Work\temp\Work_データ加工\Test\HBHUN340-01\TMP\GYOSYA】データ変換完了しました！！

2014/11/26 13:21:09	外部exe実行：CBLCTFM.EXE</r C:\Work\temp\Work_データ加工\Test\VIGYOSYA.cfm>
2014/11/26 13:21:09	Std Output:	正常終了(DONE)

2014/11/26 13:21:10	外部exe実行：CBLCTFM.EXE</a C:\Work\temp\Work_データ加工\Test\VIGYOSYA.cfm>
2014/11/26 13:21:10	Std Output:	正常終了(DONE)

2014/11/26 13:21:10	外部exe実行：\\10.169.71.236\構成管理\事前準備\Work_データ加工\03_IndexChange\IndexChange_VIGYOSYA.exe<>
2014/11/26 13:21:10	外部exe実行：CBLCTFM.EXE</r C:\Work\temp\Work_データ加工\Test\VIGYOSYA.cfm>
2014/11/26 13:21:10	Std Output:	正常終了(DONE)

2014/11/26 13:21:11	外部exe実行：ConvertData.exe<\\10.169.71.236\構成管理\事前準備\Work_データ加工\02_新規_DB定義\3.2_情報蓄積\UI1203_論理テーブル仕様(01_203_売場).xls \\10.169.71.236\構成管理\事前準備\原本JAVAデータ\DB_HBHUN340\入力データ\LOTO_VIURIBA.csv \\10.169.71.236\構成管理\事前準備\Work_データ加工\01_現行_Copy句\CFURBA_売場ファイル.xlsx C:\Work\temp\Work_データ加工\Test\HBHUN340-01\TMP\VIURIBA0>
2014/11/26 13:21:15	Std Output:データ変換中........
下記の項目：\\10.169.71.236\構成管理\事前準備\Work_データ加工\01_現行_Copy句\CFURBA_売場ファイル.xlsx中に存在あり、\\10.169.71.236\構成管理\事前準備\Work_データ加工\02_新規_DB定義\3.2_情報蓄積\UI1203_論理テーブル仕様(01_203_売場).xls中に存在なし。
データ変換する後、下記の項目内容は初期化をされる。ご注意してください！
************************************
発売ゲームタイプ1
発売ブロックコード1
発売ゲームタイプ2
発売ブロックコード2
発売ゲームタイプ3
発売ブロックコード3
発売ゲームタイプ4
発売ブロックコード4
発売ゲームタイプ5
発売ブロックコード5
発売ゲームタイプ6
発売ブロックコード6
発売ゲームタイプ7
発売ブロックコード7
発売ゲームタイプ8
発売ブロックコード8
発売ゲームタイプ9
発売ブロックコード9
発売ゲームタイプ10
発売ブロックコード10
発売ゲームタイプ11
発売ブロックコード11
発売ゲームタイプ12
発売ブロックコード12
発売ゲームタイプ13
発売ブロックコード13
発売ゲームタイプ14
発売ブロックコード14
発売ゲームタイプ15
発売ブロックコード15
発売ゲームタイプ16
発売ブロックコード16
発売ゲームタイプ17
発売ブロックコード17
発売ゲームタイプ18
発売ブロックコード18
発売ゲームタイプ19
発売ブロックコード19
発売ゲームタイプ20
発売ブロックコード20
発売ゲームタイプ21
発売ブロックコード21
発売ゲームタイプ22
発売ブロックコード22
発売ゲームタイプ23
発売ブロックコード23
発売ゲームタイプ24
発売ブロックコード24
発売ゲームタイプ25
発売ブロックコード25
発売ゲームタイプ26
発売ブロックコード26
発売ゲームタイプ27
発売ブロックコード27
発売ゲームタイプ28
発売ブロックコード28
発売ゲームタイプ29
発売ブロックコード29
発売ゲームタイプ30
発売ブロックコード30
発売ゲームタイプ31
発売ブロックコード31
発売ゲームタイプ32
発売ブロックコード32
発売ゲームタイプ33
発売ブロックコード33
発売ゲームタイプ34
発売ブロックコード34
発売ゲームタイプ35
発売ブロックコード35
発売ゲームタイプ36
発売ブロックコード36
発売ゲームタイプ37
発売ブロックコード37
発売ゲームタイプ38
発売ブロックコード38
発売ゲームタイプ39
発売ブロックコード39
発売ゲームタイプ40
発売ブロックコード40
発売ゲームタイプ41
発売ブロックコード41
発売ゲームタイプ42
発売ブロックコード42
発売ゲームタイプ43
発売ブロックコード43
発売ゲームタイプ44
発売ブロックコード44
発売ゲームタイプ45
発売ブロックコード45
発売ゲームタイプ46
発売ブロックコード46
発売ゲームタイプ47
発売ブロックコード47
発売ゲームタイプ48
発売ブロックコード48
発売ゲームタイプ49
発売ブロックコード49
発売ゲームタイプ50
発売ブロックコード50
発売ゲームタイプ51
発売ブロックコード51
発売ゲームタイプ52
発売ブロックコード52
発売ゲームタイプ53
発売ブロックコード53
発売ゲームタイプ54
発売ブロックコード54
発売ゲームタイプ55
発売ブロックコード55
発売ゲームタイプ56
発売ブロックコード56
発売ゲームタイプ57
発売ブロックコード57
発売ゲームタイプ58
発売ブロックコード58
発売ゲームタイプ59
発売ブロックコード59
発売ゲームタイプ60
発売ブロックコード60
発売ゲームタイプ61
発売ブロックコード61
発売ゲームタイプ62
発売ブロックコード62
発売ゲームタイプ63
発売ブロックコード63
発売ゲームタイプ64
発売ブロックコード64
************************************
ファイル:【C:\Work\temp\Work_データ加工\Test\HBHUN340-01\TMP\VIURIBA0】データ変換完了しました！！

2014/11/26 13:21:16	外部exe実行：CBLCTFM.EXE</r C:\Work\temp\Work_データ加工\Test\VIURIBA.cfm>
2014/11/26 13:21:16	Std Output:	正常終了(DONE)

2014/11/26 13:21:16	外部exe実行：CBLCTFM.EXE</a C:\Work\temp\Work_データ加工\Test\VIURIBA.cfm>
2014/11/26 13:21:16	Std Output:	正常終了(DONE)

2014/11/26 13:21:16	外部exe実行：\\10.169.71.236\構成管理\事前準備\Work_データ加工\03_IndexChange\IndexChange_VIURIBA.exe<>
2014/11/26 13:21:17	外部exe実行：CBLCTFM.EXE</r C:\Work\temp\Work_データ加工\Test\VIURIBA.cfm>
2014/11/26 13:21:17	Std Output:	正常終了(DONE)

2014/11/26 13:21:17	外部exe実行：ConvertData.exe<\\10.169.71.236\構成管理\事前準備\Work_データ加工\02_新規_DB定義\3.2_情報蓄積\UI1203_論理テーブル仕様(01_037_運用管理1).xls \\10.169.71.236\構成管理\事前準備\原本JAVAデータ\DB_HBHUN340\入力データ\LOTO_VRUNYKAN1.csv \\10.169.71.236\構成管理\事前準備\Work_データ加工\01_現行_Copy句\CFUNK1_運用管理ファイル.xlsx C:\Work\temp\Work_データ加工\Test\HBHUN340-01\INPUT\VRUNYKAN>
2014/11/26 13:21:19	Std Output:データ変換中........
ファイル:【C:\Work\temp\Work_データ加工\Test\HBHUN340-01\INPUT\VRUNYKAN】データ変換完了しました！！

2014/11/26 13:21:19	外部exe実行：ConvertData.exe<\\10.169.71.236\構成管理\事前準備\Work_データ加工\02_新規_DB定義\3.2_情報蓄積\UI1203_論理テーブル仕様(01_037_運用管理1).xls \\10.169.71.236\構成管理\事前準備\原本JAVAデータ\DB_HBHUN340\入力データ\aaa.csv \\10.169.71.236\構成管理\事前準備\Work_データ加工\01_現行_Copy句\CFUNK1_運用管理ファイル.xlsx C:\Work\temp\Work_データ加工\Test\HBHUN340-01\TMP\GYSSGM>
2014/11/26 13:21:21	Std Output:データ変換中........
ファイル:【C:\Work\temp\Work_データ加工\Test\HBHUN340-01\TMP\GYSSGM】データ変換完了しました！！

2014/11/26 13:21:21	外部exe実行：CBLCTFM.EXE</r C:\Work\temp\Work_データ加工\Test\RQGYSSGM.cfm>
2014/11/26 13:21:21	Std Output:	正常終了(DONE)

2014/11/26 13:21:21	外部exe実行：CBLCTFM.EXE</a C:\Work\temp\Work_データ加工\Test\RQGYSSGM.cfm>
2014/11/26 13:21:21	Std Output:	正常終了(DONE)

2014/11/26 13:21:21	外部exe実行：\\10.169.71.236\構成管理\事前準備\Work_データ加工\03_IndexChange\IndexChange_RQGYSSGM.exe<>
2014/11/26 13:21:22	外部exe実行：CBLCTFM.EXE</r C:\Work\temp\Work_データ加工\Test\RQGYSSGM.cfm>
2014/11/26 13:21:22	Std Output:	正常終了(DONE)

2014/11/26 13:21:22	外部exe実行：ConvertData.exe<\\10.169.71.236\構成管理\事前準備\Work_データ加工\02_新規_DB定義\3.2_情報蓄積\UI1203_論理テーブル仕様(01_220_売場別ゲーム別精算表更新用ワーク(発券端末用)).xls \\10.169.71.236\構成管理\事前準備\原本JAVAデータ\DB_HBHUN340\入力データ\IN01_LOTO_VIWKUGSH.csv \\10.169.71.236\構成管理\事前準備\Work_データ加工\01_現行_Copy句\CFUGSS_売場別ゲーム別精算表.xlsx C:\Work\temp\Work_データ加工\Test\HBHUN340-01\TMP\VIWKUGS0>
2014/11/26 13:21:24	Std Output:データ変換中........
ファイル:【C:\Work\temp\Work_データ加工\Test\HBHUN340-01\TMP\VIWKUGS0】データ変換完了しました！！

2014/11/26 13:21:25	外部exe実行：CBLCTFM.EXE</r C:\Work\temp\Work_データ加工\Test\VIWKUGS.cfm>
2014/11/26 13:21:25	Std Output:	正常終了(DONE)

2014/11/26 13:21:25	外部exe実行：CBLCTFM.EXE</a C:\Work\temp\Work_データ加工\Test\VIWKUGS.cfm>
2014/11/26 13:21:25	Std Output:	正常終了(DONE)

2014/11/26 13:21:25	外部exe実行：\\10.169.71.236\構成管理\事前準備\Work_データ加工\03_IndexChange\IndexChange_VIWKUGS.exe<>
2014/11/26 13:21:26	外部exe実行：CBLCTFM.EXE</r C:\Work\temp\Work_データ加工\Test\VIWKUGS.cfm>
2014/11/26 13:21:26	Std Output:	正常終了(DONE)

2014/11/26 13:21:26	外部exe実行：ConvertData.exe<\\10.169.71.236\構成管理\事前準備\Work_データ加工\02_新規_DB定義\3.2_情報蓄積\UI1203_論理テーブル仕様(01_227_売場別精算表更新用ワーク(発券端末用)).xls \\10.169.71.236\構成管理\事前準備\原本JAVAデータ\DB_HBHUN340\入力データ\IN01_LOTO_VIWKURSH.csv \\10.169.71.236\構成管理\事前準備\Work_データ加工\01_現行_Copy句\CFURSS_売場別精算表.xlsx C:\Work\temp\Work_データ加工\Test\HBHUN340-01\TMP\VIWKURS0>
2014/11/26 13:21:27	Std Output:データ変換中........
ファイル:【C:\Work\temp\Work_データ加工\Test\HBHUN340-01\TMP\VIWKURS0】データ変換完了しました！！

2014/11/26 13:21:28	外部exe実行：CBLCTFM.EXE</r C:\Work\temp\Work_データ加工\Test\VIWKURS.cfm>
2014/11/26 13:21:28	Std Output:	正常終了(DONE)

2014/11/26 13:21:28	外部exe実行：CBLCTFM.EXE</a C:\Work\temp\Work_データ加工\Test\VIWKURS.cfm>
2014/11/26 13:21:28	Std Output:	正常終了(DONE)

2014/11/26 13:21:28	外部exe実行：\\10.169.71.236\構成管理\事前準備\Work_データ加工\03_IndexChange\IndexChange_VIWKURS.exe<>
2014/11/26 13:21:29	外部exe実行：CBLCTFM.EXE</r C:\Work\temp\Work_データ加工\Test\VIWKURS.cfm>
2014/11/26 13:21:29	Std Output:	正常終了(DONE)

2014/11/26 13:21:29	外部exe実行：ConvertData.exe<\\10.169.71.236\構成管理\事前準備\Work_データ加工\02_新規_DB定義\3.2_情報蓄積\UI1203_論理テーブル仕様(01_087_業者別ゲーム別精算表更新用ワーク(発券端末用)).xls \\10.169.71.236\構成管理\事前準備\原本JAVAデータ\DB_HBHUN340\出力データ\out01_LOTO_VIWKGGSH.csv \\10.169.71.236\構成管理\事前準備\Work_データ加工\01_現行_Copy句\CFGGSS_業者別ゲーム別精算表.xlsx C:\Work\temp\Work_データ加工\Test\HBHUN340-01\OUTPUT\VIWKGGSH>
2014/11/26 13:21:30	Std Output:データ変換中........
ファイル:【C:\Work\temp\Work_データ加工\Test\HBHUN340-01\OUTPUT\VIWKGGSH】データ変換完了しました！！

2014/11/26 13:21:30	外部exe実行：ConvertData.exe<\\10.169.71.236\構成管理\事前準備\Work_データ加工\02_新規_DB定義\3.2_情報蓄積\UI1203_論理テーブル仕様(01_092_業者別精算表更新用ワーク(発券端末用)).xls \\10.169.71.236\構成管理\事前準備\原本JAVAデータ\DB_HBHUN340\出力データ\out01_LOTO_VIWKGYSH.csv \\10.169.71.236\構成管理\事前準備\Work_データ加工\01_現行_Copy句\CFGYSS_業者別精算表.xlsx C:\Work\temp\Work_データ加工\Test\HBHUN340-01\OUTPUT\VIWKGYSH>
2014/11/26 13:21:33	Std Output:データ変換中........
ファイル:【C:\Work\temp\Work_データ加工\Test\HBHUN340-01\OUTPUT\VIWKGYSH】データ変換完了しました！！

2014/11/26 13:21:33	データ変換　処理終了　(convert)
2014/11/26 13:41:53	データ変換　処理開始　(convert)
2014/11/26 13:41:54	外部exe実行：ConvertData.exe<\\10.169.71.236\構成管理\事前準備\Work_データ加工\02_新規_DB定義\3.2_情報蓄積\UI1203_論理テーブル仕様(01_090_業者別精算表).xls \\10.169.71.236\構成管理\事前準備\原本JAVAデータ\DB_HBHUN340\入力データ\LOTO_RQGYOSSN.csv \\10.169.71.236\構成管理\事前準備\Work_データ加工\01_現行_Copy句\CFGYSS_業者別精算表.xlsx C:\Work\temp\Work_データ加工\Test\HBHUN340-01\TMP\GYOSSN>
2014/11/26 13:41:56	Std Output:データ変換中........
ファイル:【C:\Work\temp\Work_データ加工\Test\HBHUN340-01\TMP\GYOSSN】データ変換完了しました！！

2014/11/26 13:41:57	外部exe実行：CBLCTFM.EXE</r C:\Work\temp\Work_データ加工\Test\RQGYOSSN.cfm>
2014/11/26 13:41:57	Std Output:	正常終了(DONE)

2014/11/26 13:41:57	外部exe実行：CBLCTFM.EXE</a C:\Work\temp\Work_データ加工\Test\RQGYOSSN.cfm>
2014/11/26 13:41:57	Std Output:	正常終了(DONE)

2014/11/26 13:41:57	外部exe実行：\\10.169.71.236\構成管理\事前準備\Work_データ加工\03_IndexChange\IndexChange_RQGYOSSN.exe<>
2014/11/26 13:41:57	外部exe実行：CBLCTFM.EXE</r C:\Work\temp\Work_データ加工\Test\RQGYOSSN.cfm>
2014/11/26 13:41:57	Std Output:	正常終了(DONE)

2014/11/26 13:41:58	外部exe実行：ConvertData.exe<\\10.169.71.236\構成管理\事前準備\Work_データ加工\02_新規_DB定義\3.2_情報蓄積\UI1203_論理テーブル仕様(01_081_業者).xls \\10.169.71.236\構成管理\事前準備\原本JAVAデータ\DB_HBHUN340\入力データ\LOTO_VIGYOSYA.csv \\10.169.71.236\構成管理\事前準備\Work_データ加工\01_現行_Copy句\CFGYSA_業者ファイル.xlsx C:\Work\temp\Work_データ加工\Test\HBHUN340-01\TMP\GYOSYA>
2014/11/26 13:41:59	Std Output:データ変換中........
ファイル:【C:\Work\temp\Work_データ加工\Test\HBHUN340-01\TMP\GYOSYA】データ変換完了しました！！

2014/11/26 13:42:00	外部exe実行：CBLCTFM.EXE</r C:\Work\temp\Work_データ加工\Test\VIGYOSYA.cfm>
2014/11/26 13:42:00	Std Output:	正常終了(DONE)

2014/11/26 13:42:00	外部exe実行：CBLCTFM.EXE</a C:\Work\temp\Work_データ加工\Test\VIGYOSYA.cfm>
2014/11/26 13:42:00	Std Output:	正常終了(DONE)

2014/11/26 13:42:00	外部exe実行：\\10.169.71.236\構成管理\事前準備\Work_データ加工\03_IndexChange\IndexChange_VIGYOSYA.exe<>
2014/11/26 13:42:01	外部exe実行：CBLCTFM.EXE</r C:\Work\temp\Work_データ加工\Test\VIGYOSYA.cfm>
2014/11/26 13:42:01	Std Output:	正常終了(DONE)

2014/11/26 13:42:01	外部exe実行：ConvertData.exe<\\10.169.71.236\構成管理\事前準備\Work_データ加工\02_新規_DB定義\3.2_情報蓄積\UI1203_論理テーブル仕様(01_203_売場).xls \\10.169.71.236\構成管理\事前準備\原本JAVAデータ\DB_HBHUN340\入力データ\LOTO_VIURIBA.csv \\10.169.71.236\構成管理\事前準備\Work_データ加工\01_現行_Copy句\CFURBA_売場ファイル.xlsx C:\Work\temp\Work_データ加工\Test\HBHUN340-01\TMP\VIURIBA0>
2014/11/26 13:42:06	Std Output:データ変換中........
下記の項目：\\10.169.71.236\構成管理\事前準備\Work_データ加工\01_現行_Copy句\CFURBA_売場ファイル.xlsx中に存在あり、\\10.169.71.236\構成管理\事前準備\Work_データ加工\02_新規_DB定義\3.2_情報蓄積\UI1203_論理テーブル仕様(01_203_売場).xls中に存在なし。
データ変換する後、下記の項目内容は初期化をされる。ご注意してください！
************************************
発売ゲームタイプ1
発売ブロックコード1
発売ゲームタイプ2
発売ブロックコード2
発売ゲームタイプ3
発売ブロックコード3
発売ゲームタイプ4
発売ブロックコード4
発売ゲームタイプ5
発売ブロックコード5
発売ゲームタイプ6
発売ブロックコード6
発売ゲームタイプ7
発売ブロックコード7
発売ゲームタイプ8
発売ブロックコード8
発売ゲームタイプ9
発売ブロックコード9
発売ゲームタイプ10
発売ブロックコード10
発売ゲームタイプ11
発売ブロックコード11
発売ゲームタイプ12
発売ブロックコード12
発売ゲームタイプ13
発売ブロックコード13
発売ゲームタイプ14
発売ブロックコード14
発売ゲームタイプ15
発売ブロックコード15
発売ゲームタイプ16
発売ブロックコード16
発売ゲームタイプ17
発売ブロックコード17
発売ゲームタイプ18
発売ブロックコード18
発売ゲームタイプ19
発売ブロックコード19
発売ゲームタイプ20
発売ブロックコード20
発売ゲームタイプ21
発売ブロックコード21
発売ゲームタイプ22
発売ブロックコード22
発売ゲームタイプ23
発売ブロックコード23
発売ゲームタイプ24
発売ブロックコード24
発売ゲームタイプ25
発売ブロックコード25
発売ゲームタイプ26
発売ブロックコード26
発売ゲームタイプ27
発売ブロックコード27
発売ゲームタイプ28
発売ブロックコード28
発売ゲームタイプ29
発売ブロックコード29
発売ゲームタイプ30
発売ブロックコード30
発売ゲームタイプ31
発売ブロックコード31
発売ゲームタイプ32
発売ブロックコード32
発売ゲームタイプ33
発売ブロックコード33
発売ゲームタイプ34
発売ブロックコード34
発売ゲームタイプ35
発売ブロックコード35
発売ゲームタイプ36
発売ブロックコード36
発売ゲームタイプ37
発売ブロックコード37
発売ゲームタイプ38
発売ブロックコード38
発売ゲームタイプ39
発売ブロックコード39
発売ゲームタイプ40
発売ブロックコード40
発売ゲームタイプ41
発売ブロックコード41
発売ゲームタイプ42
発売ブロックコード42
発売ゲームタイプ43
発売ブロックコード43
発売ゲームタイプ44
発売ブロックコード44
発売ゲームタイプ45
発売ブロックコード45
発売ゲームタイプ46
発売ブロックコード46
発売ゲームタイプ47
発売ブロックコード47
発売ゲームタイプ48
発売ブロックコード48
発売ゲームタイプ49
発売ブロックコード49
発売ゲームタイプ50
発売ブロックコード50
発売ゲームタイプ51
発売ブロックコード51
発売ゲームタイプ52
発売ブロックコード52
発売ゲームタイプ53
発売ブロックコード53
発売ゲームタイプ54
発売ブロックコード54
発売ゲームタイプ55
発売ブロックコード55
発売ゲームタイプ56
発売ブロックコード56
発売ゲームタイプ57
発売ブロックコード57
発売ゲームタイプ58
発売ブロックコード58
発売ゲームタイプ59
発売ブロックコード59
発売ゲームタイプ60
発売ブロックコード60
発売ゲームタイプ61
発売ブロックコード61
発売ゲームタイプ62
発売ブロックコード62
発売ゲームタイプ63
発売ブロックコード63
発売ゲームタイプ64
発売ブロックコード64
************************************
ファイル:【C:\Work\temp\Work_データ加工\Test\HBHUN340-01\TMP\VIURIBA0】データ変換完了しました！！

2014/11/26 13:42:06	外部exe実行：CBLCTFM.EXE</r C:\Work\temp\Work_データ加工\Test\VIURIBA.cfm>
2014/11/26 13:42:06	Std Output:	正常終了(DONE)

2014/11/26 13:42:06	外部exe実行：CBLCTFM.EXE</a C:\Work\temp\Work_データ加工\Test\VIURIBA.cfm>
2014/11/26 13:42:06	Std Output:	正常終了(DONE)

2014/11/26 13:42:06	外部exe実行：\\10.169.71.236\構成管理\事前準備\Work_データ加工\03_IndexChange\IndexChange_VIURIBA.exe<>
2014/11/26 13:42:07	外部exe実行：CBLCTFM.EXE</r C:\Work\temp\Work_データ加工\Test\VIURIBA.cfm>
2014/11/26 13:42:07	Std Output:	正常終了(DONE)

2014/11/26 13:42:07	外部exe実行：ConvertData.exe<\\10.169.71.236\構成管理\事前準備\Work_データ加工\02_新規_DB定義\3.2_情報蓄積\UI1203_論理テーブル仕様(01_037_運用管理1).xls \\10.169.71.236\構成管理\事前準備\原本JAVAデータ\DB_HBHUN340\入力データ\LOTO_VRUNYKAN1.csv \\10.169.71.236\構成管理\事前準備\Work_データ加工\01_現行_Copy句\CFUNK1_運用管理ファイル.xlsx C:\Work\temp\Work_データ加工\Test\HBHUN340-01\INPUT\VRUNYKAN>
2014/11/26 13:42:09	Std Output:データ変換中........
ファイル:【C:\Work\temp\Work_データ加工\Test\HBHUN340-01\INPUT\VRUNYKAN】データ変換完了しました！！

2014/11/26 13:42:09	外部exe実行：ConvertData.exe<\\10.169.71.236\構成管理\事前準備\Work_データ加工\02_新規_DB定義\3.2_情報蓄積\UI1203_論理テーブル仕様(01_037_運用管理1).xls \\10.169.71.236\構成管理\事前準備\原本JAVAデータ\DB_HBHUN340\入力データ\aaa.csv \\10.169.71.236\構成管理\事前準備\Work_データ加工\01_現行_Copy句\CFUNK1_運用管理ファイル.xlsx C:\Work\temp\Work_データ加工\Test\HBHUN340-01\TMP\GYSSGM>
2014/11/26 13:42:11	Std Output:データ変換中........
ファイル:【C:\Work\temp\Work_データ加工\Test\HBHUN340-01\TMP\GYSSGM】データ変換完了しました！！

2014/11/26 13:42:12	外部exe実行：CBLCTFM.EXE</r C:\Work\temp\Work_データ加工\Test\RQGYSSGM.cfm>
2014/11/26 13:42:12	Std Output:	正常終了(DONE)

2014/11/26 13:42:12	外部exe実行：CBLCTFM.EXE</a C:\Work\temp\Work_データ加工\Test\RQGYSSGM.cfm>
2014/11/26 13:42:12	Std Output:	正常終了(DONE)

2014/11/26 13:42:12	外部exe実行：\\10.169.71.236\構成管理\事前準備\Work_データ加工\03_IndexChange\IndexChange_RQGYSSGM.exe<>
2014/11/26 13:42:13	外部exe実行：CBLCTFM.EXE</r C:\Work\temp\Work_データ加工\Test\RQGYSSGM.cfm>
2014/11/26 13:42:13	Std Output:	正常終了(DONE)

2014/11/26 13:42:13	外部exe実行：ConvertData.exe<\\10.169.71.236\構成管理\事前準備\Work_データ加工\02_新規_DB定義\3.2_情報蓄積\UI1203_論理テーブル仕様(01_220_売場別ゲーム別精算表更新用ワーク(発券端末用)).xls \\10.169.71.236\構成管理\事前準備\原本JAVAデータ\DB_HBHUN340\入力データ\IN01_LOTO_VIWKUGSH.csv \\10.169.71.236\構成管理\事前準備\Work_データ加工\01_現行_Copy句\CFUGSS_売場別ゲーム別精算表.xlsx C:\Work\temp\Work_データ加工\Test\HBHUN340-01\TMP\VIWKUGS0>
2014/11/26 13:42:15	Std Output:データ変換中........
ファイル:【C:\Work\temp\Work_データ加工\Test\HBHUN340-01\TMP\VIWKUGS0】データ変換完了しました！！

2014/11/26 13:42:15	外部exe実行：CBLCTFM.EXE</r C:\Work\temp\Work_データ加工\Test\VIWKUGS.cfm>
2014/11/26 13:42:15	Std Output:	正常終了(DONE)

2014/11/26 13:42:15	外部exe実行：CBLCTFM.EXE</a C:\Work\temp\Work_データ加工\Test\VIWKUGS.cfm>
2014/11/26 13:42:15	Std Output:	正常終了(DONE)

2014/11/26 13:42:15	外部exe実行：\\10.169.71.236\構成管理\事前準備\Work_データ加工\03_IndexChange\IndexChange_VIWKUGS.exe<>
2014/11/26 13:42:16	外部exe実行：CBLCTFM.EXE</r C:\Work\temp\Work_データ加工\Test\VIWKUGS.cfm>
2014/11/26 13:42:16	Std Output:	正常終了(DONE)

2014/11/26 13:42:16	外部exe実行：ConvertData.exe<\\10.169.71.236\構成管理\事前準備\Work_データ加工\02_新規_DB定義\3.2_情報蓄積\UI1203_論理テーブル仕様(01_227_売場別精算表更新用ワーク(発券端末用)).xls \\10.169.71.236\構成管理\事前準備\原本JAVAデータ\DB_HBHUN340\入力データ\IN01_LOTO_VIWKURSH.csv \\10.169.71.236\構成管理\事前準備\Work_データ加工\01_現行_Copy句\CFURSS_売場別精算表.xlsx C:\Work\temp\Work_データ加工\Test\HBHUN340-01\TMP\VIWKURS0>
2014/11/26 13:42:18	Std Output:データ変換中........
ファイル:【C:\Work\temp\Work_データ加工\Test\HBHUN340-01\TMP\VIWKURS0】データ変換完了しました！！

2014/11/26 13:42:18	外部exe実行：CBLCTFM.EXE</r C:\Work\temp\Work_データ加工\Test\VIWKURS.cfm>
2014/11/26 13:42:18	Std Output:	正常終了(DONE)

2014/11/26 13:42:19	外部exe実行：CBLCTFM.EXE</a C:\Work\temp\Work_データ加工\Test\VIWKURS.cfm>
2014/11/26 13:42:19	Std Output:	正常終了(DONE)

2014/11/26 13:42:19	外部exe実行：\\10.169.71.236\構成管理\事前準備\Work_データ加工\03_IndexChange\IndexChange_VIWKURS.exe<>
2014/11/26 13:42:19	外部exe実行：CBLCTFM.EXE</r C:\Work\temp\Work_データ加工\Test\VIWKURS.cfm>
2014/11/26 13:42:19	Std Output:	正常終了(DONE)

2014/11/26 13:42:19	外部exe実行：ConvertData.exe<\\10.169.71.236\構成管理\事前準備\Work_データ加工\02_新規_DB定義\3.2_情報蓄積\UI1203_論理テーブル仕様(01_087_業者別ゲーム別精算表更新用ワーク(発券端末用)).xls \\10.169.71.236\構成管理\事前準備\原本JAVAデータ\DB_HBHUN340\出力データ\out01_LOTO_VIWKGGSH.csv \\10.169.71.236\構成管理\事前準備\Work_データ加工\01_現行_Copy句\CFGGSS_業者別ゲーム別精算表.xlsx C:\Work\temp\Work_データ加工\Test\HBHUN340-01\OUTPUT\VIWKGGSH>
2014/11/26 13:42:22	Std Output:データ変換中........
ファイル:【C:\Work\temp\Work_データ加工\Test\HBHUN340-01\OUTPUT\VIWKGGSH】データ変換完了しました！！

2014/11/26 13:42:22	外部exe実行：ConvertData.exe<\\10.169.71.236\構成管理\事前準備\Work_データ加工\02_新規_DB定義\3.2_情報蓄積\UI1203_論理テーブル仕様(01_092_業者別精算表更新用ワーク(発券端末用)).xls \\10.169.71.236\構成管理\事前準備\原本JAVAデータ\DB_HBHUN340\出力データ\out01_LOTO_VIWKGYSH.csv \\10.169.71.236\構成管理\事前準備\Work_データ加工\01_現行_Copy句\CFGYSS_業者別精算表.xlsx C:\Work\temp\Work_データ加工\Test\HBHUN340-01\OUTPUT\VIWKGYSH>
2014/11/26 13:42:24	Std Output:データ変換中........
ファイル:【C:\Work\temp\Work_データ加工\Test\HBHUN340-01\OUTPUT\VIWKGYSH】データ変換完了しました！！

2014/11/26 13:42:24	データ変換　処理終了　(convert)
2014/11/26 13:49:47	データ変換　処理開始　(convert)
2014/11/26 13:49:48	外部exe実行：ConvertData.exe<\\10.169.71.236\構成管理\事前準備\Work_データ加工\02_新規_DB定義\3.2_情報蓄積\UI1203_論理テーブル仕様(01_007_ゲーム).xls \\10.169.71.236\構成管理\事前準備\原本JAVAデータ\DB_HBHSS020\入力データ\LOTO_VIGAME.csv \\10.169.71.236\構成管理\事前準備\Work_データ加工\01_現行_Copy句\CFGAME_ゲームファイル.xlsx C:\Work\temp\Work_データ加工\Test\HBHSS020-01\変換前\VIGAME0>
2014/11/26 13:49:50	Std Output:データ変換中........
ファイル:【C:\Work\temp\Work_データ加工\Test\HBHSS020-01\変換前\VIGAME0】データ変換完了しました！！

2014/11/26 13:49:50	外部exe実行：CBLCTFM.EXE</r C:\Work\temp\Work_データ加工\Test\VIGAME.cfm>
2014/11/26 13:49:50	Std Output:	正常終了(DONE)

2014/11/26 13:49:50	外部exe実行：CBLCTFM.EXE</a C:\Work\temp\Work_データ加工\Test\VIGAME.cfm>
2014/11/26 13:49:50	Std Output:	正常終了(DONE)

2014/11/26 13:49:50	外部exe実行：\\10.169.71.236\構成管理\事前準備\Work_データ加工\03_IndexChange\IndexChange_VIGAME.exe<>
2014/11/26 13:49:51	外部exe実行：CBLCTFM.EXE</r C:\Work\temp\Work_データ加工\Test\VIGAME.cfm>
2014/11/26 13:49:51	Std Output:	正常終了(DONE)

2014/11/26 13:49:52	外部exe実行：ConvertData.exe<\\10.169.71.236\構成管理\事前準備\Work_データ加工\02_新規_DB定義\3.2_情報蓄積\UI1203_論理テーブル仕様(01_007_ゲーム).xls \\10.169.71.236\構成管理\事前準備\原本JAVAデータ\DB_HBHSS020\入力データ\LOTO_VIGAME.csv \\10.169.71.236\構成管理\事前準備\Work_データ加工\01_現行_Copy句\CFGAME_ゲームファイル.xlsx C:\Work\temp\Work_データ加工\Test\HBHSS020-01\変換前\VIGAME0>
2014/11/26 13:49:54	Std Output:データ変換中........
ファイル:【C:\Work\temp\Work_データ加工\Test\HBHSS020-01\変換前\VIGAME0】データ変換完了しました！！

2014/11/26 13:49:54	外部exe実行：CBLCTFM.EXE</r C:\Work\temp\Work_データ加工\Test\VIGAME.cfm>
2014/11/26 13:49:54	Std Output:	正常終了(DONE)

2014/11/26 13:49:54	外部exe実行：CBLCTFM.EXE</a C:\Work\temp\Work_データ加工\Test\VIGAME.cfm>
2014/11/26 13:49:54	Std Output:	正常終了(DONE)

2014/11/26 13:49:54	外部exe実行：\\10.169.71.236\構成管理\事前準備\Work_データ加工\03_IndexChange\IndexChange_VIGAME.exe<>
2014/11/26 13:49:55	外部exe実行：CBLCTFM.EXE</r C:\Work\temp\Work_データ加工\Test\VIGAME.cfm>
2014/11/26 13:49:55	Std Output:	正常終了(DONE)

2014/11/26 13:49:56	データ変換　処理終了　(convert)
2014/11/26 13:53:50	データ変換　処理開始　(convert)
2014/11/26 13:55:04	外部exe実行：ConvertData.exe<\\10.169.71.236\構成管理\事前準備\Work_データ加工\02_新規_DB定義\3.2_情報蓄積\UI1203_論理テーブル仕様(01_007_ゲーム).xls \\10.169.71.236\構成管理\事前準備\原本JAVAデータ\DB_HBHSS020\入力データ\LOTO_VIGAME.csv \\10.169.71.236\構成管理\事前準備\Work_データ加工\01_現行_Copy句\CFGAME_ゲームファイル.xlsx C:\Work\temp\Work_データ加工\Test\HBHSS020-01\変換前\VIGAME0>
2014/11/26 13:55:06	Std Output:データ変換中........
ファイル:【C:\Work\temp\Work_データ加工\Test\HBHSS020-01\変換前\VIGAME0】データ変換完了しました！！

2014/11/26 13:55:13	外部exe実行：CBLCTFM.EXE</r C:\Work\temp\Work_データ加工\Test\VIGAME.cfm>
2014/11/26 13:55:13	Std Output:	正常終了(DONE)

2014/11/26 13:55:15	外部exe実行：CBLCTFM.EXE</a C:\Work\temp\Work_データ加工\Test\VIGAME.cfm>
2014/11/26 13:55:15	Std Output:	正常終了(DONE)

2014/11/26 13:55:18	外部exe実行：\\10.169.71.236\構成管理\事前準備\Work_データ加工\03_IndexChange\IndexChange_VIGAME.exe<>
2014/11/26 13:55:24	外部exe実行：CBLCTFM.EXE</r C:\Work\temp\Work_データ加工\Test\VIGAME.cfm>
2014/11/26 13:55:24	Std Output:	正常終了(DONE)

2014/11/26 13:56:47	外部exe実行：ConvertData.exe<\\10.169.71.236\構成管理\事前準備\Work_データ加工\02_新規_DB定義\3.2_情報蓄積\UI1203_論理テーブル仕様(01_007_ゲーム).xls \\10.169.71.236\構成管理\事前準備\原本JAVAデータ\DB_HBHSS020\入力データ\LOTO_VIGAME.csv \\10.169.71.236\構成管理\事前準備\Work_データ加工\01_現行_Copy句\CFGAME_ゲームファイル.xlsx C:\Work\temp\Work_データ加工\Test\HBHSS020-01\変換前\VIGAME0>
2014/11/26 13:56:49	Std Output:データ変換中........
ファイル:【C:\Work\temp\Work_データ加工\Test\HBHSS020-01\変換前\VIGAME0】データ変換完了しました！！

2014/11/26 13:56:50	外部exe実行：CBLCTFM.EXE</r C:\Work\temp\Work_データ加工\Test\VIGAME.cfm>
2014/11/26 13:56:50	Std Output:	正常終了(DONE)

2014/11/26 13:56:50	外部exe実行：CBLCTFM.EXE</a C:\Work\temp\Work_データ加工\Test\VIGAME.cfm>
2014/11/26 13:56:50	Std Output:	正常終了(DONE)

2014/11/26 13:56:50	外部exe実行：\\10.169.71.236\構成管理\事前準備\Work_データ加工\03_IndexChange\IndexChange_VIGAME.exe<>
2014/11/26 13:56:51	外部exe実行：CBLCTFM.EXE</r C:\Work\temp\Work_データ加工\Test\VIGAME.cfm>
2014/11/26 13:56:51	Std Output:	正常終了(DONE)

2014/11/26 13:56:51	データ変換　処理終了　(convert)
2014/11/26 14:31:11	データ変換　処理開始　(convert)
2014/11/26 14:31:15	外部exe実行：ConvertData.exe<\\10.169.71.236\構成管理\事前準備\Work_データ加工\02_新規_DB定義\3.2_情報蓄積\UI1203_論理テーブル仕様(01_007_ゲーム).xls \\10.169.71.236\構成管理\事前準備\原本JAVAデータ\DB_HBHSS020\入力データ\LOTO_VIGAME.csv \\10.169.71.236\構成管理\事前準備\Work_データ加工\01_現行_Copy句\CFGAME_ゲームファイル.xlsx C:\Work\temp\Work_データ加工\Test\HBHSS020-01\変換前\VIGAME0>
2014/11/26 14:31:18	Std Output:データ変換中........
ファイル:【C:\Work\temp\Work_データ加工\Test\HBHSS020-01\変換前\VIGAME0】データ変換完了しました！！

2014/11/26 14:31:18	外部exe実行：CBLCTFM.EXE</r C:\Work\temp\Work_データ加工\Test\VIGAME.cfm>
2014/11/26 14:31:18	Std Output:	正常終了(DONE)

2014/11/26 14:31:18	外部exe実行：CBLCTFM.EXE</a C:\Work\temp\Work_データ加工\Test\VIGAME.cfm>
2014/11/26 14:31:18	Std Output:	正常終了(DONE)

2014/11/26 14:31:18	外部exe実行：\\10.169.71.236\構成管理\事前準備\Work_データ加工\03_IndexChange\IndexChange_VIGAME.exe<>
2014/11/26 14:31:19	外部exe実行：CBLCTFM.EXE</r C:\Work\temp\Work_データ加工\Test\VIGAME.cfm>
2014/11/26 14:31:19	Std Output:	正常終了(DONE)

2014/11/26 14:31:20	外部exe実行：ConvertData.exe<\\10.169.71.236\構成管理\事前準備\Work_データ加工\02_新規_DB定義\3.2_情報蓄積\UI1203_論理テーブル仕様(01_007_ゲーム).xls \\10.169.71.236\構成管理\事前準備\原本JAVAデータ\DB_HBHSS020\入力データ\LOTO_VIGAME.csv \\10.169.71.236\構成管理\事前準備\Work_データ加工\01_現行_Copy句\CFGAME_ゲームファイル.xlsx C:\Work\temp\Work_データ加工\Test\HBHSS020-01\変換前\VIGAME0>
2014/11/26 14:31:22	Std Output:データ変換中........
ファイル:【C:\Work\temp\Work_データ加工\Test\HBHSS020-01\変換前\VIGAME0】データ変換完了しました！！

2014/11/26 14:31:23	外部exe実行：CBLCTFM.EXE</r C:\Work\temp\Work_データ加工\Test\VIGAME.cfm>
2014/11/26 14:31:23	Std Output:	正常終了(DONE)

2014/11/26 14:31:23	外部exe実行：CBLCTFM.EXE</a C:\Work\temp\Work_データ加工\Test\VIGAME.cfm>
2014/11/26 14:31:23	Std Output:	正常終了(DONE)

2014/11/26 14:31:23	外部exe実行：\\10.169.71.236\構成管理\事前準備\Work_データ加工\03_IndexChange\IndexChange_VIGAME.exe<>
2014/11/26 14:31:23	外部exe実行：CBLCTFM.EXE</r C:\Work\temp\Work_データ加工\Test\VIGAME.cfm>
2014/11/26 14:31:23	Std Output:	正常終了(DONE)

2014/11/26 14:31:24	データ変換　処理終了　(convert)
2014/11/26 14:32:39	データ変換　処理開始　(convert)
2014/11/26 14:32:39	外部exe実行：ConvertData.exe<\\10.169.71.236\構成管理\事前準備\Work_データ加工\02_新規_DB定義\3.2_情報蓄積\UI1203_論理テーブル仕様(01_007_ゲーム).xls \\10.169.71.236\構成管理\事前準備\原本JAVAデータ\DB_HBHSS020\入力データ\LOTO_VIGAME.csv \\10.169.71.236\構成管理\事前準備\Work_データ加工\01_現行_Copy句\CFGAME_ゲームファイル.xlsx C:\Work\temp\Work_データ加工\Test\HBHSS020-01\変換前\VIGAME0>
2014/11/26 14:32:42	Std Output:データ変換中........
ファイル:【C:\Work\temp\Work_データ加工\Test\HBHSS020-01\変換前\VIGAME0】データ変換完了しました！！

2014/11/26 14:32:42	外部exe実行：CBLCTFM.EXE</r C:\Work\temp\Work_データ加工\Test\VIGAME.cfm>
2014/11/26 14:32:42	Std Output:	正常終了(DONE)

2014/11/26 14:32:42	外部exe実行：CBLCTFM.EXE</a C:\Work\temp\Work_データ加工\Test\VIGAME.cfm>
2014/11/26 14:32:42	Std Output:	正常終了(DONE)

2014/11/26 14:32:42	外部exe実行：\\10.169.71.236\構成管理\事前準備\Work_データ加工\03_IndexChange\IndexChange_VIGAME.exe<>
2014/11/26 14:32:43	外部exe実行：CBLCTFM.EXE</r C:\Work\temp\Work_データ加工\Test\VIGAME.cfm>
2014/11/26 14:32:43	Std Output:	正常終了(DONE)

2014/11/26 14:32:44	外部exe実行：ConvertData.exe<\\10.169.71.236\構成管理\事前準備\Work_データ加工\02_新規_DB定義\3.2_情報蓄積\UI1203_論理テーブル仕様(01_007_ゲーム).xls \\10.169.71.236\構成管理\事前準備\原本JAVAデータ\DB_HBHSS020\入力データ\LOTO_VIGAME.csv \\10.169.71.236\構成管理\事前準備\Work_データ加工\01_現行_Copy句\CFGAME_ゲームファイル.xlsx C:\Work\temp\Work_データ加工\Test\HBHSS020-01\変換前\VIGAME0>
2014/11/26 14:32:46	Std Output:データ変換中........
ファイル:【C:\Work\temp\Work_データ加工\Test\HBHSS020-01\変換前\VIGAME0】データ変換完了しました！！

2014/11/26 14:32:46	外部exe実行：CBLCTFM.EXE</r C:\Work\temp\Work_データ加工\Test\VIGAME.cfm>
2014/11/26 14:32:46	Std Output:	正常終了(DONE)

2014/11/26 14:32:46	外部exe実行：CBLCTFM.EXE</a C:\Work\temp\Work_データ加工\Test\VIGAME.cfm>
2014/11/26 14:32:46	Std Output:	正常終了(DONE)

2014/11/26 14:32:46	外部exe実行：\\10.169.71.236\構成管理\事前準備\Work_データ加工\03_IndexChange\IndexChange_VIGAME.exe<>
2014/11/26 14:32:47	外部exe実行：CBLCTFM.EXE</r C:\Work\temp\Work_データ加工\Test\VIGAME.cfm>
2014/11/26 14:32:47	Std Output:	正常終了(DONE)

2014/11/26 14:32:47	データ変換　処理終了　(convert)
2014/11/26 14:34:29	データ変換　処理開始　(convert)
2014/11/26 14:34:30	外部exe実行：ConvertData.exe<\\10.169.71.236\構成管理\事前準備\Work_データ加工\02_新規_DB定義\3.2_情報蓄積\UI1203_論理テーブル仕様(01_007_ゲーム).xls \\10.169.71.236\構成管理\事前準備\原本JAVAデータ\DB_HBHSS020\入力データ\LOTO_VIGAME.csv \\10.169.71.236\構成管理\事前準備\Work_データ加工\01_現行_Copy句\CFGAME_ゲームファイル.xlsx C:\Work\temp\Work_データ加工\Test\HBHSS020-01\変換前\VIGAME0>
2014/11/26 14:34:32	Std Output:データ変換中........
ファイル:【C:\Work\temp\Work_データ加工\Test\HBHSS020-01\変換前\VIGAME0】データ変換完了しました！！

2014/11/26 14:34:32	外部exe実行：CBLCTFM.EXE</r C:\Work\temp\Work_データ加工\Test\VIGAME.cfm>
2014/11/26 14:34:32	Std Output:	正常終了(DONE)

2014/11/26 14:34:32	外部exe実行：CBLCTFM.EXE</a C:\Work\temp\Work_データ加工\Test\VIGAME.cfm>
2014/11/26 14:34:32	Std Output:	正常終了(DONE)

2014/11/26 14:34:32	外部exe実行：\\10.169.71.236\構成管理\事前準備\Work_データ加工\03_IndexChange\IndexChange_VIGAME.exe<>
2014/11/26 14:34:33	外部exe実行：CBLCTFM.EXE</r C:\Work\temp\Work_データ加工\Test\VIGAME.cfm>
2014/11/26 14:34:33	Std Output:	正常終了(DONE)

2014/11/26 14:34:34	外部exe実行：ConvertData.exe<\\10.169.71.236\構成管理\事前準備\Work_データ加工\02_新規_DB定義\3.2_情報蓄積\UI1203_論理テーブル仕様(01_007_ゲーム).xls \\10.169.71.236\構成管理\事前準備\原本JAVAデータ\DB_HBHSS020\入力データ\LOTO_VIGAME.csv \\10.169.71.236\構成管理\事前準備\Work_データ加工\01_現行_Copy句\CFGAME_ゲームファイル.xlsx C:\Work\temp\Work_データ加工\Test\HBHSS020-01\変換前\VIGAME0>
2014/11/26 14:34:36	Std Output:データ変換中........
ファイル:【C:\Work\temp\Work_データ加工\Test\HBHSS020-01\変換前\VIGAME0】データ変換完了しました！！

2014/11/26 14:34:36	外部exe実行：CBLCTFM.EXE</r C:\Work\temp\Work_データ加工\Test\VIGAME.cfm>
2014/11/26 14:34:36	Std Output:	正常終了(DONE)

2014/11/26 14:34:36	外部exe実行：CBLCTFM.EXE</a C:\Work\temp\Work_データ加工\Test\VIGAME.cfm>
2014/11/26 14:34:36	Std Output:	正常終了(DONE)

2014/11/26 14:34:36	外部exe実行：\\10.169.71.236\構成管理\事前準備\Work_データ加工\03_IndexChange\IndexChange_VIGAME.exe<>
2014/11/26 14:34:37	外部exe実行：CBLCTFM.EXE</r C:\Work\temp\Work_データ加工\Test\VIGAME.cfm>
2014/11/26 14:34:37	Std Output:	正常終了(DONE)

2014/11/26 14:34:37	データ変換　処理終了　(convert)
2014/11/26 15:07:10	実行　処理開始　(perform)
2014/11/26 15:07:10	実行　処理終了　(perform)
2014/11/26 15:07:10	[HBHUN340-01]の実行処理が開始した。
2014/11/26 15:07:11	外部exe実行：CBLCTFM.EXE</r C:\Work\Projects\aat\aat\bin\Debug\Work\HBHUN340-01\HBHUN340-01.cfm>
2014/11/26 15:07:11	Std Output:	正常終了(DONE)

2014/11/26 15:07:11	外部exe実行：CBLCTFM.EXE</a C:\Work\Projects\aat\aat\bin\Debug\Work\HBHUN340-01\HBHUN340-01.cfm>
2014/11/26 15:07:11	Std Output:	正常終了(DONE)

2014/11/26 15:07:11	外部exe実行：C:\Work\Projects\aat\aat\bin\Debug\Work\HBHUN340-01\HBHUN340.exe<>
2014/11/26 15:07:11	[HBHUN340-01]の実行処理が正常終了した。
2014/11/26 15:07:11	　　　☆☆☆実行処理が正常に終了しました。☆☆☆　　　
2014/11/26 15:07:14	結果出力　処理開始　(export)
2014/11/26 15:07:14	結果出力　処理終了　(export)
2014/11/26 15:07:14	[HBHUN340-01]の結果出力処理が開始した。
2014/11/26 15:07:18	[HBHUN340-01]に不一致が発生しました。
2014/11/26 15:07:19	　　　☆☆☆結果出力処理が正常に終了しました。☆☆☆　　　
2014/11/26 15:07:56	実行　処理開始　(perform)
2014/11/26 15:07:56	実行　処理終了　(perform)
2014/11/26 15:07:56	[HBHUN340-01]の実行処理が開始した。
2014/11/26 15:07:56	外部exe実行：CBLCTFM.EXE</r C:\Work\Projects\aat\aat\bin\Debug\Work\HBHUN340-01\HBHUN340-01.cfm>
2014/11/26 15:07:56	Std Output:	正常終了(DONE)

2014/11/26 15:07:57	外部exe実行：CBLCTFM.EXE</a C:\Work\Projects\aat\aat\bin\Debug\Work\HBHUN340-01\HBHUN340-01.cfm>
2014/11/26 15:07:57	Std Output:	正常終了(DONE)

2014/11/26 15:07:57	外部exe実行：C:\Work\Projects\aat\aat\bin\Debug\Work\HBHUN340-01\HBHUN340.exe<>
2014/11/26 15:07:57	[HBHUN340-01]の実行処理が正常終了した。
2014/11/26 15:07:57	　　　☆☆☆実行処理が正常に終了しました。☆☆☆　　　
2014/11/26 15:07:58	結果出力　処理開始　(export)
2014/11/26 15:07:58	結果出力　処理終了　(export)
2014/11/26 15:07:59	[HBHUN340-01]の結果出力処理が開始した。
2014/11/26 15:08:02	[HBHUN340-01]に不一致が発生しました。
2014/11/26 15:08:03	　　　☆☆☆結果出力処理が正常に終了しました。☆☆☆　　　
