2014/12/05 09:12:37	実行　処理開始　(perform)
2014/12/05 09:12:37	実行　処理終了　(perform)
2014/12/05 09:12:37	[HBHUN440-01]の実行処理が開始した。
2014/12/05 09:12:37	外部exe実行：CBLCTFM.EXE</r C:\Work\Projects\aat\aat\bin\Debug\Work\HBHUN440-01\HBHUN440-01.cfm>
2014/12/05 09:12:37	Std Output:	正常終了(DONE)

2014/12/05 09:12:37	外部exe実行：CBLCTFM.EXE</a C:\Work\Projects\aat\aat\bin\Debug\Work\HBHUN440-01\HBHUN440-01.cfm>
2014/12/05 09:12:38	Std Output:	正常終了(DONE)

2014/12/05 09:12:38	外部exe実行：C:\Work\Projects\aat\aat\bin\Debug\Work\HBHUN440-01\HBHUN440.exe<>
2014/12/05 09:18:14	'C:\Work\Projects\aat\aat\bin\Debug\Work\HBHUN440-01\HBHUN440.exe' finished with exit code = -1073741515: 
2014/12/05 09:18:14	[HBHUN440-01]の実行処理にエラーが発生しました。ログファイルをご参照ください。
2014/12/05 09:18:14	　　　☆☆☆実行処理が正常に終了しました。☆☆☆　　　
2014/12/05 09:19:45	実行　処理開始　(perform)
2014/12/05 09:19:45	実行　処理終了　(perform)
2014/12/05 09:19:45	[HBHUN440-01]の実行処理が開始した。
2014/12/05 09:19:45	外部exe実行：CBLCTFM.EXE</r C:\Work\Projects\aat\aat\bin\Debug\Work\HBHUN440-01\HBHUN440-01.cfm>
2014/12/05 09:19:45	Std Output:	正常終了(DONE)

2014/12/05 09:19:45	外部exe実行：CBLCTFM.EXE</a C:\Work\Projects\aat\aat\bin\Debug\Work\HBHUN440-01\HBHUN440-01.cfm>
2014/12/05 09:19:46	Std Output:	正常終了(DONE)

2014/12/05 09:19:46	外部exe実行：C:\Work\Projects\aat\aat\bin\Debug\Work\HBHUN440-01\HBHUN440.exe<>
2014/12/05 09:20:06	'C:\Work\Projects\aat\aat\bin\Debug\Work\HBHUN440-01\HBHUN440.exe' finished with exit code = -1073741515: 
2014/12/05 09:20:07	[HBHUN440-01]の実行処理にエラーが発生しました。ログファイルをご参照ください。
2014/12/05 09:20:07	　　　☆☆☆実行処理が正常に終了しました。☆☆☆　　　
2014/12/05 09:20:10	実行　処理開始　(perform)
2014/12/05 09:20:10	実行　処理終了　(perform)
2014/12/05 09:20:10	[HBHUN440-01]の実行処理が開始した。
2014/12/05 09:20:10	外部exe実行：CBLCTFM.EXE</r C:\Work\Projects\aat\aat\bin\Debug\Work\HBHUN440-01\HBHUN440-01.cfm>
2014/12/05 09:20:10	Std Output:	正常終了(DONE)

2014/12/05 09:20:10	外部exe実行：CBLCTFM.EXE</a C:\Work\Projects\aat\aat\bin\Debug\Work\HBHUN440-01\HBHUN440-01.cfm>
2014/12/05 09:20:11	Std Output:	正常終了(DONE)

2014/12/05 09:20:11	外部exe実行：C:\Work\Projects\aat\aat\bin\Debug\Work\HBHUN440-01\HBHUN440.exe<>
2014/12/05 09:20:27	'C:\Work\Projects\aat\aat\bin\Debug\Work\HBHUN440-01\HBHUN440.exe' finished with exit code = -1073741515: 
2014/12/05 09:20:27	[HBHUN440-01]の実行処理にエラーが発生しました。ログファイルをご参照ください。
2014/12/05 09:20:27	　　　☆☆☆実行処理が正常に終了しました。☆☆☆　　　
2014/12/05 09:20:28	実行　処理開始　(perform)
2014/12/05 09:20:28	実行　処理終了　(perform)
2014/12/05 09:20:29	[HBHUN440-01]の実行処理が開始した。
2014/12/05 09:20:29	外部exe実行：CBLCTFM.EXE</r C:\Work\Projects\aat\aat\bin\Debug\Work\HBHUN440-01\HBHUN440-01.cfm>
2014/12/05 09:20:29	Std Output:	正常終了(DONE)

2014/12/05 09:20:29	外部exe実行：CBLCTFM.EXE</a C:\Work\Projects\aat\aat\bin\Debug\Work\HBHUN440-01\HBHUN440-01.cfm>
2014/12/05 09:20:29	Std Output:	正常終了(DONE)

2014/12/05 09:20:29	外部exe実行：C:\Work\Projects\aat\aat\bin\Debug\Work\HBHUN440-01\HBHUN440.exe<>
2014/12/05 09:20:30	[HBHUN440-01]の実行処理が正常終了した。
2014/12/05 09:20:30	　　　☆☆☆実行処理が正常に終了しました。☆☆☆　　　
2014/12/05 09:20:35	実行　処理開始　(perform)
2014/12/05 09:20:35	実行　処理終了　(perform)
2014/12/05 09:20:35	[HBHUN440-01]の実行処理が開始した。
2014/12/05 09:20:36	外部exe実行：CBLCTFM.EXE</r C:\Work\Projects\aat\aat\bin\Debug\Work\HBHUN440-01\HBHUN440-01.cfm>
2014/12/05 09:20:36	Std Output:	正常終了(DONE)

2014/12/05 09:20:36	外部exe実行：CBLCTFM.EXE</a C:\Work\Projects\aat\aat\bin\Debug\Work\HBHUN440-01\HBHUN440-01.cfm>
2014/12/05 09:20:36	Std Output:	正常終了(DONE)

2014/12/05 09:20:36	外部exe実行：C:\Work\Projects\aat\aat\bin\Debug\Work\HBHUN440-01\HBHUN440.exe<>
2014/12/05 09:20:36	[HBHUN440-01]の実行処理が正常終了した。
2014/12/05 09:20:36	　　　☆☆☆実行処理が正常に終了しました。☆☆☆　　　
2014/12/05 09:20:38	結果出力　処理開始　(export)
2014/12/05 09:20:38	結果出力　処理終了　(export)
2014/12/05 09:20:38	[HBHUN440-01]の結果出力処理が開始した。
2014/12/05 09:20:57	取り消し　処理開始　(exportCancel)
2014/12/05 09:20:57	取り消し　処理終了　(exportCancel)
2014/12/05 09:21:36	結果出力　処理開始　(export)
2014/12/05 09:21:36	結果出力　処理終了　(export)
2014/12/05 09:21:58	[HBHUN440-01]の結果出力処理が開始した。
2014/12/05 09:28:06	[HBHUN440-01]に不一致が発生しました。
2014/12/05 09:28:07	　　　☆☆☆結果出力処理が正常に終了しました。☆☆☆　　　
2014/12/05 09:31:08	結果出力　処理開始　(export)
2014/12/05 09:31:08	結果出力　処理終了　(export)
2014/12/05 09:31:08	[HBHUN440-01]の結果出力処理が開始した。
2014/12/05 09:31:24	[HBHUN440-01]に不一致が発生しました。
2014/12/05 09:31:25	　　　☆☆☆結果出力処理が正常に終了しました。☆☆☆　　　
2014/12/05 09:40:06	実行　処理開始　(perform)
2014/12/05 09:40:06	実行　処理終了　(perform)
2014/12/05 09:40:06	[HBHUN551-01]の実行処理が開始した。
2014/12/05 09:40:06	外部exe実行：CBLCTFM.EXE</r C:\Work\Projects\aat\aat\bin\Debug\Work\HBHUN551-01\HBHUN551-01.cfm>
2014/12/05 09:40:06	Std Output:	正常終了(DONE)

2014/12/05 09:40:07	外部exe実行：CBLCTFM.EXE</a C:\Work\Projects\aat\aat\bin\Debug\Work\HBHUN551-01\HBHUN551-01.cfm>
2014/12/05 09:40:07	Std Output:	正常終了(DONE)

2014/12/05 09:40:07	外部exe実行：C:\Work\Projects\aat\aat\bin\Debug\Work\HBHUN551-01\HBHUN551.exe<>
2014/12/05 09:40:08	Std Output:CX00011
CX00012
CX00013
CX00014
CX00015
CX00016
CX00017
CX00018
CX00020
CX00023
CX00026
CX00025
CX00038
CX00039
CX00041
CX00043
CX00042
CX00044
CX00047
CX00046
CX00049
CX00050
CX00051
ＨＣＨＮゲームタイプ = 06
前ＨＣＨＮ売上金額 = 0000010370367
ＷＫ－売上金額 = 0000003456789
後ＨＣＨＮ売上金額 = 0000013827156
REWRITE
CX00053
CX00054
CX00057
CX00058
CX00040
CX00067
CX00068
CX00070
ＨＣＨＮ売上金額 = 0000010375367
CX00071
CX00068
CX00070
ＨＣＨＮ売上金額 = 0000000020000
CX00071
CX00068
CX00070
ＨＣＨＮ売上金額 = 0000013827156
CX00071
CX00068
CX00070
ＨＣＨＮ売上金額 = 0000010375367
CX00071
CX00068
CX00070
ＨＣＨＮ売上金額 = 0000000020000
CX00071
CX00068
CX00070
ＨＣＨＮ売上金額 = 0000017283945
CX00071
CX00068
CX00070
ＨＣＨＮ売上金額 = 0000000090000
CX00071
CX00068
CX00070
ＨＣＨＮ売上金額 = 0000051851835
CX00071
CX00068
CX00070
ＨＣＨＮ売上金額 = 0000000150000
CX00071
CX00068
CX00070
ＨＣＨＮ売上金額 = 0000000030000
CX00071
CX00068
CX00070
ＨＣＨＮ売上金額 = 0000000010000
CX00071
CX00068
CX00070
CX00071
CX00069
CLOSEED
CX00072
CX00059
CX00060
CX00061
CX00062
CX00064
CX00073
CX00075
CX00073
CX00075
CX00073
前　　　ＣＨＵＲ売上金額 = 0000010375367
Ｔ累計売上金額 = 0000013827156
後　　　ＣＨＵＲ売上金額 = 0000024202523
CX00077
CX00078
CX00081
CX00081
CX00075
CX00073
CX00075
CX00073
CX00075
CX00073
CX00075
CX00073
CX00075
CX00073
CX00075
CX00073
CX00075
CX00073
CX00075
CX00073
CX00075
CX00074
CX00066
CX00065
CX00062
CX00065
CX00063
OUTPUT 日別販売ＣＨ別売上累計Ｒ
OUTPUT 日別販売ＣＨ別売上累計Ｒ
CX00082
CX00083
CX00085
WRITE 日別販売ＣＨ別売上累計Ｒ
CX00087
CX00088
CX00086
CX00083
CX00085
WRITE 日別販売ＣＨ別売上累計Ｒ
CX00087
CX00088
CX00086
CX00083
CX00086
CX00083
CX00085
WRITE 日別販売ＣＨ別売上累計Ｒ
CX00087
CX00088
CX00086
CX00083
CX00085
WRITE 日別販売ＣＨ別売上累計Ｒ
CX00087
CX00088
CX00086
CX00083
CX00085
WRITE 日別販売ＣＨ別売上累計Ｒ
CX00087
CX00088
CX00086
CX00083
CX00085
WRITE 日別販売ＣＨ別売上累計Ｒ
CX00087
CX00088
CX00086
CX00083
CX00085
WRITE 日別販売ＣＨ別売上累計Ｒ
CX00087
CX00088
CX00086
CX00083
CX00085
WRITE 日別販売ＣＨ別売上累計Ｒ
CX00087
CX00088
CX00086
CX00083
CX00085
WRITE 日別販売ＣＨ別売上累計Ｒ
CX00087
CX00088
CX00086
CX00083
CX00085
WRITE 日別販売ＣＨ別売上累計Ｒ
CX00087
CX00088
CX00086
CX00084
CX00027
CX00028
CX00029
CX00030
CX00031
CX00032
CX00033
CX00034
CX00037
CX00036

2014/12/05 09:40:08	[HBHUN551-01]の実行処理が正常終了した。
2014/12/05 09:40:08	　　　☆☆☆実行処理が正常に終了しました。☆☆☆　　　
2014/12/05 10:29:47	結果出力　処理開始　(export)
2014/12/05 10:29:48	結果出力　処理終了　(export)
2014/12/05 10:29:48	[HBHUN551-01]の結果出力処理が開始した。
2014/12/05 10:29:50	[HBHUN551-01]に不一致が発生しました。
2014/12/05 10:29:51	　　　☆☆☆結果出力処理が正常に終了しました。☆☆☆　　　
2014/12/05 10:55:30	デバッグ　処理開始　(debug)
2014/12/05 10:55:30	デバッグが開始しました。
2014/12/05 10:55:31	デバッグが終了しました。
2014/12/05 10:55:31	デバッグ　処理終了　(debug)
2014/12/05 10:56:46	デバッグ　処理開始　(debug)
2014/12/05 10:57:10	デバッグが開始しました。
2014/12/05 10:58:09	デバッグが終了しました。
2014/12/05 10:58:09	デバッグ　処理終了　(debug)
2014/12/05 10:59:03	デバッグ　処理開始　(debug)
2014/12/05 10:59:06	デバッグが開始しました。
2014/12/05 10:59:45	外部exe実行：cobAddDisplay.exe<\\10.169.71.236\構成管理\事前準備\COBOL85修正後\\HBHSS020.cob C:\Work\Projects\aat\aat\bin\Debug\PreWork\src\HBHSS020.cob>
2014/12/05 10:59:47	外部exe実行：CBL.EXE</M /Ccon /Dy /NOWARNING /O1 /IC:\Work\Cobol_分析\COPY\ /FeC:\Work\Projects\aat\aat\bin\Debug\PreWork\lib\ HBHSS020.cob >
2014/12/05 10:59:48	'CBL.EXE /M /Ccon /Dy /NOWARNING /O1 /IC:\Work\Cobol_分析\COPY\ /FeC:\Work\Projects\aat\aat\bin\Debug\PreWork\lib\ HBHSS020.cob ' finished with exit code = 2: Std output:
COBOL85 Pro Version 8.7 
(C) NEC Corporation 1998,2013
  LINE T-NAME   T-LINE L DIAGNO ***** DIAGNOSTIC MESSAGE LIST *****
    65              65 F F0007  ＧＭＴＹゲームタイプＸは定義されていないまた
                                は一意でない．
    ***** ERROR SUMMARY LIST *****
    00001  FATAL ERRORS
    00000  WARNINGS
    UNSUCCESSFULLY COMPILED


2014/12/05 10:59:51	[HBHSS020.cob]'CBL.EXE /M /Ccon /Dy /NOWARNING /O1 /IC:\Work\Cobol_分析\COPY\ /FeC:\Work\Projects\aat\aat\bin\Debug\PreWork\lib\ HBHSS020.cob ' finished with exit code = 2: Std output:
COBOL85 Pro Version 8.7 
(C) NEC Corporation 1998,2013
  LINE T-NAME   T-LINE L DIAGNO ***** DIAGNOSTIC MESSAGE LIST *****
    65              65 F F0007  ＧＭＴＹゲームタイプＸは定義されていないまた
                                は一意でない．
    ***** ERROR SUMMARY LIST *****
    00001  FATAL ERRORS
    00000  WARNINGS
    UNSUCCESSFULLY COMPILED


2014/12/05 11:00:22	デバッグが終了しました。
2014/12/05 11:00:22	デバッグ　処理終了　(debug)
2014/12/05 11:12:00	デバッグ　処理開始　(debug)
2014/12/05 11:12:04	デバッグが開始しました。
2014/12/05 11:14:12	外部exe実行：cobAddDisplay.exe<\\10.169.71.236\構成管理\事前準備\COBOL85修正後\\HBHSS020.cob C:\Work\Projects\aat\aat\bin\Debug\PreWork\src\HBHSS020.cob>
2014/12/05 11:16:24	外部exe実行：CBL.EXE</M /Ccon /Dy /NOWARNING /O1 /IC:\Work\Cobol_分析\COPY\ /FeC:\Work\Projects\aat\aat\bin\Debug\PreWork\lib\ HBHSS020.cob >
2014/12/05 11:16:25	'CBL.EXE /M /Ccon /Dy /NOWARNING /O1 /IC:\Work\Cobol_分析\COPY\ /FeC:\Work\Projects\aat\aat\bin\Debug\PreWork\lib\ HBHSS020.cob ' finished with exit code = 2: Std output:
COBOL85 Pro Version 8.7 
(C) NEC Corporation 1998,2013
  LINE T-NAME   T-LINE L DIAGNO ***** DIAGNOSTIC MESSAGE LIST *****
    65              65 F F0007  ＧＭＴＹゲームタイプＸは定義されていないまた
                                は一意でない．
    ***** ERROR SUMMARY LIST *****
    00001  FATAL ERRORS
    00000  WARNINGS
    UNSUCCESSFULLY COMPILED


2014/12/05 11:16:25	[HBHSS020.cob]'CBL.EXE /M /Ccon /Dy /NOWARNING /O1 /IC:\Work\Cobol_分析\COPY\ /FeC:\Work\Projects\aat\aat\bin\Debug\PreWork\lib\ HBHSS020.cob ' finished with exit code = 2: Std output:
COBOL85 Pro Version 8.7 
(C) NEC Corporation 1998,2013
  LINE T-NAME   T-LINE L DIAGNO ***** DIAGNOSTIC MESSAGE LIST *****
    65              65 F F0007  ＧＭＴＹゲームタイプＸは定義されていないまた
                                は一意でない．
    ***** ERROR SUMMARY LIST *****
    00001  FATAL ERRORS
    00000  WARNINGS
    UNSUCCESSFULLY COMPILED


2014/12/05 11:16:27	デバッグが終了しました。
2014/12/05 11:16:27	デバッグ　処理終了　(debug)
2014/12/05 13:23:02	実行　処理開始　(perform)
2014/12/05 13:23:02	実行　処理終了　(perform)
2014/12/05 13:23:02	[HBHUN551-01]の実行処理が開始した。
2014/12/05 13:23:02	外部exe実行：CBLCTFM.EXE</r C:\Work\Projects\aat\aat\bin\Debug\Work\HBHUN551-01\HBHUN551-01.cfm>
2014/12/05 13:23:02	Std Output:	正常終了(DONE)

2014/12/05 13:23:03	外部exe実行：CBLCTFM.EXE</a C:\Work\Projects\aat\aat\bin\Debug\Work\HBHUN551-01\HBHUN551-01.cfm>
2014/12/05 13:23:03	Std Output:	正常終了(DONE)

2014/12/05 13:23:03	外部exe実行：C:\Work\Projects\aat\aat\bin\Debug\Work\HBHUN551-01\HBHUN551.exe<>
2014/12/05 13:23:04	Std Output:CX00011
CX00012
CX00013
CX00014
CX00015
CX00016
CX00017
CX00018
CX00020
CX00023
CX00026
CX00025
CX00038
CX00039
CX00041
CX00043
CX00042
CX00044
CX00047
CX00046
CX00049
CX00050
CX00051
ＨＣＨＮゲームタイプ = 06
前ＨＣＨＮ売上金額 = 0000010370367
ＷＫ－売上金額 = 0000003456789
後ＨＣＨＮ売上金額 = 0000013827156
REWRITE
CX00053
CX00054
CX00057
CX00058
CX00040
CX00067
CX00068
CX00070
ＨＣＨＮ売上金額 = 0000010375367
CX00071
CX00068
CX00070
ＨＣＨＮ売上金額 = 0000000020000
CX00071
CX00068
CX00070
ＨＣＨＮ売上金額 = 0000013827156
CX00071
CX00068
CX00070
ＨＣＨＮ売上金額 = 0000010375367
CX00071
CX00068
CX00070
ＨＣＨＮ売上金額 = 0000000020000
CX00071
CX00068
CX00070
ＨＣＨＮ売上金額 = 0000017283945
CX00071
CX00068
CX00070
ＨＣＨＮ売上金額 = 0000000090000
CX00071
CX00068
CX00070
ＨＣＨＮ売上金額 = 0000051851835
CX00071
CX00068
CX00070
ＨＣＨＮ売上金額 = 0000000150000
CX00071
CX00068
CX00070
ＨＣＨＮ売上金額 = 0000000030000
CX00071
CX00068
CX00070
ＨＣＨＮ売上金額 = 0000000010000
CX00071
CX00068
CX00070
CX00071
CX00069
CLOSEED
CX00072
CX00059
CX00060
CX00061
CX00062
CX00064
CX00073
CX00075
CX00073
CX00075
CX00073
前　　　ＣＨＵＲ売上金額 = 0000010375367
Ｔ累計売上金額 = 0000013827156
後　　　ＣＨＵＲ売上金額 = 0000024202523
CX00077
CX00078
CX00081
CX00081
CX00075
CX00073
CX00075
CX00073
CX00075
CX00073
CX00075
CX00073
CX00075
CX00073
CX00075
CX00073
CX00075
CX00073
CX00075
CX00073
CX00075
CX00074
CX00066
CX00065
CX00062
CX00065
CX00063
OUTPUT 日別販売ＣＨ別売上累計Ｒ
OUTPUT 日別販売ＣＨ別売上累計Ｒ
CX00082
CX00083
CX00085
WRITE 日別販売ＣＨ別売上累計Ｒ
CX00087
CX00088
CX00086
CX00083
CX00085
WRITE 日別販売ＣＨ別売上累計Ｒ
CX00087
CX00088
CX00086
CX00083
CX00086
CX00083
CX00085
WRITE 日別販売ＣＨ別売上累計Ｒ
CX00087
CX00088
CX00086
CX00083
CX00085
WRITE 日別販売ＣＨ別売上累計Ｒ
CX00087
CX00088
CX00086
CX00083
CX00085
WRITE 日別販売ＣＨ別売上累計Ｒ
CX00087
CX00088
CX00086
CX00083
CX00085
WRITE 日別販売ＣＨ別売上累計Ｒ
CX00087
CX00088
CX00086
CX00083
CX00085
WRITE 日別販売ＣＨ別売上累計Ｒ
CX00087
CX00088
CX00086
CX00083
CX00085
WRITE 日別販売ＣＨ別売上累計Ｒ
CX00087
CX00088
CX00086
CX00083
CX00085
WRITE 日別販売ＣＨ別売上累計Ｒ
CX00087
CX00088
CX00086
CX00083
CX00085
WRITE 日別販売ＣＨ別売上累計Ｒ
CX00087
CX00088
CX00086
CX00084
CX00027
CX00028
CX00029
CX00030
CX00031
CX00032
CX00033
CX00034
CX00037
CX00036

2014/12/05 13:23:04	[HBHUN551-01]の実行処理が正常終了した。
2014/12/05 13:23:04	　　　☆☆☆実行処理が正常に終了しました。☆☆☆　　　
2014/12/05 13:23:04	結果出力　処理開始　(export)
2014/12/05 13:23:04	結果出力　処理終了　(export)
2014/12/05 13:23:04	[HBHUN551-01]の結果出力処理が開始した。
2014/12/05 13:23:06	[HBHUN551-01]に不一致が発生しました。
2014/12/05 13:23:07	　　　☆☆☆結果出力処理が正常に終了しました。☆☆☆　　　
2014/12/05 13:28:37	デバッグ　処理開始　(debug)
2014/12/05 13:28:37	デバッグが開始しました。
2014/12/05 13:28:40	外部exe実行：cobAddDisplay.exe<\\10.169.71.236\構成管理\事前準備\COBOL85修正後\\HBHUN551.cob C:\Work\Projects\aat\aat\bin\Debug\PreWork\src\HBHUN551.cob>
2014/12/05 13:28:40	外部exe実行：CBL.EXE</M /Ccon /Dy /NOWARNING /O1 /IC:\Work\Cobol_分析\COPY\ /FeC:\Work\Projects\aat\aat\bin\Debug\PreWork\lib\ HBHUN551.cob >
2014/12/05 13:28:41	Std Output:COBOL85 Pro Version 8.7 
(C) NEC Corporation 1998,2013
    ***** ERROR SUMMARY LIST *****
    00000  FATAL ERRORS
    00000  WARNINGS
    SUCCESSFULLY COMPILED
Microsoft (R) Windows (R) Resource Compiler Version 6.3.9600.17298
Copyright (C) Microsoft Corporation.  All rights reserved.
Microsoft (R) Incremental Linker Version 12.00.31101.0
Copyright (C) Microsoft Corporation.  All rights reserved.
/SUBSYSTEM:CONSOLE /ENTRY:mainCRTStartup "HBHUN551.obj" "C:\Work\Projects\aat\aat\bin\Debug\PreWork\lib\HBHUN551.res" "/OUT:C:\Work\Projects\aat\aat\bin\Debug\PreWork\lib\HBHUN551.exe" cblrt.lib cblrts.lib cblxml.lib msvcrt.lib kernel32.lib 
Microsoft (R) Manifest Tool version 6.3.9600.17298
Copyright (c) Microsoft Corporation 2012. 
All rights reserved.

2014/12/05 13:28:41	デバッグが終了しました。
2014/12/05 13:28:41	デバッグ　処理終了　(debug)
2014/12/05 13:28:55	実行　処理開始　(perform)
2014/12/05 13:28:55	実行　処理終了　(perform)
2014/12/05 13:28:55	[HBHUN551-01]の実行処理が開始した。
2014/12/05 13:28:55	[HBHUN551-01]の実行処理にエラーが発生しました。ログファイルをご参照ください。
2014/12/05 13:29:02	別のプロセスで使用されているため、プロセスはファイル 'HBHUN551-01_Compare.xlsx' にアクセスできません。
2014/12/05 13:29:02	　　　☆☆☆実行処理が正常に終了しました。☆☆☆　　　
2014/12/05 13:29:02	結果出力　処理開始　(export)
2014/12/05 13:29:02	結果出力　処理終了　(export)
2014/12/05 13:29:03	[HBHUN551-01]の結果出力処理が開始した。
2014/12/05 13:29:03	[HBHUN551-01]の出力ファイルが存在しません<C:\Work\Projects\aat\aat\bin\Debug\Work\HBHUN551-01\IO\VICHNURI>
2014/12/05 13:29:03	[HBHUN551-01]の出力ファイルが存在しません<C:\Work\Projects\aat\aat\bin\Debug\Work\HBHUN551-01\IO\VIHCHNUR>
2014/12/05 13:29:04	[HBHUN551-01]の比較にエラーが発生しました。
2014/12/05 13:29:04	\n出力ファイルが存在しません<C:\Work\Projects\aat\aat\bin\Debug\Work\HBHUN551-01\IO\VIHCHNUR>
2014/12/05 13:29:04	　　　☆☆☆結果出力処理が正常に終了しました。☆☆☆　　　
2014/12/05 13:29:08	実行　処理開始　(perform)
2014/12/05 13:29:08	実行　処理終了　(perform)
2014/12/05 13:29:08	[HBHUN551-01]の実行処理が開始した。
2014/12/05 13:29:08	外部exe実行：CBLCTFM.EXE</r C:\Work\Projects\aat\aat\bin\Debug\Work\HBHUN551-01\HBHUN551-01.cfm>
2014/12/05 13:29:08	Std Output:	正常終了(DONE)

2014/12/05 13:29:09	外部exe実行：CBLCTFM.EXE</a C:\Work\Projects\aat\aat\bin\Debug\Work\HBHUN551-01\HBHUN551-01.cfm>
2014/12/05 13:29:09	Std Output:	正常終了(DONE)

2014/12/05 13:29:09	外部exe実行：C:\Work\Projects\aat\aat\bin\Debug\Work\HBHUN551-01\HBHUN551.exe<>
2014/12/05 13:29:10	Std Output:CX00011
CX00012
CX00013
CX00014
CX00015
CX00016
CX00017
CX00018
CX00020
CX00023
CX00026
CX00025
CX00038
CX00039
CX00041
CX00043
CX00042
CX00044
CX00047
CX00046
CX00049
CX00050
CX00051
ＨＣＨＮゲームタイプ = 06
前ＨＣＨＮ売上金額 = 0000010370367
ＷＫ－売上金額 = 0000003456789
後ＨＣＨＮ売上金額 = 0000013827156
REWRITE
CX00053
CX00054
CX00057
CX00058
CX00040
CX00067
CX00068
CX00070
ＨＣＨＮ売上金額 = 0000010375367
CX00071
CX00068
CX00070
ＨＣＨＮ売上金額 = 0000000020000
CX00071
CX00068
CX00070
ＨＣＨＮ売上金額 = 0000013827156
CX00071
CX00068
CX00070
ＨＣＨＮ売上金額 = 0000010375367
CX00071
CX00068
CX00070
ＨＣＨＮ売上金額 = 0000000020000
CX00071
CX00068
CX00070
ＨＣＨＮ売上金額 = 0000017283945
CX00071
CX00068
CX00070
ＨＣＨＮ売上金額 = 0000000090000
CX00071
CX00068
CX00070
ＨＣＨＮ売上金額 = 0000051851835
CX00071
CX00068
CX00070
ＨＣＨＮ売上金額 = 0000000150000
CX00071
CX00068
CX00070
ＨＣＨＮ売上金額 = 0000000030000
CX00071
CX00068
CX00070
ＨＣＨＮ売上金額 = 0000000010000
CX00071
CX00068
CX00070
CX00071
CX00069
CLOSEED
CX00072
CX00059
CX00060
CX00061
CX00062
CX00064
CX00073
CX00075
CX00073
CX00075
CX00073
前　　　ＣＨＵＲ売上金額 = 0000010375367
Ｔ累計売上金額 = 0000013827156
後　　　ＣＨＵＲ売上金額 = 0000024202523
CX00077
CX00078
CX00081
CX00081
CX00075
CX00073
CX00075
CX00073
CX00075
CX00073
CX00075
CX00073
CX00075
CX00073
CX00075
CX00073
CX00075
CX00073
CX00075
CX00073
CX00075
CX00074
CX00066
CX00065
CX00062
CX00065
CX00063
OUTPUT 日別販売ＣＨ別売上累計Ｒ
OUTPUT 日別販売ＣＨ別売上累計Ｒ
CX00082
CX00083
CX00085
WRITE 日別販売ＣＨ別売上累計Ｒ
CX00087
CX00088
CX00086
CX00083
CX00085
WRITE 日別販売ＣＨ別売上累計Ｒ
CX00087
CX00088
CX00086
CX00083
CX00086
CX00083
CX00085
WRITE 日別販売ＣＨ別売上累計Ｒ
CX00087
CX00088
CX00086
CX00083
CX00085
WRITE 日別販売ＣＨ別売上累計Ｒ
CX00087
CX00088
CX00086
CX00083
CX00085
WRITE 日別販売ＣＨ別売上累計Ｒ
CX00087
CX00088
CX00086
CX00083
CX00085
WRITE 日別販売ＣＨ別売上累計Ｒ
CX00087
CX00088
CX00086
CX00083
CX00085
WRITE 日別販売ＣＨ別売上累計Ｒ
CX00087
CX00088
CX00086
CX00083
CX00085
WRITE 日別販売ＣＨ別売上累計Ｒ
CX00087
CX00088
CX00086
CX00083
CX00085
WRITE 日別販売ＣＨ別売上累計Ｒ
CX00087
CX00088
CX00086
CX00083
CX00085
WRITE 日別販売ＣＨ別売上累計Ｒ
CX00087
CX00088
CX00086
CX00084
CX00027
CX00028
CX00029
CX00030
CX00031
CX00032
CX00033
CX00034
CX00037
CX00036

2014/12/05 13:29:10	[HBHUN551-01]の実行処理が正常終了した。
2014/12/05 13:29:10	　　　☆☆☆実行処理が正常に終了しました。☆☆☆　　　
2014/12/05 13:29:10	結果出力　処理開始　(export)
2014/12/05 13:29:10	結果出力　処理終了　(export)
2014/12/05 13:29:10	[HBHUN551-01]の結果出力処理が開始した。
2014/12/05 13:29:12	[HBHUN551-01]に不一致が発生しました。
2014/12/05 13:29:13	　　　☆☆☆結果出力処理が正常に終了しました。☆☆☆　　　
2014/12/05 13:34:33	デバッグ　処理開始　(debug)
2014/12/05 13:34:33	デバッグが開始しました。
2014/12/05 13:34:33	外部exe実行：cobAddDisplay.exe<\\10.169.71.236\構成管理\事前準備\COBOL85修正後\\HBHUN551.cob C:\Work\Projects\aat\aat\bin\Debug\PreWork\src\HBHUN551.cob>
2014/12/05 13:34:33	外部exe実行：CBL.EXE</M /Ccon /Dy /NOWARNING /O1 /IC:\Work\Cobol_分析\COPY\ /FeC:\Work\Projects\aat\aat\bin\Debug\PreWork\lib\ HBHUN551.cob >
2014/12/05 13:34:34	Std Output:COBOL85 Pro Version 8.7 
(C) NEC Corporation 1998,2013
    ***** ERROR SUMMARY LIST *****
    00000  FATAL ERRORS
    00000  WARNINGS
    SUCCESSFULLY COMPILED
Microsoft (R) Windows (R) Resource Compiler Version 6.3.9600.17298
Copyright (C) Microsoft Corporation.  All rights reserved.
Microsoft (R) Incremental Linker Version 12.00.31101.0
Copyright (C) Microsoft Corporation.  All rights reserved.
/SUBSYSTEM:CONSOLE /ENTRY:mainCRTStartup "HBHUN551.obj" "C:\Work\Projects\aat\aat\bin\Debug\PreWork\lib\HBHUN551.res" "/OUT:C:\Work\Projects\aat\aat\bin\Debug\PreWork\lib\HBHUN551.exe" cblrt.lib cblrts.lib cblxml.lib msvcrt.lib kernel32.lib 
Microsoft (R) Manifest Tool version 6.3.9600.17298
Copyright (c) Microsoft Corporation 2012. 
All rights reserved.

2014/12/05 13:34:34	デバッグが終了しました。
2014/12/05 13:34:34	デバッグ　処理終了　(debug)
2014/12/05 13:34:37	実行　処理開始　(perform)
2014/12/05 13:34:37	実行　処理終了　(perform)
2014/12/05 13:34:37	[HBHUN551-01]の実行処理が開始した。
2014/12/05 13:34:37	外部exe実行：CBLCTFM.EXE</r C:\Work\Projects\aat\aat\bin\Debug\Work\HBHUN551-01\HBHUN551-01.cfm>
2014/12/05 13:34:37	Std Output:	正常終了(DONE)

2014/12/05 13:34:38	外部exe実行：CBLCTFM.EXE</a C:\Work\Projects\aat\aat\bin\Debug\Work\HBHUN551-01\HBHUN551-01.cfm>
2014/12/05 13:34:38	Std Output:	正常終了(DONE)

2014/12/05 13:34:38	外部exe実行：C:\Work\Projects\aat\aat\bin\Debug\Work\HBHUN551-01\HBHUN551.exe<>
2014/12/05 13:34:38	Std Output:CX00011
CX00012
CX00013
CX00014
CX00015
CX00016
CX00017
CX00018
CX00020
CX00023
CX00026
CX00025
CX00038
CX00039
CX00041
CX00043
CX00042
CX00044
CX00047
CX00046
CX00049
CX00050
CX00051
ＨＣＨＮゲームタイプ = 06
前ＨＣＨＮ売上金額 = 0000010370367
ＷＫ－売上金額 = 0000003456789
後ＨＣＨＮ売上金額 = 0000013827156
REWRITE
CX00053
CX00054
CX00057
CX00058
CX00040
CX00067
CX00068
CX00070
ＨＣＨＮ売上金額 = 0000010375367
CX00071
CX00068
CX00070
ＨＣＨＮ売上金額 = 0000000020000
CX00071
CX00068
CX00070
ＨＣＨＮ売上金額 = 0000013827156
CX00071
CX00068
CX00070
ＨＣＨＮ売上金額 = 0000010375367
CX00071
CX00068
CX00070
ＨＣＨＮ売上金額 = 0000000020000
CX00071
CX00068
CX00070
ＨＣＨＮ売上金額 = 0000017283945
CX00071
CX00068
CX00070
ＨＣＨＮ売上金額 = 0000000090000
CX00071
CX00068
CX00070
ＨＣＨＮ売上金額 = 0000051851835
CX00071
CX00068
CX00070
ＨＣＨＮ売上金額 = 0000000150000
CX00071
CX00068
CX00070
ＨＣＨＮ売上金額 = 0000000030000
CX00071
CX00068
CX00070
ＨＣＨＮ売上金額 = 0000000010000
CX00071
CX00068
CX00070
CX00071
CX00069
CLOSEED
CX00072
CX00059
CX00060
CX00061
CX00062
CX00064
CX00073
CX00075
CX00073
CX00075
CX00073
前　　　ＣＨＵＲ売上金額 = 0000010375367
Ｔ累計売上金額 = 0000013827156
後　　　ＣＨＵＲ売上金額 = 0000024202523
CX00077
CX00078
CX00081
CX00081
CX00075
CX00073
CX00075
CX00073
CX00075
CX00073
CX00075
CX00073
CX00075
CX00073
CX00075
CX00073
CX00075
CX00073
CX00075
CX00073
CX00075
CX00074
CX00066
CX00065
CX00062
CX00065
CX00063
OUTPUT 日別販売ＣＨ別売上累計Ｒ
OUTPUT 日別販売ＣＨ別売上累計Ｒ
CX00082
CX00083
CX00085
WRITE 日別販売ＣＨ別売上累計Ｒ
CX00087
CX00088
CX00086
CX00083
CX00085
WRITE 日別販売ＣＨ別売上累計Ｒ
CX00087
CX00088
CX00086
CX00083
CX00086
CX00083
CX00085
WRITE 日別販売ＣＨ別売上累計Ｒ
CX00087
CX00088
CX00086
CX00083
CX00085
WRITE 日別販売ＣＨ別売上累計Ｒ
CX00087
CX00088
CX00086
CX00083
CX00085
WRITE 日別販売ＣＨ別売上累計Ｒ
CX00087
CX00088
CX00086
CX00083
CX00085
WRITE 日別販売ＣＨ別売上累計Ｒ
CX00087
CX00088
CX00086
CX00083
CX00085
WRITE 日別販売ＣＨ別売上累計Ｒ
CX00087
CX00088
CX00086
CX00083
CX00085
WRITE 日別販売ＣＨ別売上累計Ｒ
CX00087
CX00088
CX00086
CX00083
CX00085
WRITE 日別販売ＣＨ別売上累計Ｒ
CX00087
CX00088
CX00086
CX00083
CX00085
WRITE 日別販売ＣＨ別売上累計Ｒ
CX00087
CX00088
CX00086
CX00084
CX00027
CX00028
CX00029
CX00030
CX00031
CX00032
CX00033
CX00034
CX00037
CX00036

2014/12/05 13:34:38	[HBHUN551-01]の実行処理が正常終了した。
2014/12/05 13:34:38	　　　☆☆☆実行処理が正常に終了しました。☆☆☆　　　
2014/12/05 13:34:38	結果出力　処理開始　(export)
2014/12/05 13:34:38	結果出力　処理終了　(export)
2014/12/05 13:34:39	[HBHUN551-01]の結果出力処理が開始した。
2014/12/05 13:34:41	[HBHUN551-01]に不一致が発生しました。
2014/12/05 13:34:42	　　　☆☆☆結果出力処理が正常に終了しました。☆☆☆　　　
2014/12/05 13:38:51	デバッグ　処理開始　(debug)
2014/12/05 13:38:52	デバッグが開始しました。
2014/12/05 13:38:52	外部exe実行：cobAddDisplay.exe<\\10.169.71.236\構成管理\事前準備\COBOL85修正後\\HBHUN551.cob C:\Work\Projects\aat\aat\bin\Debug\PreWork\src\HBHUN551.cob ＣＨＵＲ売上金額>
2014/12/05 13:38:58	'cobAddDisplay.exe \\10.169.71.236\構成管理\事前準備\COBOL85修正後\\HBHUN551.cob C:\Work\Projects\aat\aat\bin\Debug\PreWork\src\HBHUN551.cob ＣＨＵＲ売上金額' finished with exit code = -532462766: 
ハンドルされていない例外: System.IO.IOException: 別のプロセスで使用されているため、プロセスはファイル 'C:\Work\Projects\aat\aat\bin\Debug\PreWork\src\HBHUN551.cob' にアクセスできません。
   場所 System.IO.__Error.WinIOError(Int32 errorCode, String maybeFullPath)
   場所 System.IO.FileStream.Init(String path, FileMode mode, FileAccess access, Int32 rights, Boolean useRights, FileShare share, Int32 bufferSize, FileOptions options, SECURITY_ATTRIBUTES secAttrs, String msgPath, Boolean bFromProxy, Boolean useLongPath, Boolean checkHost)
   場所 System.IO.FileStream..ctor(String path, FileMode mode, FileAccess access)
   場所 cobAddDisplay.Program.addDisplay(String srcFileName, String dstFileName, String rex)
   場所 cobAddDisplay.Program.Main(String[] args)


2014/12/05 13:38:58	外部exe実行：CBL.EXE</M /Ccon /Dy /NOWARNING /O1 /IC:\Work\Cobol_分析\COPY\ /FeC:\Work\Projects\aat\aat\bin\Debug\PreWork\lib\ HBHUN551.cob >
2014/12/05 13:38:58	Std Output:COBOL85 Pro Version 8.7 
(C) NEC Corporation 1998,2013
    ***** ERROR SUMMARY LIST *****
    00000  FATAL ERRORS
    00000  WARNINGS
    SUCCESSFULLY COMPILED
Microsoft (R) Windows (R) Resource Compiler Version 6.3.9600.17298
Copyright (C) Microsoft Corporation.  All rights reserved.
Microsoft (R) Incremental Linker Version 12.00.31101.0
Copyright (C) Microsoft Corporation.  All rights reserved.
/SUBSYSTEM:CONSOLE /ENTRY:mainCRTStartup "HBHUN551.obj" "C:\Work\Projects\aat\aat\bin\Debug\PreWork\lib\HBHUN551.res" "/OUT:C:\Work\Projects\aat\aat\bin\Debug\PreWork\lib\HBHUN551.exe" cblrt.lib cblrts.lib cblxml.lib msvcrt.lib kernel32.lib 
Microsoft (R) Manifest Tool version 6.3.9600.17298
Copyright (c) Microsoft Corporation 2012. 
All rights reserved.

2014/12/05 13:38:58	デバッグが終了しました。
2014/12/05 13:38:58	デバッグ　処理終了　(debug)
2014/12/05 13:39:02	実行　処理開始　(perform)
2014/12/05 13:39:02	実行　処理終了　(perform)
2014/12/05 13:39:02	[HBHUN551-01]の実行処理が開始した。
2014/12/05 13:39:02	外部exe実行：CBLCTFM.EXE</r C:\Work\Projects\aat\aat\bin\Debug\Work\HBHUN551-01\HBHUN551-01.cfm>
2014/12/05 13:39:02	Std Output:	正常終了(DONE)

2014/12/05 13:39:03	外部exe実行：CBLCTFM.EXE</a C:\Work\Projects\aat\aat\bin\Debug\Work\HBHUN551-01\HBHUN551-01.cfm>
2014/12/05 13:39:03	Std Output:	正常終了(DONE)

2014/12/05 13:39:03	外部exe実行：C:\Work\Projects\aat\aat\bin\Debug\Work\HBHUN551-01\HBHUN551.exe<>
2014/12/05 13:39:03	Std Output:CX00011
CX00012
CX00013
CX00014
CX00015
CX00016
CX00017
CX00018
CX00020
CX00023
CX00026
CX00025
CX00038
CX00039
CX00041
CX00043
CX00042
CX00044
CX00047
CX00046
CX00049
CX00050
CX00051
ＨＣＨＮゲームタイプ = 06
前ＨＣＨＮ売上金額 = 0000010370367
ＷＫ－売上金額 = 0000003456789
後ＨＣＨＮ売上金額 = 0000013827156
REWRITE
CX00053
CX00054
CX00057
CX00058
CX00040
CX00067
CX00068
CX00070
ＨＣＨＮ売上金額 = 0000010375367
CX00071
CX00068
CX00070
ＨＣＨＮ売上金額 = 0000000020000
CX00071
CX00068
CX00070
ＨＣＨＮ売上金額 = 0000013827156
CX00071
CX00068
CX00070
ＨＣＨＮ売上金額 = 0000010375367
CX00071
CX00068
CX00070
ＨＣＨＮ売上金額 = 0000000020000
CX00071
CX00068
CX00070
ＨＣＨＮ売上金額 = 0000017283945
CX00071
CX00068
CX00070
ＨＣＨＮ売上金額 = 0000000090000
CX00071
CX00068
CX00070
ＨＣＨＮ売上金額 = 0000051851835
CX00071
CX00068
CX00070
ＨＣＨＮ売上金額 = 0000000150000
CX00071
CX00068
CX00070
ＨＣＨＮ売上金額 = 0000000030000
CX00071
CX00068
CX00070
ＨＣＨＮ売上金額 = 0000000010000
CX00071
CX00068
CX00070
CX00071
CX00069
CLOSEED
CX00072
CX00059
CX00060
CX00061
CX00062
CX00064
CX00073
CX00075
CX00073
CX00075
CX00073
前　　　ＣＨＵＲ売上金額 = 0000010375367
Ｔ累計売上金額 = 0000013827156
後　　　ＣＨＵＲ売上金額 = 0000024202523
CX00077
CX00078
CX00081
CX00081
CX00075
CX00073
CX00075
CX00073
CX00075
CX00073
CX00075
CX00073
CX00075
CX00073
CX00075
CX00073
CX00075
CX00073
CX00075
CX00073
CX00075
CX00074
CX00066
CX00065
CX00062
CX00065
CX00063
OUTPUT 日別販売ＣＨ別売上累計Ｒ
OUTPUT 日別販売ＣＨ別売上累計Ｒ
CX00082
CX00083
CX00085
WRITE 日別販売ＣＨ別売上累計Ｒ
CX00087
CX00088
CX00086
CX00083
CX00085
WRITE 日別販売ＣＨ別売上累計Ｒ
CX00087
CX00088
CX00086
CX00083
CX00086
CX00083
CX00085
WRITE 日別販売ＣＨ別売上累計Ｒ
CX00087
CX00088
CX00086
CX00083
CX00085
WRITE 日別販売ＣＨ別売上累計Ｒ
CX00087
CX00088
CX00086
CX00083
CX00085
WRITE 日別販売ＣＨ別売上累計Ｒ
CX00087
CX00088
CX00086
CX00083
CX00085
WRITE 日別販売ＣＨ別売上累計Ｒ
CX00087
CX00088
CX00086
CX00083
CX00085
WRITE 日別販売ＣＨ別売上累計Ｒ
CX00087
CX00088
CX00086
CX00083
CX00085
WRITE 日別販売ＣＨ別売上累計Ｒ
CX00087
CX00088
CX00086
CX00083
CX00085
WRITE 日別販売ＣＨ別売上累計Ｒ
CX00087
CX00088
CX00086
CX00083
CX00085
WRITE 日別販売ＣＨ別売上累計Ｒ
CX00087
CX00088
CX00086
CX00084
CX00027
CX00028
CX00029
CX00030
CX00031
CX00032
CX00033
CX00034
CX00037
CX00036

2014/12/05 13:39:03	[HBHUN551-01]の実行処理が正常終了した。
2014/12/05 13:39:03	　　　☆☆☆実行処理が正常に終了しました。☆☆☆　　　
2014/12/05 13:39:03	結果出力　処理開始　(export)
2014/12/05 13:39:03	結果出力　処理終了　(export)
2014/12/05 13:39:04	[HBHUN551-01]の結果出力処理が開始した。
2014/12/05 13:39:06	[HBHUN551-01]に不一致が発生しました。
2014/12/05 13:39:07	　　　☆☆☆結果出力処理が正常に終了しました。☆☆☆　　　
2014/12/05 13:39:33	デバッグ　処理開始　(debug)
2014/12/05 13:39:33	デバッグが開始しました。
2014/12/05 13:39:33	外部exe実行：cobAddDisplay.exe<\\10.169.71.236\構成管理\事前準備\COBOL85修正後\\HBHUN551.cob C:\Work\Projects\aat\aat\bin\Debug\PreWork\src\HBHUN551.cob ＣＨＵＲ売上金額>
2014/12/05 13:39:33	外部exe実行：CBL.EXE</M /Ccon /Dy /NOWARNING /O1 /IC:\Work\Cobol_分析\COPY\ /FeC:\Work\Projects\aat\aat\bin\Debug\PreWork\lib\ HBHUN551.cob >
2014/12/05 13:39:34	Std Output:COBOL85 Pro Version 8.7 
(C) NEC Corporation 1998,2013
    ***** ERROR SUMMARY LIST *****
    00000  FATAL ERRORS
    00000  WARNINGS
    SUCCESSFULLY COMPILED
Microsoft (R) Windows (R) Resource Compiler Version 6.3.9600.17298
Copyright (C) Microsoft Corporation.  All rights reserved.
Microsoft (R) Incremental Linker Version 12.00.31101.0
Copyright (C) Microsoft Corporation.  All rights reserved.
/SUBSYSTEM:CONSOLE /ENTRY:mainCRTStartup "HBHUN551.obj" "C:\Work\Projects\aat\aat\bin\Debug\PreWork\lib\HBHUN551.res" "/OUT:C:\Work\Projects\aat\aat\bin\Debug\PreWork\lib\HBHUN551.exe" cblrt.lib cblrts.lib cblxml.lib msvcrt.lib kernel32.lib 
Microsoft (R) Manifest Tool version 6.3.9600.17298
Copyright (c) Microsoft Corporation 2012. 
All rights reserved.

2014/12/05 13:39:34	デバッグが終了しました。
2014/12/05 13:39:34	デバッグ　処理終了　(debug)
2014/12/05 13:39:57	実行　処理開始　(perform)
2014/12/05 13:39:57	実行　処理終了　(perform)
2014/12/05 13:39:57	[HBHUN551-01]の実行処理が開始した。
2014/12/05 13:39:57	外部exe実行：CBLCTFM.EXE</r C:\Work\Projects\aat\aat\bin\Debug\Work\HBHUN551-01\HBHUN551-01.cfm>
2014/12/05 13:39:57	Std Output:	正常終了(DONE)

2014/12/05 13:39:58	外部exe実行：CBLCTFM.EXE</a C:\Work\Projects\aat\aat\bin\Debug\Work\HBHUN551-01\HBHUN551-01.cfm>
2014/12/05 13:39:58	Std Output:	正常終了(DONE)

2014/12/05 13:39:58	外部exe実行：C:\Work\Projects\aat\aat\bin\Debug\Work\HBHUN551-01\HBHUN551.exe<>
2014/12/05 13:39:58	Std Output:ＨＣＨＮゲームタイプ = 06
前ＨＣＨＮ売上金額 = 0000010370367
ＷＫ－売上金額 = 0000003456789
後ＨＣＨＮ売上金額 = 0000013827156
REWRITE
ＨＣＨＮ売上金額 = 0000010375367
ＨＣＨＮ売上金額 = 0000000020000
ＨＣＨＮ売上金額 = 0000013827156
ＨＣＨＮ売上金額 = 0000010375367
ＨＣＨＮ売上金額 = 0000000020000
ＨＣＨＮ売上金額 = 0000017283945
ＨＣＨＮ売上金額 = 0000000090000
ＨＣＨＮ売上金額 = 0000051851835
ＨＣＨＮ売上金額 = 0000000150000
ＨＣＨＮ売上金額 = 0000000030000
ＨＣＨＮ売上金額 = 0000000010000
CLOSEED
前　　　ＣＨＵＲ売上金額 = 0000010375367
Ｔ累計売上金額 = 0000013827156
後　　　ＣＨＵＲ売上金額 = 0000024202523
ＣＨＵＲ売上金額 = 0000024202523
CX00081
OUTPUT 日別販売ＣＨ別売上累計Ｒ
OUTPUT 日別販売ＣＨ別売上累計Ｒ
WRITE 日別販売ＣＨ別売上累計Ｒ
WRITE 日別販売ＣＨ別売上累計Ｒ
WRITE 日別販売ＣＨ別売上累計Ｒ
WRITE 日別販売ＣＨ別売上累計Ｒ
WRITE 日別販売ＣＨ別売上累計Ｒ
WRITE 日別販売ＣＨ別売上累計Ｒ
WRITE 日別販売ＣＨ別売上累計Ｒ
WRITE 日別販売ＣＨ別売上累計Ｒ
WRITE 日別販売ＣＨ別売上累計Ｒ
WRITE 日別販売ＣＨ別売上累計Ｒ

2014/12/05 13:39:58	[HBHUN551-01]の実行処理が正常終了した。
2014/12/05 13:39:58	　　　☆☆☆実行処理が正常に終了しました。☆☆☆　　　
2014/12/05 13:39:58	結果出力　処理開始　(export)
2014/12/05 13:39:58	結果出力　処理終了　(export)
2014/12/05 13:39:58	[HBHUN551-01]の結果出力処理が開始した。
2014/12/05 13:40:01	[HBHUN551-01]に不一致が発生しました。
2014/12/05 13:40:01	　　　☆☆☆結果出力処理が正常に終了しました。☆☆☆　　　
2014/12/05 13:40:27	実行　処理開始　(perform)
2014/12/05 13:40:27	実行　処理終了　(perform)
2014/12/05 13:40:27	[HBHUN551-01]の実行処理が開始した。
2014/12/05 13:40:27	外部exe実行：CBLCTFM.EXE</r C:\Work\Projects\aat\aat\bin\Debug\Work\HBHUN551-01\HBHUN551-01.cfm>
2014/12/05 13:40:28	Std Output:	正常終了(DONE)

2014/12/05 13:40:28	外部exe実行：CBLCTFM.EXE</a C:\Work\Projects\aat\aat\bin\Debug\Work\HBHUN551-01\HBHUN551-01.cfm>
2014/12/05 13:40:28	Std Output:	正常終了(DONE)

2014/12/05 13:40:28	外部exe実行：C:\Work\Projects\aat\aat\bin\Debug\Work\HBHUN551-01\HBHUN551.exe<>
2014/12/05 13:40:29	Std Output:ＨＣＨＮゲームタイプ = 06
前ＨＣＨＮ売上金額 = 0000010370367
ＷＫ－売上金額 = 0000003456789
後ＨＣＨＮ売上金額 = 0000013827156
REWRITE
ＨＣＨＮ売上金額 = 0000010375367
ＨＣＨＮ売上金額 = 0000000020000
ＨＣＨＮ売上金額 = 0000013827156
ＨＣＨＮ売上金額 = 0000010375367
ＨＣＨＮ売上金額 = 0000000020000
ＨＣＨＮ売上金額 = 0000017283945
ＨＣＨＮ売上金額 = 0000000090000
ＨＣＨＮ売上金額 = 0000051851835
ＨＣＨＮ売上金額 = 0000000150000
ＨＣＨＮ売上金額 = 0000000030000
ＨＣＨＮ売上金額 = 0000000010000
CLOSEED
前　　　ＣＨＵＲ売上金額 = 0000010375367
Ｔ累計売上金額 = 0000013827156
後　　　ＣＨＵＲ売上金額 = 0000024202523
ＣＨＵＲ売上金額 = 0000024202523
CX00081
OUTPUT 日別販売ＣＨ別売上累計Ｒ
OUTPUT 日別販売ＣＨ別売上累計Ｒ
WRITE 日別販売ＣＨ別売上累計Ｒ
WRITE 日別販売ＣＨ別売上累計Ｒ
WRITE 日別販売ＣＨ別売上累計Ｒ
WRITE 日別販売ＣＨ別売上累計Ｒ
WRITE 日別販売ＣＨ別売上累計Ｒ
WRITE 日別販売ＣＨ別売上累計Ｒ
WRITE 日別販売ＣＨ別売上累計Ｒ
WRITE 日別販売ＣＨ別売上累計Ｒ
WRITE 日別販売ＣＨ別売上累計Ｒ
WRITE 日別販売ＣＨ別売上累計Ｒ

2014/12/05 13:40:29	[HBHUN551-01]の実行処理が正常終了した。
2014/12/05 13:40:29	　　　☆☆☆実行処理が正常に終了しました。☆☆☆　　　
2014/12/05 13:40:29	結果出力　処理開始　(export)
2014/12/05 13:40:29	結果出力　処理終了　(export)
2014/12/05 13:40:29	[HBHUN551-01]の結果出力処理が開始した。
2014/12/05 13:40:32	[HBHUN551-01]に不一致が発生しました。
2014/12/05 13:40:32	　　　☆☆☆結果出力処理が正常に終了しました。☆☆☆　　　
2014/12/05 13:54:44	デバッグ　処理開始　(debug)
2014/12/05 13:54:44	デバッグが開始しました。
2014/12/05 13:54:44	外部exe実行：cobAddDisplay.exe<\\10.169.71.236\構成管理\事前準備\COBOL85修正後\\HBHUN551.cob C:\Work\Projects\aat\aat\bin\Debug\PreWork\src\HBHUN551.cob ＣＨＵＲ売上金額>
2014/12/05 13:54:44	外部exe実行：CBL.EXE</M /Ccon /Dy /NOWARNING /O1 /IC:\Work\Cobol_分析\COPY\ /FeC:\Work\Projects\aat\aat\bin\Debug\PreWork\lib\ HBHUN551.cob >
2014/12/05 13:54:45	Std Output:COBOL85 Pro Version 8.7 
(C) NEC Corporation 1998,2013
    ***** ERROR SUMMARY LIST *****
    00000  FATAL ERRORS
    00000  WARNINGS
    SUCCESSFULLY COMPILED
Microsoft (R) Windows (R) Resource Compiler Version 6.3.9600.17298
Copyright (C) Microsoft Corporation.  All rights reserved.
Microsoft (R) Incremental Linker Version 12.00.31101.0
Copyright (C) Microsoft Corporation.  All rights reserved.
/SUBSYSTEM:CONSOLE /ENTRY:mainCRTStartup "HBHUN551.obj" "C:\Work\Projects\aat\aat\bin\Debug\PreWork\lib\HBHUN551.res" "/OUT:C:\Work\Projects\aat\aat\bin\Debug\PreWork\lib\HBHUN551.exe" cblrt.lib cblrts.lib cblxml.lib msvcrt.lib kernel32.lib 
Microsoft (R) Manifest Tool version 6.3.9600.17298
Copyright (c) Microsoft Corporation 2012. 
All rights reserved.

2014/12/05 13:54:45	デバッグが終了しました。
2014/12/05 13:54:45	デバッグ　処理終了　(debug)
2014/12/05 13:54:59	実行　処理開始　(perform)
2014/12/05 13:54:59	実行　処理終了　(perform)
2014/12/05 13:54:59	[HBHUN551-01]の実行処理が開始した。
2014/12/05 13:55:00	外部exe実行：CBLCTFM.EXE</r C:\Work\Projects\aat\aat\bin\Debug\Work\HBHUN551-01\HBHUN551-01.cfm>
2014/12/05 13:55:00	Std Output:	正常終了(DONE)

2014/12/05 13:55:00	外部exe実行：CBLCTFM.EXE</a C:\Work\Projects\aat\aat\bin\Debug\Work\HBHUN551-01\HBHUN551-01.cfm>
2014/12/05 13:55:01	Std Output:	正常終了(DONE)

2014/12/05 13:55:01	外部exe実行：C:\Work\Projects\aat\aat\bin\Debug\Work\HBHUN551-01\HBHUN551.exe<>
2014/12/05 13:55:01	Std Output:ＨＣＨＮゲームタイプ = 06
前ＨＣＨＮ売上金額 = 0000010370367
ＷＫ－売上金額 = 0000003456789
後ＨＣＨＮ売上金額 = 0000013827156
REWRITE
ＨＣＨＮ売上金額 = 0000010375367
ＨＣＨＮ売上金額 = 0000000020000
ＨＣＨＮ売上金額 = 0000013827156
ＨＣＨＮ売上金額 = 0000010375367
ＨＣＨＮ売上金額 = 0000000020000
ＨＣＨＮ売上金額 = 0000017283945
ＨＣＨＮ売上金額 = 0000000090000
ＨＣＨＮ売上金額 = 0000051851835
ＨＣＨＮ売上金額 = 0000000150000
ＨＣＨＮ売上金額 = 0000000030000
ＨＣＨＮ売上金額 = 0000000010000
CLOSEED
前　　　ＣＨＵＲ売上金額 = 0000010375367
Ｔ累計売上金額 = 0000013827156
後　　　ＣＨＵＲ売上金額 = 0000024202523
--LINE:593--  ＣＨＵＲ売上金額 = 0000024202523
CX00081
OUTPUT 日別販売ＣＨ別売上累計Ｒ
OUTPUT 日別販売ＣＨ別売上累計Ｒ
WRITE 日別販売ＣＨ別売上累計Ｒ
WRITE 日別販売ＣＨ別売上累計Ｒ
WRITE 日別販売ＣＨ別売上累計Ｒ
WRITE 日別販売ＣＨ別売上累計Ｒ
WRITE 日別販売ＣＨ別売上累計Ｒ
WRITE 日別販売ＣＨ別売上累計Ｒ
WRITE 日別販売ＣＨ別売上累計Ｒ
WRITE 日別販売ＣＨ別売上累計Ｒ
WRITE 日別販売ＣＨ別売上累計Ｒ
WRITE 日別販売ＣＨ別売上累計Ｒ

2014/12/05 13:55:01	[HBHUN551-01]の実行処理が正常終了した。
2014/12/05 13:55:01	　　　☆☆☆実行処理が正常に終了しました。☆☆☆　　　
2014/12/05 13:55:01	結果出力　処理開始　(export)
2014/12/05 13:55:01	結果出力　処理終了　(export)
2014/12/05 13:55:01	[HBHUN551-01]の結果出力処理が開始した。
2014/12/05 13:55:04	[HBHUN551-01]に不一致が発生しました。
2014/12/05 13:55:04	　　　☆☆☆結果出力処理が正常に終了しました。☆☆☆　　　
2014/12/05 14:06:20	実行　処理開始　(perform)
2014/12/05 14:06:20	実行　処理終了　(perform)
2014/12/05 14:06:20	[HBHUN551-02]の実行処理が開始した。
2014/12/05 14:06:21	外部exe実行：CBLCTFM.EXE</r C:\Work\Projects\aat\aat\bin\Debug\Work\HBHUN551-02\HBHUN551-02.cfm>
2014/12/05 14:06:21	Std Output:	正常終了(DONE)

2014/12/05 14:06:21	外部exe実行：CBLCTFM.EXE</a C:\Work\Projects\aat\aat\bin\Debug\Work\HBHUN551-02\HBHUN551-02.cfm>
2014/12/05 14:06:21	Std Output:	正常終了(DONE)

2014/12/05 14:06:21	外部exe実行：C:\Work\Projects\aat\aat\bin\Debug\Work\HBHUN551-02\HBHUN551.exe<>
2014/12/05 14:06:21	Std Output:ＨＣＨＮゲームタイプ = 06
前ＨＣＨＮ売上金額 = 0000010370367
ＷＫ－売上金額 = 0000003456789
後ＨＣＨＮ売上金額 = 0000013827156
REWRITE
ＨＣＨＮ売上金額 = 0000013827156
CLOSEED
前　　　ＣＨＵＲ売上金額 = 0000013832156
Ｔ累計売上金額 = 0000013827156
後　　　ＣＨＵＲ売上金額 = 0000027659312
--LINE:593--  ＣＨＵＲ売上金額 = 0000027659312
CX00081
OUTPUT 日別販売ＣＨ別売上累計Ｒ
OUTPUT 日別販売ＣＨ別売上累計Ｒ

2014/12/05 14:06:21	[HBHUN551-02]の実行処理が正常終了した。
2014/12/05 14:06:22	　　　☆☆☆実行処理が正常に終了しました。☆☆☆　　　
2014/12/05 14:07:16	結果出力　処理開始　(export)
2014/12/05 14:07:16	結果出力　処理終了　(export)
2014/12/05 14:07:16	[HBHUN551-02]の結果出力処理が開始した。
2014/12/05 14:07:18	[HBHUN551-02]に不一致が発生しました。
2014/12/05 14:07:19	　　　☆☆☆結果出力処理が正常に終了しました。☆☆☆　　　
2014/12/05 14:07:53	実行　処理開始　(perform)
2014/12/05 14:07:53	実行　処理終了　(perform)
2014/12/05 14:07:53	[HBHUN551-01]の実行処理が開始した。
2014/12/05 14:07:54	外部exe実行：CBLCTFM.EXE</r C:\Work\Projects\aat\aat\bin\Debug\Work\HBHUN551-01\HBHUN551-01.cfm>
2014/12/05 14:07:54	Std Output:	正常終了(DONE)

2014/12/05 14:07:54	外部exe実行：CBLCTFM.EXE</a C:\Work\Projects\aat\aat\bin\Debug\Work\HBHUN551-01\HBHUN551-01.cfm>
2014/12/05 14:07:54	Std Output:	正常終了(DONE)

2014/12/05 14:07:54	外部exe実行：C:\Work\Projects\aat\aat\bin\Debug\Work\HBHUN551-01\HBHUN551.exe<>
2014/12/05 14:07:54	Std Output:ＨＣＨＮゲームタイプ = 06
前ＨＣＨＮ売上金額 = 0000010370367
ＷＫ－売上金額 = 0000003456789
後ＨＣＨＮ売上金額 = 0000013827156
REWRITE
ＨＣＨＮ売上金額 = 0000010375367
ＨＣＨＮ売上金額 = 0000000020000
ＨＣＨＮ売上金額 = 0000013827156
ＨＣＨＮ売上金額 = 0000010375367
ＨＣＨＮ売上金額 = 0000000020000
ＨＣＨＮ売上金額 = 0000017283945
ＨＣＨＮ売上金額 = 0000000090000
ＨＣＨＮ売上金額 = 0000051851835
ＨＣＨＮ売上金額 = 0000000150000
ＨＣＨＮ売上金額 = 0000000030000
ＨＣＨＮ売上金額 = 0000000010000
CLOSEED
前　　　ＣＨＵＲ売上金額 = 0000010375367
Ｔ累計売上金額 = 0000013827156
後　　　ＣＨＵＲ売上金額 = 0000024202523
--LINE:593--  ＣＨＵＲ売上金額 = 0000024202523
CX00081
OUTPUT 日別販売ＣＨ別売上累計Ｒ
OUTPUT 日別販売ＣＨ別売上累計Ｒ
WRITE 日別販売ＣＨ別売上累計Ｒ
WRITE 日別販売ＣＨ別売上累計Ｒ
WRITE 日別販売ＣＨ別売上累計Ｒ
WRITE 日別販売ＣＨ別売上累計Ｒ
WRITE 日別販売ＣＨ別売上累計Ｒ
WRITE 日別販売ＣＨ別売上累計Ｒ
WRITE 日別販売ＣＨ別売上累計Ｒ
WRITE 日別販売ＣＨ別売上累計Ｒ
WRITE 日別販売ＣＨ別売上累計Ｒ
WRITE 日別販売ＣＨ別売上累計Ｒ

2014/12/05 14:07:54	[HBHUN551-01]の実行処理が正常終了した。
2014/12/05 14:07:54	　　　☆☆☆実行処理が正常に終了しました。☆☆☆　　　
2014/12/05 14:08:26	結果出力　処理開始　(export)
2014/12/05 14:08:26	結果出力　処理終了　(export)
2014/12/05 14:08:27	[HBHUN551-01]の結果出力処理が開始した。
2014/12/05 14:08:29	[HBHUN551-01]に不一致が発生しました。
2014/12/05 14:08:29	　　　☆☆☆結果出力処理が正常に終了しました。☆☆☆　　　
2014/12/05 14:55:11	デバッグ　処理開始　(debug)
2014/12/05 14:55:12	デバッグが開始しました。
2014/12/05 14:55:12	外部exe実行：cobAddDisplay.exe<C:\temp\cobolSRC\HBHUN551.cob C:\Work\Projects\aat\aat\bin\Debug\PreWork\src\HBHUN551.cob ＣＨＵＲ売上金額>
2014/12/05 14:55:12	外部exe実行：CBL.EXE</M /Ccon /Dy /NOWARNING /O1 /IC:\Work\Cobol_分析\COPY\ /FeC:\Work\Projects\aat\aat\bin\Debug\PreWork\lib\ HBHUN551.cob >
2014/12/05 14:55:12	Std Output:COBOL85 Pro Version 8.7 
(C) NEC Corporation 1998,2013
    ***** ERROR SUMMARY LIST *****
    00000  FATAL ERRORS
    00000  WARNINGS
    SUCCESSFULLY COMPILED
Microsoft (R) Windows (R) Resource Compiler Version 6.3.9600.17298
Copyright (C) Microsoft Corporation.  All rights reserved.
Microsoft (R) Incremental Linker Version 12.00.31101.0
Copyright (C) Microsoft Corporation.  All rights reserved.
/SUBSYSTEM:CONSOLE /ENTRY:mainCRTStartup "HBHUN551.obj" "C:\Work\Projects\aat\aat\bin\Debug\PreWork\lib\HBHUN551.res" "/OUT:C:\Work\Projects\aat\aat\bin\Debug\PreWork\lib\HBHUN551.exe" cblrt.lib cblrts.lib cblxml.lib msvcrt.lib kernel32.lib 
Microsoft (R) Manifest Tool version 6.3.9600.17298
Copyright (c) Microsoft Corporation 2012. 
All rights reserved.

2014/12/05 14:55:12	デバッグが終了しました。
2014/12/05 14:55:12	デバッグ　処理終了　(debug)
2014/12/05 14:55:15	実行　処理開始　(perform)
2014/12/05 14:55:15	実行　処理終了　(perform)
2014/12/05 14:55:15	[HBHUN551-01]の実行処理が開始した。
2014/12/05 14:55:15	[HBHUN551-01]の実行処理にエラーが発生しました。ログファイルをご参照ください。
2014/12/05 14:55:22	別のプロセスで使用されているため、プロセスはファイル 'HBHUN551-01_Compare.xlsx' にアクセスできません。
2014/12/05 14:55:22	　　　☆☆☆実行処理が正常に終了しました。☆☆☆　　　
2014/12/05 14:55:22	結果出力　処理開始　(export)
2014/12/05 14:55:22	結果出力　処理終了　(export)
2014/12/05 14:55:23	[HBHUN551-01]の結果出力処理が開始した。
2014/12/05 14:55:23	[HBHUN551-01]の出力ファイルが存在しません<C:\Work\Projects\aat\aat\bin\Debug\Work\HBHUN551-01\IO\VICHNURI>
2014/12/05 14:55:23	[HBHUN551-01]の出力ファイルが存在しません<C:\Work\Projects\aat\aat\bin\Debug\Work\HBHUN551-01\IO\VIHCHNUR>
2014/12/05 14:55:24	[HBHUN551-01]の比較にエラーが発生しました。
2014/12/05 14:55:24	\n出力ファイルが存在しません<C:\Work\Projects\aat\aat\bin\Debug\Work\HBHUN551-01\IO\VIHCHNUR>
2014/12/05 14:55:25	　　　☆☆☆結果出力処理が正常に終了しました。☆☆☆　　　
2014/12/05 14:55:27	実行　処理開始　(perform)
2014/12/05 14:55:27	実行　処理終了　(perform)
2014/12/05 14:55:27	[HBHUN551-01]の実行処理が開始した。
2014/12/05 14:55:27	外部exe実行：CBLCTFM.EXE</r C:\Work\Projects\aat\aat\bin\Debug\Work\HBHUN551-01\HBHUN551-01.cfm>
2014/12/05 14:55:27	Std Output:	正常終了(DONE)

2014/12/05 14:55:27	外部exe実行：CBLCTFM.EXE</a C:\Work\Projects\aat\aat\bin\Debug\Work\HBHUN551-01\HBHUN551-01.cfm>
2014/12/05 14:55:28	Std Output:	正常終了(DONE)

2014/12/05 14:55:28	外部exe実行：C:\Work\Projects\aat\aat\bin\Debug\Work\HBHUN551-01\HBHUN551.exe<>
2014/12/05 14:55:28	Std Output:CLOSEED
--LINE:583--  ＣＨＵＲ売上金額 = 0000024202523

2014/12/05 14:55:28	[HBHUN551-01]の実行処理が正常終了した。
2014/12/05 14:55:28	　　　☆☆☆実行処理が正常に終了しました。☆☆☆　　　
2014/12/05 14:55:28	結果出力　処理開始　(export)
2014/12/05 14:55:28	結果出力　処理終了　(export)
2014/12/05 14:55:28	[HBHUN551-01]の結果出力処理が開始した。
2014/12/05 14:55:30	[HBHUN551-01]に不一致が発生しました。
2014/12/05 14:55:31	　　　☆☆☆結果出力処理が正常に終了しました。☆☆☆　　　
2014/12/05 14:56:43	実行　処理開始　(perform)
2014/12/05 14:56:43	実行　処理終了　(perform)
2014/12/05 14:56:43	[HBHUN551-01]の実行処理が開始した。
2014/12/05 14:56:43	外部exe実行：CBLCTFM.EXE</r C:\Work\Projects\aat\aat\bin\Debug\Work\HBHUN551-01\HBHUN551-01.cfm>
2014/12/05 14:56:43	Std Output:	正常終了(DONE)

2014/12/05 14:56:44	外部exe実行：CBLCTFM.EXE</a C:\Work\Projects\aat\aat\bin\Debug\Work\HBHUN551-01\HBHUN551-01.cfm>
2014/12/05 14:56:44	Std Output:	正常終了(DONE)

2014/12/05 14:56:44	外部exe実行：C:\Work\Projects\aat\aat\bin\Debug\Work\HBHUN551-01\HBHUN551.exe<>
2014/12/05 14:56:44	Std Output:CLOSEED
--LINE:583--  ＣＨＵＲ売上金額 = 0000024202523

2014/12/05 14:56:44	[HBHUN551-01]の実行処理が正常終了した。
2014/12/05 14:56:44	　　　☆☆☆実行処理が正常に終了しました。☆☆☆　　　
2014/12/05 14:56:44	結果出力　処理開始　(export)
2014/12/05 14:56:44	結果出力　処理終了　(export)
2014/12/05 14:56:44	[HBHUN551-01]の結果出力処理が開始した。
2014/12/05 14:56:46	[HBHUN551-01]に不一致が発生しました。
2014/12/05 14:56:47	　　　☆☆☆結果出力処理が正常に終了しました。☆☆☆　　　
2014/12/05 15:06:52	デバッグ　処理開始　(debug)
2014/12/05 15:06:53	デバッグが開始しました。
2014/12/05 15:06:53	外部exe実行：cobAddDisplay.exe<C:\temp\cobolSRC\HBHUN551.cob C:\Work\Projects\aat\aat\bin\Debug\PreWork\src\HBHUN551.cob ＣＨＵＲ売上金額>
2014/12/05 15:07:21	'cobAddDisplay.exe C:\temp\cobolSRC\HBHUN551.cob C:\Work\Projects\aat\aat\bin\Debug\PreWork\src\HBHUN551.cob ＣＨＵＲ売上金額' finished with exit code = -532462766: 
ハンドルされていない例外: System.IO.IOException: 別のプロセスで使用されているため、プロセスはファイル 'C:\Work\Projects\aat\aat\bin\Debug\PreWork\src\HBHUN551.cob' にアクセスできません。
   場所 System.IO.__Error.WinIOError(Int32 errorCode, String maybeFullPath)
   場所 System.IO.FileStream.Init(String path, FileMode mode, FileAccess access, Int32 rights, Boolean useRights, FileShare share, Int32 bufferSize, FileOptions options, SECURITY_ATTRIBUTES secAttrs, String msgPath, Boolean bFromProxy, Boolean useLongPath, Boolean checkHost)
   場所 System.IO.FileStream..ctor(String path, FileMode mode, FileAccess access)
   場所 cobAddDisplay.Program.addDisplay(String srcFileName, String dstFileName, String rex)
   場所 cobAddDisplay.Program.Main(String[] args)


2014/12/05 15:07:21	外部exe実行：CBL.EXE</M /Ccon /Dy /NOWARNING /O1 /IC:\Work\Cobol_分析\COPY\ /FeC:\Work\Projects\aat\aat\bin\Debug\PreWork\lib\ HBHUN551.cob >
2014/12/05 15:07:22	Std Output:COBOL85 Pro Version 8.7 
(C) NEC Corporation 1998,2013
    ***** ERROR SUMMARY LIST *****
    00000  FATAL ERRORS
    00000  WARNINGS
    SUCCESSFULLY COMPILED
Microsoft (R) Windows (R) Resource Compiler Version 6.3.9600.17298
Copyright (C) Microsoft Corporation.  All rights reserved.
Microsoft (R) Incremental Linker Version 12.00.31101.0
Copyright (C) Microsoft Corporation.  All rights reserved.
/SUBSYSTEM:CONSOLE /ENTRY:mainCRTStartup "HBHUN551.obj" "C:\Work\Projects\aat\aat\bin\Debug\PreWork\lib\HBHUN551.res" "/OUT:C:\Work\Projects\aat\aat\bin\Debug\PreWork\lib\HBHUN551.exe" cblrt.lib cblrts.lib cblxml.lib msvcrt.lib kernel32.lib 
Microsoft (R) Manifest Tool version 6.3.9600.17298
Copyright (c) Microsoft Corporation 2012. 
All rights reserved.

2014/12/05 15:07:22	デバッグが終了しました。
2014/12/05 15:07:22	デバッグ　処理終了　(debug)
2014/12/05 15:08:07	デバッグ　処理開始　(debug)
2014/12/05 15:08:08	デバッグが開始しました。
2014/12/05 15:08:08	外部exe実行：cobAddDisplay.exe<C:\temp\cobolSRC\HBHUN551.cob C:\Work\Projects\aat\aat\bin\Debug\PreWork\src\HBHUN551.cob ＣＨＵＲ売上金額>
2014/12/05 15:08:08	外部exe実行：CBL.EXE</M /Ccon /Dy /NOWARNING /O1 /IC:\Work\Cobol_分析\COPY\ /FeC:\Work\Projects\aat\aat\bin\Debug\PreWork\lib\ HBHUN551.cob >
2014/12/05 15:08:08	Std Output:COBOL85 Pro Version 8.7 
(C) NEC Corporation 1998,2013
    ***** ERROR SUMMARY LIST *****
    00000  FATAL ERRORS
    00000  WARNINGS
    SUCCESSFULLY COMPILED
Microsoft (R) Windows (R) Resource Compiler Version 6.3.9600.17298
Copyright (C) Microsoft Corporation.  All rights reserved.
Microsoft (R) Incremental Linker Version 12.00.31101.0
Copyright (C) Microsoft Corporation.  All rights reserved.
/SUBSYSTEM:CONSOLE /ENTRY:mainCRTStartup "HBHUN551.obj" "C:\Work\Projects\aat\aat\bin\Debug\PreWork\lib\HBHUN551.res" "/OUT:C:\Work\Projects\aat\aat\bin\Debug\PreWork\lib\HBHUN551.exe" cblrt.lib cblrts.lib cblxml.lib msvcrt.lib kernel32.lib 
Microsoft (R) Manifest Tool version 6.3.9600.17298
Copyright (c) Microsoft Corporation 2012. 
All rights reserved.

2014/12/05 15:08:08	デバッグが終了しました。
2014/12/05 15:08:08	デバッグ　処理終了　(debug)
2014/12/05 15:08:58	実行　処理開始　(perform)
2014/12/05 15:08:58	実行　処理終了　(perform)
2014/12/05 15:08:58	[HBHUN551-01]の実行処理が開始した。
2014/12/05 15:08:59	外部exe実行：CBLCTFM.EXE</r C:\Work\Projects\aat\aat\bin\Debug\Work\HBHUN551-01\HBHUN551-01.cfm>
2014/12/05 15:08:59	Std Output:	正常終了(DONE)

2014/12/05 15:08:59	外部exe実行：CBLCTFM.EXE</a C:\Work\Projects\aat\aat\bin\Debug\Work\HBHUN551-01\HBHUN551-01.cfm>
2014/12/05 15:08:59	Std Output:	正常終了(DONE)

2014/12/05 15:08:59	外部exe実行：C:\Work\Projects\aat\aat\bin\Debug\Work\HBHUN551-01\HBHUN551.exe<>
2014/12/05 15:08:59	Std Output:CLOSEED
--LINE:579--  ＣＨＵＲ売上金額 = 0000010375367
--LINE:584--  ＣＨＵＲ売上金額 = 0000024202523

2014/12/05 15:08:59	[HBHUN551-01]の実行処理が正常終了した。
2014/12/05 15:08:59	　　　☆☆☆実行処理が正常に終了しました。☆☆☆　　　
2014/12/05 15:08:59	結果出力　処理開始　(export)
2014/12/05 15:08:59	結果出力　処理終了　(export)
2014/12/05 15:09:00	[HBHUN551-01]の結果出力処理が開始した。
2014/12/05 15:09:02	[HBHUN551-01]に不一致が発生しました。
2014/12/05 15:09:03	　　　☆☆☆結果出力処理が正常に終了しました。☆☆☆　　　
2014/12/05 15:40:10	実行　処理開始　(perform)
2014/12/05 15:40:10	実行　処理終了　(perform)
2014/12/05 15:40:10	[HBHUN551-01]の実行処理が開始した。
2014/12/05 15:40:10	[HBHUN551-01]の実行処理にエラーが発生しました。ログファイルをご参照ください。
2014/12/05 15:40:12	ディレクトリが空ではありません。

2014/12/05 15:40:12	　　　☆☆☆実行処理が正常に終了しました。☆☆☆　　　
2014/12/05 15:40:12	結果出力　処理開始　(export)
2014/12/05 15:40:12	結果出力　処理終了　(export)
2014/12/05 15:40:12	[HBHUN551-01]の結果出力処理が開始した。
2014/12/05 15:40:13	[HBHUN551-01]の出力ファイルが存在しません<C:\Work\Projects\aat\aat\bin\Debug\Work\HBHUN551-01\IO\VICHNURI>
2014/12/05 15:40:13	[HBHUN551-01]の出力ファイルが存在しません<C:\Work\Projects\aat\aat\bin\Debug\Work\HBHUN551-01\IO\VIHCHNUR>
2014/12/05 15:40:13	[HBHUN551-01]の比較にエラーが発生しました。
2014/12/05 15:40:13	\n出力ファイルが存在しません<C:\Work\Projects\aat\aat\bin\Debug\Work\HBHUN551-01\IO\VIHCHNUR>
2014/12/05 15:40:14	　　　☆☆☆結果出力処理が正常に終了しました。☆☆☆　　　
2014/12/05 15:40:35	実行　処理開始　(perform)
2014/12/05 15:40:35	実行　処理終了　(perform)
2014/12/05 15:40:35	[HBHUN551-01]の実行処理にエラーが発生しました。ログファイルをご参照ください。
2014/12/05 15:40:35	[HBHUN551-01]の実行処理にエラーが発生しました。ログファイルをご参照ください。
2014/12/05 15:40:38	パス 'C:\Work\Projects\aat\aat\bin\Debug\Work\HBHUN551-01\Comp' へのアクセスが拒否されました。
2014/12/05 15:40:38	　　　☆☆☆実行処理が正常に終了しました。☆☆☆　　　
2014/12/05 15:40:38	結果出力　処理開始　(export)
2014/12/05 15:40:38	結果出力　処理終了　(export)
2014/12/05 15:40:39	[HBHUN551-01]の結果出力処理が開始した。
2014/12/05 15:40:39	[HBHUN551-01]の出力ファイルが存在しません<C:\Work\Projects\aat\aat\bin\Debug\Work\HBHUN551-01\IO\VICHNURI>
2014/12/05 15:40:39	[HBHUN551-01]の出力ファイルが存在しません<C:\Work\Projects\aat\aat\bin\Debug\Work\HBHUN551-01\IO\VIHCHNUR>
2014/12/05 15:40:40	[HBHUN551-01]の比較にエラーが発生しました。
2014/12/05 15:40:40	\n出力ファイルが存在しません<C:\Work\Projects\aat\aat\bin\Debug\Work\HBHUN551-01\IO\VIHCHNUR>
2014/12/05 15:40:40	　　　☆☆☆結果出力処理が正常に終了しました。☆☆☆　　　
2014/12/05 15:40:44	実行　処理開始　(perform)
2014/12/05 15:40:44	実行　処理終了　(perform)
2014/12/05 15:40:44	[HBHUN551-01]の実行処理が開始した。
2014/12/05 15:40:44	外部exe実行：CBLCTFM.EXE</r C:\Work\Projects\aat\aat\bin\Debug\Work\HBHUN551-01\HBHUN551-01.cfm>
2014/12/05 15:40:44	Std Output:	正常終了(DONE)

2014/12/05 15:40:45	外部exe実行：CBLCTFM.EXE</a C:\Work\Projects\aat\aat\bin\Debug\Work\HBHUN551-01\HBHUN551-01.cfm>
2014/12/05 15:40:45	Std Output:	正常終了(DONE)

2014/12/05 15:40:45	外部exe実行：C:\Work\Projects\aat\aat\bin\Debug\Work\HBHUN551-01\HBHUN551.exe<>
2014/12/05 15:40:45	Std Output:CLOSEED
--LINE:579--  ＣＨＵＲ売上金額 = 0000010375367
--LINE:584--  ＣＨＵＲ売上金額 = 0000024202523

2014/12/05 15:40:45	[HBHUN551-01]の実行処理が正常終了した。
2014/12/05 15:40:45	　　　☆☆☆実行処理が正常に終了しました。☆☆☆　　　
2014/12/05 15:40:45	結果出力　処理開始　(export)
2014/12/05 15:40:45	結果出力　処理終了　(export)
2014/12/05 15:40:45	[HBHUN551-01]の結果出力処理が開始した。
2014/12/05 15:40:48	[HBHUN551-01]に不一致が発生しました。
2014/12/05 15:40:48	　　　☆☆☆結果出力処理が正常に終了しました。☆☆☆　　　
2014/12/05 15:45:16	実行　処理開始　(perform)
2014/12/05 15:45:16	実行　処理終了　(perform)
2014/12/05 15:45:16	[HBHUN551-01]の実行処理が開始した。
2014/12/05 15:45:16	外部exe実行：CBLCTFM.EXE</r C:\Work\Projects\aat\aat\bin\Debug\Work\HBHUN551-01\HBHUN551-01.cfm>
2014/12/05 15:45:16	Std Output:	正常終了(DONE)

2014/12/05 15:45:17	外部exe実行：CBLCTFM.EXE</a C:\Work\Projects\aat\aat\bin\Debug\Work\HBHUN551-01\HBHUN551-01.cfm>
2014/12/05 15:45:17	Std Output:	正常終了(DONE)

2014/12/05 15:45:17	外部exe実行：C:\Work\Projects\aat\aat\bin\Debug\Work\HBHUN551-01\HBHUN551.exe<>
2014/12/05 15:45:17	Std Output:CLOSEED
--LINE:579--  ＣＨＵＲ売上金額 = 0000010375367
--LINE:584--  ＣＨＵＲ売上金額 = 0000024202523

2014/12/05 15:45:17	[HBHUN551-01]の実行処理が正常終了した。
2014/12/05 15:45:17	　　　☆☆☆実行処理が正常に終了しました。☆☆☆　　　
2014/12/05 15:45:17	結果出力　処理開始　(export)
2014/12/05 15:45:17	結果出力　処理終了　(export)
2014/12/05 15:45:17	[HBHUN551-01]の結果出力処理が開始した。
2014/12/05 15:45:20	[HBHUN551-01]に不一致が発生しました。
2014/12/05 15:45:20	　　　☆☆☆結果出力処理が正常に終了しました。☆☆☆　　　
2014/12/05 17:06:58	実行　処理開始　(perform)
2014/12/05 17:06:58	実行　処理終了　(perform)
2014/12/05 17:06:58	[HBHUN551-01]の実行処理が開始した。
2014/12/05 17:06:59	[HBHUN551-01]の実行処理にエラーが発生しました。ログファイルをご参照ください。
2014/12/05 17:07:02	別のプロセスで使用されているため、プロセスはファイル 'CFCHUR_販売チャネル別売上累計ファイル.xlsx' にアクセスできません。
2014/12/05 17:07:02	　　　☆☆☆実行処理が正常に終了しました。☆☆☆　　　
2014/12/05 17:07:02	結果出力　処理開始　(export)
2014/12/05 17:07:02	結果出力　処理終了　(export)
2014/12/05 17:07:02	[HBHUN551-01]の結果出力処理が開始した。
2014/12/05 17:07:03	[HBHUN551-01]の出力ファイルが存在しません<C:\Work\Projects\aat\aat\bin\Debug\Work\HBHUN551-01\IO\VICHNURI>
2014/12/05 17:07:03	[HBHUN551-01]の出力ファイルが存在しません<C:\Work\Projects\aat\aat\bin\Debug\Work\HBHUN551-01\IO\VIHCHNUR>
2014/12/05 17:07:03	[HBHUN551-01]の比較にエラーが発生しました。
2014/12/05 17:07:03	\n出力ファイルが存在しません<C:\Work\Projects\aat\aat\bin\Debug\Work\HBHUN551-01\IO\VIHCHNUR>
2014/12/05 17:07:04	　　　☆☆☆結果出力処理が正常に終了しました。☆☆☆　　　
2014/12/05 17:07:06	実行　処理開始　(perform)
2014/12/05 17:07:06	実行　処理終了　(perform)
2014/12/05 17:07:06	[HBHUN551-01]の実行処理が開始した。
2014/12/05 17:07:07	外部exe実行：CBLCTFM.EXE</r C:\Work\Projects\aat\aat\bin\Debug\Work\HBHUN551-01\HBHUN551-01.cfm>
2014/12/05 17:07:07	Std Output:	正常終了(DONE)

2014/12/05 17:07:08	外部exe実行：CBLCTFM.EXE</a C:\Work\Projects\aat\aat\bin\Debug\Work\HBHUN551-01\HBHUN551-01.cfm>
2014/12/05 17:07:08	Std Output:	正常終了(DONE)

2014/12/05 17:07:08	外部exe実行：C:\Work\Projects\aat\aat\bin\Debug\Work\HBHUN551-01\HBHUN551.exe<>
2014/12/05 17:07:08	Std Output:CLOSEED
--LINE:579--  ＣＨＵＲ売上金額 = 0000010375367
--LINE:584--  ＣＨＵＲ売上金額 = 0000024202523

2014/12/05 17:07:08	[HBHUN551-01]の実行処理が正常終了した。
2014/12/05 17:07:08	　　　☆☆☆実行処理が正常に終了しました。☆☆☆　　　
2014/12/05 17:07:08	結果出力　処理開始　(export)
2014/12/05 17:07:08	結果出力　処理終了　(export)
2014/12/05 17:07:08	[HBHUN551-01]の結果出力処理が開始した。
2014/12/05 17:07:11	[HBHUN551-01]に不一致が発生しました。
2014/12/05 17:07:11	　　　☆☆☆結果出力処理が正常に終了しました。☆☆☆　　　
2014/12/05 17:07:19	実行　処理開始　(perform)
2014/12/05 17:07:19	実行　処理終了　(perform)
2014/12/05 17:07:19	[HBHUN551-01]の実行処理が開始した。
2014/12/05 17:07:19	外部exe実行：CBLCTFM.EXE</r C:\Work\Projects\aat\aat\bin\Debug\Work\HBHUN551-01\HBHUN551-01.cfm>
2014/12/05 17:07:19	Std Output:	正常終了(DONE)

2014/12/05 17:07:20	外部exe実行：CBLCTFM.EXE</a C:\Work\Projects\aat\aat\bin\Debug\Work\HBHUN551-01\HBHUN551-01.cfm>
2014/12/05 17:07:20	Std Output:	正常終了(DONE)

2014/12/05 17:07:20	外部exe実行：C:\Work\Projects\aat\aat\bin\Debug\Work\HBHUN551-01\HBHUN551.exe<>
2014/12/05 17:07:20	Std Output:CLOSEED
--LINE:579--  ＣＨＵＲ売上金額 = 0000010375367
--LINE:584--  ＣＨＵＲ売上金額 = 0000024202523

2014/12/05 17:07:20	[HBHUN551-01]の実行処理が正常終了した。
2014/12/05 17:07:20	　　　☆☆☆実行処理が正常に終了しました。☆☆☆　　　
2014/12/05 17:07:20	結果出力　処理開始　(export)
2014/12/05 17:07:20	結果出力　処理終了　(export)
2014/12/05 17:07:20	[HBHUN551-01]の結果出力処理が開始した。
2014/12/05 17:07:22	[HBHUN551-01]に不一致が発生しました。
2014/12/05 17:07:23	　　　☆☆☆結果出力処理が正常に終了しました。☆☆☆　　　
2014/12/05 17:17:45	データ変換　処理開始　(convert)
2014/12/05 17:17:45	データ変換　処理終了　(convert)
2014/12/05 17:17:46	データ変換　処理開始　(convert)
2014/12/05 17:17:46	データ変換　処理終了　(convert)
