2014/11/18 15:45:51	run_Click　処理開始　
2014/11/18 15:46:16	run_Click　処理終了　
2014/11/18 15:46:17	外部exe実行：CBLCTFM.EXE</r C:\Work\Projects\aat\aat\bin\Debug\Work\HBHUN330-01\HBHUN330-01.cfm>
2014/11/18 15:46:24	Std Output:	正常終了(DONE)

2014/11/18 15:46:24	外部exe実行：CBLCTFM.EXE</a C:\Work\Projects\aat\aat\bin\Debug\Work\HBHUN330-01\HBHUN330-01.cfm>
2014/11/18 15:46:24	Std Output:	正常終了(DONE)

2014/11/18 15:46:24	外部exe実行：C:\Work\Projects\aat\aat\bin\Debug\Work\HBHUN330-01\HBHUN330.exe<>
2014/11/18 15:46:24	Std Output:CX00029
CX00031
CX00052
CX00054
CX00056
CX00062
CX00064
CX00230
CX00068
変数販売チャネル=01
ＧＹＳＡ販売チャネルコード=01
CX00069
ＵＲＳＳ売場コード=595329
CX00070
CX00230
CX00089
CX00091
CX00094
CX00095
CX00068
変数販売チャネル=01
ＧＹＳＡ販売チャネルコード=01
CX00069
ＵＲＳＳ売場コード=595330
CX00070
CX00230
CX00089
CX00091
CX00094
CX00095
CX00068
変数販売チャネル=01
ＧＹＳＡ販売チャネルコード=01
CX00069
ＵＲＳＳ売場コード=595331
CX00070
CX00230
CX00089
CX00091
CX00094
CX00095
CX00068
変数販売チャネル=01
ＧＹＳＡ販売チャネルコード=01
CX00069
ＵＲＳＳ売場コード=595332
CX00070
CX00089
CX00091
CX00094
CX00095
CX00068
変数販売チャネル=01
ＧＹＳＡ販売チャネルコード=01
CX00069
ＵＲＳＳ売場コード=595333
CX00070
CX00089
CX00091
CX00094
CX00095
CX00068
変数販売チャネル=01
ＧＹＳＡ販売チャネルコード=01
CX00069
ＵＲＳＳ売場コード=596329
CX00070
CX00230
CX00089
CX00091
CX00094
CX00095
CX00068
変数販売チャネル=01
ＧＹＳＡ販売チャネルコード=01
CX00069
ＵＲＳＳ売場コード=596330
CX00070
CX00230
CX00089
CX00091
CX00094
CX00095
CX00068
変数販売チャネル=01
ＧＹＳＡ販売チャネルコード=01
CX00069
ＵＲＳＳ売場コード=596331
CX00070
CX00230
CX00089
CX00091
CX00094
CX00095
CX00068
変数販売チャネル=01
ＧＹＳＡ販売チャネルコード=01
CX00069
ＵＲＳＳ売場コード=596332
CX00070
CX00089
CX00091
CX00094
CX00095
CX00068
変数販売チャネル=01
ＧＹＳＡ販売チャネルコード=01
CX00069
ＵＲＳＳ売場コード=596333
CX00070
CX00089
CX00091
CX00094
CX00095
CX00068
変数販売チャネル=01
ＧＹＳＡ販売チャネルコード=01
CX00069
ＵＲＳＳ売場コード=596339
CX00070
CX00089
CX00091
CX00094
CX00095
CX00068
変数販売チャネル=01
ＧＹＳＡ販売チャネルコード=01
CX00069
ＵＲＳＳ売場コード=596340
CX00070
CX00089
CX00091
CX00094
CX00095
CX00068
変数販売チャネル=01
ＧＹＳＡ販売チャネルコード=01
CX00069
ＵＲＳＳ売場コード=597329
CX00070
CX00089
CX00091
CX00094
CX00095
CX00068
変数販売チャネル=01
ＧＹＳＡ販売チャネルコード=01
CX00069
ＵＲＳＳ売場コード=597330
CX00070
CX00089
CX00091
CX00094
CX00095
CX00068
変数販売チャネル=01
ＧＹＳＡ販売チャネルコード=01
CX00069
ＵＲＳＳ売場コード=597331
CX00070
CX00089
CX00091
CX00094
CX00095
CX00068
変数販売チャネル=01
ＧＹＳＡ販売チャネルコード=01
CX00069
ＵＲＳＳ売場コード=597332
CX00070
CX00089
CX00091
CX00094
CX00095
CX00068
変数販売チャネル=01
ＧＹＳＡ販売チャネルコード=01
CX00069
ＵＲＳＳ売場コード=597333
CX00070
CX00089
CX00090
CX00091
CX00094
CX00095
CX00067
CX00098
CX00109
P000-RTN
CX00032
CX00033
P100-RTN
CX00114
CX00117
CX00134
CX00114
CX00117
CX00134
CX00114
CX00117
CX00134
CX00114
CX00117
CX00134
CX00114
CX00117
CX00134
CX00114
CX00117
CX00134
CX00114
CX00117
CX00134
CX00114
CX00117
CX00134
CX00114
CX00117
CX00134
CX00114
CX00117
CX00134
CX00140
CX00142
CX00144
ＵＳＷＦゲームタイプ=01
ＵＳＷＦブロックコード=+00000
IX1=+00001
ＵＳＷＦ支払回号 (IX1)=+00001
ＵＳＷＦゲームタイプ=01
ＵＳＷＦブロックコード=+00000
IX1=+00002
ＵＳＷＦ支払回号 (IX1)=+00002
ＵＳＷＦゲームタイプ=01
ＵＳＷＦブロックコード=+00000
IX1=+00003
ＵＳＷＦ支払回号 (IX1)=+00003
ＵＳＷＦゲームタイプ=01
ＵＳＷＦブロックコード=+00000
IX1=+00004
ＵＳＷＦ支払回号 (IX1)=+00004
ＵＳＷＦゲームタイプ=01
ＵＳＷＦブロックコード=+00000
IX1=+00005
ＵＳＷＦ支払回号 (IX1)=+00005
CX00145
CX00142
CX00144
ＵＳＷＦゲームタイプ=02
ＵＳＷＦブロックコード=+00000
IX1=+00001
ＵＳＷＦ支払回号 (IX1)=+00001
ＵＳＷＦゲームタイプ=02
ＵＳＷＦブロックコード=+00000
IX1=+00002
ＵＳＷＦ支払回号 (IX1)=+00002
ＵＳＷＦゲームタイプ=02
ＵＳＷＦブロックコード=+00000
IX1=+00003
ＵＳＷＦ支払回号 (IX1)=+00003
ＵＳＷＦゲームタイプ=02
ＵＳＷＦブロックコード=+00000
IX1=+00004
ＵＳＷＦ支払回号 (IX1)=+00004
ＵＳＷＦゲームタイプ=02
ＵＳＷＦブロックコード=+00000
IX1=+00005
ＵＳＷＦ支払回号 (IX1)=+00005
CX00145
CX00142
CX00144
CX00145
CX00156
CX00140
CX00142
CX00144
ＵＳＷＦゲームタイプ=01
ＵＳＷＦブロックコード=+00000
IX1=+00001
ＵＳＷＦ支払回号 (IX1)=+00001
ＵＳＷＦゲームタイプ=01
ＵＳＷＦブロックコード=+00000
IX1=+00002
ＵＳＷＦ支払回号 (IX1)=+00002
ＵＳＷＦゲームタイプ=01
ＵＳＷＦブロックコード=+00000
IX1=+00003
ＵＳＷＦ支払回号 (IX1)=+00003
ＵＳＷＦゲームタイプ=01
ＵＳＷＦブロックコード=+00000
IX1=+00004
ＵＳＷＦ支払回号 (IX1)=+00004
ＵＳＷＦゲームタイプ=01
ＵＳＷＦブロックコード=+00000
IX1=+00005
ＵＳＷＦ支払回号 (IX1)=+00005
CX00145
CX00142
CX00144
ＵＳＷＦゲームタイプ=02
ＵＳＷＦブロックコード=+00000
IX1=+00001
ＵＳＷＦ支払回号 (IX1)=+00001
ＵＳＷＦゲームタイプ=02
ＵＳＷＦブロックコード=+00000
IX1=+00002
ＵＳＷＦ支払回号 (IX1)=+00002
ＵＳＷＦゲームタイプ=02
ＵＳＷＦブロックコード=+00000
IX1=+00003
ＵＳＷＦ支払回号 (IX1)=+00003
ＵＳＷＦゲームタイプ=02
ＵＳＷＦブロックコード=+00000
IX1=+00004
ＵＳＷＦ支払回号 (IX1)=+00004
ＵＳＷＦゲームタイプ=02
ＵＳＷＦブロックコード=+00000
IX1=+00005
ＵＳＷＦ支払回号 (IX1)=+00005
CX00145
CX00156
CX00140
CX00142
CX00144
ＵＳＷＦゲームタイプ=01
ＵＳＷＦブロックコード=+00000
IX1=+00001
ＵＳＷＦ支払回号 (IX1)=+00001
ＵＳＷＦゲームタイプ=01
ＵＳＷＦブロックコード=+00000
IX1=+00002
ＵＳＷＦ支払回号 (IX1)=+00002
ＵＳＷＦゲームタイプ=01
ＵＳＷＦブロックコード=+00000
IX1=+00003
ＵＳＷＦ支払回号 (IX1)=+00003
ＵＳＷＦゲームタイプ=01
ＵＳＷＦブロックコード=+00000
IX1=+00004
ＵＳＷＦ支払回号 (IX1)=+00004
ＵＳＷＦゲームタイプ=01
ＵＳＷＦブロックコード=+00000
IX1=+00005
ＵＳＷＦ支払回号 (IX1)=+00005
CX00145
CX00142
CX00144
ＵＳＷＦゲームタイプ=02
ＵＳＷＦブロックコード=+00000
IX1=+00001
ＵＳＷＦ支払回号 (IX1)=+00001
ＵＳＷＦゲームタイプ=02
ＵＳＷＦブロックコード=+00000
IX1=+00002
ＵＳＷＦ支払回号 (IX1)=+00002
ＵＳＷＦゲームタイプ=02
ＵＳＷＦブロックコード=+00000
IX1=+00003
ＵＳＷＦ支払回号 (IX1)=+00003
ＵＳＷＦゲームタイプ=02
ＵＳＷＦブロックコード=+00000
IX1=+00004
ＵＳＷＦ支払回号 (IX1)=+00004
ＵＳＷＦゲームタイプ=02
ＵＳＷＦブロックコード=+00000
IX1=+00005
ＵＳＷＦ支払回号 (IX1)=+00005
CX00145
CX00156
