2015/01/14 11:25:46	--After --LINE:436--  ＨＣＨＮ販売チャネル = 01
2015/01/14 11:25:46	--After --LINE:455--  ＨＣＨＮ販売チャネル = 01
2015/01/14 11:25:46	--After --LINE:552--  ＨＣＨＮ販売チャネル = 01
2015/01/14 11:25:46	--After --LINE:555--  ＨＣＨＮゲームタイプ = 01
2015/01/14 11:25:46	--After --LINE:552--  ＨＣＨＮ販売チャネル = 01
2015/01/14 11:25:46	--After --LINE:555--  ＨＣＨＮゲームタイプ = 02
2015/01/14 11:25:46	--After --LINE:552--  ＨＣＨＮ販売チャネル = 01
2015/01/14 11:25:46	--After --LINE:555--  ＨＣＨＮゲームタイプ = 06
2015/01/14 11:25:46	--After --LINE:552--  ＨＣＨＮ販売チャネル = 02
2015/01/14 11:25:46	--After --LINE:555--  ＨＣＨＮゲームタイプ = 01
2015/01/14 11:25:46	--After --LINE:552--  ＨＣＨＮ販売チャネル = 02
2015/01/14 11:25:46	--After --LINE:555--  ＨＣＨＮゲームタイプ = 02
2015/01/14 11:25:46	--After --LINE:552--  ＨＣＨＮ販売チャネル = 03
2015/01/14 11:25:46	--After --LINE:555--  ＨＣＨＮゲームタイプ = 01
2015/01/14 11:25:46	--After --LINE:552--  ＨＣＨＮ販売チャネル = 03
2015/01/14 11:25:46	--After --LINE:555--  ＨＣＨＮゲームタイプ = 02
2015/01/14 11:25:46	--After --LINE:552--  ＨＣＨＮ販売チャネル = 04
2015/01/14 11:25:46	--After --LINE:555--  ＨＣＨＮゲームタイプ = 01
2015/01/14 11:25:46	--After --LINE:552--  ＨＣＨＮ販売チャネル = 04
2015/01/14 11:25:46	--After --LINE:555--  ＨＣＨＮゲームタイプ = 02
2015/01/14 11:25:46	--After --LINE:552--  ＨＣＨＮ販売チャネル = 04
2015/01/14 11:25:46	--After --LINE:555--  ＨＣＨＮゲームタイプ = 02
2015/01/14 11:25:46	--After --LINE:552--  ＨＣＨＮ販売チャネル = 01
2015/01/14 11:25:46	--After --LINE:555--  ＨＣＨＮゲームタイプ = 03
2015/01/14 11:25:46	--After --LINE:670--  ＨＣＨＮ販売チャネル = 01
2015/01/14 11:25:46	--After --LINE:673--  ＨＣＨＮゲームタイプ = 01
2015/01/14 11:25:46	--After --LINE:670--  ＨＣＨＮ販売チャネル = 01
2015/01/14 11:25:46	--After --LINE:673--  ＨＣＨＮゲームタイプ = 02
2015/01/14 11:25:46	--After --LINE:670--  ＨＣＨＮ販売チャネル = 02
2015/01/14 11:25:46	--After --LINE:673--  ＨＣＨＮゲームタイプ = 01
2015/01/14 11:25:46	--After --LINE:670--  ＨＣＨＮ販売チャネル = 02
2015/01/14 11:25:46	--After --LINE:673--  ＨＣＨＮゲームタイプ = 02
2015/01/14 11:25:46	--After --LINE:670--  ＨＣＨＮ販売チャネル = 03
2015/01/14 11:25:46	--After --LINE:673--  ＨＣＨＮゲームタイプ = 01
2015/01/14 11:25:46	--After --LINE:670--  ＨＣＨＮ販売チャネル = 03
2015/01/14 11:25:46	--After --LINE:673--  ＨＣＨＮゲームタイプ = 02
2015/01/14 11:25:46	--After --LINE:670--  ＨＣＨＮ販売チャネル = 04
2015/01/14 11:25:46	--After --LINE:673--  ＨＣＨＮゲームタイプ = 01
2015/01/14 11:25:46	--After --LINE:670--  ＨＣＨＮ販売チャネル = 04
2015/01/14 11:25:46	--After --LINE:673--  ＨＣＨＮゲームタイプ = 02
2015/01/14 11:25:46	--After --LINE:670--  ＨＣＨＮ販売チャネル = 04
2015/01/14 11:25:46	--After --LINE:673--  ＨＣＨＮゲームタイプ = 02
2015/01/14 11:25:46	--After --LINE:670--  ＨＣＨＮ販売チャネル = 01
2015/01/14 11:25:46	--After --LINE:673--  ＨＣＨＮゲームタイプ = 03
2015/01/14 11:29:58	--After --LINE:436--  ＨＣＨＮ販売チャネル = 01
2015/01/14 11:29:58	--After --LINE:455--  ＨＣＨＮ販売チャネル = 01
2015/01/14 11:29:58	--After --LINE:552--  ＨＣＨＮ販売チャネル = 01
2015/01/14 11:29:58	--After --LINE:552--  ＨＣＨＮ販売チャネル = 01
2015/01/14 11:29:58	--After --LINE:552--  ＨＣＨＮ販売チャネル = 01
2015/01/14 11:29:58	--After --LINE:552--  ＨＣＨＮ販売チャネル = 02
2015/01/14 11:29:58	--After --LINE:552--  ＨＣＨＮ販売チャネル = 02
2015/01/14 11:29:58	--After --LINE:552--  ＨＣＨＮ販売チャネル = 03
2015/01/14 11:29:58	--After --LINE:552--  ＨＣＨＮ販売チャネル = 03
2015/01/14 11:29:58	--After --LINE:552--  ＨＣＨＮ販売チャネル = 04
2015/01/14 11:29:58	--After --LINE:552--  ＨＣＨＮ販売チャネル = 04
2015/01/14 11:29:58	--After --LINE:552--  ＨＣＨＮ販売チャネル = 04
2015/01/14 11:29:58	--After --LINE:552--  ＨＣＨＮ販売チャネル = 01
2015/01/14 11:29:58	--After --LINE:670--  ＨＣＨＮ販売チャネル = 01
2015/01/14 11:29:58	--After --LINE:670--  ＨＣＨＮ販売チャネル = 01
2015/01/14 11:29:58	--After --LINE:670--  ＨＣＨＮ販売チャネル = 02
2015/01/14 11:29:58	--After --LINE:670--  ＨＣＨＮ販売チャネル = 02
2015/01/14 11:29:58	--After --LINE:670--  ＨＣＨＮ販売チャネル = 03
2015/01/14 11:29:58	--After --LINE:670--  ＨＣＨＮ販売チャネル = 03
2015/01/14 11:29:58	--After --LINE:670--  ＨＣＨＮ販売チャネル = 04
2015/01/14 11:29:58	--After --LINE:670--  ＨＣＨＮ販売チャネル = 04
2015/01/14 11:29:58	--After --LINE:670--  ＨＣＨＮ販売チャネル = 04
2015/01/14 11:29:58	--After --LINE:670--  ＨＣＨＮ販売チャネル = 01
2015/01/14 11:31:24	--After --LINE:436--  ＨＣＨＮ販売チャネル = 01
2015/01/14 11:31:24	--After --LINE:455--  ＨＣＨＮ販売チャネル = 01
2015/01/14 11:31:24	--After --LINE:552--  ＨＣＨＮ販売チャネル = 01
2015/01/14 11:31:24	--After --LINE:552--  ＨＣＨＮ販売チャネル = 01
2015/01/14 11:31:24	--After --LINE:552--  ＨＣＨＮ販売チャネル = 01
2015/01/14 11:31:24	--After --LINE:552--  ＨＣＨＮ販売チャネル = 02
2015/01/14 11:31:24	--After --LINE:552--  ＨＣＨＮ販売チャネル = 02
2015/01/14 11:31:24	--After --LINE:552--  ＨＣＨＮ販売チャネル = 03
2015/01/14 11:31:24	--After --LINE:552--  ＨＣＨＮ販売チャネル = 03
2015/01/14 11:31:24	--After --LINE:552--  ＨＣＨＮ販売チャネル = 04
2015/01/14 11:31:24	--After --LINE:552--  ＨＣＨＮ販売チャネル = 04
2015/01/14 11:31:24	--After --LINE:552--  ＨＣＨＮ販売チャネル = 04
2015/01/14 11:31:24	--After --LINE:552--  ＨＣＨＮ販売チャネル = 01
2015/01/14 11:31:24	--After --LINE:670--  ＨＣＨＮ販売チャネル = 01
2015/01/14 11:31:24	--After --LINE:670--  ＨＣＨＮ販売チャネル = 01
2015/01/14 11:31:24	--After --LINE:670--  ＨＣＨＮ販売チャネル = 02
2015/01/14 11:31:24	--After --LINE:670--  ＨＣＨＮ販売チャネル = 02
2015/01/14 11:31:24	--After --LINE:670--  ＨＣＨＮ販売チャネル = 03
2015/01/14 11:31:24	--After --LINE:670--  ＨＣＨＮ販売チャネル = 03
2015/01/14 11:31:24	--After --LINE:670--  ＨＣＨＮ販売チャネル = 04
2015/01/14 11:31:24	--After --LINE:670--  ＨＣＨＮ販売チャネル = 04
2015/01/14 11:31:24	--After --LINE:670--  ＨＣＨＮ販売チャネル = 04
2015/01/14 11:31:24	--After --LINE:670--  ＨＣＨＮ販売チャネル = 01
2015/01/14 16:05:07	--After --LINE:436--  ＨＣＨＮ販売チャネル = 01
2015/01/14 16:05:07	--After --LINE:455--  ＨＣＨＮ販売チャネル = 01
2015/01/14 16:05:07	--After --LINE:552--  ＨＣＨＮ販売チャネル = 01
2015/01/14 16:05:07	--After --LINE:555--  ＨＣＨＮゲームタイプ = 01
2015/01/14 16:05:07	--After --LINE:552--  ＨＣＨＮ販売チャネル = 01
2015/01/14 16:05:07	--After --LINE:555--  ＨＣＨＮゲームタイプ = 02
2015/01/14 16:05:07	--After --LINE:552--  ＨＣＨＮ販売チャネル = 01
2015/01/14 16:05:07	--After --LINE:555--  ＨＣＨＮゲームタイプ = 06
2015/01/14 16:05:07	--After --LINE:552--  ＨＣＨＮ販売チャネル = 02
2015/01/14 16:05:07	--After --LINE:555--  ＨＣＨＮゲームタイプ = 01
2015/01/14 16:05:07	--After --LINE:552--  ＨＣＨＮ販売チャネル = 02
2015/01/14 16:05:07	--After --LINE:555--  ＨＣＨＮゲームタイプ = 02
2015/01/14 16:05:07	--After --LINE:552--  ＨＣＨＮ販売チャネル = 03
2015/01/14 16:05:07	--After --LINE:555--  ＨＣＨＮゲームタイプ = 01
2015/01/14 16:05:07	--After --LINE:552--  ＨＣＨＮ販売チャネル = 03
2015/01/14 16:05:07	--After --LINE:555--  ＨＣＨＮゲームタイプ = 02
2015/01/14 16:05:07	--After --LINE:552--  ＨＣＨＮ販売チャネル = 04
2015/01/14 16:05:07	--After --LINE:555--  ＨＣＨＮゲームタイプ = 01
2015/01/14 16:05:07	--After --LINE:552--  ＨＣＨＮ販売チャネル = 04
2015/01/14 16:05:07	--After --LINE:555--  ＨＣＨＮゲームタイプ = 02
2015/01/14 16:05:07	--After --LINE:552--  ＨＣＨＮ販売チャネル = 04
2015/01/14 16:05:07	--After --LINE:555--  ＨＣＨＮゲームタイプ = 02
2015/01/14 16:05:07	--After --LINE:552--  ＨＣＨＮ販売チャネル = 01
2015/01/14 16:05:07	--After --LINE:555--  ＨＣＨＮゲームタイプ = 03
2015/01/14 16:05:07	--After --LINE:670--  ＨＣＨＮ販売チャネル = 01
2015/01/14 16:05:07	--After --LINE:673--  ＨＣＨＮゲームタイプ = 01
2015/01/14 16:05:07	--After --LINE:670--  ＨＣＨＮ販売チャネル = 01
2015/01/14 16:05:07	--After --LINE:673--  ＨＣＨＮゲームタイプ = 02
2015/01/14 16:05:07	--After --LINE:670--  ＨＣＨＮ販売チャネル = 02
2015/01/14 16:05:07	--After --LINE:673--  ＨＣＨＮゲームタイプ = 01
2015/01/14 16:05:07	--After --LINE:670--  ＨＣＨＮ販売チャネル = 02
2015/01/14 16:05:07	--After --LINE:673--  ＨＣＨＮゲームタイプ = 02
2015/01/14 16:05:07	--After --LINE:670--  ＨＣＨＮ販売チャネル = 03
2015/01/14 16:05:07	--After --LINE:673--  ＨＣＨＮゲームタイプ = 01
2015/01/14 16:05:07	--After --LINE:670--  ＨＣＨＮ販売チャネル = 03
2015/01/14 16:05:07	--After --LINE:673--  ＨＣＨＮゲームタイプ = 02
2015/01/14 16:05:07	--After --LINE:670--  ＨＣＨＮ販売チャネル = 04
2015/01/14 16:05:07	--After --LINE:673--  ＨＣＨＮゲームタイプ = 01
2015/01/14 16:05:07	--After --LINE:670--  ＨＣＨＮ販売チャネル = 04
2015/01/14 16:05:07	--After --LINE:673--  ＨＣＨＮゲームタイプ = 02
2015/01/14 16:05:07	--After --LINE:670--  ＨＣＨＮ販売チャネル = 04
2015/01/14 16:05:07	--After --LINE:673--  ＨＣＨＮゲームタイプ = 02
2015/01/14 16:05:07	--After --LINE:670--  ＨＣＨＮ販売チャネル = 01
2015/01/14 16:05:07	--After --LINE:673--  ＨＣＨＮゲームタイプ = 03
2015/01/14 16:11:20	--After --LINE:436--  ＨＣＨＮ販売チャネル = 01
2015/01/14 16:11:20	--After --LINE:455--  ＨＣＨＮ販売チャネル = 01
2015/01/14 16:11:20	--After --LINE:552--  ＨＣＨＮ販売チャネル = 01
2015/01/14 16:11:20	--After --LINE:555--  ＨＣＨＮゲームタイプ = 01
2015/01/14 16:11:20	--After --LINE:552--  ＨＣＨＮ販売チャネル = 01
2015/01/14 16:11:20	--After --LINE:555--  ＨＣＨＮゲームタイプ = 02
2015/01/14 16:11:20	--After --LINE:552--  ＨＣＨＮ販売チャネル = 01
2015/01/14 16:11:20	--After --LINE:555--  ＨＣＨＮゲームタイプ = 06
2015/01/14 16:11:20	--After --LINE:552--  ＨＣＨＮ販売チャネル = 02
2015/01/14 16:11:20	--After --LINE:555--  ＨＣＨＮゲームタイプ = 01
2015/01/14 16:11:20	--After --LINE:552--  ＨＣＨＮ販売チャネル = 02
2015/01/14 16:11:20	--After --LINE:555--  ＨＣＨＮゲームタイプ = 02
2015/01/14 16:11:20	--After --LINE:552--  ＨＣＨＮ販売チャネル = 03
2015/01/14 16:11:20	--After --LINE:555--  ＨＣＨＮゲームタイプ = 01
2015/01/14 16:11:20	--After --LINE:552--  ＨＣＨＮ販売チャネル = 03
2015/01/14 16:11:20	--After --LINE:555--  ＨＣＨＮゲームタイプ = 02
2015/01/14 16:11:20	--After --LINE:552--  ＨＣＨＮ販売チャネル = 04
2015/01/14 16:11:20	--After --LINE:555--  ＨＣＨＮゲームタイプ = 01
2015/01/14 16:11:20	--After --LINE:552--  ＨＣＨＮ販売チャネル = 04
2015/01/14 16:11:20	--After --LINE:555--  ＨＣＨＮゲームタイプ = 02
2015/01/14 16:11:20	--After --LINE:552--  ＨＣＨＮ販売チャネル = 04
2015/01/14 16:11:20	--After --LINE:555--  ＨＣＨＮゲームタイプ = 02
2015/01/14 16:11:20	--After --LINE:552--  ＨＣＨＮ販売チャネル = 01
2015/01/14 16:11:20	--After --LINE:555--  ＨＣＨＮゲームタイプ = 03
2015/01/14 16:11:20	--After --LINE:670--  ＨＣＨＮ販売チャネル = 01
2015/01/14 16:11:20	--After --LINE:673--  ＨＣＨＮゲームタイプ = 01
2015/01/14 16:11:20	--After --LINE:670--  ＨＣＨＮ販売チャネル = 01
2015/01/14 16:11:20	--After --LINE:673--  ＨＣＨＮゲームタイプ = 02
2015/01/14 16:11:20	--After --LINE:670--  ＨＣＨＮ販売チャネル = 02
2015/01/14 16:11:20	--After --LINE:673--  ＨＣＨＮゲームタイプ = 01
2015/01/14 16:11:20	--After --LINE:670--  ＨＣＨＮ販売チャネル = 02
2015/01/14 16:11:20	--After --LINE:673--  ＨＣＨＮゲームタイプ = 02
2015/01/14 16:11:20	--After --LINE:670--  ＨＣＨＮ販売チャネル = 03
2015/01/14 16:11:20	--After --LINE:673--  ＨＣＨＮゲームタイプ = 01
2015/01/14 16:11:20	--After --LINE:670--  ＨＣＨＮ販売チャネル = 03
2015/01/14 16:11:20	--After --LINE:673--  ＨＣＨＮゲームタイプ = 02
2015/01/14 16:11:20	--After --LINE:670--  ＨＣＨＮ販売チャネル = 04
2015/01/14 16:11:20	--After --LINE:673--  ＨＣＨＮゲームタイプ = 01
2015/01/14 16:11:20	--After --LINE:670--  ＨＣＨＮ販売チャネル = 04
2015/01/14 16:11:20	--After --LINE:673--  ＨＣＨＮゲームタイプ = 02
2015/01/14 16:11:20	--After --LINE:670--  ＨＣＨＮ販売チャネル = 04
2015/01/14 16:11:20	--After --LINE:673--  ＨＣＨＮゲームタイプ = 02
2015/01/14 16:11:20	--After --LINE:670--  ＨＣＨＮ販売チャネル = 01
2015/01/14 16:11:20	--After --LINE:673--  ＨＣＨＮゲームタイプ = 03
2015/01/14 16:11:23	--After --LINE:436--  ＨＣＨＮ販売チャネル = 01
2015/01/14 16:11:23	--After --LINE:455--  ＨＣＨＮ販売チャネル = 01
2015/01/14 16:11:23	--After --LINE:552--  ＨＣＨＮ販売チャネル = 01
2015/01/14 16:11:23	--After --LINE:552--  ＨＣＨＮ販売チャネル = 01
2015/01/14 16:11:23	--After --LINE:552--  ＨＣＨＮ販売チャネル = 01
2015/01/14 16:11:23	--After --LINE:552--  ＨＣＨＮ販売チャネル = 02
2015/01/14 16:11:23	--After --LINE:552--  ＨＣＨＮ販売チャネル = 02
2015/01/14 16:11:23	--After --LINE:552--  ＨＣＨＮ販売チャネル = 03
2015/01/14 16:11:23	--After --LINE:552--  ＨＣＨＮ販売チャネル = 03
2015/01/14 16:11:23	--After --LINE:552--  ＨＣＨＮ販売チャネル = 04
2015/01/14 16:11:23	--After --LINE:552--  ＨＣＨＮ販売チャネル = 04
2015/01/14 16:11:23	--After --LINE:552--  ＨＣＨＮ販売チャネル = 04
2015/01/14 16:11:23	--After --LINE:552--  ＨＣＨＮ販売チャネル = 01
2015/01/14 16:11:23	--After --LINE:670--  ＨＣＨＮ販売チャネル = 01
2015/01/14 16:11:23	--After --LINE:670--  ＨＣＨＮ販売チャネル = 01
2015/01/14 16:11:23	--After --LINE:670--  ＨＣＨＮ販売チャネル = 02
2015/01/14 16:11:23	--After --LINE:670--  ＨＣＨＮ販売チャネル = 02
2015/01/14 16:11:23	--After --LINE:670--  ＨＣＨＮ販売チャネル = 03
2015/01/14 16:11:23	--After --LINE:670--  ＨＣＨＮ販売チャネル = 03
2015/01/14 16:11:23	--After --LINE:670--  ＨＣＨＮ販売チャネル = 04
2015/01/14 16:11:23	--After --LINE:670--  ＨＣＨＮ販売チャネル = 04
2015/01/14 16:11:23	--After --LINE:670--  ＨＣＨＮ販売チャネル = 04
2015/01/14 16:11:23	--After --LINE:670--  ＨＣＨＮ販売チャネル = 01
2015/01/14 16:13:25	--After --LINE:436--  ＨＣＨＮ販売チャネル = 01
2015/01/14 16:13:25	--After --LINE:455--  ＨＣＨＮ販売チャネル = 01
2015/01/14 16:13:25	--After --LINE:552--  ＨＣＨＮ販売チャネル = 01
2015/01/14 16:13:25	--After --LINE:552--  ＨＣＨＮ販売チャネル = 01
2015/01/14 16:13:25	--After --LINE:552--  ＨＣＨＮ販売チャネル = 01
2015/01/14 16:13:25	--After --LINE:552--  ＨＣＨＮ販売チャネル = 02
2015/01/14 16:13:25	--After --LINE:552--  ＨＣＨＮ販売チャネル = 02
2015/01/14 16:13:25	--After --LINE:552--  ＨＣＨＮ販売チャネル = 03
2015/01/14 16:13:25	--After --LINE:552--  ＨＣＨＮ販売チャネル = 03
2015/01/14 16:13:25	--After --LINE:552--  ＨＣＨＮ販売チャネル = 04
2015/01/14 16:13:25	--After --LINE:552--  ＨＣＨＮ販売チャネル = 04
2015/01/14 16:13:25	--After --LINE:552--  ＨＣＨＮ販売チャネル = 04
2015/01/14 16:13:25	--After --LINE:552--  ＨＣＨＮ販売チャネル = 01
2015/01/14 16:13:25	--After --LINE:670--  ＨＣＨＮ販売チャネル = 01
2015/01/14 16:13:25	--After --LINE:670--  ＨＣＨＮ販売チャネル = 01
2015/01/14 16:13:25	--After --LINE:670--  ＨＣＨＮ販売チャネル = 02
2015/01/14 16:13:25	--After --LINE:670--  ＨＣＨＮ販売チャネル = 02
2015/01/14 16:13:25	--After --LINE:670--  ＨＣＨＮ販売チャネル = 03
2015/01/14 16:13:25	--After --LINE:670--  ＨＣＨＮ販売チャネル = 03
2015/01/14 16:13:25	--After --LINE:670--  ＨＣＨＮ販売チャネル = 04
2015/01/14 16:13:25	--After --LINE:670--  ＨＣＨＮ販売チャネル = 04
2015/01/14 16:13:25	--After --LINE:670--  ＨＣＨＮ販売チャネル = 04
2015/01/14 16:13:25	--After --LINE:670--  ＨＣＨＮ販売チャネル = 01
2015/01/14 16:14:38	--After --LINE:436--  ＨＣＨＮ販売チャネル = 01
2015/01/14 16:14:38	--After --LINE:455--  ＨＣＨＮ販売チャネル = 01
2015/01/14 16:14:38	--After --LINE:552--  ＨＣＨＮ販売チャネル = 01
2015/01/14 16:14:38	--After --LINE:552--  ＨＣＨＮ販売チャネル = 01
2015/01/14 16:14:38	--After --LINE:552--  ＨＣＨＮ販売チャネル = 01
2015/01/14 16:14:38	--After --LINE:552--  ＨＣＨＮ販売チャネル = 02
2015/01/14 16:14:38	--After --LINE:552--  ＨＣＨＮ販売チャネル = 02
2015/01/14 16:14:38	--After --LINE:552--  ＨＣＨＮ販売チャネル = 03
2015/01/14 16:14:38	--After --LINE:552--  ＨＣＨＮ販売チャネル = 03
2015/01/14 16:14:38	--After --LINE:552--  ＨＣＨＮ販売チャネル = 04
2015/01/14 16:14:38	--After --LINE:552--  ＨＣＨＮ販売チャネル = 04
2015/01/14 16:14:38	--After --LINE:552--  ＨＣＨＮ販売チャネル = 04
2015/01/14 16:14:38	--After --LINE:552--  ＨＣＨＮ販売チャネル = 01
2015/01/14 16:14:38	--After --LINE:670--  ＨＣＨＮ販売チャネル = 01
2015/01/14 16:14:38	--After --LINE:670--  ＨＣＨＮ販売チャネル = 01
2015/01/14 16:14:38	--After --LINE:670--  ＨＣＨＮ販売チャネル = 02
2015/01/14 16:14:38	--After --LINE:670--  ＨＣＨＮ販売チャネル = 02
2015/01/14 16:14:38	--After --LINE:670--  ＨＣＨＮ販売チャネル = 03
2015/01/14 16:14:38	--After --LINE:670--  ＨＣＨＮ販売チャネル = 03
2015/01/14 16:14:38	--After --LINE:670--  ＨＣＨＮ販売チャネル = 04
2015/01/14 16:14:38	--After --LINE:670--  ＨＣＨＮ販売チャネル = 04
2015/01/14 16:14:38	--After --LINE:670--  ＨＣＨＮ販売チャネル = 04
2015/01/14 16:14:38	--After --LINE:670--  ＨＣＨＮ販売チャネル = 01
2015/01/14 16:40:29	--After --LINE:436--  ＨＣＨＮ販売チャネル = 01
2015/01/14 16:40:29	--After --LINE:455--  ＨＣＨＮ販売チャネル = 01
2015/01/14 16:40:29	--After --LINE:552--  ＨＣＨＮ販売チャネル = 01
2015/01/14 16:40:29	--After --LINE:552--  ＨＣＨＮ販売チャネル = 01
2015/01/14 16:40:29	--After --LINE:552--  ＨＣＨＮ販売チャネル = 01
2015/01/14 16:40:29	--After --LINE:552--  ＨＣＨＮ販売チャネル = 02
2015/01/14 16:40:29	--After --LINE:552--  ＨＣＨＮ販売チャネル = 02
2015/01/14 16:40:29	--After --LINE:552--  ＨＣＨＮ販売チャネル = 03
2015/01/14 16:40:29	--After --LINE:552--  ＨＣＨＮ販売チャネル = 03
2015/01/14 16:40:29	--After --LINE:552--  ＨＣＨＮ販売チャネル = 04
2015/01/14 16:40:29	--After --LINE:552--  ＨＣＨＮ販売チャネル = 04
2015/01/14 16:40:29	--After --LINE:552--  ＨＣＨＮ販売チャネル = 04
2015/01/14 16:40:30	--After --LINE:552--  ＨＣＨＮ販売チャネル = 01
2015/01/14 16:40:30	--After --LINE:670--  ＨＣＨＮ販売チャネル = 01
2015/01/14 16:40:30	--After --LINE:670--  ＨＣＨＮ販売チャネル = 01
2015/01/14 16:40:30	--After --LINE:670--  ＨＣＨＮ販売チャネル = 02
2015/01/14 16:40:30	--After --LINE:670--  ＨＣＨＮ販売チャネル = 02
2015/01/14 16:40:30	--After --LINE:670--  ＨＣＨＮ販売チャネル = 03
2015/01/14 16:40:30	--After --LINE:670--  ＨＣＨＮ販売チャネル = 03
2015/01/14 16:40:30	--After --LINE:670--  ＨＣＨＮ販売チャネル = 04
2015/01/14 16:40:30	--After --LINE:670--  ＨＣＨＮ販売チャネル = 04
2015/01/14 16:40:30	--After --LINE:670--  ＨＣＨＮ販売チャネル = 04
2015/01/14 16:40:30	--After --LINE:670--  ＨＣＨＮ販売チャネル = 01
2015/01/14 17:17:06	--After --FILE:HBHUN551.cob--LINE:436--  ＨＣＨＮ販売チャネル = 01
2015/01/14 17:17:06	--After --FILE:HBHUN551.cob--LINE:455--  ＨＣＨＮ販売チャネル = 01
2015/01/14 17:17:06	--After --FILE:HBHUN551.cob--LINE:552--  ＨＣＨＮ販売チャネル = 01
2015/01/14 17:17:06	--After --FILE:HBHUN551.cob--LINE:555--  ＨＣＨＮゲームタイプ = 01
2015/01/14 17:17:06	--After --FILE:HBHUN551.cob--LINE:552--  ＨＣＨＮ販売チャネル = 01
2015/01/14 17:17:06	--After --FILE:HBHUN551.cob--LINE:555--  ＨＣＨＮゲームタイプ = 02
2015/01/14 17:17:06	--After --FILE:HBHUN551.cob--LINE:552--  ＨＣＨＮ販売チャネル = 01
2015/01/14 17:17:06	--After --FILE:HBHUN551.cob--LINE:555--  ＨＣＨＮゲームタイプ = 06
2015/01/14 17:17:06	--After --FILE:HBHUN551.cob--LINE:552--  ＨＣＨＮ販売チャネル = 02
2015/01/14 17:17:06	--After --FILE:HBHUN551.cob--LINE:555--  ＨＣＨＮゲームタイプ = 01
2015/01/14 17:17:06	--After --FILE:HBHUN551.cob--LINE:552--  ＨＣＨＮ販売チャネル = 02
2015/01/14 17:17:06	--After --FILE:HBHUN551.cob--LINE:555--  ＨＣＨＮゲームタイプ = 02
2015/01/14 17:17:06	--After --FILE:HBHUN551.cob--LINE:552--  ＨＣＨＮ販売チャネル = 03
2015/01/14 17:17:06	--After --FILE:HBHUN551.cob--LINE:555--  ＨＣＨＮゲームタイプ = 01
2015/01/14 17:17:06	--After --FILE:HBHUN551.cob--LINE:552--  ＨＣＨＮ販売チャネル = 03
2015/01/14 17:17:06	--After --FILE:HBHUN551.cob--LINE:555--  ＨＣＨＮゲームタイプ = 02
2015/01/14 17:17:06	--After --FILE:HBHUN551.cob--LINE:552--  ＨＣＨＮ販売チャネル = 04
2015/01/14 17:17:06	--After --FILE:HBHUN551.cob--LINE:555--  ＨＣＨＮゲームタイプ = 01
2015/01/14 17:17:06	--After --FILE:HBHUN551.cob--LINE:552--  ＨＣＨＮ販売チャネル = 04
2015/01/14 17:17:06	--After --FILE:HBHUN551.cob--LINE:555--  ＨＣＨＮゲームタイプ = 02
2015/01/14 17:17:06	--After --FILE:HBHUN551.cob--LINE:552--  ＨＣＨＮ販売チャネル = 04
2015/01/14 17:17:06	--After --FILE:HBHUN551.cob--LINE:555--  ＨＣＨＮゲームタイプ = 02
2015/01/14 17:17:06	--After --FILE:HBHUN551.cob--LINE:552--  ＨＣＨＮ販売チャネル = 01
2015/01/14 17:17:06	--After --FILE:HBHUN551.cob--LINE:555--  ＨＣＨＮゲームタイプ = 03
2015/01/14 17:17:06	--After --FILE:HBHUN551.cob--LINE:670--  ＨＣＨＮ販売チャネル = 01
2015/01/14 17:17:06	--After --FILE:HBHUN551.cob--LINE:673--  ＨＣＨＮゲームタイプ = 01
2015/01/14 17:17:06	--After --FILE:HBHUN551.cob--LINE:670--  ＨＣＨＮ販売チャネル = 01
2015/01/14 17:17:06	--After --FILE:HBHUN551.cob--LINE:673--  ＨＣＨＮゲームタイプ = 02
2015/01/14 17:17:06	--After --FILE:HBHUN551.cob--LINE:670--  ＨＣＨＮ販売チャネル = 02
2015/01/14 17:17:06	--After --FILE:HBHUN551.cob--LINE:673--  ＨＣＨＮゲームタイプ = 01
2015/01/14 17:17:06	--After --FILE:HBHUN551.cob--LINE:670--  ＨＣＨＮ販売チャネル = 02
2015/01/14 17:17:06	--After --FILE:HBHUN551.cob--LINE:673--  ＨＣＨＮゲームタイプ = 02
2015/01/14 17:17:06	--After --FILE:HBHUN551.cob--LINE:670--  ＨＣＨＮ販売チャネル = 03
2015/01/14 17:17:06	--After --FILE:HBHUN551.cob--LINE:673--  ＨＣＨＮゲームタイプ = 01
2015/01/14 17:17:06	--After --FILE:HBHUN551.cob--LINE:670--  ＨＣＨＮ販売チャネル = 03
2015/01/14 17:17:06	--After --FILE:HBHUN551.cob--LINE:673--  ＨＣＨＮゲームタイプ = 02
2015/01/14 17:17:06	--After --FILE:HBHUN551.cob--LINE:670--  ＨＣＨＮ販売チャネル = 04
2015/01/14 17:17:06	--After --FILE:HBHUN551.cob--LINE:673--  ＨＣＨＮゲームタイプ = 01
2015/01/14 17:17:06	--After --FILE:HBHUN551.cob--LINE:670--  ＨＣＨＮ販売チャネル = 04
2015/01/14 17:17:06	--After --FILE:HBHUN551.cob--LINE:673--  ＨＣＨＮゲームタイプ = 02
2015/01/14 17:17:06	--After --FILE:HBHUN551.cob--LINE:670--  ＨＣＨＮ販売チャネル = 04
2015/01/14 17:17:06	--After --FILE:HBHUN551.cob--LINE:673--  ＨＣＨＮゲームタイプ = 02
2015/01/14 17:17:06	--After --FILE:HBHUN551.cob--LINE:670--  ＨＣＨＮ販売チャネル = 01
2015/01/14 17:17:06	--After --FILE:HBHUN551.cob--LINE:673--  ＨＣＨＮゲームタイプ = 03
2015/01/14 17:18:35	--After --FILE:HBHUN551.cob --LINE:436--  ＨＣＨＮ販売チャネル = 01
2015/01/14 17:18:35	--After --FILE:HBHUN551.cob --LINE:455--  ＨＣＨＮ販売チャネル = 01
2015/01/14 17:18:35	--After --FILE:HBHUN551.cob --LINE:552--  ＨＣＨＮ販売チャネル = 01
2015/01/14 17:18:35	--After --FILE:HBHUN551.cob --LINE:552--  ＨＣＨＮ販売チャネル = 01
2015/01/14 17:18:35	--After --FILE:HBHUN551.cob --LINE:552--  ＨＣＨＮ販売チャネル = 01
2015/01/14 17:18:35	--After --FILE:HBHUN551.cob --LINE:552--  ＨＣＨＮ販売チャネル = 02
2015/01/14 17:18:35	--After --FILE:HBHUN551.cob --LINE:552--  ＨＣＨＮ販売チャネル = 02
2015/01/14 17:18:35	--After --FILE:HBHUN551.cob --LINE:552--  ＨＣＨＮ販売チャネル = 03
2015/01/14 17:18:35	--After --FILE:HBHUN551.cob --LINE:552--  ＨＣＨＮ販売チャネル = 03
2015/01/14 17:18:35	--After --FILE:HBHUN551.cob --LINE:552--  ＨＣＨＮ販売チャネル = 04
2015/01/14 17:18:35	--After --FILE:HBHUN551.cob --LINE:552--  ＨＣＨＮ販売チャネル = 04
2015/01/14 17:18:35	--After --FILE:HBHUN551.cob --LINE:552--  ＨＣＨＮ販売チャネル = 04
2015/01/14 17:18:35	--After --FILE:HBHUN551.cob --LINE:552--  ＨＣＨＮ販売チャネル = 01
2015/01/14 17:18:35	--After --FILE:HBHUN551.cob --LINE:670--  ＨＣＨＮ販売チャネル = 01
2015/01/14 17:18:35	--After --FILE:HBHUN551.cob --LINE:670--  ＨＣＨＮ販売チャネル = 01
2015/01/14 17:18:35	--After --FILE:HBHUN551.cob --LINE:670--  ＨＣＨＮ販売チャネル = 02
2015/01/14 17:18:35	--After --FILE:HBHUN551.cob --LINE:670--  ＨＣＨＮ販売チャネル = 02
2015/01/14 17:18:35	--After --FILE:HBHUN551.cob --LINE:670--  ＨＣＨＮ販売チャネル = 03
2015/01/14 17:18:35	--After --FILE:HBHUN551.cob --LINE:670--  ＨＣＨＮ販売チャネル = 03
2015/01/14 17:18:35	--After --FILE:HBHUN551.cob --LINE:670--  ＨＣＨＮ販売チャネル = 04
2015/01/14 17:18:35	--After --FILE:HBHUN551.cob --LINE:670--  ＨＣＨＮ販売チャネル = 04
2015/01/14 17:18:35	--After --FILE:HBHUN551.cob --LINE:670--  ＨＣＨＮ販売チャネル = 04
2015/01/14 17:18:35	--After --FILE:HBHUN551.cob --LINE:670--  ＨＣＨＮ販売チャネル = 01
