2015/01/09 13:25:40	エクスポート　処理開始　(export)
2015/01/09 13:25:40	エクスポート　処理終了　(export)
2015/01/09 13:25:40	[HBHUN551-01]の結果出力処理が開始した。
2015/01/09 13:25:45	[HBHUN551-01]に不一致が発生しました。
2015/01/09 13:25:45	　　　☆☆☆結果出力処理が正常に終了しました。☆☆☆　　　
2015/01/09 13:27:35	エクスポート　処理開始　(export)
2015/01/09 13:27:35	エクスポート　処理終了　(export)
2015/01/09 13:27:35	[HBHUN551-01]の結果出力処理が開始した。
2015/01/09 13:30:48	[HBHUN551-01]に不一致が発生しました。
2015/01/09 13:30:49	　　　☆☆☆結果出力処理が正常に終了しました。☆☆☆　　　
2015/01/09 13:33:51	エクスポート　処理開始　(export)
2015/01/09 13:33:51	エクスポート　処理終了　(export)
2015/01/09 13:33:51	[HBHUN551-01]の結果出力処理が開始した。
2015/01/09 13:38:25	[HBHUN551-01]に不一致が発生しました。
2015/01/09 13:38:25	　　　☆☆☆結果出力処理が正常に終了しました。☆☆☆　　　
2015/01/09 13:42:31	エクスポート　処理開始　(export)
2015/01/09 13:42:31	エクスポート　処理終了　(export)
2015/01/09 13:42:32	[HBHUN551-01]の結果出力処理が開始した。
2015/01/09 13:42:35	[HBHUN551-01]に不一致が発生しました。
2015/01/09 13:42:36	　　　☆☆☆結果出力処理が正常に終了しました。☆☆☆　　　
2015/01/09 13:43:13	エクスポート　処理開始　(export)
2015/01/09 13:43:13	エクスポート　処理終了　(export)
2015/01/09 13:43:13	[HBHUN551-01]の結果出力処理が開始した。
2015/01/09 13:43:16	[HBHUN551-01]に不一致が発生しました。
2015/01/09 13:43:17	　　　☆☆☆結果出力処理が正常に終了しました。☆☆☆　　　
2015/01/09 15:29:31	セクション　処理開始　(addSectionLog)
2015/01/09 15:29:31	セクション　の処理対象が選択されていません。
2015/01/09 15:29:31	セクション　処理終了　(addSectionLog)
2015/01/09 15:32:22	--After --LINE:436--  ＨＣＨＮ販売チャネル = 01
2015/01/09 15:32:22	--After --LINE:455--  ＨＣＨＮ販売チャネル = 01
2015/01/09 15:32:22	--After --LINE:552--  ＨＣＨＮ販売チャネル = 01
2015/01/09 15:32:22	--After --LINE:555--  ＨＣＨＮゲームタイプ = 01
2015/01/09 15:32:22	--After --LINE:552--  ＨＣＨＮ販売チャネル = 01
2015/01/09 15:32:22	--After --LINE:555--  ＨＣＨＮゲームタイプ = 02
2015/01/09 15:32:22	--After --LINE:552--  ＨＣＨＮ販売チャネル = 01
2015/01/09 15:32:22	--After --LINE:555--  ＨＣＨＮゲームタイプ = 06
2015/01/09 15:32:22	--After --LINE:552--  ＨＣＨＮ販売チャネル = 02
2015/01/09 15:32:22	--After --LINE:555--  ＨＣＨＮゲームタイプ = 01
2015/01/09 15:32:22	--After --LINE:552--  ＨＣＨＮ販売チャネル = 02
2015/01/09 15:32:22	--After --LINE:555--  ＨＣＨＮゲームタイプ = 02
2015/01/09 15:32:22	--After --LINE:552--  ＨＣＨＮ販売チャネル = 03
2015/01/09 15:32:22	--After --LINE:555--  ＨＣＨＮゲームタイプ = 01
2015/01/09 15:32:22	--After --LINE:552--  ＨＣＨＮ販売チャネル = 03
2015/01/09 15:32:22	--After --LINE:555--  ＨＣＨＮゲームタイプ = 02
2015/01/09 15:32:22	--After --LINE:552--  ＨＣＨＮ販売チャネル = 04
2015/01/09 15:32:22	--After --LINE:555--  ＨＣＨＮゲームタイプ = 01
2015/01/09 15:32:22	--After --LINE:552--  ＨＣＨＮ販売チャネル = 04
2015/01/09 15:32:22	--After --LINE:555--  ＨＣＨＮゲームタイプ = 02
2015/01/09 15:32:22	--After --LINE:552--  ＨＣＨＮ販売チャネル = 04
2015/01/09 15:32:22	--After --LINE:555--  ＨＣＨＮゲームタイプ = 02
2015/01/09 15:32:22	--After --LINE:552--  ＨＣＨＮ販売チャネル = 01
2015/01/09 15:32:22	--After --LINE:555--  ＨＣＨＮゲームタイプ = 03
2015/01/09 15:32:22	--After --LINE:670--  ＨＣＨＮ販売チャネル = 01
2015/01/09 15:32:22	--After --LINE:673--  ＨＣＨＮゲームタイプ = 01
2015/01/09 15:32:22	--After --LINE:670--  ＨＣＨＮ販売チャネル = 01
2015/01/09 15:32:23	--After --LINE:673--  ＨＣＨＮゲームタイプ = 02
2015/01/09 15:32:23	--After --LINE:670--  ＨＣＨＮ販売チャネル = 02
2015/01/09 15:32:23	--After --LINE:673--  ＨＣＨＮゲームタイプ = 01
2015/01/09 15:32:23	--After --LINE:670--  ＨＣＨＮ販売チャネル = 02
2015/01/09 15:32:23	--After --LINE:673--  ＨＣＨＮゲームタイプ = 02
2015/01/09 15:32:23	--After --LINE:670--  ＨＣＨＮ販売チャネル = 03
2015/01/09 15:32:23	--After --LINE:673--  ＨＣＨＮゲームタイプ = 01
2015/01/09 15:32:23	--After --LINE:670--  ＨＣＨＮ販売チャネル = 03
2015/01/09 15:32:23	--After --LINE:673--  ＨＣＨＮゲームタイプ = 02
2015/01/09 15:32:23	--After --LINE:670--  ＨＣＨＮ販売チャネル = 04
2015/01/09 15:32:23	--After --LINE:673--  ＨＣＨＮゲームタイプ = 01
2015/01/09 15:32:23	--After --LINE:670--  ＨＣＨＮ販売チャネル = 04
2015/01/09 15:32:23	--After --LINE:673--  ＨＣＨＮゲームタイプ = 02
2015/01/09 15:32:23	--After --LINE:670--  ＨＣＨＮ販売チャネル = 04
2015/01/09 15:32:23	--After --LINE:673--  ＨＣＨＮゲームタイプ = 02
2015/01/09 15:32:23	--After --LINE:670--  ＨＣＨＮ販売チャネル = 01
2015/01/09 15:32:23	--After --LINE:673--  ＨＣＨＮゲームタイプ = 03
