2015/02/04 15:21:38	セクション　処理開始　(addSectionLog)
2015/02/04 15:21:39	デバッグが開始しました。
2015/02/04 15:21:39	外部exe実行：cobAddDisplay.exe<C:\temp\cobolSRC\HBHUN551.cob C:\Work\Projects\aat\aat\bin\Debug\PreWork\src\HBHUN551.cob>
2015/02/04 15:21:39	外部exe実行：CBL.EXE</M /Ccon /Dy /NOWARNING /O1 /IC:\Work\Cobol_分析\COPY\ /FeC:\Work\Projects\aat\aat\bin\Debug\PreWork\lib\ HBHUN551.cob >
2015/02/04 15:21:42	Std Output:COBOL85 Pro Version 8.7 
(C) NEC Corporation 1998,2013
    ***** ERROR SUMMARY LIST *****
    00000  FATAL ERRORS
    00000  WARNINGS
    SUCCESSFULLY COMPILED
Microsoft (R) Windows (R) Resource Compiler Version 6.3.9600.17298
Copyright (C) Microsoft Corporation.  All rights reserved.
Microsoft (R) Incremental Linker Version 12.00.31101.0
Copyright (C) Microsoft Corporation.  All rights reserved.
/SUBSYSTEM:CONSOLE /ENTRY:mainCRTStartup "HBHUN551.obj" "C:\Work\Projects\aat\aat\bin\Debug\PreWork\lib\HBHUN551.res" "/OUT:C:\Work\Projects\aat\aat\bin\Debug\PreWork\lib\HBHUN551.exe" cblrt.lib cblrts.lib cblxml.lib msvcrt.lib kernel32.lib 
Microsoft (R) Manifest Tool version 6.3.9600.17298
Copyright (c) Microsoft Corporation 2012. 
All rights reserved.

2015/02/04 15:21:42	デバッグが終了しました。
2015/02/04 15:21:42	セクション　処理終了　(addSectionLog)
