2014/11/12 20:02:46	button1_Click　処理開始　
2014/11/12 20:02:47	外部exe実行：ConvertData.exe<\\10.169.71.236\構成管理\事前準備\Work_データ加工\02_新規_DB定義\3.2_情報蓄積\UI1203_論理テーブル仕様(01_090_業者別精算表).xls \\10.169.71.236\構成管理\事前準備\原本JAVAデータ\DB_HBHUN340\入力データ\LOTO_RQGYOSSN.csv \\10.169.71.236\構成管理\事前準備\Work_データ加工\01_現行_Copy句\CFGYSS_業者別精算表.xlsx C:\Work\temp\Work_データ加工\Test\HBHUN340-01\INPUT\GYOSSN>
2014/11/12 20:02:49	Std Output:データ変換中........
ファイル:【C:\Work\temp\Work_データ加工\Test\HBHUN340-01\INPUT\GYOSSN】データ変換完了しました！！

2014/11/12 20:02:49	外部exe実行：CBLCTFM.EXE</r C:\Work\temp\Work_データ加工\Test\RQGYOSSN.cfm>
2014/11/12 20:02:49	Std Output:	正常終了(DONE)

2014/11/12 20:02:50	外部exe実行：CBLCTFM.EXE</a C:\Work\temp\Work_データ加工\Test\RQGYOSSN.cfm>
2014/11/12 20:02:50	Std Output:	正常終了(DONE)

2014/11/12 20:02:50	外部exe実行：\\10.169.71.236\構成管理\事前準備\Work_データ加工\03_IndexChange\IndexChange_RQGYOSSN.exe<>
2014/11/12 20:02:50	外部exe実行：CBLCTFM.EXE</r C:\Work\temp\Work_データ加工\Test\RQGYOSSN.cfm>
2014/11/12 20:02:50	Std Output:	正常終了(DONE)

2014/11/12 20:02:51	外部exe実行：ConvertData.exe<\\10.169.71.236\構成管理\事前準備\Work_データ加工\02_新規_DB定義\3.2_情報蓄積\UI1203_論理テーブル仕様(01_081_業者).xls \\10.169.71.236\構成管理\事前準備\原本JAVAデータ\DB_HBHUN340\入力データ\LOTO_VIGYOSYA.csv \\10.169.71.236\構成管理\事前準備\Work_データ加工\01_現行_Copy句\CFGYSA_業者ファイル.xlsx C:\Work\temp\Work_データ加工\Test\HBHUN340-01\INPUT\GYOSYA>
2014/11/12 20:02:52	Std Output:データ変換中........
ファイル:【C:\Work\temp\Work_データ加工\Test\HBHUN340-01\INPUT\GYOSYA】データ変換完了しました！！

2014/11/12 20:02:53	外部exe実行：CBLCTFM.EXE</r C:\Work\temp\Work_データ加工\Test\VIGYOSYA.cfm>
2014/11/12 20:02:53	Std Output:	正常終了(DONE)

2014/11/12 20:02:53	外部exe実行：CBLCTFM.EXE</a C:\Work\temp\Work_データ加工\Test\VIGYOSYA.cfm>
2014/11/12 20:02:53	Std Output:	正常終了(DONE)

2014/11/12 20:02:53	外部exe実行：\\10.169.71.236\構成管理\事前準備\Work_データ加工\03_IndexChange\IndexChange_VIGYOSYA.exe<>
2014/11/12 20:02:54	外部exe実行：CBLCTFM.EXE</r C:\Work\temp\Work_データ加工\Test\VIGYOSYA.cfm>
2014/11/12 20:02:54	Std Output:	正常終了(DONE)

2014/11/12 20:02:54	外部exe実行：ConvertData.exe<\\10.169.71.236\構成管理\事前準備\Work_データ加工\02_新規_DB定義\3.2_情報蓄積\UI1203_論理テーブル仕様(01_203_売場).xls \\10.169.71.236\構成管理\事前準備\原本JAVAデータ\DB_HBHUN340\入力データ\LOTO_VIURIBA.csv \\10.169.71.236\構成管理\事前準備\Work_データ加工\01_現行_Copy句\CFURBA_売場ファイル.xlsx C:\Work\temp\Work_データ加工\Test\HBHUN340-01\INPUT\VIURIBA0>
2014/11/12 20:02:58	Std Output:データ変換中........
下記の項目：\\10.169.71.236\構成管理\事前準備\Work_データ加工\01_現行_Copy句\CFURBA_売場ファイル.xlsx中に存在あり、\\10.169.71.236\構成管理\事前準備\Work_データ加工\02_新規_DB定義\3.2_情報蓄積\UI1203_論理テーブル仕様(01_203_売場).xls中に存在なし。
データ変換する後、下記の項目内容は初期化をされる。ご注意してください！
************************************
発売ゲームタイプ1
発売ブロックコード1
発売ゲームタイプ2
発売ブロックコード2
発売ゲームタイプ3
発売ブロックコード3
発売ゲームタイプ4
発売ブロックコード4
発売ゲームタイプ5
発売ブロックコード5
発売ゲームタイプ6
発売ブロックコード6
発売ゲームタイプ7
発売ブロックコード7
発売ゲームタイプ8
発売ブロックコード8
発売ゲームタイプ9
発売ブロックコード9
発売ゲームタイプ10
発売ブロックコード10
発売ゲームタイプ11
発売ブロックコード11
発売ゲームタイプ12
発売ブロックコード12
発売ゲームタイプ13
発売ブロックコード13
発売ゲームタイプ14
発売ブロックコード14
発売ゲームタイプ15
発売ブロックコード15
発売ゲームタイプ16
発売ブロックコード16
発売ゲームタイプ17
発売ブロックコード17
発売ゲームタイプ18
発売ブロックコード18
発売ゲームタイプ19
発売ブロックコード19
発売ゲームタイプ20
発売ブロックコード20
発売ゲームタイプ21
発売ブロックコード21
発売ゲームタイプ22
発売ブロックコード22
発売ゲームタイプ23
発売ブロックコード23
発売ゲームタイプ24
発売ブロックコード24
発売ゲームタイプ25
発売ブロックコード25
発売ゲームタイプ26
発売ブロックコード26
発売ゲームタイプ27
発売ブロックコード27
発売ゲームタイプ28
発売ブロックコード28
発売ゲームタイプ29
発売ブロックコード29
発売ゲームタイプ30
発売ブロックコード30
発売ゲームタイプ31
発売ブロックコード31
発売ゲームタイプ32
発売ブロックコード32
発売ゲームタイプ33
発売ブロックコード33
発売ゲームタイプ34
発売ブロックコード34
発売ゲームタイプ35
発売ブロックコード35
発売ゲームタイプ36
発売ブロックコード36
発売ゲームタイプ37
発売ブロックコード37
発売ゲームタイプ38
発売ブロックコード38
発売ゲームタイプ39
発売ブロックコード39
発売ゲームタイプ40
発売ブロックコード40
発売ゲームタイプ41
発売ブロックコード41
発売ゲームタイプ42
発売ブロックコード42
発売ゲームタイプ43
発売ブロックコード43
発売ゲームタイプ44
発売ブロックコード44
発売ゲームタイプ45
発売ブロックコード45
発売ゲームタイプ46
発売ブロックコード46
発売ゲームタイプ47
発売ブロックコード47
発売ゲームタイプ48
発売ブロックコード48
発売ゲームタイプ49
発売ブロックコード49
発売ゲームタイプ50
発売ブロックコード50
発売ゲームタイプ51
発売ブロックコード51
発売ゲームタイプ52
発売ブロックコード52
発売ゲームタイプ53
発売ブロックコード53
発売ゲームタイプ54
発売ブロックコード54
発売ゲームタイプ55
発売ブロックコード55
発売ゲームタイプ56
発売ブロックコード56
発売ゲームタイプ57
発売ブロックコード57
発売ゲームタイプ58
発売ブロックコード58
発売ゲームタイプ59
発売ブロックコード59
発売ゲームタイプ60
発売ブロックコード60
発売ゲームタイプ61
発売ブロックコード61
発売ゲームタイプ62
発売ブロックコード62
発売ゲームタイプ63
発売ブロックコード63
発売ゲームタイプ64
発売ブロックコード64
************************************
ファイル:【C:\Work\temp\Work_データ加工\Test\HBHUN340-01\INPUT\VIURIBA0】データ変換完了しました！！

2014/11/12 20:02:59	外部exe実行：CBLCTFM.EXE</r C:\Work\temp\Work_データ加工\Test\VIURIBA.cfm>
2014/11/12 20:02:59	Std Output:	正常終了(DONE)

2014/11/12 20:02:59	外部exe実行：CBLCTFM.EXE</a C:\Work\temp\Work_データ加工\Test\VIURIBA.cfm>
2014/11/12 20:02:59	Std Output:	正常終了(DONE)

2014/11/12 20:02:59	外部exe実行：\\10.169.71.236\構成管理\事前準備\Work_データ加工\03_IndexChange\IndexChange_VIURIBA.exe<>
2014/11/12 20:03:00	外部exe実行：CBLCTFM.EXE</r C:\Work\temp\Work_データ加工\Test\VIURIBA.cfm>
2014/11/12 20:03:00	Std Output:	正常終了(DONE)

2014/11/12 20:03:00	外部exe実行：ConvertData.exe<\\10.169.71.236\構成管理\事前準備\Work_データ加工\02_新規_DB定義\3.2_情報蓄積\UI1203_論理テーブル仕様(01_037_運用管理1).xls \\10.169.71.236\構成管理\事前準備\原本JAVAデータ\DB_HBHUN340\入力データ\LOTO_VRUNYKAN1.csv \\10.169.71.236\構成管理\事前準備\Work_データ加工\01_現行_Copy句\CFUNK1_運用管理ファイル.xlsx C:\Work\temp\Work_データ加工\Test\HBHUN340-01\INPUT\VRUNYKAN>
2014/11/12 20:03:02	Std Output:データ変換中........
ファイル:【C:\Work\temp\Work_データ加工\Test\HBHUN340-01\INPUT\VRUNYKAN】データ変換完了しました！！

2014/11/12 20:03:02	外部exe実行：ConvertData.exe<\\10.169.71.236\構成管理\事前準備\Work_データ加工\02_新規_DB定義\3.2_情報蓄積\UI1203_論理テーブル仕様(01_037_運用管理1).xls \\10.169.71.236\構成管理\事前準備\原本JAVAデータ\DB_HBHUN340\入力データ\aaa.csv \\10.169.71.236\構成管理\事前準備\Work_データ加工\01_現行_Copy句\CFUNK1_運用管理ファイル.xlsx C:\Work\temp\Work_データ加工\Test\HBHUN340-01\INPUT\GYSSGM>
2014/11/12 20:03:04	Std Output:データ変換中........
ファイル:【C:\Work\temp\Work_データ加工\Test\HBHUN340-01\INPUT\GYSSGM】データ変換完了しました！！

2014/11/12 20:03:04	外部exe実行：CBLCTFM.EXE</r C:\Work\temp\Work_データ加工\Test\RQGYSSGM.cfm>
2014/11/12 20:03:04	Std Output:	正常終了(DONE)

2014/11/12 20:03:05	外部exe実行：CBLCTFM.EXE</a C:\Work\temp\Work_データ加工\Test\RQGYSSGM.cfm>
2014/11/12 20:03:05	Std Output:	正常終了(DONE)

2014/11/12 20:03:05	外部exe実行：\\10.169.71.236\構成管理\事前準備\Work_データ加工\03_IndexChange\IndexChange_RQGYSSGM.exe<>
2014/11/12 20:03:05	外部exe実行：CBLCTFM.EXE</r C:\Work\temp\Work_データ加工\Test\RQGYSSGM.cfm>
2014/11/12 20:03:05	Std Output:	正常終了(DONE)

2014/11/12 20:03:06	外部exe実行：ConvertData.exe<\\10.169.71.236\構成管理\事前準備\Work_データ加工\02_新規_DB定義\3.2_情報蓄積\UI1203_論理テーブル仕様(01_220_売場別ゲーム別精算表更新用ワーク(発券端末用)).xls \\10.169.71.236\構成管理\事前準備\原本JAVAデータ\DB_HBHUN340\入力データ\IN01_LOTO_VIWKUGSH.csv \\10.169.71.236\構成管理\事前準備\Work_データ加工\01_現行_Copy句\CFUGSS_売場別ゲーム別精算表.xlsx C:\Work\temp\Work_データ加工\Test\HBHUN340-01\INPUT\VIWKUGS0>
2014/11/12 20:03:07	Std Output:データ変換中........
ファイル:【C:\Work\temp\Work_データ加工\Test\HBHUN340-01\INPUT\VIWKUGS0】データ変換完了しました！！

2014/11/12 20:03:08	外部exe実行：CBLCTFM.EXE</r C:\Work\temp\Work_データ加工\Test\VIWKUGS.cfm>
2014/11/12 20:03:08	Std Output:	正常終了(DONE)

2014/11/12 20:03:08	外部exe実行：CBLCTFM.EXE</a C:\Work\temp\Work_データ加工\Test\VIWKUGS.cfm>
2014/11/12 20:03:08	Std Output:	正常終了(DONE)

2014/11/12 20:03:08	外部exe実行：\\10.169.71.236\構成管理\事前準備\Work_データ加工\03_IndexChange\IndexChange_VIWKUGS.exe<>
2014/11/12 20:03:09	外部exe実行：CBLCTFM.EXE</r C:\Work\temp\Work_データ加工\Test\VIWKUGS.cfm>
2014/11/12 20:03:09	Std Output:	正常終了(DONE)

2014/11/12 20:03:09	外部exe実行：ConvertData.exe<\\10.169.71.236\構成管理\事前準備\Work_データ加工\02_新規_DB定義\3.2_情報蓄積\UI1203_論理テーブル仕様(01_227_売場別精算表更新用ワーク(発券端末用)).xls \\10.169.71.236\構成管理\事前準備\原本JAVAデータ\DB_HBHUN340\入力データ\IN01_LOTO_VIWKURSH.csv \\10.169.71.236\構成管理\事前準備\Work_データ加工\01_現行_Copy句\CFURSS_売場別精算表.xlsx C:\Work\temp\Work_データ加工\Test\HBHUN340-01\INPUT\VIWKURS0>
2014/11/12 20:03:11	Std Output:データ変換中........
ファイル:【C:\Work\temp\Work_データ加工\Test\HBHUN340-01\INPUT\VIWKURS0】データ変換完了しました！！

2014/11/12 20:03:11	外部exe実行：CBLCTFM.EXE</r C:\Work\temp\Work_データ加工\Test\VIWKURS.cfm>
2014/11/12 20:03:11	Std Output:	正常終了(DONE)

2014/11/12 20:03:11	外部exe実行：CBLCTFM.EXE</a C:\Work\temp\Work_データ加工\Test\VIWKURS.cfm>
2014/11/12 20:03:11	Std Output:	正常終了(DONE)

2014/11/12 20:03:11	外部exe実行：\\10.169.71.236\構成管理\事前準備\Work_データ加工\03_IndexChange\IndexChange_VIWKURS.exe<>
2014/11/12 20:03:12	外部exe実行：CBLCTFM.EXE</r C:\Work\temp\Work_データ加工\Test\VIWKURS.cfm>
2014/11/12 20:03:12	Std Output:	正常終了(DONE)

2014/11/12 20:03:12	外部exe実行：ConvertData.exe<\\10.169.71.236\構成管理\事前準備\Work_データ加工\02_新規_DB定義\3.2_情報蓄積\UI1203_論理テーブル仕様(01_087_業者別ゲーム別精算表更新用ワーク(発券端末用)).xls \\10.169.71.236\構成管理\事前準備\原本JAVAデータ\DB_HBHUN340\出力データ\out01_LOTO_VIWKGGSH.csv \\10.169.71.236\構成管理\事前準備\Work_データ加工\01_現行_Copy句\CFGGSS_業者別ゲーム別精算表.xlsx C:\Work\temp\Work_データ加工\Test\HBHUN340-01\OUTPUT\VIWKGGSH>
2014/11/12 20:03:14	Std Output:データ変換中........
ファイル:【C:\Work\temp\Work_データ加工\Test\HBHUN340-01\OUTPUT\VIWKGGSH】データ変換完了しました！！

2014/11/12 20:03:14	外部exe実行：ConvertData.exe<\\10.169.71.236\構成管理\事前準備\Work_データ加工\02_新規_DB定義\3.2_情報蓄積\UI1203_論理テーブル仕様(01_092_業者別精算表更新用ワーク(発券端末用)).xls \\10.169.71.236\構成管理\事前準備\原本JAVAデータ\DB_HBHUN340\出力データ\out01_LOTO_VIWKGYSH.csv \\10.169.71.236\構成管理\事前準備\Work_データ加工\01_現行_Copy句\CFGYSS_業者別精算表.xlsx C:\Work\temp\Work_データ加工\Test\HBHUN340-01\OUTPUT\VIWKGYSH>
2014/11/12 20:03:16	Std Output:データ変換中........
ファイル:【C:\Work\temp\Work_データ加工\Test\HBHUN340-01\OUTPUT\VIWKGYSH】データ変換完了しました！！

2014/11/12 20:03:16	外部exe実行：ConvertData.exe<\\10.169.71.236\構成管理\事前準備\Work_データ加工\02_新規_DB定義\3.2_情報蓄積\UI1203_論理テーブル仕様(01_090_業者別精算表).xls \\10.169.71.236\構成管理\事前準備\原本JAVAデータ\DB_HBHUN340\入力データ\LOTO_RQGYOSSN.csv \\10.169.71.236\構成管理\事前準備\Work_データ加工\01_現行_Copy句\CFGYSS_業者別精算表.xlsx C:\Work\temp\Work_データ加工\Test\HBHUN340-02\INPUT\GYOSSN>
2014/11/12 20:03:19	Std Output:データ変換中........
ファイル:【C:\Work\temp\Work_データ加工\Test\HBHUN340-02\INPUT\GYOSSN】データ変換完了しました！！

2014/11/12 20:03:19	外部exe実行：CBLCTFM.EXE</r C:\Work\temp\Work_データ加工\Test\RQGYOSSN.cfm>
2014/11/12 20:03:19	Std Output:	正常終了(DONE)

2014/11/12 20:03:20	外部exe実行：CBLCTFM.EXE</a C:\Work\temp\Work_データ加工\Test\RQGYOSSN.cfm>
2014/11/12 20:03:20	Std Output:	正常終了(DONE)

2014/11/12 20:03:20	外部exe実行：\\10.169.71.236\構成管理\事前準備\Work_データ加工\03_IndexChange\IndexChange_RQGYOSSN.exe<>
2014/11/12 20:03:20	外部exe実行：CBLCTFM.EXE</r C:\Work\temp\Work_データ加工\Test\RQGYOSSN.cfm>
2014/11/12 20:03:20	Std Output:	正常終了(DONE)

2014/11/12 20:03:20	外部exe実行：ConvertData.exe<\\10.169.71.236\構成管理\事前準備\Work_データ加工\02_新規_DB定義\3.2_情報蓄積\UI1203_論理テーブル仕様(01_081_業者).xls \\10.169.71.236\構成管理\事前準備\原本JAVAデータ\DB_HBHUN340\入力データ\LOTO_VIGYOSYA.csv \\10.169.71.236\構成管理\事前準備\Work_データ加工\01_現行_Copy句\CFGYSA_業者ファイル.xlsx C:\Work\temp\Work_データ加工\Test\HBHUN340-02\INPUT\GYOSYA>
2014/11/12 20:03:22	Std Output:データ変換中........
ファイル:【C:\Work\temp\Work_データ加工\Test\HBHUN340-02\INPUT\GYOSYA】データ変換完了しました！！

2014/11/12 20:03:22	外部exe実行：CBLCTFM.EXE</r C:\Work\temp\Work_データ加工\Test\VIGYOSYA.cfm>
2014/11/12 20:03:22	Std Output:	正常終了(DONE)

2014/11/12 20:03:23	外部exe実行：CBLCTFM.EXE</a C:\Work\temp\Work_データ加工\Test\VIGYOSYA.cfm>
2014/11/12 20:03:23	Std Output:	正常終了(DONE)

2014/11/12 20:03:23	外部exe実行：\\10.169.71.236\構成管理\事前準備\Work_データ加工\03_IndexChange\IndexChange_VIGYOSYA.exe<>
2014/11/12 20:03:23	外部exe実行：CBLCTFM.EXE</r C:\Work\temp\Work_データ加工\Test\VIGYOSYA.cfm>
2014/11/12 20:03:23	Std Output:	正常終了(DONE)

2014/11/12 20:03:24	外部exe実行：ConvertData.exe<\\10.169.71.236\構成管理\事前準備\Work_データ加工\02_新規_DB定義\3.2_情報蓄積\UI1203_論理テーブル仕様(01_203_売場).xls \\10.169.71.236\構成管理\事前準備\原本JAVAデータ\DB_HBHUN340\入力データ\LOTO_VIURIBA.csv \\10.169.71.236\構成管理\事前準備\Work_データ加工\01_現行_Copy句\CFURBA_売場ファイル.xlsx C:\Work\temp\Work_データ加工\Test\HBHUN340-02\INPUT\VIURIBA0>
2014/11/12 20:03:28	Std Output:データ変換中........
下記の項目：\\10.169.71.236\構成管理\事前準備\Work_データ加工\01_現行_Copy句\CFURBA_売場ファイル.xlsx中に存在あり、\\10.169.71.236\構成管理\事前準備\Work_データ加工\02_新規_DB定義\3.2_情報蓄積\UI1203_論理テーブル仕様(01_203_売場).xls中に存在なし。
データ変換する後、下記の項目内容は初期化をされる。ご注意してください！
************************************
発売ゲームタイプ1
発売ブロックコード1
発売ゲームタイプ2
発売ブロックコード2
発売ゲームタイプ3
発売ブロックコード3
発売ゲームタイプ4
発売ブロックコード4
発売ゲームタイプ5
発売ブロックコード5
発売ゲームタイプ6
発売ブロックコード6
発売ゲームタイプ7
発売ブロックコード7
発売ゲームタイプ8
発売ブロックコード8
発売ゲームタイプ9
発売ブロックコード9
発売ゲームタイプ10
発売ブロックコード10
発売ゲームタイプ11
発売ブロックコード11
発売ゲームタイプ12
発売ブロックコード12
発売ゲームタイプ13
発売ブロックコード13
発売ゲームタイプ14
発売ブロックコード14
発売ゲームタイプ15
発売ブロックコード15
発売ゲームタイプ16
発売ブロックコード16
発売ゲームタイプ17
発売ブロックコード17
発売ゲームタイプ18
発売ブロックコード18
発売ゲームタイプ19
発売ブロックコード19
発売ゲームタイプ20
発売ブロックコード20
発売ゲームタイプ21
発売ブロックコード21
発売ゲームタイプ22
発売ブロックコード22
発売ゲームタイプ23
発売ブロックコード23
発売ゲームタイプ24
発売ブロックコード24
発売ゲームタイプ25
発売ブロックコード25
発売ゲームタイプ26
発売ブロックコード26
発売ゲームタイプ27
発売ブロックコード27
発売ゲームタイプ28
発売ブロックコード28
発売ゲームタイプ29
発売ブロックコード29
発売ゲームタイプ30
発売ブロックコード30
発売ゲームタイプ31
発売ブロックコード31
発売ゲームタイプ32
発売ブロックコード32
発売ゲームタイプ33
発売ブロックコード33
発売ゲームタイプ34
発売ブロックコード34
発売ゲームタイプ35
発売ブロックコード35
発売ゲームタイプ36
発売ブロックコード36
発売ゲームタイプ37
発売ブロックコード37
発売ゲームタイプ38
発売ブロックコード38
発売ゲームタイプ39
発売ブロックコード39
発売ゲームタイプ40
発売ブロックコード40
発売ゲームタイプ41
発売ブロックコード41
発売ゲームタイプ42
発売ブロックコード42
発売ゲームタイプ43
発売ブロックコード43
発売ゲームタイプ44
発売ブロックコード44
発売ゲームタイプ45
発売ブロックコード45
発売ゲームタイプ46
発売ブロックコード46
発売ゲームタイプ47
発売ブロックコード47
発売ゲームタイプ48
発売ブロックコード48
発売ゲームタイプ49
発売ブロックコード49
発売ゲームタイプ50
発売ブロックコード50
発売ゲームタイプ51
発売ブロックコード51
発売ゲームタイプ52
発売ブロックコード52
発売ゲームタイプ53
発売ブロックコード53
発売ゲームタイプ54
発売ブロックコード54
発売ゲームタイプ55
発売ブロックコード55
発売ゲームタイプ56
発売ブロックコード56
発売ゲームタイプ57
発売ブロックコード57
発売ゲームタイプ58
発売ブロックコード58
発売ゲームタイプ59
発売ブロックコード59
発売ゲームタイプ60
発売ブロックコード60
発売ゲームタイプ61
発売ブロックコード61
発売ゲームタイプ62
発売ブロックコード62
発売ゲームタイプ63
発売ブロックコード63
発売ゲームタイプ64
発売ブロックコード64
************************************
ファイル:【C:\Work\temp\Work_データ加工\Test\HBHUN340-02\INPUT\VIURIBA0】データ変換完了しました！！

2014/11/12 20:03:29	外部exe実行：CBLCTFM.EXE</r C:\Work\temp\Work_データ加工\Test\VIURIBA.cfm>
2014/11/12 20:03:29	Std Output:	正常終了(DONE)

2014/11/12 20:03:29	外部exe実行：CBLCTFM.EXE</a C:\Work\temp\Work_データ加工\Test\VIURIBA.cfm>
2014/11/12 20:03:29	Std Output:	正常終了(DONE)

2014/11/12 20:03:29	外部exe実行：\\10.169.71.236\構成管理\事前準備\Work_データ加工\03_IndexChange\IndexChange_VIURIBA.exe<>
2014/11/12 20:03:30	外部exe実行：CBLCTFM.EXE</r C:\Work\temp\Work_データ加工\Test\VIURIBA.cfm>
2014/11/12 20:03:30	Std Output:	正常終了(DONE)

2014/11/12 20:03:30	外部exe実行：ConvertData.exe<\\10.169.71.236\構成管理\事前準備\Work_データ加工\02_新規_DB定義\3.2_情報蓄積\UI1203_論理テーブル仕様(01_037_運用管理1).xls \\10.169.71.236\構成管理\事前準備\原本JAVAデータ\DB_HBHUN340\入力データ\LOTO_VRUNYKAN1.csv \\10.169.71.236\構成管理\事前準備\Work_データ加工\01_現行_Copy句\CFUNK1_運用管理ファイル.xlsx C:\Work\temp\Work_データ加工\Test\HBHUN340-02\INPUT\VRUNYKAN>
2014/11/12 20:03:33	Std Output:データ変換中........
ファイル:【C:\Work\temp\Work_データ加工\Test\HBHUN340-02\INPUT\VRUNYKAN】データ変換完了しました！！

2014/11/12 20:03:33	外部exe実行：ConvertData.exe<\\10.169.71.236\構成管理\事前準備\Work_データ加工\02_新規_DB定義\3.2_情報蓄積\UI1203_論理テーブル仕様(01_037_運用管理1).xls \\10.169.71.236\構成管理\事前準備\原本JAVAデータ\DB_HBHUN340\入力データ\aaa.csv \\10.169.71.236\構成管理\事前準備\Work_データ加工\01_現行_Copy句\CFUNK1_運用管理ファイル.xlsx C:\Work\temp\Work_データ加工\Test\HBHUN340-02\INPUT\GYSSGM>
2014/11/12 20:03:34	Std Output:データ変換中........
ファイル:【C:\Work\temp\Work_データ加工\Test\HBHUN340-02\INPUT\GYSSGM】データ変換完了しました！！

2014/11/12 20:03:35	外部exe実行：CBLCTFM.EXE</r C:\Work\temp\Work_データ加工\Test\RQGYSSGM.cfm>
2014/11/12 20:03:35	Std Output:	正常終了(DONE)

2014/11/12 20:03:35	外部exe実行：CBLCTFM.EXE</a C:\Work\temp\Work_データ加工\Test\RQGYSSGM.cfm>
2014/11/12 20:03:35	Std Output:	正常終了(DONE)

2014/11/12 20:03:35	外部exe実行：\\10.169.71.236\構成管理\事前準備\Work_データ加工\03_IndexChange\IndexChange_RQGYSSGM.exe<>
2014/11/12 20:03:36	外部exe実行：CBLCTFM.EXE</r C:\Work\temp\Work_データ加工\Test\RQGYSSGM.cfm>
2014/11/12 20:03:36	Std Output:	正常終了(DONE)

2014/11/12 20:03:36	外部exe実行：ConvertData.exe<\\10.169.71.236\構成管理\事前準備\Work_データ加工\02_新規_DB定義\3.2_情報蓄積\UI1203_論理テーブル仕様(01_220_売場別ゲーム別精算表更新用ワーク(発券端末用)).xls \\10.169.71.236\構成管理\事前準備\原本JAVAデータ\DB_HBHUN340\入力データ\IN02_LOTO_VIWKUGSG.csv \\10.169.71.236\構成管理\事前準備\Work_データ加工\01_現行_Copy句\CFUGSS_売場別ゲーム別精算表.xlsx C:\Work\temp\Work_データ加工\Test\HBHUN340-02\INPUT\VIWKUGS0>
2014/11/12 20:03:38	Std Output:データ変換中........
ファイル:【C:\Work\temp\Work_データ加工\Test\HBHUN340-02\INPUT\VIWKUGS0】データ変換完了しました！！

2014/11/12 20:03:38	外部exe実行：CBLCTFM.EXE</r C:\Work\temp\Work_データ加工\Test\VIWKUGS.cfm>
2014/11/12 20:03:38	Std Output:	正常終了(DONE)

2014/11/12 20:03:39	外部exe実行：CBLCTFM.EXE</a C:\Work\temp\Work_データ加工\Test\VIWKUGS.cfm>
2014/11/12 20:03:39	Std Output:	正常終了(DONE)

2014/11/12 20:03:39	外部exe実行：\\10.169.71.236\構成管理\事前準備\Work_データ加工\03_IndexChange\IndexChange_VIWKUGS.exe<>
2014/11/12 20:03:39	外部exe実行：CBLCTFM.EXE</r C:\Work\temp\Work_データ加工\Test\VIWKUGS.cfm>
2014/11/12 20:03:39	Std Output:	正常終了(DONE)

2014/11/12 20:03:39	外部exe実行：ConvertData.exe<\\10.169.71.236\構成管理\事前準備\Work_データ加工\02_新規_DB定義\3.2_情報蓄積\UI1203_論理テーブル仕様(01_227_売場別精算表更新用ワーク(発券端末用)).xls \\10.169.71.236\構成管理\事前準備\原本JAVAデータ\DB_HBHUN340\入力データ\IN02_LOTO_VIWKURSG.csv \\10.169.71.236\構成管理\事前準備\Work_データ加工\01_現行_Copy句\CFURSS_売場別精算表.xlsx C:\Work\temp\Work_データ加工\Test\HBHUN340-02\INPUT\VIWKURS0>
2014/11/12 20:03:41	Std Output:データ変換中........
ファイル:【C:\Work\temp\Work_データ加工\Test\HBHUN340-02\INPUT\VIWKURS0】データ変換完了しました！！

2014/11/12 20:03:41	外部exe実行：CBLCTFM.EXE</r C:\Work\temp\Work_データ加工\Test\VIWKURS.cfm>
2014/11/12 20:03:42	Std Output:	正常終了(DONE)

2014/11/12 20:03:42	外部exe実行：CBLCTFM.EXE</a C:\Work\temp\Work_データ加工\Test\VIWKURS.cfm>
2014/11/12 20:03:42	Std Output:	正常終了(DONE)

2014/11/12 20:03:42	外部exe実行：\\10.169.71.236\構成管理\事前準備\Work_データ加工\03_IndexChange\IndexChange_VIWKURS.exe<>
2014/11/12 20:03:43	外部exe実行：CBLCTFM.EXE</r C:\Work\temp\Work_データ加工\Test\VIWKURS.cfm>
2014/11/12 20:03:43	Std Output:	正常終了(DONE)

2014/11/12 20:03:43	外部exe実行：ConvertData.exe<\\10.169.71.236\構成管理\事前準備\Work_データ加工\02_新規_DB定義\3.2_情報蓄積\UI1203_論理テーブル仕様(01_087_業者別ゲーム別精算表更新用ワーク(発券端末用)).xls \\10.169.71.236\構成管理\事前準備\原本JAVAデータ\DB_HBHUN340\出力データ\out02_LOTO_VIWKGGSG.csv \\10.169.71.236\構成管理\事前準備\Work_データ加工\01_現行_Copy句\CFGGSS_業者別ゲーム別精算表.xlsx C:\Work\temp\Work_データ加工\Test\HBHUN340-02\OUTPUT\VIWKGGSG>
2014/11/12 20:03:45	Std Output:データ変換中........
ファイル:【C:\Work\temp\Work_データ加工\Test\HBHUN340-02\OUTPUT\VIWKGGSG】データ変換完了しました！！

2014/11/12 20:03:45	外部exe実行：ConvertData.exe<\\10.169.71.236\構成管理\事前準備\Work_データ加工\02_新規_DB定義\3.2_情報蓄積\UI1203_論理テーブル仕様(01_092_業者別精算表更新用ワーク(発券端末用)).xls \\10.169.71.236\構成管理\事前準備\原本JAVAデータ\DB_HBHUN340\出力データ\out02_LOTO_VIWKGYSG.csv \\10.169.71.236\構成管理\事前準備\Work_データ加工\01_現行_Copy句\CFGYSS_業者別精算表.xlsx C:\Work\temp\Work_データ加工\Test\HBHUN340-02\OUTPUT\VIWKGYSG>
2014/11/12 20:03:46	Std Output:データ変換中........
ファイル:【C:\Work\temp\Work_データ加工\Test\HBHUN340-02\OUTPUT\VIWKGYSG】データ変換完了しました！！

2014/11/12 20:03:46	button1_Click　処理終了　
2014/11/12 20:17:04	button1_Click　処理開始　
2014/11/12 20:17:04	外部exe実行：ConvertData.exe<\\10.169.71.236\構成管理\事前準備\Work_データ加工\02_新規_DB定義\3.2_情報蓄積\UI1203_論理テーブル仕様(01_090_業者別精算表).xls \\10.169.71.236\構成管理\事前準備\原本JAVAデータ\DB_HBHUN340\入力データ\LOTO_RQGYOSSN.csv \\10.169.71.236\構成管理\事前準備\Work_データ加工\01_現行_Copy句\CFGYSS_業者別精算表.xlsx C:\Work\temp\Work_データ加工\Test\HBHUN340-01\INPUT\GYOSSN>
2014/11/12 20:17:07	Std Output:データ変換中........
ファイル:【C:\Work\temp\Work_データ加工\Test\HBHUN340-01\INPUT\GYOSSN】データ変換完了しました！！

2014/11/12 20:17:07	外部exe実行：CBLCTFM.EXE</r C:\Work\temp\Work_データ加工\Test\RQGYOSSN.cfm>
2014/11/12 20:17:07	Std Output:	正常終了(DONE)

2014/11/12 20:17:07	外部exe実行：CBLCTFM.EXE</a C:\Work\temp\Work_データ加工\Test\RQGYOSSN.cfm>
2014/11/12 20:17:07	Std Output:	正常終了(DONE)

2014/11/12 20:17:07	外部exe実行：\\10.169.71.236\構成管理\事前準備\Work_データ加工\03_IndexChange\IndexChange_RQGYOSSN.exe<>
2014/11/12 20:17:08	外部exe実行：CBLCTFM.EXE</r C:\Work\temp\Work_データ加工\Test\RQGYOSSN.cfm>
2014/11/12 20:17:08	Std Output:	正常終了(DONE)

2014/11/12 20:17:08	外部exe実行：ConvertData.exe<\\10.169.71.236\構成管理\事前準備\Work_データ加工\02_新規_DB定義\3.2_情報蓄積\UI1203_論理テーブル仕様(01_081_業者).xls \\10.169.71.236\構成管理\事前準備\原本JAVAデータ\DB_HBHUN340\入力データ\LOTO_VIGYOSYA.csv \\10.169.71.236\構成管理\事前準備\Work_データ加工\01_現行_Copy句\CFGYSA_業者ファイル.xlsx C:\Work\temp\Work_データ加工\Test\HBHUN340-01\INPUT\GYOSYA>
2014/11/12 20:17:10	Std Output:データ変換中........
ファイル:【C:\Work\temp\Work_データ加工\Test\HBHUN340-01\INPUT\GYOSYA】データ変換完了しました！！

2014/11/12 20:17:11	外部exe実行：CBLCTFM.EXE</r C:\Work\temp\Work_データ加工\Test\VIGYOSYA.cfm>
2014/11/12 20:17:11	Std Output:	正常終了(DONE)

2014/11/12 20:17:11	外部exe実行：CBLCTFM.EXE</a C:\Work\temp\Work_データ加工\Test\VIGYOSYA.cfm>
2014/11/12 20:17:11	Std Output:	正常終了(DONE)

2014/11/12 20:17:11	外部exe実行：\\10.169.71.236\構成管理\事前準備\Work_データ加工\03_IndexChange\IndexChange_VIGYOSYA.exe<>
2014/11/12 20:17:11	外部exe実行：CBLCTFM.EXE</r C:\Work\temp\Work_データ加工\Test\VIGYOSYA.cfm>
2014/11/12 20:17:12	Std Output:	正常終了(DONE)

2014/11/12 20:17:12	外部exe実行：ConvertData.exe<\\10.169.71.236\構成管理\事前準備\Work_データ加工\02_新規_DB定義\3.2_情報蓄積\UI1203_論理テーブル仕様(01_203_売場).xls \\10.169.71.236\構成管理\事前準備\原本JAVAデータ\DB_HBHUN340\入力データ\LOTO_VIURIBA.csv \\10.169.71.236\構成管理\事前準備\Work_データ加工\01_現行_Copy句\CFURBA_売場ファイル.xlsx C:\Work\temp\Work_データ加工\Test\HBHUN340-01\INPUT\VIURIBA0>
2014/11/12 20:17:16	Std Output:データ変換中........
下記の項目：\\10.169.71.236\構成管理\事前準備\Work_データ加工\01_現行_Copy句\CFURBA_売場ファイル.xlsx中に存在あり、\\10.169.71.236\構成管理\事前準備\Work_データ加工\02_新規_DB定義\3.2_情報蓄積\UI1203_論理テーブル仕様(01_203_売場).xls中に存在なし。
データ変換する後、下記の項目内容は初期化をされる。ご注意してください！
************************************
発売ゲームタイプ1
発売ブロックコード1
発売ゲームタイプ2
発売ブロックコード2
発売ゲームタイプ3
発売ブロックコード3
発売ゲームタイプ4
発売ブロックコード4
発売ゲームタイプ5
発売ブロックコード5
発売ゲームタイプ6
発売ブロックコード6
発売ゲームタイプ7
発売ブロックコード7
発売ゲームタイプ8
発売ブロックコード8
発売ゲームタイプ9
発売ブロックコード9
発売ゲームタイプ10
発売ブロックコード10
発売ゲームタイプ11
発売ブロックコード11
発売ゲームタイプ12
発売ブロックコード12
発売ゲームタイプ13
発売ブロックコード13
発売ゲームタイプ14
発売ブロックコード14
発売ゲームタイプ15
発売ブロックコード15
発売ゲームタイプ16
発売ブロックコード16
発売ゲームタイプ17
発売ブロックコード17
発売ゲームタイプ18
発売ブロックコード18
発売ゲームタイプ19
発売ブロックコード19
発売ゲームタイプ20
発売ブロックコード20
発売ゲームタイプ21
発売ブロックコード21
発売ゲームタイプ22
発売ブロックコード22
発売ゲームタイプ23
発売ブロックコード23
発売ゲームタイプ24
発売ブロックコード24
発売ゲームタイプ25
発売ブロックコード25
発売ゲームタイプ26
発売ブロックコード26
発売ゲームタイプ27
発売ブロックコード27
発売ゲームタイプ28
発売ブロックコード28
発売ゲームタイプ29
発売ブロックコード29
発売ゲームタイプ30
発売ブロックコード30
発売ゲームタイプ31
発売ブロックコード31
発売ゲームタイプ32
発売ブロックコード32
発売ゲームタイプ33
発売ブロックコード33
発売ゲームタイプ34
発売ブロックコード34
発売ゲームタイプ35
発売ブロックコード35
発売ゲームタイプ36
発売ブロックコード36
発売ゲームタイプ37
発売ブロックコード37
発売ゲームタイプ38
発売ブロックコード38
発売ゲームタイプ39
発売ブロックコード39
発売ゲームタイプ40
発売ブロックコード40
発売ゲームタイプ41
発売ブロックコード41
発売ゲームタイプ42
発売ブロックコード42
発売ゲームタイプ43
発売ブロックコード43
発売ゲームタイプ44
発売ブロックコード44
発売ゲームタイプ45
発売ブロックコード45
発売ゲームタイプ46
発売ブロックコード46
発売ゲームタイプ47
発売ブロックコード47
発売ゲームタイプ48
発売ブロックコード48
発売ゲームタイプ49
発売ブロックコード49
発売ゲームタイプ50
発売ブロックコード50
発売ゲームタイプ51
発売ブロックコード51
発売ゲームタイプ52
発売ブロックコード52
発売ゲームタイプ53
発売ブロックコード53
発売ゲームタイプ54
発売ブロックコード54
発売ゲームタイプ55
発売ブロックコード55
発売ゲームタイプ56
発売ブロックコード56
発売ゲームタイプ57
発売ブロックコード57
発売ゲームタイプ58
発売ブロックコード58
発売ゲームタイプ59
発売ブロックコード59
発売ゲームタイプ60
発売ブロックコード60
発売ゲームタイプ61
発売ブロックコード61
発売ゲームタイプ62
発売ブロックコード62
発売ゲームタイプ63
発売ブロックコード63
発売ゲームタイプ64
発売ブロックコード64
************************************
ファイル:【C:\Work\temp\Work_データ加工\Test\HBHUN340-01\INPUT\VIURIBA0】データ変換完了しました！！

2014/11/12 20:17:16	外部exe実行：CBLCTFM.EXE</r C:\Work\temp\Work_データ加工\Test\VIURIBA.cfm>
2014/11/12 20:17:16	Std Output:	正常終了(DONE)

2014/11/12 20:17:17	外部exe実行：CBLCTFM.EXE</a C:\Work\temp\Work_データ加工\Test\VIURIBA.cfm>
2014/11/12 20:17:17	Std Output:	正常終了(DONE)

2014/11/12 20:17:17	外部exe実行：\\10.169.71.236\構成管理\事前準備\Work_データ加工\03_IndexChange\IndexChange_VIURIBA.exe<>
2014/11/12 20:17:17	外部exe実行：CBLCTFM.EXE</r C:\Work\temp\Work_データ加工\Test\VIURIBA.cfm>
2014/11/12 20:17:17	Std Output:	正常終了(DONE)

2014/11/12 20:17:17	外部exe実行：ConvertData.exe<\\10.169.71.236\構成管理\事前準備\Work_データ加工\02_新規_DB定義\3.2_情報蓄積\UI1203_論理テーブル仕様(01_037_運用管理1).xls \\10.169.71.236\構成管理\事前準備\原本JAVAデータ\DB_HBHUN340\入力データ\LOTO_VRUNYKAN1.csv \\10.169.71.236\構成管理\事前準備\Work_データ加工\01_現行_Copy句\CFUNK1_運用管理ファイル.xlsx C:\Work\temp\Work_データ加工\Test\HBHUN340-01\INPUT\VRUNYKAN>
2014/11/12 20:17:19	Std Output:データ変換中........
ファイル:【C:\Work\temp\Work_データ加工\Test\HBHUN340-01\INPUT\VRUNYKAN】データ変換完了しました！！

2014/11/12 20:17:19	外部exe実行：ConvertData.exe<\\10.169.71.236\構成管理\事前準備\Work_データ加工\02_新規_DB定義\3.2_情報蓄積\UI1203_論理テーブル仕様(01_037_運用管理1).xls \\10.169.71.236\構成管理\事前準備\原本JAVAデータ\DB_HBHUN340\入力データ\aaa.csv \\10.169.71.236\構成管理\事前準備\Work_データ加工\01_現行_Copy句\CFUNK1_運用管理ファイル.xlsx C:\Work\temp\Work_データ加工\Test\HBHUN340-01\INPUT\GYSSGM>
2014/11/12 20:17:22	Std Output:データ変換中........
ファイル:【C:\Work\temp\Work_データ加工\Test\HBHUN340-01\INPUT\GYSSGM】データ変換完了しました！！

2014/11/12 20:17:22	外部exe実行：CBLCTFM.EXE</r C:\Work\temp\Work_データ加工\Test\RQGYSSGM.cfm>
2014/11/12 20:17:22	Std Output:	正常終了(DONE)

2014/11/12 20:17:22	外部exe実行：CBLCTFM.EXE</a C:\Work\temp\Work_データ加工\Test\RQGYSSGM.cfm>
2014/11/12 20:17:22	Std Output:	正常終了(DONE)

2014/11/12 20:17:22	外部exe実行：\\10.169.71.236\構成管理\事前準備\Work_データ加工\03_IndexChange\IndexChange_RQGYSSGM.exe<>
2014/11/12 20:17:23	外部exe実行：CBLCTFM.EXE</r C:\Work\temp\Work_データ加工\Test\RQGYSSGM.cfm>
2014/11/12 20:17:23	Std Output:	正常終了(DONE)

2014/11/12 20:17:23	外部exe実行：ConvertData.exe<\\10.169.71.236\構成管理\事前準備\Work_データ加工\02_新規_DB定義\3.2_情報蓄積\UI1203_論理テーブル仕様(01_220_売場別ゲーム別精算表更新用ワーク(発券端末用)).xls \\10.169.71.236\構成管理\事前準備\原本JAVAデータ\DB_HBHUN340\入力データ\IN01_LOTO_VIWKUGSH.csv \\10.169.71.236\構成管理\事前準備\Work_データ加工\01_現行_Copy句\CFUGSS_売場別ゲーム別精算表.xlsx C:\Work\temp\Work_データ加工\Test\HBHUN340-01\INPUT\VIWKUGS0>
2014/11/12 20:17:25	Std Output:データ変換中........
ファイル:【C:\Work\temp\Work_データ加工\Test\HBHUN340-01\INPUT\VIWKUGS0】データ変換完了しました！！

2014/11/12 20:17:25	外部exe実行：CBLCTFM.EXE</r C:\Work\temp\Work_データ加工\Test\VIWKUGS.cfm>
2014/11/12 20:17:25	Std Output:	正常終了(DONE)

2014/11/12 20:17:25	外部exe実行：CBLCTFM.EXE</a C:\Work\temp\Work_データ加工\Test\VIWKUGS.cfm>
2014/11/12 20:17:25	Std Output:	正常終了(DONE)

2014/11/12 20:17:25	外部exe実行：\\10.169.71.236\構成管理\事前準備\Work_データ加工\03_IndexChange\IndexChange_VIWKUGS.exe<>
2014/11/12 20:17:26	外部exe実行：CBLCTFM.EXE</r C:\Work\temp\Work_データ加工\Test\VIWKUGS.cfm>
2014/11/12 20:17:26	Std Output:	正常終了(DONE)

2014/11/12 20:17:26	外部exe実行：ConvertData.exe<\\10.169.71.236\構成管理\事前準備\Work_データ加工\02_新規_DB定義\3.2_情報蓄積\UI1203_論理テーブル仕様(01_227_売場別精算表更新用ワーク(発券端末用)).xls \\10.169.71.236\構成管理\事前準備\原本JAVAデータ\DB_HBHUN340\入力データ\IN01_LOTO_VIWKURSH.csv \\10.169.71.236\構成管理\事前準備\Work_データ加工\01_現行_Copy句\CFURSS_売場別精算表.xlsx C:\Work\temp\Work_データ加工\Test\HBHUN340-01\INPUT\VIWKURS0>
2014/11/12 20:17:28	Std Output:データ変換中........
ファイル:【C:\Work\temp\Work_データ加工\Test\HBHUN340-01\INPUT\VIWKURS0】データ変換完了しました！！

2014/11/12 20:17:28	外部exe実行：CBLCTFM.EXE</r C:\Work\temp\Work_データ加工\Test\VIWKURS.cfm>
2014/11/12 20:17:28	Std Output:	正常終了(DONE)

2014/11/12 20:17:28	外部exe実行：CBLCTFM.EXE</a C:\Work\temp\Work_データ加工\Test\VIWKURS.cfm>
2014/11/12 20:17:28	Std Output:	正常終了(DONE)

2014/11/12 20:17:28	外部exe実行：\\10.169.71.236\構成管理\事前準備\Work_データ加工\03_IndexChange\IndexChange_VIWKURS.exe<>
2014/11/12 20:17:29	外部exe実行：CBLCTFM.EXE</r C:\Work\temp\Work_データ加工\Test\VIWKURS.cfm>
2014/11/12 20:17:29	Std Output:	正常終了(DONE)

2014/11/12 20:17:29	外部exe実行：ConvertData.exe<\\10.169.71.236\構成管理\事前準備\Work_データ加工\02_新規_DB定義\3.2_情報蓄積\UI1203_論理テーブル仕様(01_087_業者別ゲーム別精算表更新用ワーク(発券端末用)).xls \\10.169.71.236\構成管理\事前準備\原本JAVAデータ\DB_HBHUN340\出力データ\out01_LOTO_VIWKGGSH.csv \\10.169.71.236\構成管理\事前準備\Work_データ加工\01_現行_Copy句\CFGGSS_業者別ゲーム別精算表.xlsx C:\Work\temp\Work_データ加工\Test\HBHUN340-01\OUTPUT\VIWKGGSH>
2014/11/12 20:17:31	Std Output:データ変換中........
ファイル:【C:\Work\temp\Work_データ加工\Test\HBHUN340-01\OUTPUT\VIWKGGSH】データ変換完了しました！！

2014/11/12 20:17:31	外部exe実行：ConvertData.exe<\\10.169.71.236\構成管理\事前準備\Work_データ加工\02_新規_DB定義\3.2_情報蓄積\UI1203_論理テーブル仕様(01_092_業者別精算表更新用ワーク(発券端末用)).xls \\10.169.71.236\構成管理\事前準備\原本JAVAデータ\DB_HBHUN340\出力データ\out01_LOTO_VIWKGYSH.csv \\10.169.71.236\構成管理\事前準備\Work_データ加工\01_現行_Copy句\CFGYSS_業者別精算表.xlsx C:\Work\temp\Work_データ加工\Test\HBHUN340-01\OUTPUT\VIWKGYSH>
2014/11/12 20:17:33	Std Output:データ変換中........
ファイル:【C:\Work\temp\Work_データ加工\Test\HBHUN340-01\OUTPUT\VIWKGYSH】データ変換完了しました！！

2014/11/12 20:17:33	外部exe実行：ConvertData.exe<\\10.169.71.236\構成管理\事前準備\Work_データ加工\02_新規_DB定義\3.2_情報蓄積\UI1203_論理テーブル仕様(01_090_業者別精算表).xls \\10.169.71.236\構成管理\事前準備\原本JAVAデータ\DB_HBHUN340\入力データ\LOTO_RQGYOSSN.csv \\10.169.71.236\構成管理\事前準備\Work_データ加工\01_現行_Copy句\CFGYSS_業者別精算表.xlsx C:\Work\temp\Work_データ加工\Test\HBHUN340-02\INPUT\GYOSSN>
2014/11/12 20:17:35	Std Output:データ変換中........
ファイル:【C:\Work\temp\Work_データ加工\Test\HBHUN340-02\INPUT\GYOSSN】データ変換完了しました！！

2014/11/12 20:17:35	外部exe実行：CBLCTFM.EXE</r C:\Work\temp\Work_データ加工\Test\RQGYOSSN.cfm>
2014/11/12 20:17:35	Std Output:	正常終了(DONE)

2014/11/12 20:17:35	外部exe実行：CBLCTFM.EXE</a C:\Work\temp\Work_データ加工\Test\RQGYOSSN.cfm>
2014/11/12 20:17:35	Std Output:	正常終了(DONE)

2014/11/12 20:17:35	外部exe実行：\\10.169.71.236\構成管理\事前準備\Work_データ加工\03_IndexChange\IndexChange_RQGYOSSN.exe<>
2014/11/12 20:17:36	外部exe実行：CBLCTFM.EXE</r C:\Work\temp\Work_データ加工\Test\RQGYOSSN.cfm>
2014/11/12 20:17:36	Std Output:	正常終了(DONE)

2014/11/12 20:17:36	外部exe実行：ConvertData.exe<\\10.169.71.236\構成管理\事前準備\Work_データ加工\02_新規_DB定義\3.2_情報蓄積\UI1203_論理テーブル仕様(01_081_業者).xls \\10.169.71.236\構成管理\事前準備\原本JAVAデータ\DB_HBHUN340\入力データ\LOTO_VIGYOSYA.csv \\10.169.71.236\構成管理\事前準備\Work_データ加工\01_現行_Copy句\CFGYSA_業者ファイル.xlsx C:\Work\temp\Work_データ加工\Test\HBHUN340-02\INPUT\GYOSYA>
2014/11/12 20:17:38	Std Output:データ変換中........
ファイル:【C:\Work\temp\Work_データ加工\Test\HBHUN340-02\INPUT\GYOSYA】データ変換完了しました！！

2014/11/12 20:17:39	外部exe実行：CBLCTFM.EXE</r C:\Work\temp\Work_データ加工\Test\VIGYOSYA.cfm>
2014/11/12 20:17:39	Std Output:	正常終了(DONE)

2014/11/12 20:17:39	外部exe実行：CBLCTFM.EXE</a C:\Work\temp\Work_データ加工\Test\VIGYOSYA.cfm>
2014/11/12 20:17:39	Std Output:	正常終了(DONE)

2014/11/12 20:17:39	外部exe実行：\\10.169.71.236\構成管理\事前準備\Work_データ加工\03_IndexChange\IndexChange_VIGYOSYA.exe<>
2014/11/12 20:17:39	外部exe実行：CBLCTFM.EXE</r C:\Work\temp\Work_データ加工\Test\VIGYOSYA.cfm>
2014/11/12 20:17:39	Std Output:	正常終了(DONE)

2014/11/12 20:17:39	外部exe実行：ConvertData.exe<\\10.169.71.236\構成管理\事前準備\Work_データ加工\02_新規_DB定義\3.2_情報蓄積\UI1203_論理テーブル仕様(01_203_売場).xls \\10.169.71.236\構成管理\事前準備\原本JAVAデータ\DB_HBHUN340\入力データ\LOTO_VIURIBA.csv \\10.169.71.236\構成管理\事前準備\Work_データ加工\01_現行_Copy句\CFURBA_売場ファイル.xlsx C:\Work\temp\Work_データ加工\Test\HBHUN340-02\INPUT\VIURIBA0>
2014/11/12 20:17:44	Std Output:データ変換中........
下記の項目：\\10.169.71.236\構成管理\事前準備\Work_データ加工\01_現行_Copy句\CFURBA_売場ファイル.xlsx中に存在あり、\\10.169.71.236\構成管理\事前準備\Work_データ加工\02_新規_DB定義\3.2_情報蓄積\UI1203_論理テーブル仕様(01_203_売場).xls中に存在なし。
データ変換する後、下記の項目内容は初期化をされる。ご注意してください！
************************************
発売ゲームタイプ1
発売ブロックコード1
発売ゲームタイプ2
発売ブロックコード2
発売ゲームタイプ3
発売ブロックコード3
発売ゲームタイプ4
発売ブロックコード4
発売ゲームタイプ5
発売ブロックコード5
発売ゲームタイプ6
発売ブロックコード6
発売ゲームタイプ7
発売ブロックコード7
発売ゲームタイプ8
発売ブロックコード8
発売ゲームタイプ9
発売ブロックコード9
発売ゲームタイプ10
発売ブロックコード10
発売ゲームタイプ11
発売ブロックコード11
発売ゲームタイプ12
発売ブロックコード12
発売ゲームタイプ13
発売ブロックコード13
発売ゲームタイプ14
発売ブロックコード14
発売ゲームタイプ15
発売ブロックコード15
発売ゲームタイプ16
発売ブロックコード16
発売ゲームタイプ17
発売ブロックコード17
発売ゲームタイプ18
発売ブロックコード18
発売ゲームタイプ19
発売ブロックコード19
発売ゲームタイプ20
発売ブロックコード20
発売ゲームタイプ21
発売ブロックコード21
発売ゲームタイプ22
発売ブロックコード22
発売ゲームタイプ23
発売ブロックコード23
発売ゲームタイプ24
発売ブロックコード24
発売ゲームタイプ25
発売ブロックコード25
発売ゲームタイプ26
発売ブロックコード26
発売ゲームタイプ27
発売ブロックコード27
発売ゲームタイプ28
発売ブロックコード28
発売ゲームタイプ29
発売ブロックコード29
発売ゲームタイプ30
発売ブロックコード30
発売ゲームタイプ31
発売ブロックコード31
発売ゲームタイプ32
発売ブロックコード32
発売ゲームタイプ33
発売ブロックコード33
発売ゲームタイプ34
発売ブロックコード34
発売ゲームタイプ35
発売ブロックコード35
発売ゲームタイプ36
発売ブロックコード36
発売ゲームタイプ37
発売ブロックコード37
発売ゲームタイプ38
発売ブロックコード38
発売ゲームタイプ39
発売ブロックコード39
発売ゲームタイプ40
発売ブロックコード40
発売ゲームタイプ41
発売ブロックコード41
発売ゲームタイプ42
発売ブロックコード42
発売ゲームタイプ43
発売ブロックコード43
発売ゲームタイプ44
発売ブロックコード44
発売ゲームタイプ45
発売ブロックコード45
発売ゲームタイプ46
発売ブロックコード46
発売ゲームタイプ47
発売ブロックコード47
発売ゲームタイプ48
発売ブロックコード48
発売ゲームタイプ49
発売ブロックコード49
発売ゲームタイプ50
発売ブロックコード50
発売ゲームタイプ51
発売ブロックコード51
発売ゲームタイプ52
発売ブロックコード52
発売ゲームタイプ53
発売ブロックコード53
発売ゲームタイプ54
発売ブロックコード54
発売ゲームタイプ55
発売ブロックコード55
発売ゲームタイプ56
発売ブロックコード56
発売ゲームタイプ57
発売ブロックコード57
発売ゲームタイプ58
発売ブロックコード58
発売ゲームタイプ59
発売ブロックコード59
発売ゲームタイプ60
発売ブロックコード60
発売ゲームタイプ61
発売ブロックコード61
発売ゲームタイプ62
発売ブロックコード62
発売ゲームタイプ63
発売ブロックコード63
発売ゲームタイプ64
発売ブロックコード64
************************************
ファイル:【C:\Work\temp\Work_データ加工\Test\HBHUN340-02\INPUT\VIURIBA0】データ変換完了しました！！

2014/11/12 20:17:44	外部exe実行：CBLCTFM.EXE</r C:\Work\temp\Work_データ加工\Test\VIURIBA.cfm>
2014/11/12 20:17:44	Std Output:	正常終了(DONE)

2014/11/12 20:17:45	外部exe実行：CBLCTFM.EXE</a C:\Work\temp\Work_データ加工\Test\VIURIBA.cfm>
2014/11/12 20:17:45	Std Output:	正常終了(DONE)

2014/11/12 20:17:45	外部exe実行：\\10.169.71.236\構成管理\事前準備\Work_データ加工\03_IndexChange\IndexChange_VIURIBA.exe<>
2014/11/12 20:17:45	外部exe実行：CBLCTFM.EXE</r C:\Work\temp\Work_データ加工\Test\VIURIBA.cfm>
2014/11/12 20:17:45	Std Output:	正常終了(DONE)

2014/11/12 20:17:45	外部exe実行：ConvertData.exe<\\10.169.71.236\構成管理\事前準備\Work_データ加工\02_新規_DB定義\3.2_情報蓄積\UI1203_論理テーブル仕様(01_037_運用管理1).xls \\10.169.71.236\構成管理\事前準備\原本JAVAデータ\DB_HBHUN340\入力データ\LOTO_VRUNYKAN1.csv \\10.169.71.236\構成管理\事前準備\Work_データ加工\01_現行_Copy句\CFUNK1_運用管理ファイル.xlsx C:\Work\temp\Work_データ加工\Test\HBHUN340-02\INPUT\VRUNYKAN>
2014/11/12 20:17:47	Std Output:データ変換中........
ファイル:【C:\Work\temp\Work_データ加工\Test\HBHUN340-02\INPUT\VRUNYKAN】データ変換完了しました！！

2014/11/12 20:17:47	外部exe実行：ConvertData.exe<\\10.169.71.236\構成管理\事前準備\Work_データ加工\02_新規_DB定義\3.2_情報蓄積\UI1203_論理テーブル仕様(01_037_運用管理1).xls \\10.169.71.236\構成管理\事前準備\原本JAVAデータ\DB_HBHUN340\入力データ\aaa.csv \\10.169.71.236\構成管理\事前準備\Work_データ加工\01_現行_Copy句\CFUNK1_運用管理ファイル.xlsx C:\Work\temp\Work_データ加工\Test\HBHUN340-02\INPUT\GYSSGM>
2014/11/12 20:17:49	Std Output:データ変換中........
ファイル:【C:\Work\temp\Work_データ加工\Test\HBHUN340-02\INPUT\GYSSGM】データ変換完了しました！！

2014/11/12 20:17:50	外部exe実行：CBLCTFM.EXE</r C:\Work\temp\Work_データ加工\Test\RQGYSSGM.cfm>
2014/11/12 20:17:50	Std Output:	正常終了(DONE)

2014/11/12 20:17:50	外部exe実行：CBLCTFM.EXE</a C:\Work\temp\Work_データ加工\Test\RQGYSSGM.cfm>
2014/11/12 20:17:50	Std Output:	正常終了(DONE)

2014/11/12 20:17:50	外部exe実行：\\10.169.71.236\構成管理\事前準備\Work_データ加工\03_IndexChange\IndexChange_RQGYSSGM.exe<>
2014/11/12 20:17:50	外部exe実行：CBLCTFM.EXE</r C:\Work\temp\Work_データ加工\Test\RQGYSSGM.cfm>
2014/11/12 20:17:51	Std Output:	正常終了(DONE)

2014/11/12 20:17:51	外部exe実行：ConvertData.exe<\\10.169.71.236\構成管理\事前準備\Work_データ加工\02_新規_DB定義\3.2_情報蓄積\UI1203_論理テーブル仕様(01_220_売場別ゲーム別精算表更新用ワーク(発券端末用)).xls \\10.169.71.236\構成管理\事前準備\原本JAVAデータ\DB_HBHUN340\入力データ\IN02_LOTO_VIWKUGSG.csv \\10.169.71.236\構成管理\事前準備\Work_データ加工\01_現行_Copy句\CFUGSS_売場別ゲーム別精算表.xlsx C:\Work\temp\Work_データ加工\Test\HBHUN340-02\INPUT\VIWKUGS0>
2014/11/12 20:17:52	Std Output:データ変換中........
ファイル:【C:\Work\temp\Work_データ加工\Test\HBHUN340-02\INPUT\VIWKUGS0】データ変換完了しました！！

2014/11/12 20:17:53	外部exe実行：CBLCTFM.EXE</r C:\Work\temp\Work_データ加工\Test\VIWKUGS.cfm>
2014/11/12 20:17:53	Std Output:	正常終了(DONE)

2014/11/12 20:17:53	外部exe実行：CBLCTFM.EXE</a C:\Work\temp\Work_データ加工\Test\VIWKUGS.cfm>
2014/11/12 20:17:53	Std Output:	正常終了(DONE)

2014/11/12 20:17:53	外部exe実行：\\10.169.71.236\構成管理\事前準備\Work_データ加工\03_IndexChange\IndexChange_VIWKUGS.exe<>
2014/11/12 20:17:54	外部exe実行：CBLCTFM.EXE</r C:\Work\temp\Work_データ加工\Test\VIWKUGS.cfm>
2014/11/12 20:17:54	Std Output:	正常終了(DONE)

2014/11/12 20:17:54	外部exe実行：ConvertData.exe<\\10.169.71.236\構成管理\事前準備\Work_データ加工\02_新規_DB定義\3.2_情報蓄積\UI1203_論理テーブル仕様(01_227_売場別精算表更新用ワーク(発券端末用)).xls \\10.169.71.236\構成管理\事前準備\原本JAVAデータ\DB_HBHUN340\入力データ\IN02_LOTO_VIWKURSG.csv \\10.169.71.236\構成管理\事前準備\Work_データ加工\01_現行_Copy句\CFURSS_売場別精算表.xlsx C:\Work\temp\Work_データ加工\Test\HBHUN340-02\INPUT\VIWKURS0>
2014/11/12 20:17:55	Std Output:データ変換中........
ファイル:【C:\Work\temp\Work_データ加工\Test\HBHUN340-02\INPUT\VIWKURS0】データ変換完了しました！！

2014/11/12 20:17:56	外部exe実行：CBLCTFM.EXE</r C:\Work\temp\Work_データ加工\Test\VIWKURS.cfm>
2014/11/12 20:17:56	Std Output:	正常終了(DONE)

2014/11/12 20:17:56	外部exe実行：CBLCTFM.EXE</a C:\Work\temp\Work_データ加工\Test\VIWKURS.cfm>
2014/11/12 20:17:56	Std Output:	正常終了(DONE)

2014/11/12 20:17:56	外部exe実行：\\10.169.71.236\構成管理\事前準備\Work_データ加工\03_IndexChange\IndexChange_VIWKURS.exe<>
2014/11/12 20:17:57	外部exe実行：CBLCTFM.EXE</r C:\Work\temp\Work_データ加工\Test\VIWKURS.cfm>
2014/11/12 20:17:57	Std Output:	正常終了(DONE)

2014/11/12 20:17:57	外部exe実行：ConvertData.exe<\\10.169.71.236\構成管理\事前準備\Work_データ加工\02_新規_DB定義\3.2_情報蓄積\UI1203_論理テーブル仕様(01_087_業者別ゲーム別精算表更新用ワーク(発券端末用)).xls \\10.169.71.236\構成管理\事前準備\原本JAVAデータ\DB_HBHUN340\出力データ\out02_LOTO_VIWKGGSG.csv \\10.169.71.236\構成管理\事前準備\Work_データ加工\01_現行_Copy句\CFGGSS_業者別ゲーム別精算表.xlsx C:\Work\temp\Work_データ加工\Test\HBHUN340-02\OUTPUT\VIWKGGSG>
2014/11/12 20:17:58	Std Output:データ変換中........
ファイル:【C:\Work\temp\Work_データ加工\Test\HBHUN340-02\OUTPUT\VIWKGGSG】データ変換完了しました！！

2014/11/12 20:17:58	外部exe実行：ConvertData.exe<\\10.169.71.236\構成管理\事前準備\Work_データ加工\02_新規_DB定義\3.2_情報蓄積\UI1203_論理テーブル仕様(01_092_業者別精算表更新用ワーク(発券端末用)).xls \\10.169.71.236\構成管理\事前準備\原本JAVAデータ\DB_HBHUN340\出力データ\out02_LOTO_VIWKGYSG.csv \\10.169.71.236\構成管理\事前準備\Work_データ加工\01_現行_Copy句\CFGYSS_業者別精算表.xlsx C:\Work\temp\Work_データ加工\Test\HBHUN340-02\OUTPUT\VIWKGYSG>
2014/11/12 20:18:01	Std Output:データ変換中........
ファイル:【C:\Work\temp\Work_データ加工\Test\HBHUN340-02\OUTPUT\VIWKGYSG】データ変換完了しました！！

2014/11/12 20:18:01	button1_Click　処理終了　
2014/11/12 20:32:23	button1_Click　処理開始　
2014/11/12 20:32:23	外部exe実行：ConvertData.exe<\\10.169.71.236\構成管理\事前準備\Work_データ加工\02_新規_DB定義\3.2_情報蓄積\UI1203_論理テーブル仕様(01_090_業者別精算表).xls \\10.169.71.236\構成管理\事前準備\原本JAVAデータ\DB_HBHUN340\入力データ\LOTO_RQGYOSSN.csv \\10.169.71.236\構成管理\事前準備\Work_データ加工\01_現行_Copy句\CFGYSS_業者別精算表.xlsx C:\Work\temp\Work_データ加工\Test\HBHUN340-01\INPUT\GYOSSN>
2014/11/12 20:32:25	Std Output:データ変換中........
ファイル:【C:\Work\temp\Work_データ加工\Test\HBHUN340-01\INPUT\GYOSSN】データ変換完了しました！！

2014/11/12 20:32:25	外部exe実行：CBLCTFM.EXE</r C:\Work\temp\Work_データ加工\Test\RQGYOSSN.cfm>
2014/11/12 20:32:26	Std Output:	正常終了(DONE)

2014/11/12 20:32:26	外部exe実行：CBLCTFM.EXE</a C:\Work\temp\Work_データ加工\Test\RQGYOSSN.cfm>
2014/11/12 20:32:26	Std Output:	正常終了(DONE)

2014/11/12 20:32:26	外部exe実行：\\10.169.71.236\構成管理\事前準備\Work_データ加工\03_IndexChange\IndexChange_RQGYOSSN.exe<>
2014/11/12 20:32:26	外部exe実行：CBLCTFM.EXE</r C:\Work\temp\Work_データ加工\Test\RQGYOSSN.cfm>
2014/11/12 20:32:26	Std Output:	正常終了(DONE)

2014/11/12 20:32:26	外部exe実行：ConvertData.exe<\\10.169.71.236\構成管理\事前準備\Work_データ加工\02_新規_DB定義\3.2_情報蓄積\UI1203_論理テーブル仕様(01_081_業者).xls \\10.169.71.236\構成管理\事前準備\原本JAVAデータ\DB_HBHUN340\入力データ\LOTO_VIGYOSYA.csv \\10.169.71.236\構成管理\事前準備\Work_データ加工\01_現行_Copy句\CFGYSA_業者ファイル.xlsx C:\Work\temp\Work_データ加工\Test\HBHUN340-01\INPUT\GYOSYA>
2014/11/12 20:32:28	Std Output:データ変換中........
ファイル:【C:\Work\temp\Work_データ加工\Test\HBHUN340-01\INPUT\GYOSYA】データ変換完了しました！！

2014/11/12 20:32:29	外部exe実行：CBLCTFM.EXE</r C:\Work\temp\Work_データ加工\Test\VIGYOSYA.cfm>
2014/11/12 20:32:29	Std Output:	正常終了(DONE)

2014/11/12 20:32:29	外部exe実行：CBLCTFM.EXE</a C:\Work\temp\Work_データ加工\Test\VIGYOSYA.cfm>
2014/11/12 20:32:29	Std Output:	正常終了(DONE)

2014/11/12 20:32:29	外部exe実行：\\10.169.71.236\構成管理\事前準備\Work_データ加工\03_IndexChange\IndexChange_VIGYOSYA.exe<>
2014/11/12 20:32:30	外部exe実行：CBLCTFM.EXE</r C:\Work\temp\Work_データ加工\Test\VIGYOSYA.cfm>
2014/11/12 20:32:30	Std Output:	正常終了(DONE)

2014/11/12 20:32:30	外部exe実行：ConvertData.exe<\\10.169.71.236\構成管理\事前準備\Work_データ加工\02_新規_DB定義\3.2_情報蓄積\UI1203_論理テーブル仕様(01_203_売場).xls \\10.169.71.236\構成管理\事前準備\原本JAVAデータ\DB_HBHUN340\入力データ\LOTO_VIURIBA.csv \\10.169.71.236\構成管理\事前準備\Work_データ加工\01_現行_Copy句\CFURBA_売場ファイル.xlsx C:\Work\temp\Work_データ加工\Test\HBHUN340-01\INPUT\VIURIBA0>
2014/11/12 20:32:34	Std Output:データ変換中........
下記の項目：\\10.169.71.236\構成管理\事前準備\Work_データ加工\01_現行_Copy句\CFURBA_売場ファイル.xlsx中に存在あり、\\10.169.71.236\構成管理\事前準備\Work_データ加工\02_新規_DB定義\3.2_情報蓄積\UI1203_論理テーブル仕様(01_203_売場).xls中に存在なし。
データ変換する後、下記の項目内容は初期化をされる。ご注意してください！
************************************
発売ゲームタイプ1
発売ブロックコード1
発売ゲームタイプ2
発売ブロックコード2
発売ゲームタイプ3
発売ブロックコード3
発売ゲームタイプ4
発売ブロックコード4
発売ゲームタイプ5
発売ブロックコード5
発売ゲームタイプ6
発売ブロックコード6
発売ゲームタイプ7
発売ブロックコード7
発売ゲームタイプ8
発売ブロックコード8
発売ゲームタイプ9
発売ブロックコード9
発売ゲームタイプ10
発売ブロックコード10
発売ゲームタイプ11
発売ブロックコード11
発売ゲームタイプ12
発売ブロックコード12
発売ゲームタイプ13
発売ブロックコード13
発売ゲームタイプ14
発売ブロックコード14
発売ゲームタイプ15
発売ブロックコード15
発売ゲームタイプ16
発売ブロックコード16
発売ゲームタイプ17
発売ブロックコード17
発売ゲームタイプ18
発売ブロックコード18
発売ゲームタイプ19
発売ブロックコード19
発売ゲームタイプ20
発売ブロックコード20
発売ゲームタイプ21
発売ブロックコード21
発売ゲームタイプ22
発売ブロックコード22
発売ゲームタイプ23
発売ブロックコード23
発売ゲームタイプ24
発売ブロックコード24
発売ゲームタイプ25
発売ブロックコード25
発売ゲームタイプ26
発売ブロックコード26
発売ゲームタイプ27
発売ブロックコード27
発売ゲームタイプ28
発売ブロックコード28
発売ゲームタイプ29
発売ブロックコード29
発売ゲームタイプ30
発売ブロックコード30
発売ゲームタイプ31
発売ブロックコード31
発売ゲームタイプ32
発売ブロックコード32
発売ゲームタイプ33
発売ブロックコード33
発売ゲームタイプ34
発売ブロックコード34
発売ゲームタイプ35
発売ブロックコード35
発売ゲームタイプ36
発売ブロックコード36
発売ゲームタイプ37
発売ブロックコード37
発売ゲームタイプ38
発売ブロックコード38
発売ゲームタイプ39
発売ブロックコード39
発売ゲームタイプ40
発売ブロックコード40
発売ゲームタイプ41
発売ブロックコード41
発売ゲームタイプ42
発売ブロックコード42
発売ゲームタイプ43
発売ブロックコード43
発売ゲームタイプ44
発売ブロックコード44
発売ゲームタイプ45
発売ブロックコード45
発売ゲームタイプ46
発売ブロックコード46
発売ゲームタイプ47
発売ブロックコード47
発売ゲームタイプ48
発売ブロックコード48
発売ゲームタイプ49
発売ブロックコード49
発売ゲームタイプ50
発売ブロックコード50
発売ゲームタイプ51
発売ブロックコード51
発売ゲームタイプ52
発売ブロックコード52
発売ゲームタイプ53
発売ブロックコード53
発売ゲームタイプ54
発売ブロックコード54
発売ゲームタイプ55
発売ブロックコード55
発売ゲームタイプ56
発売ブロックコード56
発売ゲームタイプ57
発売ブロックコード57
発売ゲームタイプ58
発売ブロックコード58
発売ゲームタイプ59
発売ブロックコード59
発売ゲームタイプ60
発売ブロックコード60
発売ゲームタイプ61
発売ブロックコード61
発売ゲームタイプ62
発売ブロックコード62
発売ゲームタイプ63
発売ブロックコード63
発売ゲームタイプ64
発売ブロックコード64
************************************
ファイル:【C:\Work\temp\Work_データ加工\Test\HBHUN340-01\INPUT\VIURIBA0】データ変換完了しました！！

2014/11/12 20:32:34	外部exe実行：CBLCTFM.EXE</r C:\Work\temp\Work_データ加工\Test\VIURIBA.cfm>
2014/11/12 20:32:34	Std Output:	正常終了(DONE)

2014/11/12 20:32:35	外部exe実行：CBLCTFM.EXE</a C:\Work\temp\Work_データ加工\Test\VIURIBA.cfm>
2014/11/12 20:32:35	Std Output:	正常終了(DONE)

2014/11/12 20:32:35	外部exe実行：\\10.169.71.236\構成管理\事前準備\Work_データ加工\03_IndexChange\IndexChange_VIURIBA.exe<>
2014/11/12 20:32:35	外部exe実行：CBLCTFM.EXE</r C:\Work\temp\Work_データ加工\Test\VIURIBA.cfm>
2014/11/12 20:32:35	Std Output:	正常終了(DONE)

2014/11/12 20:32:35	外部exe実行：ConvertData.exe<\\10.169.71.236\構成管理\事前準備\Work_データ加工\02_新規_DB定義\3.2_情報蓄積\UI1203_論理テーブル仕様(01_037_運用管理1).xls \\10.169.71.236\構成管理\事前準備\原本JAVAデータ\DB_HBHUN340\入力データ\LOTO_VRUNYKAN1.csv \\10.169.71.236\構成管理\事前準備\Work_データ加工\01_現行_Copy句\CFUNK1_運用管理ファイル.xlsx C:\Work\temp\Work_データ加工\Test\HBHUN340-01\INPUT\VRUNYKAN>
2014/11/12 20:32:37	Std Output:データ変換中........
ファイル:【C:\Work\temp\Work_データ加工\Test\HBHUN340-01\INPUT\VRUNYKAN】データ変換完了しました！！

2014/11/12 20:32:37	外部exe実行：ConvertData.exe<\\10.169.71.236\構成管理\事前準備\Work_データ加工\02_新規_DB定義\3.2_情報蓄積\UI1203_論理テーブル仕様(01_037_運用管理1).xls \\10.169.71.236\構成管理\事前準備\原本JAVAデータ\DB_HBHUN340\入力データ\aaa.csv \\10.169.71.236\構成管理\事前準備\Work_データ加工\01_現行_Copy句\CFUNK1_運用管理ファイル.xlsx C:\Work\temp\Work_データ加工\Test\HBHUN340-01\INPUT\GYSSGM>
2014/11/12 20:32:40	Std Output:データ変換中........
ファイル:【C:\Work\temp\Work_データ加工\Test\HBHUN340-01\INPUT\GYSSGM】データ変換完了しました！！

2014/11/12 20:32:40	外部exe実行：CBLCTFM.EXE</r C:\Work\temp\Work_データ加工\Test\RQGYSSGM.cfm>
2014/11/12 20:32:40	Std Output:	正常終了(DONE)

2014/11/12 20:32:40	外部exe実行：CBLCTFM.EXE</a C:\Work\temp\Work_データ加工\Test\RQGYSSGM.cfm>
2014/11/12 20:32:40	Std Output:	正常終了(DONE)

2014/11/12 20:32:40	外部exe実行：\\10.169.71.236\構成管理\事前準備\Work_データ加工\03_IndexChange\IndexChange_RQGYSSGM.exe<>
2014/11/12 20:32:41	外部exe実行：CBLCTFM.EXE</r C:\Work\temp\Work_データ加工\Test\RQGYSSGM.cfm>
2014/11/12 20:32:41	Std Output:	正常終了(DONE)

2014/11/12 20:32:41	外部exe実行：ConvertData.exe<\\10.169.71.236\構成管理\事前準備\Work_データ加工\02_新規_DB定義\3.2_情報蓄積\UI1203_論理テーブル仕様(01_220_売場別ゲーム別精算表更新用ワーク(発券端末用)).xls \\10.169.71.236\構成管理\事前準備\原本JAVAデータ\DB_HBHUN340\入力データ\IN01_LOTO_VIWKUGSH.csv \\10.169.71.236\構成管理\事前準備\Work_データ加工\01_現行_Copy句\CFUGSS_売場別ゲーム別精算表.xlsx C:\Work\temp\Work_データ加工\Test\HBHUN340-01\INPUT\VIWKUGS0>
2014/11/12 20:32:43	Std Output:データ変換中........
ファイル:【C:\Work\temp\Work_データ加工\Test\HBHUN340-01\INPUT\VIWKUGS0】データ変換完了しました！！

2014/11/12 20:32:43	外部exe実行：CBLCTFM.EXE</r C:\Work\temp\Work_データ加工\Test\VIWKUGS.cfm>
2014/11/12 20:32:43	Std Output:	正常終了(DONE)

2014/11/12 20:32:43	外部exe実行：CBLCTFM.EXE</a C:\Work\temp\Work_データ加工\Test\VIWKUGS.cfm>
2014/11/12 20:32:43	Std Output:	正常終了(DONE)

2014/11/12 20:32:43	外部exe実行：\\10.169.71.236\構成管理\事前準備\Work_データ加工\03_IndexChange\IndexChange_VIWKUGS.exe<>
2014/11/12 20:32:44	外部exe実行：CBLCTFM.EXE</r C:\Work\temp\Work_データ加工\Test\VIWKUGS.cfm>
2014/11/12 20:32:44	Std Output:	正常終了(DONE)

2014/11/12 20:32:44	外部exe実行：ConvertData.exe<\\10.169.71.236\構成管理\事前準備\Work_データ加工\02_新規_DB定義\3.2_情報蓄積\UI1203_論理テーブル仕様(01_227_売場別精算表更新用ワーク(発券端末用)).xls \\10.169.71.236\構成管理\事前準備\原本JAVAデータ\DB_HBHUN340\入力データ\IN01_LOTO_VIWKURSH.csv \\10.169.71.236\構成管理\事前準備\Work_データ加工\01_現行_Copy句\CFURSS_売場別精算表.xlsx C:\Work\temp\Work_データ加工\Test\HBHUN340-01\INPUT\VIWKURS0>
2014/11/12 20:32:45	Std Output:データ変換中........
ファイル:【C:\Work\temp\Work_データ加工\Test\HBHUN340-01\INPUT\VIWKURS0】データ変換完了しました！！

2014/11/12 20:32:46	外部exe実行：CBLCTFM.EXE</r C:\Work\temp\Work_データ加工\Test\VIWKURS.cfm>
2014/11/12 20:32:46	Std Output:	正常終了(DONE)

2014/11/12 20:32:46	外部exe実行：CBLCTFM.EXE</a C:\Work\temp\Work_データ加工\Test\VIWKURS.cfm>
2014/11/12 20:32:46	Std Output:	正常終了(DONE)

2014/11/12 20:32:46	外部exe実行：\\10.169.71.236\構成管理\事前準備\Work_データ加工\03_IndexChange\IndexChange_VIWKURS.exe<>
2014/11/12 20:32:47	外部exe実行：CBLCTFM.EXE</r C:\Work\temp\Work_データ加工\Test\VIWKURS.cfm>
2014/11/12 20:32:47	Std Output:	正常終了(DONE)

2014/11/12 20:32:47	外部exe実行：ConvertData.exe<\\10.169.71.236\構成管理\事前準備\Work_データ加工\02_新規_DB定義\3.2_情報蓄積\UI1203_論理テーブル仕様(01_087_業者別ゲーム別精算表更新用ワーク(発券端末用)).xls \\10.169.71.236\構成管理\事前準備\原本JAVAデータ\DB_HBHUN340\出力データ\out01_LOTO_VIWKGGSH.csv \\10.169.71.236\構成管理\事前準備\Work_データ加工\01_現行_Copy句\CFGGSS_業者別ゲーム別精算表.xlsx C:\Work\temp\Work_データ加工\Test\HBHUN340-01\OUTPUT\VIWKGGSH>
2014/11/12 20:32:48	Std Output:データ変換中........
ファイル:【C:\Work\temp\Work_データ加工\Test\HBHUN340-01\OUTPUT\VIWKGGSH】データ変換完了しました！！

2014/11/12 20:32:48	外部exe実行：ConvertData.exe<\\10.169.71.236\構成管理\事前準備\Work_データ加工\02_新規_DB定義\3.2_情報蓄積\UI1203_論理テーブル仕様(01_092_業者別精算表更新用ワーク(発券端末用)).xls \\10.169.71.236\構成管理\事前準備\原本JAVAデータ\DB_HBHUN340\出力データ\out01_LOTO_VIWKGYSH.csv \\10.169.71.236\構成管理\事前準備\Work_データ加工\01_現行_Copy句\CFGYSS_業者別精算表.xlsx C:\Work\temp\Work_データ加工\Test\HBHUN340-01\OUTPUT\VIWKGYSH>
2014/11/12 20:32:50	Std Output:データ変換中........
ファイル:【C:\Work\temp\Work_データ加工\Test\HBHUN340-01\OUTPUT\VIWKGYSH】データ変換完了しました！！

2014/11/12 20:32:50	外部exe実行：ConvertData.exe<\\10.169.71.236\構成管理\事前準備\Work_データ加工\02_新規_DB定義\3.2_情報蓄積\UI1203_論理テーブル仕様(01_090_業者別精算表).xls \\10.169.71.236\構成管理\事前準備\原本JAVAデータ\DB_HBHUN340\入力データ\LOTO_RQGYOSSN.csv \\10.169.71.236\構成管理\事前準備\Work_データ加工\01_現行_Copy句\CFGYSS_業者別精算表.xlsx C:\Work\temp\Work_データ加工\Test\HBHUN340-02\INPUT\GYOSSN>
2014/11/12 20:32:53	Std Output:データ変換中........
ファイル:【C:\Work\temp\Work_データ加工\Test\HBHUN340-02\INPUT\GYOSSN】データ変換完了しました！！

2014/11/12 20:32:53	外部exe実行：CBLCTFM.EXE</r C:\Work\temp\Work_データ加工\Test\RQGYOSSN.cfm>
2014/11/12 20:32:53	Std Output:	正常終了(DONE)

2014/11/12 20:32:53	外部exe実行：CBLCTFM.EXE</a C:\Work\temp\Work_データ加工\Test\RQGYOSSN.cfm>
2014/11/12 20:32:53	Std Output:	正常終了(DONE)

2014/11/12 20:32:53	外部exe実行：\\10.169.71.236\構成管理\事前準備\Work_データ加工\03_IndexChange\IndexChange_RQGYOSSN.exe<>
2014/11/12 20:32:54	外部exe実行：CBLCTFM.EXE</r C:\Work\temp\Work_データ加工\Test\RQGYOSSN.cfm>
2014/11/12 20:32:54	Std Output:	正常終了(DONE)

2014/11/12 20:32:54	外部exe実行：ConvertData.exe<\\10.169.71.236\構成管理\事前準備\Work_データ加工\02_新規_DB定義\3.2_情報蓄積\UI1203_論理テーブル仕様(01_081_業者).xls \\10.169.71.236\構成管理\事前準備\原本JAVAデータ\DB_HBHUN340\入力データ\LOTO_VIGYOSYA.csv \\10.169.71.236\構成管理\事前準備\Work_データ加工\01_現行_Copy句\CFGYSA_業者ファイル.xlsx C:\Work\temp\Work_データ加工\Test\HBHUN340-02\INPUT\GYOSYA>
2014/11/12 20:32:56	Std Output:データ変換中........
ファイル:【C:\Work\temp\Work_データ加工\Test\HBHUN340-02\INPUT\GYOSYA】データ変換完了しました！！

2014/11/12 20:32:56	外部exe実行：CBLCTFM.EXE</r C:\Work\temp\Work_データ加工\Test\VIGYOSYA.cfm>
2014/11/12 20:32:56	Std Output:	正常終了(DONE)

2014/11/12 20:32:56	外部exe実行：CBLCTFM.EXE</a C:\Work\temp\Work_データ加工\Test\VIGYOSYA.cfm>
2014/11/12 20:32:56	Std Output:	正常終了(DONE)

2014/11/12 20:32:56	外部exe実行：\\10.169.71.236\構成管理\事前準備\Work_データ加工\03_IndexChange\IndexChange_VIGYOSYA.exe<>
2014/11/12 20:32:57	外部exe実行：CBLCTFM.EXE</r C:\Work\temp\Work_データ加工\Test\VIGYOSYA.cfm>
2014/11/12 20:32:57	Std Output:	正常終了(DONE)

2014/11/12 20:32:57	外部exe実行：ConvertData.exe<\\10.169.71.236\構成管理\事前準備\Work_データ加工\02_新規_DB定義\3.2_情報蓄積\UI1203_論理テーブル仕様(01_203_売場).xls \\10.169.71.236\構成管理\事前準備\原本JAVAデータ\DB_HBHUN340\入力データ\LOTO_VIURIBA.csv \\10.169.71.236\構成管理\事前準備\Work_データ加工\01_現行_Copy句\CFURBA_売場ファイル.xlsx C:\Work\temp\Work_データ加工\Test\HBHUN340-02\INPUT\VIURIBA0>
2014/11/12 20:33:01	Std Output:データ変換中........
下記の項目：\\10.169.71.236\構成管理\事前準備\Work_データ加工\01_現行_Copy句\CFURBA_売場ファイル.xlsx中に存在あり、\\10.169.71.236\構成管理\事前準備\Work_データ加工\02_新規_DB定義\3.2_情報蓄積\UI1203_論理テーブル仕様(01_203_売場).xls中に存在なし。
データ変換する後、下記の項目内容は初期化をされる。ご注意してください！
************************************
発売ゲームタイプ1
発売ブロックコード1
発売ゲームタイプ2
発売ブロックコード2
発売ゲームタイプ3
発売ブロックコード3
発売ゲームタイプ4
発売ブロックコード4
発売ゲームタイプ5
発売ブロックコード5
発売ゲームタイプ6
発売ブロックコード6
発売ゲームタイプ7
発売ブロックコード7
発売ゲームタイプ8
発売ブロックコード8
発売ゲームタイプ9
発売ブロックコード9
発売ゲームタイプ10
発売ブロックコード10
発売ゲームタイプ11
発売ブロックコード11
発売ゲームタイプ12
発売ブロックコード12
発売ゲームタイプ13
発売ブロックコード13
発売ゲームタイプ14
発売ブロックコード14
発売ゲームタイプ15
発売ブロックコード15
発売ゲームタイプ16
発売ブロックコード16
発売ゲームタイプ17
発売ブロックコード17
発売ゲームタイプ18
発売ブロックコード18
発売ゲームタイプ19
発売ブロックコード19
発売ゲームタイプ20
発売ブロックコード20
発売ゲームタイプ21
発売ブロックコード21
発売ゲームタイプ22
発売ブロックコード22
発売ゲームタイプ23
発売ブロックコード23
発売ゲームタイプ24
発売ブロックコード24
発売ゲームタイプ25
発売ブロックコード25
発売ゲームタイプ26
発売ブロックコード26
発売ゲームタイプ27
発売ブロックコード27
発売ゲームタイプ28
発売ブロックコード28
発売ゲームタイプ29
発売ブロックコード29
発売ゲームタイプ30
発売ブロックコード30
発売ゲームタイプ31
発売ブロックコード31
発売ゲームタイプ32
発売ブロックコード32
発売ゲームタイプ33
発売ブロックコード33
発売ゲームタイプ34
発売ブロックコード34
発売ゲームタイプ35
発売ブロックコード35
発売ゲームタイプ36
発売ブロックコード36
発売ゲームタイプ37
発売ブロックコード37
発売ゲームタイプ38
発売ブロックコード38
発売ゲームタイプ39
発売ブロックコード39
発売ゲームタイプ40
発売ブロックコード40
発売ゲームタイプ41
発売ブロックコード41
発売ゲームタイプ42
発売ブロックコード42
発売ゲームタイプ43
発売ブロックコード43
発売ゲームタイプ44
発売ブロックコード44
発売ゲームタイプ45
発売ブロックコード45
発売ゲームタイプ46
発売ブロックコード46
発売ゲームタイプ47
発売ブロックコード47
発売ゲームタイプ48
発売ブロックコード48
発売ゲームタイプ49
発売ブロックコード49
発売ゲームタイプ50
発売ブロックコード50
発売ゲームタイプ51
発売ブロックコード51
発売ゲームタイプ52
発売ブロックコード52
発売ゲームタイプ53
発売ブロックコード53
発売ゲームタイプ54
発売ブロックコード54
発売ゲームタイプ55
発売ブロックコード55
発売ゲームタイプ56
発売ブロックコード56
発売ゲームタイプ57
発売ブロックコード57
発売ゲームタイプ58
発売ブロックコード58
発売ゲームタイプ59
発売ブロックコード59
発売ゲームタイプ60
発売ブロックコード60
発売ゲームタイプ61
発売ブロックコード61
発売ゲームタイプ62
発売ブロックコード62
発売ゲームタイプ63
発売ブロックコード63
発売ゲームタイプ64
発売ブロックコード64
************************************
ファイル:【C:\Work\temp\Work_データ加工\Test\HBHUN340-02\INPUT\VIURIBA0】データ変換完了しました！！

2014/11/12 20:33:02	外部exe実行：CBLCTFM.EXE</r C:\Work\temp\Work_データ加工\Test\VIURIBA.cfm>
2014/11/12 20:33:02	Std Output:	正常終了(DONE)

2014/11/12 20:33:02	外部exe実行：CBLCTFM.EXE</a C:\Work\temp\Work_データ加工\Test\VIURIBA.cfm>
2014/11/12 20:33:02	Std Output:	正常終了(DONE)

2014/11/12 20:33:02	外部exe実行：\\10.169.71.236\構成管理\事前準備\Work_データ加工\03_IndexChange\IndexChange_VIURIBA.exe<>
2014/11/12 20:33:02	外部exe実行：CBLCTFM.EXE</r C:\Work\temp\Work_データ加工\Test\VIURIBA.cfm>
2014/11/12 20:33:03	Std Output:	正常終了(DONE)

2014/11/12 20:33:03	外部exe実行：ConvertData.exe<\\10.169.71.236\構成管理\事前準備\Work_データ加工\02_新規_DB定義\3.2_情報蓄積\UI1203_論理テーブル仕様(01_037_運用管理1).xls \\10.169.71.236\構成管理\事前準備\原本JAVAデータ\DB_HBHUN340\入力データ\LOTO_VRUNYKAN1.csv \\10.169.71.236\構成管理\事前準備\Work_データ加工\01_現行_Copy句\CFUNK1_運用管理ファイル.xlsx C:\Work\temp\Work_データ加工\Test\HBHUN340-02\INPUT\VRUNYKAN>
2014/11/12 20:33:05	Std Output:データ変換中........
ファイル:【C:\Work\temp\Work_データ加工\Test\HBHUN340-02\INPUT\VRUNYKAN】データ変換完了しました！！

2014/11/12 20:33:05	外部exe実行：ConvertData.exe<\\10.169.71.236\構成管理\事前準備\Work_データ加工\02_新規_DB定義\3.2_情報蓄積\UI1203_論理テーブル仕様(01_037_運用管理1).xls \\10.169.71.236\構成管理\事前準備\原本JAVAデータ\DB_HBHUN340\入力データ\aaa.csv \\10.169.71.236\構成管理\事前準備\Work_データ加工\01_現行_Copy句\CFUNK1_運用管理ファイル.xlsx C:\Work\temp\Work_データ加工\Test\HBHUN340-02\INPUT\GYSSGM>
2014/11/12 20:33:06	Std Output:データ変換中........
ファイル:【C:\Work\temp\Work_データ加工\Test\HBHUN340-02\INPUT\GYSSGM】データ変換完了しました！！

2014/11/12 20:33:07	外部exe実行：CBLCTFM.EXE</r C:\Work\temp\Work_データ加工\Test\RQGYSSGM.cfm>
2014/11/12 20:33:07	Std Output:	正常終了(DONE)

2014/11/12 20:33:07	外部exe実行：CBLCTFM.EXE</a C:\Work\temp\Work_データ加工\Test\RQGYSSGM.cfm>
2014/11/12 20:33:07	Std Output:	正常終了(DONE)

2014/11/12 20:33:07	外部exe実行：\\10.169.71.236\構成管理\事前準備\Work_データ加工\03_IndexChange\IndexChange_RQGYSSGM.exe<>
2014/11/12 20:33:08	外部exe実行：CBLCTFM.EXE</r C:\Work\temp\Work_データ加工\Test\RQGYSSGM.cfm>
2014/11/12 20:33:08	Std Output:	正常終了(DONE)

2014/11/12 20:33:08	外部exe実行：ConvertData.exe<\\10.169.71.236\構成管理\事前準備\Work_データ加工\02_新規_DB定義\3.2_情報蓄積\UI1203_論理テーブル仕様(01_220_売場別ゲーム別精算表更新用ワーク(発券端末用)).xls \\10.169.71.236\構成管理\事前準備\原本JAVAデータ\DB_HBHUN340\入力データ\IN02_LOTO_VIWKUGSG.csv \\10.169.71.236\構成管理\事前準備\Work_データ加工\01_現行_Copy句\CFUGSS_売場別ゲーム別精算表.xlsx C:\Work\temp\Work_データ加工\Test\HBHUN340-02\INPUT\VIWKUGS0>
2014/11/12 20:33:10	Std Output:データ変換中........
ファイル:【C:\Work\temp\Work_データ加工\Test\HBHUN340-02\INPUT\VIWKUGS0】データ変換完了しました！！

2014/11/12 20:33:10	外部exe実行：CBLCTFM.EXE</r C:\Work\temp\Work_データ加工\Test\VIWKUGS.cfm>
2014/11/12 20:33:10	Std Output:	正常終了(DONE)

2014/11/12 20:33:10	外部exe実行：CBLCTFM.EXE</a C:\Work\temp\Work_データ加工\Test\VIWKUGS.cfm>
2014/11/12 20:33:10	Std Output:	正常終了(DONE)

2014/11/12 20:33:10	外部exe実行：\\10.169.71.236\構成管理\事前準備\Work_データ加工\03_IndexChange\IndexChange_VIWKUGS.exe<>
2014/11/12 20:33:11	外部exe実行：CBLCTFM.EXE</r C:\Work\temp\Work_データ加工\Test\VIWKUGS.cfm>
2014/11/12 20:33:11	Std Output:	正常終了(DONE)

2014/11/12 20:33:11	外部exe実行：ConvertData.exe<\\10.169.71.236\構成管理\事前準備\Work_データ加工\02_新規_DB定義\3.2_情報蓄積\UI1203_論理テーブル仕様(01_227_売場別精算表更新用ワーク(発券端末用)).xls \\10.169.71.236\構成管理\事前準備\原本JAVAデータ\DB_HBHUN340\入力データ\IN02_LOTO_VIWKURSG.csv \\10.169.71.236\構成管理\事前準備\Work_データ加工\01_現行_Copy句\CFURSS_売場別精算表.xlsx C:\Work\temp\Work_データ加工\Test\HBHUN340-02\INPUT\VIWKURS0>
2014/11/12 20:33:13	Std Output:データ変換中........
ファイル:【C:\Work\temp\Work_データ加工\Test\HBHUN340-02\INPUT\VIWKURS0】データ変換完了しました！！

2014/11/12 20:33:13	外部exe実行：CBLCTFM.EXE</r C:\Work\temp\Work_データ加工\Test\VIWKURS.cfm>
2014/11/12 20:33:13	Std Output:	正常終了(DONE)

2014/11/12 20:33:13	外部exe実行：CBLCTFM.EXE</a C:\Work\temp\Work_データ加工\Test\VIWKURS.cfm>
2014/11/12 20:33:13	Std Output:	正常終了(DONE)

2014/11/12 20:33:13	外部exe実行：\\10.169.71.236\構成管理\事前準備\Work_データ加工\03_IndexChange\IndexChange_VIWKURS.exe<>
2014/11/12 20:33:14	外部exe実行：CBLCTFM.EXE</r C:\Work\temp\Work_データ加工\Test\VIWKURS.cfm>
2014/11/12 20:33:14	Std Output:	正常終了(DONE)

2014/11/12 20:33:14	外部exe実行：ConvertData.exe<\\10.169.71.236\構成管理\事前準備\Work_データ加工\02_新規_DB定義\3.2_情報蓄積\UI1203_論理テーブル仕様(01_087_業者別ゲーム別精算表更新用ワーク(発券端末用)).xls \\10.169.71.236\構成管理\事前準備\原本JAVAデータ\DB_HBHUN340\出力データ\out02_LOTO_VIWKGGSG.csv \\10.169.71.236\構成管理\事前準備\Work_データ加工\01_現行_Copy句\CFGGSS_業者別ゲーム別精算表.xlsx C:\Work\temp\Work_データ加工\Test\HBHUN340-02\OUTPUT\VIWKGGSG>
2014/11/12 20:33:16	Std Output:データ変換中........
ファイル:【C:\Work\temp\Work_データ加工\Test\HBHUN340-02\OUTPUT\VIWKGGSG】データ変換完了しました！！

2014/11/12 20:33:16	外部exe実行：ConvertData.exe<\\10.169.71.236\構成管理\事前準備\Work_データ加工\02_新規_DB定義\3.2_情報蓄積\UI1203_論理テーブル仕様(01_092_業者別精算表更新用ワーク(発券端末用)).xls \\10.169.71.236\構成管理\事前準備\原本JAVAデータ\DB_HBHUN340\出力データ\out02_LOTO_VIWKGYSG.csv \\10.169.71.236\構成管理\事前準備\Work_データ加工\01_現行_Copy句\CFGYSS_業者別精算表.xlsx C:\Work\temp\Work_データ加工\Test\HBHUN340-02\OUTPUT\VIWKGYSG>
2014/11/12 20:33:18	Std Output:データ変換中........
ファイル:【C:\Work\temp\Work_データ加工\Test\HBHUN340-02\OUTPUT\VIWKGYSG】データ変換完了しました！！

2014/11/12 20:33:18	button1_Click　処理終了　
2014/11/12 20:34:39	button4_Click　処理開始　
2014/11/12 20:34:39	button4_Click　処理終了　
2014/11/12 20:34:39	[HBHUN340-02]の結果出力処理が開始した。
2014/11/12 20:34:39	[HBHUN340-02]の比較にエラーが発生しました。
2014/11/12 20:34:39	比較対象ファイルが存在しません。<\IO\VIWKGGS>
比較対象ファイルが存在しません。<\IO\VIWKGYS>
2014/11/12 20:34:55	button2_Click　処理開始　
2014/11/12 20:34:55	button2_Click　処理終了　
2014/11/12 20:34:55	指定されたファイルが存在しません。[C:\Work\temp\Work_データ加工\Test\HBHUN340-02\INPUT\NEWFILE]
2014/11/12 20:34:56	指定されたファイルが存在しません。[C:\Work\temp\Work_データ加工\Test\HBHUN340-02\NEW\VIWKGGSG]
2014/11/12 20:34:56	指定されたファイルが存在しません。[C:\Work\temp\Work_データ加工\Test\HBHUN340-02\NEW\VIWKGYSG]
2014/11/12 20:34:57	指定されたファイルが存在しません。[C:\Work\temp\Work_データ加工\Test\HBHUN340-02\Template\CFGGSS_業者別ゲーム別精算表.xlsx]
2014/11/12 20:34:57	指定されたファイルが存在しません。[C:\Work\temp\Work_データ加工\Test\HBHUN340-02\Template\CFGYSS_業者別精算表.xlsx]
2014/11/12 20:34:57	外部exe実行：CBLCTFM.EXE</r C:\Work\Projects\aat\aat\bin\Debug\Work\HBHUN340-02\HBHUN340-02.cfm>
2014/11/12 20:34:58	Std Output:	正常終了(DONE)

2014/11/12 20:34:58	外部exe実行：CBLCTFM.EXE</a C:\Work\Projects\aat\aat\bin\Debug\Work\HBHUN340-02\HBHUN340-02.cfm>
2014/11/12 20:34:58	Std Output:	正常終了(DONE)

2014/11/12 20:34:59	指定されたファイルが存在しません。[C:\Work\temp\Work_データ加工\Test\HBHUN340-02\HBHUN340.exe]
