2014/11/19 13:55:44	実行　処理開始　(run)
2014/11/19 13:55:45	実行　処理終了　(run)
2014/11/19 13:55:45	[HBHUN330-01]の実行処理が開始した。
2014/11/19 13:56:03	外部exe実行：CBLCTFM.EXE</r C:\Work\Projects\aat\aat\bin\Debug\Work\HBHUN330-01\HBHUN330-01.cfm>
2014/11/19 13:56:03	Std Output:	正常終了(DONE)

2014/11/19 13:56:04	外部exe実行：CBLCTFM.EXE</a C:\Work\Projects\aat\aat\bin\Debug\Work\HBHUN330-01\HBHUN330-01.cfm>
2014/11/19 13:56:04	Std Output:	正常終了(DONE)

2014/11/19 13:56:04	外部exe実行：C:\Work\Projects\aat\aat\bin\Debug\Work\HBHUN330-01\HBHUN330.exe<>
2014/11/19 13:56:05	Std Output:CX00029
CX00031
CX00052
CX00054
CX00056
CX00062
CX00064
CX00230
CX00068
変数販売チャネル=01
ＧＹＳＡ販売チャネルコード=01
CX00069
ＵＲＳＳ売場コード=595329
CX00070
CX00230
CX00089
CX00091
CX00094
CX00095
CX00068
変数販売チャネル=01
ＧＹＳＡ販売チャネルコード=01
CX00069
ＵＲＳＳ売場コード=595330
CX00070
CX00230
CX00089
CX00091
CX00094
CX00095
CX00068
変数販売チャネル=01
ＧＹＳＡ販売チャネルコード=01
CX00069
ＵＲＳＳ売場コード=595331
CX00070
CX00230
CX00089
CX00091
CX00094
CX00095
CX00068
変数販売チャネル=01
ＧＹＳＡ販売チャネルコード=01
CX00069
ＵＲＳＳ売場コード=595332
CX00070
CX00089
CX00091
CX00094
CX00095
CX00068
変数販売チャネル=01
ＧＹＳＡ販売チャネルコード=01
CX00069
ＵＲＳＳ売場コード=595333
CX00070
CX00089
CX00091
CX00094
CX00095
CX00068
変数販売チャネル=01
ＧＹＳＡ販売チャネルコード=01
CX00069
ＵＲＳＳ売場コード=596329
CX00070
CX00230
CX00089
CX00091
CX00094
CX00095
CX00068
変数販売チャネル=01
ＧＹＳＡ販売チャネルコード=01
CX00069
ＵＲＳＳ売場コード=596330
CX00070
CX00230
CX00089
CX00091
CX00094
CX00095
CX00068
変数販売チャネル=01
ＧＹＳＡ販売チャネルコード=01
CX00069
ＵＲＳＳ売場コード=596331
CX00070
CX00230
CX00089
CX00091
CX00094
CX00095
CX00068
変数販売チャネル=01
ＧＹＳＡ販売チャネルコード=01
CX00069
ＵＲＳＳ売場コード=596332
CX00070
CX00089
CX00091
CX00094
CX00095
CX00068
変数販売チャネル=01
ＧＹＳＡ販売チャネルコード=01
CX00069
ＵＲＳＳ売場コード=596333
CX00070
CX00089
CX00091
CX00094
CX00095
CX00068
変数販売チャネル=01
ＧＹＳＡ販売チャネルコード=01
CX00069
ＵＲＳＳ売場コード=596339
CX00070
CX00089
CX00091
CX00094
CX00095
CX00068
変数販売チャネル=01
ＧＹＳＡ販売チャネルコード=01
CX00069
ＵＲＳＳ売場コード=596340
CX00070
CX00089
CX00091
CX00094
CX00095
CX00068
変数販売チャネル=01
ＧＹＳＡ販売チャネルコード=01
CX00069
ＵＲＳＳ売場コード=597329
CX00070
CX00089
CX00091
CX00094
CX00095
CX00068
変数販売チャネル=01
ＧＹＳＡ販売チャネルコード=01
CX00069
ＵＲＳＳ売場コード=597330
CX00070
CX00089
CX00091
CX00094
CX00095
CX00068
変数販売チャネル=01
ＧＹＳＡ販売チャネルコード=01
CX00069
ＵＲＳＳ売場コード=597331
CX00070
CX00089
CX00091
CX00094
CX00095
CX00068
変数販売チャネル=01
ＧＹＳＡ販売チャネルコード=01
CX00069
ＵＲＳＳ売場コード=597332
CX00070
CX00089
CX00091
CX00094
CX00095
CX00068
変数販売チャネル=01
ＧＹＳＡ販売チャネルコード=01
CX00069
ＵＲＳＳ売場コード=597333
CX00070
CX00089
CX00090
CX00091
CX00094
CX00095
CX00067
CX00098
CX00109
P000-RTN
CX00032
CX00033
P100-RTN
CX00114
CX00117
CX00134
CX00114
CX00117
CX00134
CX00114
CX00117
CX00134
CX00114
CX00117
CX00134
CX00114
CX00117
CX00134
CX00114
CX00117
CX00134
CX00114
CX00117
CX00134
CX00114
CX00117
CX00134
CX00114
CX00117
CX00134
CX00114
CX00117
CX00134
CX00140
CX00142
CX00144
ＵＳＷＦゲームタイプ=01
ＵＳＷＦブロックコード=+00000
IX1=+00001
ＵＳＷＦ支払回号 (IX1)=+00001
ＵＳＷＦゲームタイプ=01
ＵＳＷＦブロックコード=+00000
IX1=+00002
ＵＳＷＦ支払回号 (IX1)=+00002
ＵＳＷＦゲームタイプ=01
ＵＳＷＦブロックコード=+00000
IX1=+00003
ＵＳＷＦ支払回号 (IX1)=+00003
ＵＳＷＦゲームタイプ=01
ＵＳＷＦブロックコード=+00000
IX1=+00004
ＵＳＷＦ支払回号 (IX1)=+00004
ＵＳＷＦゲームタイプ=01
ＵＳＷＦブロックコード=+00000
IX1=+00005
ＵＳＷＦ支払回号 (IX1)=+00005
CX00145
CX00142
CX00144
ＵＳＷＦゲームタイプ=02
ＵＳＷＦブロックコード=+00000
IX1=+00001
ＵＳＷＦ支払回号 (IX1)=+00001
ＵＳＷＦゲームタイプ=02
ＵＳＷＦブロックコード=+00000
IX1=+00002
ＵＳＷＦ支払回号 (IX1)=+00002
ＵＳＷＦゲームタイプ=02
ＵＳＷＦブロックコード=+00000
IX1=+00003
ＵＳＷＦ支払回号 (IX1)=+00003
ＵＳＷＦゲームタイプ=02
ＵＳＷＦブロックコード=+00000
IX1=+00004
ＵＳＷＦ支払回号 (IX1)=+00004
ＵＳＷＦゲームタイプ=02
ＵＳＷＦブロックコード=+00000
IX1=+00005
ＵＳＷＦ支払回号 (IX1)=+00005
CX00145
CX00142
CX00144
CX00145
CX00156
CX00140
CX00142
CX00144
ＵＳＷＦゲームタイプ=01
ＵＳＷＦブロックコード=+00000
IX1=+00001
ＵＳＷＦ支払回号 (IX1)=+00001
ＵＳＷＦゲームタイプ=01
ＵＳＷＦブロックコード=+00000
IX1=+00002
ＵＳＷＦ支払回号 (IX1)=+00002
ＵＳＷＦゲームタイプ=01
ＵＳＷＦブロックコード=+00000
IX1=+00003
ＵＳＷＦ支払回号 (IX1)=+00003
ＵＳＷＦゲームタイプ=01
ＵＳＷＦブロックコード=+00000
IX1=+00004
ＵＳＷＦ支払回号 (IX1)=+00004
ＵＳＷＦゲームタイプ=01
ＵＳＷＦブロックコード=+00000
IX1=+00005
ＵＳＷＦ支払回号 (IX1)=+00005
CX00145
CX00142
CX00144
ＵＳＷＦゲームタイプ=02
ＵＳＷＦブロックコード=+00000
IX1=+00001
ＵＳＷＦ支払回号 (IX1)=+00001
ＵＳＷＦゲームタイプ=02
ＵＳＷＦブロックコード=+00000
IX1=+00002
ＵＳＷＦ支払回号 (IX1)=+00002
ＵＳＷＦゲームタイプ=02
ＵＳＷＦブロックコード=+00000
IX1=+00003
ＵＳＷＦ支払回号 (IX1)=+00003
ＵＳＷＦゲームタイプ=02
ＵＳＷＦブロックコード=+00000
IX1=+00004
ＵＳＷＦ支払回号 (IX1)=+00004
ＵＳＷＦゲームタイプ=02
ＵＳＷＦブロックコード=+00000
IX1=+00005
ＵＳＷＦ支払回号 (IX1)=+00005
CX00145
CX00156
CX00140
CX00142
CX00144
ＵＳＷＦゲームタイプ=01
ＵＳＷＦブロックコード=+00000
IX1=+00001
ＵＳＷＦ支払回号 (IX1)=+00001
ＵＳＷＦゲームタイプ=01
ＵＳＷＦブロックコード=+00000
IX1=+00002
ＵＳＷＦ支払回号 (IX1)=+00002
ＵＳＷＦゲームタイプ=01
ＵＳＷＦブロックコード=+00000
IX1=+00003
ＵＳＷＦ支払回号 (IX1)=+00003
ＵＳＷＦゲームタイプ=01
ＵＳＷＦブロックコード=+00000
IX1=+00004
ＵＳＷＦ支払回号 (IX1)=+00004
ＵＳＷＦゲームタイプ=01
ＵＳＷＦブロックコード=+00000
IX1=+00005
ＵＳＷＦ支払回号 (IX1)=+00005
CX00145
CX00142
CX00144
ＵＳＷＦゲームタイプ=02
ＵＳＷＦブロックコード=+00000
IX1=+00001
ＵＳＷＦ支払回号 (IX1)=+00001
ＵＳＷＦゲームタイプ=02
ＵＳＷＦブロックコード=+00000
IX1=+00002
ＵＳＷＦ支払回号 (IX1)=+00002
ＵＳＷＦゲームタイプ=02
ＵＳＷＦブロックコード=+00000
IX1=+00003
ＵＳＷＦ支払回号 (IX1)=+00003
ＵＳＷＦゲームタイプ=02
ＵＳＷＦブロックコード=+00000
IX1=+00004
ＵＳＷＦ支払回号 (IX1)=+00004
ＵＳＷＦゲームタイプ=02
ＵＳＷＦブロックコード=+00000
IX1=+00005
ＵＳＷＦ支払回号 (IX1)=+00005
CX00145
CX00156

2014/11/19 13:56:05	[HBHUN330-01]の実行処理が正常終了した。
2014/11/19 13:56:05	　　　☆☆☆実行処理が正常に終了しました。☆☆☆　　　
2014/11/19 14:40:21	実行　処理開始　(perform)
2014/11/19 14:40:21	実行　処理終了　(perform)
2014/11/19 14:40:21	[HBHUN330-01]の実行処理が開始した。
2014/11/19 14:40:21	外部exe実行：CBLCTFM.EXE</r C:\Work\Projects\aat\aat\bin\Debug\Work\HBHUN330-01\HBHUN330-01.cfm>
2014/11/19 14:40:22	Std Output:	正常終了(DONE)

2014/11/19 14:40:22	外部exe実行：CBLCTFM.EXE</a C:\Work\Projects\aat\aat\bin\Debug\Work\HBHUN330-01\HBHUN330-01.cfm>
2014/11/19 14:40:22	Std Output:	正常終了(DONE)

2014/11/19 14:40:22	外部exe実行：C:\Work\Projects\aat\aat\bin\Debug\Work\HBHUN330-01\HBHUN330.exe<>
2014/11/19 14:40:22	Std Output:CX00029
CX00031
CX00052
CX00054
CX00056
CX00062
CX00064
CX00230
CX00068
変数販売チャネル=01
ＧＹＳＡ販売チャネルコード=01
CX00069
ＵＲＳＳ売場コード=595329
CX00070
CX00230
CX00089
CX00091
CX00094
CX00095
CX00068
変数販売チャネル=01
ＧＹＳＡ販売チャネルコード=01
CX00069
ＵＲＳＳ売場コード=595330
CX00070
CX00230
CX00089
CX00091
CX00094
CX00095
CX00068
変数販売チャネル=01
ＧＹＳＡ販売チャネルコード=01
CX00069
ＵＲＳＳ売場コード=595331
CX00070
CX00230
CX00089
CX00091
CX00094
CX00095
CX00068
変数販売チャネル=01
ＧＹＳＡ販売チャネルコード=01
CX00069
ＵＲＳＳ売場コード=595332
CX00070
CX00089
CX00091
CX00094
CX00095
CX00068
変数販売チャネル=01
ＧＹＳＡ販売チャネルコード=01
CX00069
ＵＲＳＳ売場コード=595333
CX00070
CX00089
CX00091
CX00094
CX00095
CX00068
変数販売チャネル=01
ＧＹＳＡ販売チャネルコード=01
CX00069
ＵＲＳＳ売場コード=596329
CX00070
CX00230
CX00089
CX00091
CX00094
CX00095
CX00068
変数販売チャネル=01
ＧＹＳＡ販売チャネルコード=01
CX00069
ＵＲＳＳ売場コード=596330
CX00070
CX00230
CX00089
CX00091
CX00094
CX00095
CX00068
変数販売チャネル=01
ＧＹＳＡ販売チャネルコード=01
CX00069
ＵＲＳＳ売場コード=596331
CX00070
CX00230
CX00089
CX00091
CX00094
CX00095
CX00068
変数販売チャネル=01
ＧＹＳＡ販売チャネルコード=01
CX00069
ＵＲＳＳ売場コード=596332
CX00070
CX00089
CX00091
CX00094
CX00095
CX00068
変数販売チャネル=01
ＧＹＳＡ販売チャネルコード=01
CX00069
ＵＲＳＳ売場コード=596333
CX00070
CX00089
CX00091
CX00094
CX00095
CX00068
変数販売チャネル=01
ＧＹＳＡ販売チャネルコード=01
CX00069
ＵＲＳＳ売場コード=596339
CX00070
CX00089
CX00091
CX00094
CX00095
CX00068
変数販売チャネル=01
ＧＹＳＡ販売チャネルコード=01
CX00069
ＵＲＳＳ売場コード=596340
CX00070
CX00089
CX00091
CX00094
CX00095
CX00068
変数販売チャネル=01
ＧＹＳＡ販売チャネルコード=01
CX00069
ＵＲＳＳ売場コード=597329
CX00070
CX00089
CX00091
CX00094
CX00095
CX00068
変数販売チャネル=01
ＧＹＳＡ販売チャネルコード=01
CX00069
ＵＲＳＳ売場コード=597330
CX00070
CX00089
CX00091
CX00094
CX00095
CX00068
変数販売チャネル=01
ＧＹＳＡ販売チャネルコード=01
CX00069
ＵＲＳＳ売場コード=597331
CX00070
CX00089
CX00091
CX00094
CX00095
CX00068
変数販売チャネル=01
ＧＹＳＡ販売チャネルコード=01
CX00069
ＵＲＳＳ売場コード=597332
CX00070
CX00089
CX00091
CX00094
CX00095
CX00068
変数販売チャネル=01
ＧＹＳＡ販売チャネルコード=01
CX00069
ＵＲＳＳ売場コード=597333
CX00070
CX00089
CX00090
CX00091
CX00094
CX00095
CX00067
CX00098
CX00109
P000-RTN
CX00032
CX00033
P100-RTN
CX00114
CX00117
CX00134
CX00114
CX00117
CX00134
CX00114
CX00117
CX00134
CX00114
CX00117
CX00134
CX00114
CX00117
CX00134
CX00114
CX00117
CX00134
CX00114
CX00117
CX00134
CX00114
CX00117
CX00134
CX00114
CX00117
CX00134
CX00114
CX00117
CX00134
CX00140
CX00142
CX00144
ＵＳＷＦゲームタイプ=01
ＵＳＷＦブロックコード=+00000
IX1=+00001
ＵＳＷＦ支払回号 (IX1)=+00001
ＵＳＷＦゲームタイプ=01
ＵＳＷＦブロックコード=+00000
IX1=+00002
ＵＳＷＦ支払回号 (IX1)=+00002
ＵＳＷＦゲームタイプ=01
ＵＳＷＦブロックコード=+00000
IX1=+00003
ＵＳＷＦ支払回号 (IX1)=+00003
ＵＳＷＦゲームタイプ=01
ＵＳＷＦブロックコード=+00000
IX1=+00004
ＵＳＷＦ支払回号 (IX1)=+00004
ＵＳＷＦゲームタイプ=01
ＵＳＷＦブロックコード=+00000
IX1=+00005
ＵＳＷＦ支払回号 (IX1)=+00005
CX00145
CX00142
CX00144
ＵＳＷＦゲームタイプ=02
ＵＳＷＦブロックコード=+00000
IX1=+00001
ＵＳＷＦ支払回号 (IX1)=+00001
ＵＳＷＦゲームタイプ=02
ＵＳＷＦブロックコード=+00000
IX1=+00002
ＵＳＷＦ支払回号 (IX1)=+00002
ＵＳＷＦゲームタイプ=02
ＵＳＷＦブロックコード=+00000
IX1=+00003
ＵＳＷＦ支払回号 (IX1)=+00003
ＵＳＷＦゲームタイプ=02
ＵＳＷＦブロックコード=+00000
IX1=+00004
ＵＳＷＦ支払回号 (IX1)=+00004
ＵＳＷＦゲームタイプ=02
ＵＳＷＦブロックコード=+00000
IX1=+00005
ＵＳＷＦ支払回号 (IX1)=+00005
CX00145
CX00142
CX00144
CX00145
CX00156
CX00140
CX00142
CX00144
ＵＳＷＦゲームタイプ=01
ＵＳＷＦブロックコード=+00000
IX1=+00001
ＵＳＷＦ支払回号 (IX1)=+00001
ＵＳＷＦゲームタイプ=01
ＵＳＷＦブロックコード=+00000
IX1=+00002
ＵＳＷＦ支払回号 (IX1)=+00002
ＵＳＷＦゲームタイプ=01
ＵＳＷＦブロックコード=+00000
IX1=+00003
ＵＳＷＦ支払回号 (IX1)=+00003
ＵＳＷＦゲームタイプ=01
ＵＳＷＦブロックコード=+00000
IX1=+00004
ＵＳＷＦ支払回号 (IX1)=+00004
ＵＳＷＦゲームタイプ=01
ＵＳＷＦブロックコード=+00000
IX1=+00005
ＵＳＷＦ支払回号 (IX1)=+00005
CX00145
CX00142
CX00144
ＵＳＷＦゲームタイプ=02
ＵＳＷＦブロックコード=+00000
IX1=+00001
ＵＳＷＦ支払回号 (IX1)=+00001
ＵＳＷＦゲームタイプ=02
ＵＳＷＦブロックコード=+00000
IX1=+00002
ＵＳＷＦ支払回号 (IX1)=+00002
ＵＳＷＦゲームタイプ=02
ＵＳＷＦブロックコード=+00000
IX1=+00003
ＵＳＷＦ支払回号 (IX1)=+00003
ＵＳＷＦゲームタイプ=02
ＵＳＷＦブロックコード=+00000
IX1=+00004
ＵＳＷＦ支払回号 (IX1)=+00004
ＵＳＷＦゲームタイプ=02
ＵＳＷＦブロックコード=+00000
IX1=+00005
ＵＳＷＦ支払回号 (IX1)=+00005
CX00145
CX00156
CX00140
CX00142
CX00144
ＵＳＷＦゲームタイプ=01
ＵＳＷＦブロックコード=+00000
IX1=+00001
ＵＳＷＦ支払回号 (IX1)=+00001
ＵＳＷＦゲームタイプ=01
ＵＳＷＦブロックコード=+00000
IX1=+00002
ＵＳＷＦ支払回号 (IX1)=+00002
ＵＳＷＦゲームタイプ=01
ＵＳＷＦブロックコード=+00000
IX1=+00003
ＵＳＷＦ支払回号 (IX1)=+00003
ＵＳＷＦゲームタイプ=01
ＵＳＷＦブロックコード=+00000
IX1=+00004
ＵＳＷＦ支払回号 (IX1)=+00004
ＵＳＷＦゲームタイプ=01
ＵＳＷＦブロックコード=+00000
IX1=+00005
ＵＳＷＦ支払回号 (IX1)=+00005
CX00145
CX00142
CX00144
ＵＳＷＦゲームタイプ=02
ＵＳＷＦブロックコード=+00000
IX1=+00001
ＵＳＷＦ支払回号 (IX1)=+00001
ＵＳＷＦゲームタイプ=02
ＵＳＷＦブロックコード=+00000
IX1=+00002
ＵＳＷＦ支払回号 (IX1)=+00002
ＵＳＷＦゲームタイプ=02
ＵＳＷＦブロックコード=+00000
IX1=+00003
ＵＳＷＦ支払回号 (IX1)=+00003
ＵＳＷＦゲームタイプ=02
ＵＳＷＦブロックコード=+00000
IX1=+00004
ＵＳＷＦ支払回号 (IX1)=+00004
ＵＳＷＦゲームタイプ=02
ＵＳＷＦブロックコード=+00000
IX1=+00005
ＵＳＷＦ支払回号 (IX1)=+00005
CX00145
CX00156

2014/11/19 14:40:22	[HBHUN330-01]の実行処理が正常終了した。
2014/11/19 14:40:22	　　　☆☆☆実行処理が正常に終了しました。☆☆☆　　　
2014/11/19 14:41:46	実行　処理開始　(perform)
2014/11/19 14:41:46	実行　処理終了　(perform)
2014/11/19 14:41:46	[HBHUN330-01]の実行処理が開始した。
2014/11/19 14:41:46	外部exe実行：CBLCTFM.EXE</r C:\Work\Projects\aat\aat\bin\Debug\Work\HBHUN330-01\HBHUN330-01.cfm>
2014/11/19 14:41:46	Std Output:	正常終了(DONE)

2014/11/19 14:41:47	外部exe実行：CBLCTFM.EXE</a C:\Work\Projects\aat\aat\bin\Debug\Work\HBHUN330-01\HBHUN330-01.cfm>
2014/11/19 14:41:47	Std Output:	正常終了(DONE)

2014/11/19 14:41:47	外部exe実行：C:\Work\Projects\aat\aat\bin\Debug\Work\HBHUN330-01\HBHUN330.exe<>
2014/11/19 14:41:47	Std Output:CX00029
CX00031
CX00052
CX00054
CX00056
CX00062
CX00064
CX00230
CX00068
変数販売チャネル=01
ＧＹＳＡ販売チャネルコード=01
CX00069
ＵＲＳＳ売場コード=595329
CX00070
CX00230
CX00089
CX00091
CX00094
CX00095
CX00068
変数販売チャネル=01
ＧＹＳＡ販売チャネルコード=01
CX00069
ＵＲＳＳ売場コード=595330
CX00070
CX00230
CX00089
CX00091
CX00094
CX00095
CX00068
変数販売チャネル=01
ＧＹＳＡ販売チャネルコード=01
CX00069
ＵＲＳＳ売場コード=595331
CX00070
CX00230
CX00089
CX00091
CX00094
CX00095
CX00068
変数販売チャネル=01
ＧＹＳＡ販売チャネルコード=01
CX00069
ＵＲＳＳ売場コード=595332
CX00070
CX00089
CX00091
CX00094
CX00095
CX00068
変数販売チャネル=01
ＧＹＳＡ販売チャネルコード=01
CX00069
ＵＲＳＳ売場コード=595333
CX00070
CX00089
CX00091
CX00094
CX00095
CX00068
変数販売チャネル=01
ＧＹＳＡ販売チャネルコード=01
CX00069
ＵＲＳＳ売場コード=596329
CX00070
CX00230
CX00089
CX00091
CX00094
CX00095
CX00068
変数販売チャネル=01
ＧＹＳＡ販売チャネルコード=01
CX00069
ＵＲＳＳ売場コード=596330
CX00070
CX00230
CX00089
CX00091
CX00094
CX00095
CX00068
変数販売チャネル=01
ＧＹＳＡ販売チャネルコード=01
CX00069
ＵＲＳＳ売場コード=596331
CX00070
CX00230
CX00089
CX00091
CX00094
CX00095
CX00068
変数販売チャネル=01
ＧＹＳＡ販売チャネルコード=01
CX00069
ＵＲＳＳ売場コード=596332
CX00070
CX00089
CX00091
CX00094
CX00095
CX00068
変数販売チャネル=01
ＧＹＳＡ販売チャネルコード=01
CX00069
ＵＲＳＳ売場コード=596333
CX00070
CX00089
CX00091
CX00094
CX00095
CX00068
変数販売チャネル=01
ＧＹＳＡ販売チャネルコード=01
CX00069
ＵＲＳＳ売場コード=596339
CX00070
CX00089
CX00091
CX00094
CX00095
CX00068
変数販売チャネル=01
ＧＹＳＡ販売チャネルコード=01
CX00069
ＵＲＳＳ売場コード=596340
CX00070
CX00089
CX00091
CX00094
CX00095
CX00068
変数販売チャネル=01
ＧＹＳＡ販売チャネルコード=01
CX00069
ＵＲＳＳ売場コード=597329
CX00070
CX00089
CX00091
CX00094
CX00095
CX00068
変数販売チャネル=01
ＧＹＳＡ販売チャネルコード=01
CX00069
ＵＲＳＳ売場コード=597330
CX00070
CX00089
CX00091
CX00094
CX00095
CX00068
変数販売チャネル=01
ＧＹＳＡ販売チャネルコード=01
CX00069
ＵＲＳＳ売場コード=597331
CX00070
CX00089
CX00091
CX00094
CX00095
CX00068
変数販売チャネル=01
ＧＹＳＡ販売チャネルコード=01
CX00069
ＵＲＳＳ売場コード=597332
CX00070
CX00089
CX00091
CX00094
CX00095
CX00068
変数販売チャネル=01
ＧＹＳＡ販売チャネルコード=01
CX00069
ＵＲＳＳ売場コード=597333
CX00070
CX00089
CX00090
CX00091
CX00094
CX00095
CX00067
CX00098
CX00109
P000-RTN
CX00032
CX00033
P100-RTN
CX00114
CX00117
CX00134
CX00114
CX00117
CX00134
CX00114
CX00117
CX00134
CX00114
CX00117
CX00134
CX00114
CX00117
CX00134
CX00114
CX00117
CX00134
CX00114
CX00117
CX00134
CX00114
CX00117
CX00134
CX00114
CX00117
CX00134
CX00114
CX00117
CX00134
CX00140
CX00142
CX00144
ＵＳＷＦゲームタイプ=01
ＵＳＷＦブロックコード=+00000
IX1=+00001
ＵＳＷＦ支払回号 (IX1)=+00001
ＵＳＷＦゲームタイプ=01
ＵＳＷＦブロックコード=+00000
IX1=+00002
ＵＳＷＦ支払回号 (IX1)=+00002
ＵＳＷＦゲームタイプ=01
ＵＳＷＦブロックコード=+00000
IX1=+00003
ＵＳＷＦ支払回号 (IX1)=+00003
ＵＳＷＦゲームタイプ=01
ＵＳＷＦブロックコード=+00000
IX1=+00004
ＵＳＷＦ支払回号 (IX1)=+00004
ＵＳＷＦゲームタイプ=01
ＵＳＷＦブロックコード=+00000
IX1=+00005
ＵＳＷＦ支払回号 (IX1)=+00005
CX00145
CX00142
CX00144
ＵＳＷＦゲームタイプ=02
ＵＳＷＦブロックコード=+00000
IX1=+00001
ＵＳＷＦ支払回号 (IX1)=+00001
ＵＳＷＦゲームタイプ=02
ＵＳＷＦブロックコード=+00000
IX1=+00002
ＵＳＷＦ支払回号 (IX1)=+00002
ＵＳＷＦゲームタイプ=02
ＵＳＷＦブロックコード=+00000
IX1=+00003
ＵＳＷＦ支払回号 (IX1)=+00003
ＵＳＷＦゲームタイプ=02
ＵＳＷＦブロックコード=+00000
IX1=+00004
ＵＳＷＦ支払回号 (IX1)=+00004
ＵＳＷＦゲームタイプ=02
ＵＳＷＦブロックコード=+00000
IX1=+00005
ＵＳＷＦ支払回号 (IX1)=+00005
CX00145
CX00142
CX00144
CX00145
CX00156
CX00140
CX00142
CX00144
ＵＳＷＦゲームタイプ=01
ＵＳＷＦブロックコード=+00000
IX1=+00001
ＵＳＷＦ支払回号 (IX1)=+00001
ＵＳＷＦゲームタイプ=01
ＵＳＷＦブロックコード=+00000
IX1=+00002
ＵＳＷＦ支払回号 (IX1)=+00002
ＵＳＷＦゲームタイプ=01
ＵＳＷＦブロックコード=+00000
IX1=+00003
ＵＳＷＦ支払回号 (IX1)=+00003
ＵＳＷＦゲームタイプ=01
ＵＳＷＦブロックコード=+00000
IX1=+00004
ＵＳＷＦ支払回号 (IX1)=+00004
ＵＳＷＦゲームタイプ=01
ＵＳＷＦブロックコード=+00000
IX1=+00005
ＵＳＷＦ支払回号 (IX1)=+00005
CX00145
CX00142
CX00144
ＵＳＷＦゲームタイプ=02
ＵＳＷＦブロックコード=+00000
IX1=+00001
ＵＳＷＦ支払回号 (IX1)=+00001
ＵＳＷＦゲームタイプ=02
ＵＳＷＦブロックコード=+00000
IX1=+00002
ＵＳＷＦ支払回号 (IX1)=+00002
ＵＳＷＦゲームタイプ=02
ＵＳＷＦブロックコード=+00000
IX1=+00003
ＵＳＷＦ支払回号 (IX1)=+00003
ＵＳＷＦゲームタイプ=02
ＵＳＷＦブロックコード=+00000
IX1=+00004
ＵＳＷＦ支払回号 (IX1)=+00004
ＵＳＷＦゲームタイプ=02
ＵＳＷＦブロックコード=+00000
IX1=+00005
ＵＳＷＦ支払回号 (IX1)=+00005
CX00145
CX00156
CX00140
CX00142
CX00144
ＵＳＷＦゲームタイプ=01
ＵＳＷＦブロックコード=+00000
IX1=+00001
ＵＳＷＦ支払回号 (IX1)=+00001
ＵＳＷＦゲームタイプ=01
ＵＳＷＦブロックコード=+00000
IX1=+00002
ＵＳＷＦ支払回号 (IX1)=+00002
ＵＳＷＦゲームタイプ=01
ＵＳＷＦブロックコード=+00000
IX1=+00003
ＵＳＷＦ支払回号 (IX1)=+00003
ＵＳＷＦゲームタイプ=01
ＵＳＷＦブロックコード=+00000
IX1=+00004
ＵＳＷＦ支払回号 (IX1)=+00004
ＵＳＷＦゲームタイプ=01
ＵＳＷＦブロックコード=+00000
IX1=+00005
ＵＳＷＦ支払回号 (IX1)=+00005
CX00145
CX00142
CX00144
ＵＳＷＦゲームタイプ=02
ＵＳＷＦブロックコード=+00000
IX1=+00001
ＵＳＷＦ支払回号 (IX1)=+00001
ＵＳＷＦゲームタイプ=02
ＵＳＷＦブロックコード=+00000
IX1=+00002
ＵＳＷＦ支払回号 (IX1)=+00002
ＵＳＷＦゲームタイプ=02
ＵＳＷＦブロックコード=+00000
IX1=+00003
ＵＳＷＦ支払回号 (IX1)=+00003
ＵＳＷＦゲームタイプ=02
ＵＳＷＦブロックコード=+00000
IX1=+00004
ＵＳＷＦ支払回号 (IX1)=+00004
ＵＳＷＦゲームタイプ=02
ＵＳＷＦブロックコード=+00000
IX1=+00005
ＵＳＷＦ支払回号 (IX1)=+00005
CX00145
CX00156

2014/11/19 14:41:47	[HBHUN330-01]の実行処理が正常終了した。
2014/11/19 14:41:47	　　　☆☆☆実行処理が正常に終了しました。☆☆☆　　　
2014/11/19 14:41:52	実行　処理開始　(perform)
2014/11/19 14:41:52	実行　処理終了　(perform)
2014/11/19 14:41:52	[HBHUN330-01]の実行処理が開始した。
2014/11/19 14:41:53	外部exe実行：CBLCTFM.EXE</r C:\Work\Projects\aat\aat\bin\Debug\Work\HBHUN330-01\HBHUN330-01.cfm>
2014/11/19 14:41:53	Std Output:	正常終了(DONE)

2014/11/19 14:41:53	外部exe実行：CBLCTFM.EXE</a C:\Work\Projects\aat\aat\bin\Debug\Work\HBHUN330-01\HBHUN330-01.cfm>
2014/11/19 14:41:53	Std Output:	正常終了(DONE)

2014/11/19 14:41:53	外部exe実行：C:\Work\Projects\aat\aat\bin\Debug\Work\HBHUN330-01\HBHUN330.exe<>
2014/11/19 14:41:53	Std Output:CX00029
CX00031
CX00052
CX00054
CX00056
CX00062
CX00064
CX00230
CX00068
変数販売チャネル=01
ＧＹＳＡ販売チャネルコード=01
CX00069
ＵＲＳＳ売場コード=595329
CX00070
CX00230
CX00089
CX00091
CX00094
CX00095
CX00068
変数販売チャネル=01
ＧＹＳＡ販売チャネルコード=01
CX00069
ＵＲＳＳ売場コード=595330
CX00070
CX00230
CX00089
CX00091
CX00094
CX00095
CX00068
変数販売チャネル=01
ＧＹＳＡ販売チャネルコード=01
CX00069
ＵＲＳＳ売場コード=595331
CX00070
CX00230
CX00089
CX00091
CX00094
CX00095
CX00068
変数販売チャネル=01
ＧＹＳＡ販売チャネルコード=01
CX00069
ＵＲＳＳ売場コード=595332
CX00070
CX00089
CX00091
CX00094
CX00095
CX00068
変数販売チャネル=01
ＧＹＳＡ販売チャネルコード=01
CX00069
ＵＲＳＳ売場コード=595333
CX00070
CX00089
CX00091
CX00094
CX00095
CX00068
変数販売チャネル=01
ＧＹＳＡ販売チャネルコード=01
CX00069
ＵＲＳＳ売場コード=596329
CX00070
CX00230
CX00089
CX00091
CX00094
CX00095
CX00068
変数販売チャネル=01
ＧＹＳＡ販売チャネルコード=01
CX00069
ＵＲＳＳ売場コード=596330
CX00070
CX00230
CX00089
CX00091
CX00094
CX00095
CX00068
変数販売チャネル=01
ＧＹＳＡ販売チャネルコード=01
CX00069
ＵＲＳＳ売場コード=596331
CX00070
CX00230
CX00089
CX00091
CX00094
CX00095
CX00068
変数販売チャネル=01
ＧＹＳＡ販売チャネルコード=01
CX00069
ＵＲＳＳ売場コード=596332
CX00070
CX00089
CX00091
CX00094
CX00095
CX00068
変数販売チャネル=01
ＧＹＳＡ販売チャネルコード=01
CX00069
ＵＲＳＳ売場コード=596333
CX00070
CX00089
CX00091
CX00094
CX00095
CX00068
変数販売チャネル=01
ＧＹＳＡ販売チャネルコード=01
CX00069
ＵＲＳＳ売場コード=596339
CX00070
CX00089
CX00091
CX00094
CX00095
CX00068
変数販売チャネル=01
ＧＹＳＡ販売チャネルコード=01
CX00069
ＵＲＳＳ売場コード=596340
CX00070
CX00089
CX00091
CX00094
CX00095
CX00068
変数販売チャネル=01
ＧＹＳＡ販売チャネルコード=01
CX00069
ＵＲＳＳ売場コード=597329
CX00070
CX00089
CX00091
CX00094
CX00095
CX00068
変数販売チャネル=01
ＧＹＳＡ販売チャネルコード=01
CX00069
ＵＲＳＳ売場コード=597330
CX00070
CX00089
CX00091
CX00094
CX00095
CX00068
変数販売チャネル=01
ＧＹＳＡ販売チャネルコード=01
CX00069
ＵＲＳＳ売場コード=597331
CX00070
CX00089
CX00091
CX00094
CX00095
CX00068
変数販売チャネル=01
ＧＹＳＡ販売チャネルコード=01
CX00069
ＵＲＳＳ売場コード=597332
CX00070
CX00089
CX00091
CX00094
CX00095
CX00068
変数販売チャネル=01
ＧＹＳＡ販売チャネルコード=01
CX00069
ＵＲＳＳ売場コード=597333
CX00070
CX00089
CX00090
CX00091
CX00094
CX00095
CX00067
CX00098
CX00109
P000-RTN
CX00032
CX00033
P100-RTN
CX00114
CX00117
CX00134
CX00114
CX00117
CX00134
CX00114
CX00117
CX00134
CX00114
CX00117
CX00134
CX00114
CX00117
CX00134
CX00114
CX00117
CX00134
CX00114
CX00117
CX00134
CX00114
CX00117
CX00134
CX00114
CX00117
CX00134
CX00114
CX00117
CX00134
CX00140
CX00142
CX00144
ＵＳＷＦゲームタイプ=01
ＵＳＷＦブロックコード=+00000
IX1=+00001
ＵＳＷＦ支払回号 (IX1)=+00001
ＵＳＷＦゲームタイプ=01
ＵＳＷＦブロックコード=+00000
IX1=+00002
ＵＳＷＦ支払回号 (IX1)=+00002
ＵＳＷＦゲームタイプ=01
ＵＳＷＦブロックコード=+00000
IX1=+00003
ＵＳＷＦ支払回号 (IX1)=+00003
ＵＳＷＦゲームタイプ=01
ＵＳＷＦブロックコード=+00000
IX1=+00004
ＵＳＷＦ支払回号 (IX1)=+00004
ＵＳＷＦゲームタイプ=01
ＵＳＷＦブロックコード=+00000
IX1=+00005
ＵＳＷＦ支払回号 (IX1)=+00005
CX00145
CX00142
CX00144
ＵＳＷＦゲームタイプ=02
ＵＳＷＦブロックコード=+00000
IX1=+00001
ＵＳＷＦ支払回号 (IX1)=+00001
ＵＳＷＦゲームタイプ=02
ＵＳＷＦブロックコード=+00000
IX1=+00002
ＵＳＷＦ支払回号 (IX1)=+00002
ＵＳＷＦゲームタイプ=02
ＵＳＷＦブロックコード=+00000
IX1=+00003
ＵＳＷＦ支払回号 (IX1)=+00003
ＵＳＷＦゲームタイプ=02
ＵＳＷＦブロックコード=+00000
IX1=+00004
ＵＳＷＦ支払回号 (IX1)=+00004
ＵＳＷＦゲームタイプ=02
ＵＳＷＦブロックコード=+00000
IX1=+00005
ＵＳＷＦ支払回号 (IX1)=+00005
CX00145
CX00142
CX00144
CX00145
CX00156
CX00140
CX00142
CX00144
ＵＳＷＦゲームタイプ=01
ＵＳＷＦブロックコード=+00000
IX1=+00001
ＵＳＷＦ支払回号 (IX1)=+00001
ＵＳＷＦゲームタイプ=01
ＵＳＷＦブロックコード=+00000
IX1=+00002
ＵＳＷＦ支払回号 (IX1)=+00002
ＵＳＷＦゲームタイプ=01
ＵＳＷＦブロックコード=+00000
IX1=+00003
ＵＳＷＦ支払回号 (IX1)=+00003
ＵＳＷＦゲームタイプ=01
ＵＳＷＦブロックコード=+00000
IX1=+00004
ＵＳＷＦ支払回号 (IX1)=+00004
ＵＳＷＦゲームタイプ=01
ＵＳＷＦブロックコード=+00000
IX1=+00005
ＵＳＷＦ支払回号 (IX1)=+00005
CX00145
CX00142
CX00144
ＵＳＷＦゲームタイプ=02
ＵＳＷＦブロックコード=+00000
IX1=+00001
ＵＳＷＦ支払回号 (IX1)=+00001
ＵＳＷＦゲームタイプ=02
ＵＳＷＦブロックコード=+00000
IX1=+00002
ＵＳＷＦ支払回号 (IX1)=+00002
ＵＳＷＦゲームタイプ=02
ＵＳＷＦブロックコード=+00000
IX1=+00003
ＵＳＷＦ支払回号 (IX1)=+00003
ＵＳＷＦゲームタイプ=02
ＵＳＷＦブロックコード=+00000
IX1=+00004
ＵＳＷＦ支払回号 (IX1)=+00004
ＵＳＷＦゲームタイプ=02
ＵＳＷＦブロックコード=+00000
IX1=+00005
ＵＳＷＦ支払回号 (IX1)=+00005
CX00145
CX00156
CX00140
CX00142
CX00144
ＵＳＷＦゲームタイプ=01
ＵＳＷＦブロックコード=+00000
IX1=+00001
ＵＳＷＦ支払回号 (IX1)=+00001
ＵＳＷＦゲームタイプ=01
ＵＳＷＦブロックコード=+00000
IX1=+00002
ＵＳＷＦ支払回号 (IX1)=+00002
ＵＳＷＦゲームタイプ=01
ＵＳＷＦブロックコード=+00000
IX1=+00003
ＵＳＷＦ支払回号 (IX1)=+00003
ＵＳＷＦゲームタイプ=01
ＵＳＷＦブロックコード=+00000
IX1=+00004
ＵＳＷＦ支払回号 (IX1)=+00004
ＵＳＷＦゲームタイプ=01
ＵＳＷＦブロックコード=+00000
IX1=+00005
ＵＳＷＦ支払回号 (IX1)=+00005
CX00145
CX00142
CX00144
ＵＳＷＦゲームタイプ=02
ＵＳＷＦブロックコード=+00000
IX1=+00001
ＵＳＷＦ支払回号 (IX1)=+00001
ＵＳＷＦゲームタイプ=02
ＵＳＷＦブロックコード=+00000
IX1=+00002
ＵＳＷＦ支払回号 (IX1)=+00002
ＵＳＷＦゲームタイプ=02
ＵＳＷＦブロックコード=+00000
IX1=+00003
ＵＳＷＦ支払回号 (IX1)=+00003
ＵＳＷＦゲームタイプ=02
ＵＳＷＦブロックコード=+00000
IX1=+00004
ＵＳＷＦ支払回号 (IX1)=+00004
ＵＳＷＦゲームタイプ=02
ＵＳＷＦブロックコード=+00000
IX1=+00005
ＵＳＷＦ支払回号 (IX1)=+00005
CX00145
CX00156

2014/11/19 14:41:53	[HBHUN330-01]の実行処理が正常終了した。
2014/11/19 14:41:53	　　　☆☆☆実行処理が正常に終了しました。☆☆☆　　　
2014/11/19 14:41:57	実行　処理開始　(perform)
2014/11/19 14:41:57	実行　処理終了　(perform)
2014/11/19 14:41:57	[HBHUN330-01]の実行処理が開始した。
2014/11/19 14:41:58	外部exe実行：CBLCTFM.EXE</r C:\Work\Projects\aat\aat\bin\Debug\Work\HBHUN330-01\HBHUN330-01.cfm>
2014/11/19 14:41:58	Std Output:	正常終了(DONE)

2014/11/19 14:41:58	外部exe実行：CBLCTFM.EXE</a C:\Work\Projects\aat\aat\bin\Debug\Work\HBHUN330-01\HBHUN330-01.cfm>
2014/11/19 14:41:58	Std Output:	正常終了(DONE)

2014/11/19 14:41:58	外部exe実行：C:\Work\Projects\aat\aat\bin\Debug\Work\HBHUN330-01\HBHUN330.exe<>
2014/11/19 14:41:58	Std Output:CX00029
CX00031
CX00052
CX00054
CX00056
CX00062
CX00064
CX00230
CX00068
変数販売チャネル=01
ＧＹＳＡ販売チャネルコード=01
CX00069
ＵＲＳＳ売場コード=595329
CX00070
CX00230
CX00089
CX00091
CX00094
CX00095
CX00068
変数販売チャネル=01
ＧＹＳＡ販売チャネルコード=01
CX00069
ＵＲＳＳ売場コード=595330
CX00070
CX00230
CX00089
CX00091
CX00094
CX00095
CX00068
変数販売チャネル=01
ＧＹＳＡ販売チャネルコード=01
CX00069
ＵＲＳＳ売場コード=595331
CX00070
CX00230
CX00089
CX00091
CX00094
CX00095
CX00068
変数販売チャネル=01
ＧＹＳＡ販売チャネルコード=01
CX00069
ＵＲＳＳ売場コード=595332
CX00070
CX00089
CX00091
CX00094
CX00095
CX00068
変数販売チャネル=01
ＧＹＳＡ販売チャネルコード=01
CX00069
ＵＲＳＳ売場コード=595333
CX00070
CX00089
CX00091
CX00094
CX00095
CX00068
変数販売チャネル=01
ＧＹＳＡ販売チャネルコード=01
CX00069
ＵＲＳＳ売場コード=596329
CX00070
CX00230
CX00089
CX00091
CX00094
CX00095
CX00068
変数販売チャネル=01
ＧＹＳＡ販売チャネルコード=01
CX00069
ＵＲＳＳ売場コード=596330
CX00070
CX00230
CX00089
CX00091
CX00094
CX00095
CX00068
変数販売チャネル=01
ＧＹＳＡ販売チャネルコード=01
CX00069
ＵＲＳＳ売場コード=596331
CX00070
CX00230
CX00089
CX00091
CX00094
CX00095
CX00068
変数販売チャネル=01
ＧＹＳＡ販売チャネルコード=01
CX00069
ＵＲＳＳ売場コード=596332
CX00070
CX00089
CX00091
CX00094
CX00095
CX00068
変数販売チャネル=01
ＧＹＳＡ販売チャネルコード=01
CX00069
ＵＲＳＳ売場コード=596333
CX00070
CX00089
CX00091
CX00094
CX00095
CX00068
変数販売チャネル=01
ＧＹＳＡ販売チャネルコード=01
CX00069
ＵＲＳＳ売場コード=596339
CX00070
CX00089
CX00091
CX00094
CX00095
CX00068
変数販売チャネル=01
ＧＹＳＡ販売チャネルコード=01
CX00069
ＵＲＳＳ売場コード=596340
CX00070
CX00089
CX00091
CX00094
CX00095
CX00068
変数販売チャネル=01
ＧＹＳＡ販売チャネルコード=01
CX00069
ＵＲＳＳ売場コード=597329
CX00070
CX00089
CX00091
CX00094
CX00095
CX00068
変数販売チャネル=01
ＧＹＳＡ販売チャネルコード=01
CX00069
ＵＲＳＳ売場コード=597330
CX00070
CX00089
CX00091
CX00094
CX00095
CX00068
変数販売チャネル=01
ＧＹＳＡ販売チャネルコード=01
CX00069
ＵＲＳＳ売場コード=597331
CX00070
CX00089
CX00091
CX00094
CX00095
CX00068
変数販売チャネル=01
ＧＹＳＡ販売チャネルコード=01
CX00069
ＵＲＳＳ売場コード=597332
CX00070
CX00089
CX00091
CX00094
CX00095
CX00068
変数販売チャネル=01
ＧＹＳＡ販売チャネルコード=01
CX00069
ＵＲＳＳ売場コード=597333
CX00070
CX00089
CX00090
CX00091
CX00094
CX00095
CX00067
CX00098
CX00109
P000-RTN
CX00032
CX00033
P100-RTN
CX00114
CX00117
CX00134
CX00114
CX00117
CX00134
CX00114
CX00117
CX00134
CX00114
CX00117
CX00134
CX00114
CX00117
CX00134
CX00114
CX00117
CX00134
CX00114
CX00117
CX00134
CX00114
CX00117
CX00134
CX00114
CX00117
CX00134
CX00114
CX00117
CX00134
CX00140
CX00142
CX00144
ＵＳＷＦゲームタイプ=01
ＵＳＷＦブロックコード=+00000
IX1=+00001
ＵＳＷＦ支払回号 (IX1)=+00001
ＵＳＷＦゲームタイプ=01
ＵＳＷＦブロックコード=+00000
IX1=+00002
ＵＳＷＦ支払回号 (IX1)=+00002
ＵＳＷＦゲームタイプ=01
ＵＳＷＦブロックコード=+00000
IX1=+00003
ＵＳＷＦ支払回号 (IX1)=+00003
ＵＳＷＦゲームタイプ=01
ＵＳＷＦブロックコード=+00000
IX1=+00004
ＵＳＷＦ支払回号 (IX1)=+00004
ＵＳＷＦゲームタイプ=01
ＵＳＷＦブロックコード=+00000
IX1=+00005
ＵＳＷＦ支払回号 (IX1)=+00005
CX00145
CX00142
CX00144
ＵＳＷＦゲームタイプ=02
ＵＳＷＦブロックコード=+00000
IX1=+00001
ＵＳＷＦ支払回号 (IX1)=+00001
ＵＳＷＦゲームタイプ=02
ＵＳＷＦブロックコード=+00000
IX1=+00002
ＵＳＷＦ支払回号 (IX1)=+00002
ＵＳＷＦゲームタイプ=02
ＵＳＷＦブロックコード=+00000
IX1=+00003
ＵＳＷＦ支払回号 (IX1)=+00003
ＵＳＷＦゲームタイプ=02
ＵＳＷＦブロックコード=+00000
IX1=+00004
ＵＳＷＦ支払回号 (IX1)=+00004
ＵＳＷＦゲームタイプ=02
ＵＳＷＦブロックコード=+00000
IX1=+00005
ＵＳＷＦ支払回号 (IX1)=+00005
CX00145
CX00142
CX00144
CX00145
CX00156
CX00140
CX00142
CX00144
ＵＳＷＦゲームタイプ=01
ＵＳＷＦブロックコード=+00000
IX1=+00001
ＵＳＷＦ支払回号 (IX1)=+00001
ＵＳＷＦゲームタイプ=01
ＵＳＷＦブロックコード=+00000
IX1=+00002
ＵＳＷＦ支払回号 (IX1)=+00002
ＵＳＷＦゲームタイプ=01
ＵＳＷＦブロックコード=+00000
IX1=+00003
ＵＳＷＦ支払回号 (IX1)=+00003
ＵＳＷＦゲームタイプ=01
ＵＳＷＦブロックコード=+00000
IX1=+00004
ＵＳＷＦ支払回号 (IX1)=+00004
ＵＳＷＦゲームタイプ=01
ＵＳＷＦブロックコード=+00000
IX1=+00005
ＵＳＷＦ支払回号 (IX1)=+00005
CX00145
CX00142
CX00144
ＵＳＷＦゲームタイプ=02
ＵＳＷＦブロックコード=+00000
IX1=+00001
ＵＳＷＦ支払回号 (IX1)=+00001
ＵＳＷＦゲームタイプ=02
ＵＳＷＦブロックコード=+00000
IX1=+00002
ＵＳＷＦ支払回号 (IX1)=+00002
ＵＳＷＦゲームタイプ=02
ＵＳＷＦブロックコード=+00000
IX1=+00003
ＵＳＷＦ支払回号 (IX1)=+00003
ＵＳＷＦゲームタイプ=02
ＵＳＷＦブロックコード=+00000
IX1=+00004
ＵＳＷＦ支払回号 (IX1)=+00004
ＵＳＷＦゲームタイプ=02
ＵＳＷＦブロックコード=+00000
IX1=+00005
ＵＳＷＦ支払回号 (IX1)=+00005
CX00145
CX00156
CX00140
CX00142
CX00144
ＵＳＷＦゲームタイプ=01
ＵＳＷＦブロックコード=+00000
IX1=+00001
ＵＳＷＦ支払回号 (IX1)=+00001
ＵＳＷＦゲームタイプ=01
ＵＳＷＦブロックコード=+00000
IX1=+00002
ＵＳＷＦ支払回号 (IX1)=+00002
ＵＳＷＦゲームタイプ=01
ＵＳＷＦブロックコード=+00000
IX1=+00003
ＵＳＷＦ支払回号 (IX1)=+00003
ＵＳＷＦゲームタイプ=01
ＵＳＷＦブロックコード=+00000
IX1=+00004
ＵＳＷＦ支払回号 (IX1)=+00004
ＵＳＷＦゲームタイプ=01
ＵＳＷＦブロックコード=+00000
IX1=+00005
ＵＳＷＦ支払回号 (IX1)=+00005
CX00145
CX00142
CX00144
ＵＳＷＦゲームタイプ=02
ＵＳＷＦブロックコード=+00000
IX1=+00001
ＵＳＷＦ支払回号 (IX1)=+00001
ＵＳＷＦゲームタイプ=02
ＵＳＷＦブロックコード=+00000
IX1=+00002
ＵＳＷＦ支払回号 (IX1)=+00002
ＵＳＷＦゲームタイプ=02
ＵＳＷＦブロックコード=+00000
IX1=+00003
ＵＳＷＦ支払回号 (IX1)=+00003
ＵＳＷＦゲームタイプ=02
ＵＳＷＦブロックコード=+00000
IX1=+00004
ＵＳＷＦ支払回号 (IX1)=+00004
ＵＳＷＦゲームタイプ=02
ＵＳＷＦブロックコード=+00000
IX1=+00005
ＵＳＷＦ支払回号 (IX1)=+00005
CX00145
CX00156

2014/11/19 14:41:58	[HBHUN330-01]の実行処理が正常終了した。
2014/11/19 14:41:58	　　　☆☆☆実行処理が正常に終了しました。☆☆☆　　　
2014/11/19 14:42:27	実行　処理開始　(perform)
2014/11/19 14:42:27	実行　処理終了　(perform)
2014/11/19 14:42:27	[HBHUN330-01]の実行処理が開始した。
2014/11/19 14:42:27	外部exe実行：CBLCTFM.EXE</r C:\Work\Projects\aat\aat\bin\Debug\Work\HBHUN330-01\HBHUN330-01.cfm>
2014/11/19 14:42:27	Std Output:	正常終了(DONE)

2014/11/19 14:42:28	外部exe実行：CBLCTFM.EXE</a C:\Work\Projects\aat\aat\bin\Debug\Work\HBHUN330-01\HBHUN330-01.cfm>
2014/11/19 14:42:28	Std Output:	正常終了(DONE)

2014/11/19 14:42:28	外部exe実行：C:\Work\Projects\aat\aat\bin\Debug\Work\HBHUN330-01\HBHUN330.exe<>
2014/11/19 14:42:29	Std Output:CX00029
CX00031
CX00052
CX00054
CX00056
CX00062
CX00064
CX00230
CX00068
変数販売チャネル=01
ＧＹＳＡ販売チャネルコード=01
CX00069
ＵＲＳＳ売場コード=595329
CX00070
CX00230
CX00089
CX00091
CX00094
CX00095
CX00068
変数販売チャネル=01
ＧＹＳＡ販売チャネルコード=01
CX00069
ＵＲＳＳ売場コード=595330
CX00070
CX00230
CX00089
CX00091
CX00094
CX00095
CX00068
変数販売チャネル=01
ＧＹＳＡ販売チャネルコード=01
CX00069
ＵＲＳＳ売場コード=595331
CX00070
CX00230
CX00089
CX00091
CX00094
CX00095
CX00068
変数販売チャネル=01
ＧＹＳＡ販売チャネルコード=01
CX00069
ＵＲＳＳ売場コード=595332
CX00070
CX00089
CX00091
CX00094
CX00095
CX00068
変数販売チャネル=01
ＧＹＳＡ販売チャネルコード=01
CX00069
ＵＲＳＳ売場コード=595333
CX00070
CX00089
CX00091
CX00094
CX00095
CX00068
変数販売チャネル=01
ＧＹＳＡ販売チャネルコード=01
CX00069
ＵＲＳＳ売場コード=596329
CX00070
CX00230
CX00089
CX00091
CX00094
CX00095
CX00068
変数販売チャネル=01
ＧＹＳＡ販売チャネルコード=01
CX00069
ＵＲＳＳ売場コード=596330
CX00070
CX00230
CX00089
CX00091
CX00094
CX00095
CX00068
変数販売チャネル=01
ＧＹＳＡ販売チャネルコード=01
CX00069
ＵＲＳＳ売場コード=596331
CX00070
CX00230
CX00089
CX00091
CX00094
CX00095
CX00068
変数販売チャネル=01
ＧＹＳＡ販売チャネルコード=01
CX00069
ＵＲＳＳ売場コード=596332
CX00070
CX00089
CX00091
CX00094
CX00095
CX00068
変数販売チャネル=01
ＧＹＳＡ販売チャネルコード=01
CX00069
ＵＲＳＳ売場コード=596333
CX00070
CX00089
CX00091
CX00094
CX00095
CX00068
変数販売チャネル=01
ＧＹＳＡ販売チャネルコード=01
CX00069
ＵＲＳＳ売場コード=596339
CX00070
CX00089
CX00091
CX00094
CX00095
CX00068
変数販売チャネル=01
ＧＹＳＡ販売チャネルコード=01
CX00069
ＵＲＳＳ売場コード=596340
CX00070
CX00089
CX00091
CX00094
CX00095
CX00068
変数販売チャネル=01
ＧＹＳＡ販売チャネルコード=01
CX00069
ＵＲＳＳ売場コード=597329
CX00070
CX00089
CX00091
CX00094
CX00095
CX00068
変数販売チャネル=01
ＧＹＳＡ販売チャネルコード=01
CX00069
ＵＲＳＳ売場コード=597330
CX00070
CX00089
CX00091
CX00094
CX00095
CX00068
変数販売チャネル=01
ＧＹＳＡ販売チャネルコード=01
CX00069
ＵＲＳＳ売場コード=597331
CX00070
CX00089
CX00091
CX00094
CX00095
CX00068
変数販売チャネル=01
ＧＹＳＡ販売チャネルコード=01
CX00069
ＵＲＳＳ売場コード=597332
CX00070
CX00089
CX00091
CX00094
CX00095
CX00068
変数販売チャネル=01
ＧＹＳＡ販売チャネルコード=01
CX00069
ＵＲＳＳ売場コード=597333
CX00070
CX00089
CX00090
CX00091
CX00094
CX00095
CX00067
CX00098
CX00109
P000-RTN
CX00032
CX00033
P100-RTN
CX00114
CX00117
CX00134
CX00114
CX00117
CX00134
CX00114
CX00117
CX00134
CX00114
CX00117
CX00134
CX00114
CX00117
CX00134
CX00114
CX00117
CX00134
CX00114
CX00117
CX00134
CX00114
CX00117
CX00134
CX00114
CX00117
CX00134
CX00114
CX00117
CX00134
CX00140
CX00142
CX00144
ＵＳＷＦゲームタイプ=01
ＵＳＷＦブロックコード=+00000
IX1=+00001
ＵＳＷＦ支払回号 (IX1)=+00001
ＵＳＷＦゲームタイプ=01
ＵＳＷＦブロックコード=+00000
IX1=+00002
ＵＳＷＦ支払回号 (IX1)=+00002
ＵＳＷＦゲームタイプ=01
ＵＳＷＦブロックコード=+00000
IX1=+00003
ＵＳＷＦ支払回号 (IX1)=+00003
ＵＳＷＦゲームタイプ=01
ＵＳＷＦブロックコード=+00000
IX1=+00004
ＵＳＷＦ支払回号 (IX1)=+00004
ＵＳＷＦゲームタイプ=01
ＵＳＷＦブロックコード=+00000
IX1=+00005
ＵＳＷＦ支払回号 (IX1)=+00005
CX00145
CX00142
CX00144
ＵＳＷＦゲームタイプ=02
ＵＳＷＦブロックコード=+00000
IX1=+00001
ＵＳＷＦ支払回号 (IX1)=+00001
ＵＳＷＦゲームタイプ=02
ＵＳＷＦブロックコード=+00000
IX1=+00002
ＵＳＷＦ支払回号 (IX1)=+00002
ＵＳＷＦゲームタイプ=02
ＵＳＷＦブロックコード=+00000
IX1=+00003
ＵＳＷＦ支払回号 (IX1)=+00003
ＵＳＷＦゲームタイプ=02
ＵＳＷＦブロックコード=+00000
IX1=+00004
ＵＳＷＦ支払回号 (IX1)=+00004
ＵＳＷＦゲームタイプ=02
ＵＳＷＦブロックコード=+00000
IX1=+00005
ＵＳＷＦ支払回号 (IX1)=+00005
CX00145
CX00142
CX00144
CX00145
CX00156
CX00140
CX00142
CX00144
ＵＳＷＦゲームタイプ=01
ＵＳＷＦブロックコード=+00000
IX1=+00001
ＵＳＷＦ支払回号 (IX1)=+00001
ＵＳＷＦゲームタイプ=01
ＵＳＷＦブロックコード=+00000
IX1=+00002
ＵＳＷＦ支払回号 (IX1)=+00002
ＵＳＷＦゲームタイプ=01
ＵＳＷＦブロックコード=+00000
IX1=+00003
ＵＳＷＦ支払回号 (IX1)=+00003
ＵＳＷＦゲームタイプ=01
ＵＳＷＦブロックコード=+00000
IX1=+00004
ＵＳＷＦ支払回号 (IX1)=+00004
ＵＳＷＦゲームタイプ=01
ＵＳＷＦブロックコード=+00000
IX1=+00005
ＵＳＷＦ支払回号 (IX1)=+00005
CX00145
CX00142
CX00144
ＵＳＷＦゲームタイプ=02
ＵＳＷＦブロックコード=+00000
IX1=+00001
ＵＳＷＦ支払回号 (IX1)=+00001
ＵＳＷＦゲームタイプ=02
ＵＳＷＦブロックコード=+00000
IX1=+00002
ＵＳＷＦ支払回号 (IX1)=+00002
ＵＳＷＦゲームタイプ=02
ＵＳＷＦブロックコード=+00000
IX1=+00003
ＵＳＷＦ支払回号 (IX1)=+00003
ＵＳＷＦゲームタイプ=02
ＵＳＷＦブロックコード=+00000
IX1=+00004
ＵＳＷＦ支払回号 (IX1)=+00004
ＵＳＷＦゲームタイプ=02
ＵＳＷＦブロックコード=+00000
IX1=+00005
ＵＳＷＦ支払回号 (IX1)=+00005
CX00145
CX00156
CX00140
CX00142
CX00144
ＵＳＷＦゲームタイプ=01
ＵＳＷＦブロックコード=+00000
IX1=+00001
ＵＳＷＦ支払回号 (IX1)=+00001
ＵＳＷＦゲームタイプ=01
ＵＳＷＦブロックコード=+00000
IX1=+00002
ＵＳＷＦ支払回号 (IX1)=+00002
ＵＳＷＦゲームタイプ=01
ＵＳＷＦブロックコード=+00000
IX1=+00003
ＵＳＷＦ支払回号 (IX1)=+00003
ＵＳＷＦゲームタイプ=01
ＵＳＷＦブロックコード=+00000
IX1=+00004
ＵＳＷＦ支払回号 (IX1)=+00004
ＵＳＷＦゲームタイプ=01
ＵＳＷＦブロックコード=+00000
IX1=+00005
ＵＳＷＦ支払回号 (IX1)=+00005
CX00145
CX00142
CX00144
ＵＳＷＦゲームタイプ=02
ＵＳＷＦブロックコード=+00000
IX1=+00001
ＵＳＷＦ支払回号 (IX1)=+00001
ＵＳＷＦゲームタイプ=02
ＵＳＷＦブロックコード=+00000
IX1=+00002
ＵＳＷＦ支払回号 (IX1)=+00002
ＵＳＷＦゲームタイプ=02
ＵＳＷＦブロックコード=+00000
IX1=+00003
ＵＳＷＦ支払回号 (IX1)=+00003
ＵＳＷＦゲームタイプ=02
ＵＳＷＦブロックコード=+00000
IX1=+00004
ＵＳＷＦ支払回号 (IX1)=+00004
ＵＳＷＦゲームタイプ=02
ＵＳＷＦブロックコード=+00000
IX1=+00005
ＵＳＷＦ支払回号 (IX1)=+00005
CX00145
CX00156

2014/11/19 14:42:29	[HBHUN330-01]の実行処理が正常終了した。
2014/11/19 14:42:29	　　　☆☆☆実行処理が正常に終了しました。☆☆☆　　　
2014/11/19 14:42:56	実行　処理開始　(perform)
2014/11/19 14:42:56	実行　処理終了　(perform)
2014/11/19 14:42:56	[HBHUN330-01]の実行処理が開始した。
2014/11/19 14:42:56	外部exe実行：CBLCTFM.EXE</r C:\Work\Projects\aat\aat\bin\Debug\Work\HBHUN330-01\HBHUN330-01.cfm>
2014/11/19 14:42:56	Std Output:	正常終了(DONE)

2014/11/19 14:42:57	外部exe実行：CBLCTFM.EXE</a C:\Work\Projects\aat\aat\bin\Debug\Work\HBHUN330-01\HBHUN330-01.cfm>
2014/11/19 14:42:57	Std Output:	正常終了(DONE)

2014/11/19 14:42:57	外部exe実行：C:\Work\Projects\aat\aat\bin\Debug\Work\HBHUN330-01\HBHUN330.exe<>
2014/11/19 14:42:58	Std Output:CX00029
CX00031
CX00052
CX00054
CX00056
CX00062
CX00064
CX00230
CX00068
変数販売チャネル=01
ＧＹＳＡ販売チャネルコード=01
CX00069
ＵＲＳＳ売場コード=595329
CX00070
CX00230
CX00089
CX00091
CX00094
CX00095
CX00068
変数販売チャネル=01
ＧＹＳＡ販売チャネルコード=01
CX00069
ＵＲＳＳ売場コード=595330
CX00070
CX00230
CX00089
CX00091
CX00094
CX00095
CX00068
変数販売チャネル=01
ＧＹＳＡ販売チャネルコード=01
CX00069
ＵＲＳＳ売場コード=595331
CX00070
CX00230
CX00089
CX00091
CX00094
CX00095
CX00068
変数販売チャネル=01
ＧＹＳＡ販売チャネルコード=01
CX00069
ＵＲＳＳ売場コード=595332
CX00070
CX00089
CX00091
CX00094
CX00095
CX00068
変数販売チャネル=01
ＧＹＳＡ販売チャネルコード=01
CX00069
ＵＲＳＳ売場コード=595333
CX00070
CX00089
CX00091
CX00094
CX00095
CX00068
変数販売チャネル=01
ＧＹＳＡ販売チャネルコード=01
CX00069
ＵＲＳＳ売場コード=596329
CX00070
CX00230
CX00089
CX00091
CX00094
CX00095
CX00068
変数販売チャネル=01
ＧＹＳＡ販売チャネルコード=01
CX00069
ＵＲＳＳ売場コード=596330
CX00070
CX00230
CX00089
CX00091
CX00094
CX00095
CX00068
変数販売チャネル=01
ＧＹＳＡ販売チャネルコード=01
CX00069
ＵＲＳＳ売場コード=596331
CX00070
CX00230
CX00089
CX00091
CX00094
CX00095
CX00068
変数販売チャネル=01
ＧＹＳＡ販売チャネルコード=01
CX00069
ＵＲＳＳ売場コード=596332
CX00070
CX00089
CX00091
CX00094
CX00095
CX00068
変数販売チャネル=01
ＧＹＳＡ販売チャネルコード=01
CX00069
ＵＲＳＳ売場コード=596333
CX00070
CX00089
CX00091
CX00094
CX00095
CX00068
変数販売チャネル=01
ＧＹＳＡ販売チャネルコード=01
CX00069
ＵＲＳＳ売場コード=596339
CX00070
CX00089
CX00091
CX00094
CX00095
CX00068
変数販売チャネル=01
ＧＹＳＡ販売チャネルコード=01
CX00069
ＵＲＳＳ売場コード=596340
CX00070
CX00089
CX00091
CX00094
CX00095
CX00068
変数販売チャネル=01
ＧＹＳＡ販売チャネルコード=01
CX00069
ＵＲＳＳ売場コード=597329
CX00070
CX00089
CX00091
CX00094
CX00095
CX00068
変数販売チャネル=01
ＧＹＳＡ販売チャネルコード=01
CX00069
ＵＲＳＳ売場コード=597330
CX00070
CX00089
CX00091
CX00094
CX00095
CX00068
変数販売チャネル=01
ＧＹＳＡ販売チャネルコード=01
CX00069
ＵＲＳＳ売場コード=597331
CX00070
CX00089
CX00091
CX00094
CX00095
CX00068
変数販売チャネル=01
ＧＹＳＡ販売チャネルコード=01
CX00069
ＵＲＳＳ売場コード=597332
CX00070
CX00089
CX00091
CX00094
CX00095
CX00068
変数販売チャネル=01
ＧＹＳＡ販売チャネルコード=01
CX00069
ＵＲＳＳ売場コード=597333
CX00070
CX00089
CX00090
CX00091
CX00094
CX00095
CX00067
CX00098
CX00109
P000-RTN
CX00032
CX00033
P100-RTN
CX00114
CX00117
CX00134
CX00114
CX00117
CX00134
CX00114
CX00117
CX00134
CX00114
CX00117
CX00134
CX00114
CX00117
CX00134
CX00114
CX00117
CX00134
CX00114
CX00117
CX00134
CX00114
CX00117
CX00134
CX00114
CX00117
CX00134
CX00114
CX00117
CX00134
CX00140
CX00142
CX00144
ＵＳＷＦゲームタイプ=01
ＵＳＷＦブロックコード=+00000
IX1=+00001
ＵＳＷＦ支払回号 (IX1)=+00001
ＵＳＷＦゲームタイプ=01
ＵＳＷＦブロックコード=+00000
IX1=+00002
ＵＳＷＦ支払回号 (IX1)=+00002
ＵＳＷＦゲームタイプ=01
ＵＳＷＦブロックコード=+00000
IX1=+00003
ＵＳＷＦ支払回号 (IX1)=+00003
ＵＳＷＦゲームタイプ=01
ＵＳＷＦブロックコード=+00000
IX1=+00004
ＵＳＷＦ支払回号 (IX1)=+00004
ＵＳＷＦゲームタイプ=01
ＵＳＷＦブロックコード=+00000
IX1=+00005
ＵＳＷＦ支払回号 (IX1)=+00005
CX00145
CX00142
CX00144
ＵＳＷＦゲームタイプ=02
ＵＳＷＦブロックコード=+00000
IX1=+00001
ＵＳＷＦ支払回号 (IX1)=+00001
ＵＳＷＦゲームタイプ=02
ＵＳＷＦブロックコード=+00000
IX1=+00002
ＵＳＷＦ支払回号 (IX1)=+00002
ＵＳＷＦゲームタイプ=02
ＵＳＷＦブロックコード=+00000
IX1=+00003
ＵＳＷＦ支払回号 (IX1)=+00003
ＵＳＷＦゲームタイプ=02
ＵＳＷＦブロックコード=+00000
IX1=+00004
ＵＳＷＦ支払回号 (IX1)=+00004
ＵＳＷＦゲームタイプ=02
ＵＳＷＦブロックコード=+00000
IX1=+00005
ＵＳＷＦ支払回号 (IX1)=+00005
CX00145
CX00142
CX00144
CX00145
CX00156
CX00140
CX00142
CX00144
ＵＳＷＦゲームタイプ=01
ＵＳＷＦブロックコード=+00000
IX1=+00001
ＵＳＷＦ支払回号 (IX1)=+00001
ＵＳＷＦゲームタイプ=01
ＵＳＷＦブロックコード=+00000
IX1=+00002
ＵＳＷＦ支払回号 (IX1)=+00002
ＵＳＷＦゲームタイプ=01
ＵＳＷＦブロックコード=+00000
IX1=+00003
ＵＳＷＦ支払回号 (IX1)=+00003
ＵＳＷＦゲームタイプ=01
ＵＳＷＦブロックコード=+00000
IX1=+00004
ＵＳＷＦ支払回号 (IX1)=+00004
ＵＳＷＦゲームタイプ=01
ＵＳＷＦブロックコード=+00000
IX1=+00005
ＵＳＷＦ支払回号 (IX1)=+00005
CX00145
CX00142
CX00144
ＵＳＷＦゲームタイプ=02
ＵＳＷＦブロックコード=+00000
IX1=+00001
ＵＳＷＦ支払回号 (IX1)=+00001
ＵＳＷＦゲームタイプ=02
ＵＳＷＦブロックコード=+00000
IX1=+00002
ＵＳＷＦ支払回号 (IX1)=+00002
ＵＳＷＦゲームタイプ=02
ＵＳＷＦブロックコード=+00000
IX1=+00003
ＵＳＷＦ支払回号 (IX1)=+00003
ＵＳＷＦゲームタイプ=02
ＵＳＷＦブロックコード=+00000
IX1=+00004
ＵＳＷＦ支払回号 (IX1)=+00004
ＵＳＷＦゲームタイプ=02
ＵＳＷＦブロックコード=+00000
IX1=+00005
ＵＳＷＦ支払回号 (IX1)=+00005
CX00145
CX00156
CX00140
CX00142
CX00144
ＵＳＷＦゲームタイプ=01
ＵＳＷＦブロックコード=+00000
IX1=+00001
ＵＳＷＦ支払回号 (IX1)=+00001
ＵＳＷＦゲームタイプ=01
ＵＳＷＦブロックコード=+00000
IX1=+00002
ＵＳＷＦ支払回号 (IX1)=+00002
ＵＳＷＦゲームタイプ=01
ＵＳＷＦブロックコード=+00000
IX1=+00003
ＵＳＷＦ支払回号 (IX1)=+00003
ＵＳＷＦゲームタイプ=01
ＵＳＷＦブロックコード=+00000
IX1=+00004
ＵＳＷＦ支払回号 (IX1)=+00004
ＵＳＷＦゲームタイプ=01
ＵＳＷＦブロックコード=+00000
IX1=+00005
ＵＳＷＦ支払回号 (IX1)=+00005
CX00145
CX00142
CX00144
ＵＳＷＦゲームタイプ=02
ＵＳＷＦブロックコード=+00000
IX1=+00001
ＵＳＷＦ支払回号 (IX1)=+00001
ＵＳＷＦゲームタイプ=02
ＵＳＷＦブロックコード=+00000
IX1=+00002
ＵＳＷＦ支払回号 (IX1)=+00002
ＵＳＷＦゲームタイプ=02
ＵＳＷＦブロックコード=+00000
IX1=+00003
ＵＳＷＦ支払回号 (IX1)=+00003
ＵＳＷＦゲームタイプ=02
ＵＳＷＦブロックコード=+00000
IX1=+00004
ＵＳＷＦ支払回号 (IX1)=+00004
ＵＳＷＦゲームタイプ=02
ＵＳＷＦブロックコード=+00000
IX1=+00005
ＵＳＷＦ支払回号 (IX1)=+00005
CX00145
CX00156

2014/11/19 14:42:58	[HBHUN330-01]の実行処理が正常終了した。
2014/11/19 14:42:58	　　　☆☆☆実行処理が正常に終了しました。☆☆☆　　　
2014/11/19 14:43:42	実行　処理開始　(perform)
2014/11/19 14:43:42	実行　処理終了　(perform)
2014/11/19 14:43:42	[HBHUN330-01]の実行処理が開始した。
2014/11/19 14:43:43	外部exe実行：CBLCTFM.EXE</r C:\Work\Projects\aat\aat\bin\Debug\Work\HBHUN330-01\HBHUN330-01.cfm>
2014/11/19 14:43:43	Std Output:	正常終了(DONE)

2014/11/19 14:43:43	外部exe実行：CBLCTFM.EXE</a C:\Work\Projects\aat\aat\bin\Debug\Work\HBHUN330-01\HBHUN330-01.cfm>
2014/11/19 14:43:43	Std Output:	正常終了(DONE)

2014/11/19 14:43:43	外部exe実行：C:\Work\Projects\aat\aat\bin\Debug\Work\HBHUN330-01\HBHUN330.exe<>
2014/11/19 14:43:45	Std Output:CX00029
CX00031
CX00052
CX00054
CX00056
CX00062
CX00064
CX00230
CX00068
変数販売チャネル=01
ＧＹＳＡ販売チャネルコード=01
CX00069
ＵＲＳＳ売場コード=595329
CX00070
CX00230
CX00089
CX00091
CX00094
CX00095
CX00068
変数販売チャネル=01
ＧＹＳＡ販売チャネルコード=01
CX00069
ＵＲＳＳ売場コード=595330
CX00070
CX00230
CX00089
CX00091
CX00094
CX00095
CX00068
変数販売チャネル=01
ＧＹＳＡ販売チャネルコード=01
CX00069
ＵＲＳＳ売場コード=595331
CX00070
CX00230
CX00089
CX00091
CX00094
CX00095
CX00068
変数販売チャネル=01
ＧＹＳＡ販売チャネルコード=01
CX00069
ＵＲＳＳ売場コード=595332
CX00070
CX00089
CX00091
CX00094
CX00095
CX00068
変数販売チャネル=01
ＧＹＳＡ販売チャネルコード=01
CX00069
ＵＲＳＳ売場コード=595333
CX00070
CX00089
CX00091
CX00094
CX00095
CX00068
変数販売チャネル=01
ＧＹＳＡ販売チャネルコード=01
CX00069
ＵＲＳＳ売場コード=596329
CX00070
CX00230
CX00089
CX00091
CX00094
CX00095
CX00068
変数販売チャネル=01
ＧＹＳＡ販売チャネルコード=01
CX00069
ＵＲＳＳ売場コード=596330
CX00070
CX00230
CX00089
CX00091
CX00094
CX00095
CX00068
変数販売チャネル=01
ＧＹＳＡ販売チャネルコード=01
CX00069
ＵＲＳＳ売場コード=596331
CX00070
CX00230
CX00089
CX00091
CX00094
CX00095
CX00068
変数販売チャネル=01
ＧＹＳＡ販売チャネルコード=01
CX00069
ＵＲＳＳ売場コード=596332
CX00070
CX00089
CX00091
CX00094
CX00095
CX00068
変数販売チャネル=01
ＧＹＳＡ販売チャネルコード=01
CX00069
ＵＲＳＳ売場コード=596333
CX00070
CX00089
CX00091
CX00094
CX00095
CX00068
変数販売チャネル=01
ＧＹＳＡ販売チャネルコード=01
CX00069
ＵＲＳＳ売場コード=596339
CX00070
CX00089
CX00091
CX00094
CX00095
CX00068
変数販売チャネル=01
ＧＹＳＡ販売チャネルコード=01
CX00069
ＵＲＳＳ売場コード=596340
CX00070
CX00089
CX00091
CX00094
CX00095
CX00068
変数販売チャネル=01
ＧＹＳＡ販売チャネルコード=01
CX00069
ＵＲＳＳ売場コード=597329
CX00070
CX00089
CX00091
CX00094
CX00095
CX00068
変数販売チャネル=01
ＧＹＳＡ販売チャネルコード=01
CX00069
ＵＲＳＳ売場コード=597330
CX00070
CX00089
CX00091
CX00094
CX00095
CX00068
変数販売チャネル=01
ＧＹＳＡ販売チャネルコード=01
CX00069
ＵＲＳＳ売場コード=597331
CX00070
CX00089
CX00091
CX00094
CX00095
CX00068
変数販売チャネル=01
ＧＹＳＡ販売チャネルコード=01
CX00069
ＵＲＳＳ売場コード=597332
CX00070
CX00089
CX00091
CX00094
CX00095
CX00068
変数販売チャネル=01
ＧＹＳＡ販売チャネルコード=01
CX00069
ＵＲＳＳ売場コード=597333
CX00070
CX00089
CX00090
CX00091
CX00094
CX00095
CX00067
CX00098
CX00109
P000-RTN
CX00032
CX00033
P100-RTN
CX00114
CX00117
CX00134
CX00114
CX00117
CX00134
CX00114
CX00117
CX00134
CX00114
CX00117
CX00134
CX00114
CX00117
CX00134
CX00114
CX00117
CX00134
CX00114
CX00117
CX00134
CX00114
CX00117
CX00134
CX00114
CX00117
CX00134
CX00114
CX00117
CX00134
CX00140
CX00142
CX00144
ＵＳＷＦゲームタイプ=01
ＵＳＷＦブロックコード=+00000
IX1=+00001
ＵＳＷＦ支払回号 (IX1)=+00001
ＵＳＷＦゲームタイプ=01
ＵＳＷＦブロックコード=+00000
IX1=+00002
ＵＳＷＦ支払回号 (IX1)=+00002
ＵＳＷＦゲームタイプ=01
ＵＳＷＦブロックコード=+00000
IX1=+00003
ＵＳＷＦ支払回号 (IX1)=+00003
ＵＳＷＦゲームタイプ=01
ＵＳＷＦブロックコード=+00000
IX1=+00004
ＵＳＷＦ支払回号 (IX1)=+00004
ＵＳＷＦゲームタイプ=01
ＵＳＷＦブロックコード=+00000
IX1=+00005
ＵＳＷＦ支払回号 (IX1)=+00005
CX00145
CX00142
CX00144
ＵＳＷＦゲームタイプ=02
ＵＳＷＦブロックコード=+00000
IX1=+00001
ＵＳＷＦ支払回号 (IX1)=+00001
ＵＳＷＦゲームタイプ=02
ＵＳＷＦブロックコード=+00000
IX1=+00002
ＵＳＷＦ支払回号 (IX1)=+00002
ＵＳＷＦゲームタイプ=02
ＵＳＷＦブロックコード=+00000
IX1=+00003
ＵＳＷＦ支払回号 (IX1)=+00003
ＵＳＷＦゲームタイプ=02
ＵＳＷＦブロックコード=+00000
IX1=+00004
ＵＳＷＦ支払回号 (IX1)=+00004
ＵＳＷＦゲームタイプ=02
ＵＳＷＦブロックコード=+00000
IX1=+00005
ＵＳＷＦ支払回号 (IX1)=+00005
CX00145
CX00142
CX00144
CX00145
CX00156
CX00140
CX00142
CX00144
ＵＳＷＦゲームタイプ=01
ＵＳＷＦブロックコード=+00000
IX1=+00001
ＵＳＷＦ支払回号 (IX1)=+00001
ＵＳＷＦゲームタイプ=01
ＵＳＷＦブロックコード=+00000
IX1=+00002
ＵＳＷＦ支払回号 (IX1)=+00002
ＵＳＷＦゲームタイプ=01
ＵＳＷＦブロックコード=+00000
IX1=+00003
ＵＳＷＦ支払回号 (IX1)=+00003
ＵＳＷＦゲームタイプ=01
ＵＳＷＦブロックコード=+00000
IX1=+00004
ＵＳＷＦ支払回号 (IX1)=+00004
ＵＳＷＦゲームタイプ=01
ＵＳＷＦブロックコード=+00000
IX1=+00005
ＵＳＷＦ支払回号 (IX1)=+00005
CX00145
CX00142
CX00144
ＵＳＷＦゲームタイプ=02
ＵＳＷＦブロックコード=+00000
IX1=+00001
ＵＳＷＦ支払回号 (IX1)=+00001
ＵＳＷＦゲームタイプ=02
ＵＳＷＦブロックコード=+00000
IX1=+00002
ＵＳＷＦ支払回号 (IX1)=+00002
ＵＳＷＦゲームタイプ=02
ＵＳＷＦブロックコード=+00000
IX1=+00003
ＵＳＷＦ支払回号 (IX1)=+00003
ＵＳＷＦゲームタイプ=02
ＵＳＷＦブロックコード=+00000
IX1=+00004
ＵＳＷＦ支払回号 (IX1)=+00004
ＵＳＷＦゲームタイプ=02
ＵＳＷＦブロックコード=+00000
IX1=+00005
ＵＳＷＦ支払回号 (IX1)=+00005
CX00145
CX00156
CX00140
CX00142
CX00144
ＵＳＷＦゲームタイプ=01
ＵＳＷＦブロックコード=+00000
IX1=+00001
ＵＳＷＦ支払回号 (IX1)=+00001
ＵＳＷＦゲームタイプ=01
ＵＳＷＦブロックコード=+00000
IX1=+00002
ＵＳＷＦ支払回号 (IX1)=+00002
ＵＳＷＦゲームタイプ=01
ＵＳＷＦブロックコード=+00000
IX1=+00003
ＵＳＷＦ支払回号 (IX1)=+00003
ＵＳＷＦゲームタイプ=01
ＵＳＷＦブロックコード=+00000
IX1=+00004
ＵＳＷＦ支払回号 (IX1)=+00004
ＵＳＷＦゲームタイプ=01
ＵＳＷＦブロックコード=+00000
IX1=+00005
ＵＳＷＦ支払回号 (IX1)=+00005
CX00145
CX00142
CX00144
ＵＳＷＦゲームタイプ=02
ＵＳＷＦブロックコード=+00000
IX1=+00001
ＵＳＷＦ支払回号 (IX1)=+00001
ＵＳＷＦゲームタイプ=02
ＵＳＷＦブロックコード=+00000
IX1=+00002
ＵＳＷＦ支払回号 (IX1)=+00002
ＵＳＷＦゲームタイプ=02
ＵＳＷＦブロックコード=+00000
IX1=+00003
ＵＳＷＦ支払回号 (IX1)=+00003
ＵＳＷＦゲームタイプ=02
ＵＳＷＦブロックコード=+00000
IX1=+00004
ＵＳＷＦ支払回号 (IX1)=+00004
ＵＳＷＦゲームタイプ=02
ＵＳＷＦブロックコード=+00000
IX1=+00005
ＵＳＷＦ支払回号 (IX1)=+00005
CX00145
CX00156

2014/11/19 14:43:45	[HBHUN330-01]の実行処理が正常終了した。
2014/11/19 14:43:45	　　　☆☆☆実行処理が正常に終了しました。☆☆☆　　　
2014/11/19 14:47:53	実行　処理開始　(perform)
2014/11/19 14:47:53	実行　処理終了　(perform)
2014/11/19 14:47:53	[HBHUN330-01]の実行処理が開始した。
2014/11/19 14:47:54	外部exe実行：CBLCTFM.EXE</r C:\Work\Projects\aat\aat\bin\Debug\Work\HBHUN330-01\HBHUN330-01.cfm>
2014/11/19 14:47:54	Std Output:	正常終了(DONE)

2014/11/19 14:47:54	外部exe実行：CBLCTFM.EXE</a C:\Work\Projects\aat\aat\bin\Debug\Work\HBHUN330-01\HBHUN330-01.cfm>
2014/11/19 14:47:54	Std Output:	正常終了(DONE)

2014/11/19 14:47:54	外部exe実行：C:\Work\Projects\aat\aat\bin\Debug\Work\HBHUN330-01\HBHUN330.exe<>
2014/11/19 14:47:56	Std Output:CX00029
CX00031
CX00052
CX00054
CX00056
CX00062
CX00064
CX00230
CX00068
変数販売チャネル=01
ＧＹＳＡ販売チャネルコード=01
CX00069
ＵＲＳＳ売場コード=595329
CX00070
CX00230
CX00089
CX00091
CX00094
CX00095
CX00068
変数販売チャネル=01
ＧＹＳＡ販売チャネルコード=01
CX00069
ＵＲＳＳ売場コード=595330
CX00070
CX00230
CX00089
CX00091
CX00094
CX00095
CX00068
変数販売チャネル=01
ＧＹＳＡ販売チャネルコード=01
CX00069
ＵＲＳＳ売場コード=595331
CX00070
CX00230
CX00089
CX00091
CX00094
CX00095
CX00068
変数販売チャネル=01
ＧＹＳＡ販売チャネルコード=01
CX00069
ＵＲＳＳ売場コード=595332
CX00070
CX00089
CX00091
CX00094
CX00095
CX00068
変数販売チャネル=01
ＧＹＳＡ販売チャネルコード=01
CX00069
ＵＲＳＳ売場コード=595333
CX00070
CX00089
CX00091
CX00094
CX00095
CX00068
変数販売チャネル=01
ＧＹＳＡ販売チャネルコード=01
CX00069
ＵＲＳＳ売場コード=596329
CX00070
CX00230
CX00089
CX00091
CX00094
CX00095
CX00068
変数販売チャネル=01
ＧＹＳＡ販売チャネルコード=01
CX00069
ＵＲＳＳ売場コード=596330
CX00070
CX00230
CX00089
CX00091
CX00094
CX00095
CX00068
変数販売チャネル=01
ＧＹＳＡ販売チャネルコード=01
CX00069
ＵＲＳＳ売場コード=596331
CX00070
CX00230
CX00089
CX00091
CX00094
CX00095
CX00068
変数販売チャネル=01
ＧＹＳＡ販売チャネルコード=01
CX00069
ＵＲＳＳ売場コード=596332
CX00070
CX00089
CX00091
CX00094
CX00095
CX00068
変数販売チャネル=01
ＧＹＳＡ販売チャネルコード=01
CX00069
ＵＲＳＳ売場コード=596333
CX00070
CX00089
CX00091
CX00094
CX00095
CX00068
変数販売チャネル=01
ＧＹＳＡ販売チャネルコード=01
CX00069
ＵＲＳＳ売場コード=596339
CX00070
CX00089
CX00091
CX00094
CX00095
CX00068
変数販売チャネル=01
ＧＹＳＡ販売チャネルコード=01
CX00069
ＵＲＳＳ売場コード=596340
CX00070
CX00089
CX00091
CX00094
CX00095
CX00068
変数販売チャネル=01
ＧＹＳＡ販売チャネルコード=01
CX00069
ＵＲＳＳ売場コード=597329
CX00070
CX00089
CX00091
CX00094
CX00095
CX00068
変数販売チャネル=01
ＧＹＳＡ販売チャネルコード=01
CX00069
ＵＲＳＳ売場コード=597330
CX00070
CX00089
CX00091
CX00094
CX00095
CX00068
変数販売チャネル=01
ＧＹＳＡ販売チャネルコード=01
CX00069
ＵＲＳＳ売場コード=597331
CX00070
CX00089
CX00091
CX00094
CX00095
CX00068
変数販売チャネル=01
ＧＹＳＡ販売チャネルコード=01
CX00069
ＵＲＳＳ売場コード=597332
CX00070
CX00089
CX00091
CX00094
CX00095
CX00068
変数販売チャネル=01
ＧＹＳＡ販売チャネルコード=01
CX00069
ＵＲＳＳ売場コード=597333
CX00070
CX00089
CX00090
CX00091
CX00094
CX00095
CX00067
CX00098
CX00109
P000-RTN
CX00032
CX00033
P100-RTN
CX00114
CX00117
CX00134
CX00114
CX00117
CX00134
CX00114
CX00117
CX00134
CX00114
CX00117
CX00134
CX00114
CX00117
CX00134
CX00114
CX00117
CX00134
CX00114
CX00117
CX00134
CX00114
CX00117
CX00134
CX00114
CX00117
CX00134
CX00114
CX00117
CX00134
CX00140
CX00142
CX00144
ＵＳＷＦゲームタイプ=01
ＵＳＷＦブロックコード=+00000
IX1=+00001
ＵＳＷＦ支払回号 (IX1)=+00001
ＵＳＷＦゲームタイプ=01
ＵＳＷＦブロックコード=+00000
IX1=+00002
ＵＳＷＦ支払回号 (IX1)=+00002
ＵＳＷＦゲームタイプ=01
ＵＳＷＦブロックコード=+00000
IX1=+00003
ＵＳＷＦ支払回号 (IX1)=+00003
ＵＳＷＦゲームタイプ=01
ＵＳＷＦブロックコード=+00000
IX1=+00004
ＵＳＷＦ支払回号 (IX1)=+00004
ＵＳＷＦゲームタイプ=01
ＵＳＷＦブロックコード=+00000
IX1=+00005
ＵＳＷＦ支払回号 (IX1)=+00005
CX00145
CX00142
CX00144
ＵＳＷＦゲームタイプ=02
ＵＳＷＦブロックコード=+00000
IX1=+00001
ＵＳＷＦ支払回号 (IX1)=+00001
ＵＳＷＦゲームタイプ=02
ＵＳＷＦブロックコード=+00000
IX1=+00002
ＵＳＷＦ支払回号 (IX1)=+00002
ＵＳＷＦゲームタイプ=02
ＵＳＷＦブロックコード=+00000
IX1=+00003
ＵＳＷＦ支払回号 (IX1)=+00003
ＵＳＷＦゲームタイプ=02
ＵＳＷＦブロックコード=+00000
IX1=+00004
ＵＳＷＦ支払回号 (IX1)=+00004
ＵＳＷＦゲームタイプ=02
ＵＳＷＦブロックコード=+00000
IX1=+00005
ＵＳＷＦ支払回号 (IX1)=+00005
CX00145
CX00142
CX00144
CX00145
CX00156
CX00140
CX00142
CX00144
ＵＳＷＦゲームタイプ=01
ＵＳＷＦブロックコード=+00000
IX1=+00001
ＵＳＷＦ支払回号 (IX1)=+00001
ＵＳＷＦゲームタイプ=01
ＵＳＷＦブロックコード=+00000
IX1=+00002
ＵＳＷＦ支払回号 (IX1)=+00002
ＵＳＷＦゲームタイプ=01
ＵＳＷＦブロックコード=+00000
IX1=+00003
ＵＳＷＦ支払回号 (IX1)=+00003
ＵＳＷＦゲームタイプ=01
ＵＳＷＦブロックコード=+00000
IX1=+00004
ＵＳＷＦ支払回号 (IX1)=+00004
ＵＳＷＦゲームタイプ=01
ＵＳＷＦブロックコード=+00000
IX1=+00005
ＵＳＷＦ支払回号 (IX1)=+00005
CX00145
CX00142
CX00144
ＵＳＷＦゲームタイプ=02
ＵＳＷＦブロックコード=+00000
IX1=+00001
ＵＳＷＦ支払回号 (IX1)=+00001
ＵＳＷＦゲームタイプ=02
ＵＳＷＦブロックコード=+00000
IX1=+00002
ＵＳＷＦ支払回号 (IX1)=+00002
ＵＳＷＦゲームタイプ=02
ＵＳＷＦブロックコード=+00000
IX1=+00003
ＵＳＷＦ支払回号 (IX1)=+00003
ＵＳＷＦゲームタイプ=02
ＵＳＷＦブロックコード=+00000
IX1=+00004
ＵＳＷＦ支払回号 (IX1)=+00004
ＵＳＷＦゲームタイプ=02
ＵＳＷＦブロックコード=+00000
IX1=+00005
ＵＳＷＦ支払回号 (IX1)=+00005
CX00145
CX00156
CX00140
CX00142
CX00144
ＵＳＷＦゲームタイプ=01
ＵＳＷＦブロックコード=+00000
IX1=+00001
ＵＳＷＦ支払回号 (IX1)=+00001
ＵＳＷＦゲームタイプ=01
ＵＳＷＦブロックコード=+00000
IX1=+00002
ＵＳＷＦ支払回号 (IX1)=+00002
ＵＳＷＦゲームタイプ=01
ＵＳＷＦブロックコード=+00000
IX1=+00003
ＵＳＷＦ支払回号 (IX1)=+00003
ＵＳＷＦゲームタイプ=01
ＵＳＷＦブロックコード=+00000
IX1=+00004
ＵＳＷＦ支払回号 (IX1)=+00004
ＵＳＷＦゲームタイプ=01
ＵＳＷＦブロックコード=+00000
IX1=+00005
ＵＳＷＦ支払回号 (IX1)=+00005
CX00145
CX00142
CX00144
ＵＳＷＦゲームタイプ=02
ＵＳＷＦブロックコード=+00000
IX1=+00001
ＵＳＷＦ支払回号 (IX1)=+00001
ＵＳＷＦゲームタイプ=02
ＵＳＷＦブロックコード=+00000
IX1=+00002
ＵＳＷＦ支払回号 (IX1)=+00002
ＵＳＷＦゲームタイプ=02
ＵＳＷＦブロックコード=+00000
IX1=+00003
ＵＳＷＦ支払回号 (IX1)=+00003
ＵＳＷＦゲームタイプ=02
ＵＳＷＦブロックコード=+00000
IX1=+00004
ＵＳＷＦ支払回号 (IX1)=+00004
ＵＳＷＦゲームタイプ=02
ＵＳＷＦブロックコード=+00000
IX1=+00005
ＵＳＷＦ支払回号 (IX1)=+00005
CX00145
CX00156

2014/11/19 14:47:56	[HBHUN330-01]の実行処理が正常終了した。
2014/11/19 14:47:56	　　　☆☆☆実行処理が正常に終了しました。☆☆☆　　　
2014/11/19 14:50:20	実行　処理開始　(perform)
2014/11/19 14:50:20	実行　処理終了　(perform)
2014/11/19 14:50:20	[HBHUN330-01]の実行処理が開始した。
2014/11/19 14:50:20	外部exe実行：CBLCTFM.EXE</r C:\Work\Projects\aat\aat\bin\Debug\Work\HBHUN330-01\HBHUN330-01.cfm>
2014/11/19 14:50:20	Std Output:	正常終了(DONE)

2014/11/19 14:50:21	外部exe実行：CBLCTFM.EXE</a C:\Work\Projects\aat\aat\bin\Debug\Work\HBHUN330-01\HBHUN330-01.cfm>
2014/11/19 14:50:21	Std Output:	正常終了(DONE)

2014/11/19 14:50:21	外部exe実行：C:\Work\Projects\aat\aat\bin\Debug\Work\HBHUN330-01\HBHUN330.exe<>
2014/11/19 14:50:22	Std Output:CX00029
CX00031
CX00052
CX00054
CX00056
CX00062
CX00064
CX00230
CX00068
変数販売チャネル=01
ＧＹＳＡ販売チャネルコード=01
CX00069
ＵＲＳＳ売場コード=595329
CX00070
CX00230
CX00089
CX00091
CX00094
CX00095
CX00068
変数販売チャネル=01
ＧＹＳＡ販売チャネルコード=01
CX00069
ＵＲＳＳ売場コード=595330
CX00070
CX00230
CX00089
CX00091
CX00094
CX00095
CX00068
変数販売チャネル=01
ＧＹＳＡ販売チャネルコード=01
CX00069
ＵＲＳＳ売場コード=595331
CX00070
CX00230
CX00089
CX00091
CX00094
CX00095
CX00068
変数販売チャネル=01
ＧＹＳＡ販売チャネルコード=01
CX00069
ＵＲＳＳ売場コード=595332
CX00070
CX00089
CX00091
CX00094
CX00095
CX00068
変数販売チャネル=01
ＧＹＳＡ販売チャネルコード=01
CX00069
ＵＲＳＳ売場コード=595333
CX00070
CX00089
CX00091
CX00094
CX00095
CX00068
変数販売チャネル=01
ＧＹＳＡ販売チャネルコード=01
CX00069
ＵＲＳＳ売場コード=596329
CX00070
CX00230
CX00089
CX00091
CX00094
CX00095
CX00068
変数販売チャネル=01
ＧＹＳＡ販売チャネルコード=01
CX00069
ＵＲＳＳ売場コード=596330
CX00070
CX00230
CX00089
CX00091
CX00094
CX00095
CX00068
変数販売チャネル=01
ＧＹＳＡ販売チャネルコード=01
CX00069
ＵＲＳＳ売場コード=596331
CX00070
CX00230
CX00089
CX00091
CX00094
CX00095
CX00068
変数販売チャネル=01
ＧＹＳＡ販売チャネルコード=01
CX00069
ＵＲＳＳ売場コード=596332
CX00070
CX00089
CX00091
CX00094
CX00095
CX00068
変数販売チャネル=01
ＧＹＳＡ販売チャネルコード=01
CX00069
ＵＲＳＳ売場コード=596333
CX00070
CX00089
CX00091
CX00094
CX00095
CX00068
変数販売チャネル=01
ＧＹＳＡ販売チャネルコード=01
CX00069
ＵＲＳＳ売場コード=596339
CX00070
CX00089
CX00091
CX00094
CX00095
CX00068
変数販売チャネル=01
ＧＹＳＡ販売チャネルコード=01
CX00069
ＵＲＳＳ売場コード=596340
CX00070
CX00089
CX00091
CX00094
CX00095
CX00068
変数販売チャネル=01
ＧＹＳＡ販売チャネルコード=01
CX00069
ＵＲＳＳ売場コード=597329
CX00070
CX00089
CX00091
CX00094
CX00095
CX00068
変数販売チャネル=01
ＧＹＳＡ販売チャネルコード=01
CX00069
ＵＲＳＳ売場コード=597330
CX00070
CX00089
CX00091
CX00094
CX00095
CX00068
変数販売チャネル=01
ＧＹＳＡ販売チャネルコード=01
CX00069
ＵＲＳＳ売場コード=597331
CX00070
CX00089
CX00091
CX00094
CX00095
CX00068
変数販売チャネル=01
ＧＹＳＡ販売チャネルコード=01
CX00069
ＵＲＳＳ売場コード=597332
CX00070
CX00089
CX00091
CX00094
CX00095
CX00068
変数販売チャネル=01
ＧＹＳＡ販売チャネルコード=01
CX00069
ＵＲＳＳ売場コード=597333
CX00070
CX00089
CX00090
CX00091
CX00094
CX00095
CX00067
CX00098
CX00109
P000-RTN
CX00032
CX00033
P100-RTN
CX00114
CX00117
CX00134
CX00114
CX00117
CX00134
CX00114
CX00117
CX00134
CX00114
CX00117
CX00134
CX00114
CX00117
CX00134
CX00114
CX00117
CX00134
CX00114
CX00117
CX00134
CX00114
CX00117
CX00134
CX00114
CX00117
CX00134
CX00114
CX00117
CX00134
CX00140
CX00142
CX00144
ＵＳＷＦゲームタイプ=01
ＵＳＷＦブロックコード=+00000
IX1=+00001
ＵＳＷＦ支払回号 (IX1)=+00001
ＵＳＷＦゲームタイプ=01
ＵＳＷＦブロックコード=+00000
IX1=+00002
ＵＳＷＦ支払回号 (IX1)=+00002
ＵＳＷＦゲームタイプ=01
ＵＳＷＦブロックコード=+00000
IX1=+00003
ＵＳＷＦ支払回号 (IX1)=+00003
ＵＳＷＦゲームタイプ=01
ＵＳＷＦブロックコード=+00000
IX1=+00004
ＵＳＷＦ支払回号 (IX1)=+00004
ＵＳＷＦゲームタイプ=01
ＵＳＷＦブロックコード=+00000
IX1=+00005
ＵＳＷＦ支払回号 (IX1)=+00005
CX00145
CX00142
CX00144
ＵＳＷＦゲームタイプ=02
ＵＳＷＦブロックコード=+00000
IX1=+00001
ＵＳＷＦ支払回号 (IX1)=+00001
ＵＳＷＦゲームタイプ=02
ＵＳＷＦブロックコード=+00000
IX1=+00002
ＵＳＷＦ支払回号 (IX1)=+00002
ＵＳＷＦゲームタイプ=02
ＵＳＷＦブロックコード=+00000
IX1=+00003
ＵＳＷＦ支払回号 (IX1)=+00003
ＵＳＷＦゲームタイプ=02
ＵＳＷＦブロックコード=+00000
IX1=+00004
ＵＳＷＦ支払回号 (IX1)=+00004
ＵＳＷＦゲームタイプ=02
ＵＳＷＦブロックコード=+00000
IX1=+00005
ＵＳＷＦ支払回号 (IX1)=+00005
CX00145
CX00142
CX00144
CX00145
CX00156
CX00140
CX00142
CX00144
ＵＳＷＦゲームタイプ=01
ＵＳＷＦブロックコード=+00000
IX1=+00001
ＵＳＷＦ支払回号 (IX1)=+00001
ＵＳＷＦゲームタイプ=01
ＵＳＷＦブロックコード=+00000
IX1=+00002
ＵＳＷＦ支払回号 (IX1)=+00002
ＵＳＷＦゲームタイプ=01
ＵＳＷＦブロックコード=+00000
IX1=+00003
ＵＳＷＦ支払回号 (IX1)=+00003
ＵＳＷＦゲームタイプ=01
ＵＳＷＦブロックコード=+00000
IX1=+00004
ＵＳＷＦ支払回号 (IX1)=+00004
ＵＳＷＦゲームタイプ=01
ＵＳＷＦブロックコード=+00000
IX1=+00005
ＵＳＷＦ支払回号 (IX1)=+00005
CX00145
CX00142
CX00144
ＵＳＷＦゲームタイプ=02
ＵＳＷＦブロックコード=+00000
IX1=+00001
ＵＳＷＦ支払回号 (IX1)=+00001
ＵＳＷＦゲームタイプ=02
ＵＳＷＦブロックコード=+00000
IX1=+00002
ＵＳＷＦ支払回号 (IX1)=+00002
ＵＳＷＦゲームタイプ=02
ＵＳＷＦブロックコード=+00000
IX1=+00003
ＵＳＷＦ支払回号 (IX1)=+00003
ＵＳＷＦゲームタイプ=02
ＵＳＷＦブロックコード=+00000
IX1=+00004
ＵＳＷＦ支払回号 (IX1)=+00004
ＵＳＷＦゲームタイプ=02
ＵＳＷＦブロックコード=+00000
IX1=+00005
ＵＳＷＦ支払回号 (IX1)=+00005
CX00145
CX00156
CX00140
CX00142
CX00144
ＵＳＷＦゲームタイプ=01
ＵＳＷＦブロックコード=+00000
IX1=+00001
ＵＳＷＦ支払回号 (IX1)=+00001
ＵＳＷＦゲームタイプ=01
ＵＳＷＦブロックコード=+00000
IX1=+00002
ＵＳＷＦ支払回号 (IX1)=+00002
ＵＳＷＦゲームタイプ=01
ＵＳＷＦブロックコード=+00000
IX1=+00003
ＵＳＷＦ支払回号 (IX1)=+00003
ＵＳＷＦゲームタイプ=01
ＵＳＷＦブロックコード=+00000
IX1=+00004
ＵＳＷＦ支払回号 (IX1)=+00004
ＵＳＷＦゲームタイプ=01
ＵＳＷＦブロックコード=+00000
IX1=+00005
ＵＳＷＦ支払回号 (IX1)=+00005
CX00145
CX00142
CX00144
ＵＳＷＦゲームタイプ=02
ＵＳＷＦブロックコード=+00000
IX1=+00001
ＵＳＷＦ支払回号 (IX1)=+00001
ＵＳＷＦゲームタイプ=02
ＵＳＷＦブロックコード=+00000
IX1=+00002
ＵＳＷＦ支払回号 (IX1)=+00002
ＵＳＷＦゲームタイプ=02
ＵＳＷＦブロックコード=+00000
IX1=+00003
ＵＳＷＦ支払回号 (IX1)=+00003
ＵＳＷＦゲームタイプ=02
ＵＳＷＦブロックコード=+00000
IX1=+00004
ＵＳＷＦ支払回号 (IX1)=+00004
ＵＳＷＦゲームタイプ=02
ＵＳＷＦブロックコード=+00000
IX1=+00005
ＵＳＷＦ支払回号 (IX1)=+00005
CX00145
CX00156

2014/11/19 14:50:22	[HBHUN330-01]の実行処理が正常終了した。
2014/11/19 14:50:22	　　　☆☆☆実行処理が正常に終了しました。☆☆☆　　　
2014/11/19 14:55:03	実行　処理開始　(perform)
2014/11/19 14:55:03	実行　処理終了　(perform)
2014/11/19 14:55:03	[HBHUN330-01]の実行処理が開始した。
2014/11/19 14:55:03	外部exe実行：CBLCTFM.EXE</r C:\Work\Projects\aat\aat\bin\Debug\Work\HBHUN330-01\HBHUN330-01.cfm>
2014/11/19 14:55:03	Std Output:	正常終了(DONE)

2014/11/19 14:55:04	外部exe実行：CBLCTFM.EXE</a C:\Work\Projects\aat\aat\bin\Debug\Work\HBHUN330-01\HBHUN330-01.cfm>
2014/11/19 14:55:04	Std Output:	正常終了(DONE)

2014/11/19 14:55:04	外部exe実行：C:\Work\Projects\aat\aat\bin\Debug\Work\HBHUN330-01\HBHUN330.exe<>
2014/11/19 14:55:05	Std Output:CX00029
CX00031
CX00052
CX00054
CX00056
CX00062
CX00064
CX00230
CX00068
変数販売チャネル=01
ＧＹＳＡ販売チャネルコード=01
CX00069
ＵＲＳＳ売場コード=595329
CX00070
CX00230
CX00089
CX00091
CX00094
CX00095
CX00068
変数販売チャネル=01
ＧＹＳＡ販売チャネルコード=01
CX00069
ＵＲＳＳ売場コード=595330
CX00070
CX00230
CX00089
CX00091
CX00094
CX00095
CX00068
変数販売チャネル=01
ＧＹＳＡ販売チャネルコード=01
CX00069
ＵＲＳＳ売場コード=595331
CX00070
CX00230
CX00089
CX00091
CX00094
CX00095
CX00068
変数販売チャネル=01
ＧＹＳＡ販売チャネルコード=01
CX00069
ＵＲＳＳ売場コード=595332
CX00070
CX00089
CX00091
CX00094
CX00095
CX00068
変数販売チャネル=01
ＧＹＳＡ販売チャネルコード=01
CX00069
ＵＲＳＳ売場コード=595333
CX00070
CX00089
CX00091
CX00094
CX00095
CX00068
変数販売チャネル=01
ＧＹＳＡ販売チャネルコード=01
CX00069
ＵＲＳＳ売場コード=596329
CX00070
CX00230
CX00089
CX00091
CX00094
CX00095
CX00068
変数販売チャネル=01
ＧＹＳＡ販売チャネルコード=01
CX00069
ＵＲＳＳ売場コード=596330
CX00070
CX00230
CX00089
CX00091
CX00094
CX00095
CX00068
変数販売チャネル=01
ＧＹＳＡ販売チャネルコード=01
CX00069
ＵＲＳＳ売場コード=596331
CX00070
CX00230
CX00089
CX00091
CX00094
CX00095
CX00068
変数販売チャネル=01
ＧＹＳＡ販売チャネルコード=01
CX00069
ＵＲＳＳ売場コード=596332
CX00070
CX00089
CX00091
CX00094
CX00095
CX00068
変数販売チャネル=01
ＧＹＳＡ販売チャネルコード=01
CX00069
ＵＲＳＳ売場コード=596333
CX00070
CX00089
CX00091
CX00094
CX00095
CX00068
変数販売チャネル=01
ＧＹＳＡ販売チャネルコード=01
CX00069
ＵＲＳＳ売場コード=596339
CX00070
CX00089
CX00091
CX00094
CX00095
CX00068
変数販売チャネル=01
ＧＹＳＡ販売チャネルコード=01
CX00069
ＵＲＳＳ売場コード=596340
CX00070
CX00089
CX00091
CX00094
CX00095
CX00068
変数販売チャネル=01
ＧＹＳＡ販売チャネルコード=01
CX00069
ＵＲＳＳ売場コード=597329
CX00070
CX00089
CX00091
CX00094
CX00095
CX00068
変数販売チャネル=01
ＧＹＳＡ販売チャネルコード=01
CX00069
ＵＲＳＳ売場コード=597330
CX00070
CX00089
CX00091
CX00094
CX00095
CX00068
変数販売チャネル=01
ＧＹＳＡ販売チャネルコード=01
CX00069
ＵＲＳＳ売場コード=597331
CX00070
CX00089
CX00091
CX00094
CX00095
CX00068
変数販売チャネル=01
ＧＹＳＡ販売チャネルコード=01
CX00069
ＵＲＳＳ売場コード=597332
CX00070
CX00089
CX00091
CX00094
CX00095
CX00068
変数販売チャネル=01
ＧＹＳＡ販売チャネルコード=01
CX00069
ＵＲＳＳ売場コード=597333
CX00070
CX00089
CX00090
CX00091
CX00094
CX00095
CX00067
CX00098
CX00109
P000-RTN
CX00032
CX00033
P100-RTN
CX00114
CX00117
CX00134
CX00114
CX00117
CX00134
CX00114
CX00117
CX00134
CX00114
CX00117
CX00134
CX00114
CX00117
CX00134
CX00114
CX00117
CX00134
CX00114
CX00117
CX00134
CX00114
CX00117
CX00134
CX00114
CX00117
CX00134
CX00114
CX00117
CX00134
CX00140
CX00142
CX00144
ＵＳＷＦゲームタイプ=01
ＵＳＷＦブロックコード=+00000
IX1=+00001
ＵＳＷＦ支払回号 (IX1)=+00001
ＵＳＷＦゲームタイプ=01
ＵＳＷＦブロックコード=+00000
IX1=+00002
ＵＳＷＦ支払回号 (IX1)=+00002
ＵＳＷＦゲームタイプ=01
ＵＳＷＦブロックコード=+00000
IX1=+00003
ＵＳＷＦ支払回号 (IX1)=+00003
ＵＳＷＦゲームタイプ=01
ＵＳＷＦブロックコード=+00000
IX1=+00004
ＵＳＷＦ支払回号 (IX1)=+00004
ＵＳＷＦゲームタイプ=01
ＵＳＷＦブロックコード=+00000
IX1=+00005
ＵＳＷＦ支払回号 (IX1)=+00005
CX00145
CX00142
CX00144
ＵＳＷＦゲームタイプ=02
ＵＳＷＦブロックコード=+00000
IX1=+00001
ＵＳＷＦ支払回号 (IX1)=+00001
ＵＳＷＦゲームタイプ=02
ＵＳＷＦブロックコード=+00000
IX1=+00002
ＵＳＷＦ支払回号 (IX1)=+00002
ＵＳＷＦゲームタイプ=02
ＵＳＷＦブロックコード=+00000
IX1=+00003
ＵＳＷＦ支払回号 (IX1)=+00003
ＵＳＷＦゲームタイプ=02
ＵＳＷＦブロックコード=+00000
IX1=+00004
ＵＳＷＦ支払回号 (IX1)=+00004
ＵＳＷＦゲームタイプ=02
ＵＳＷＦブロックコード=+00000
IX1=+00005
ＵＳＷＦ支払回号 (IX1)=+00005
CX00145
CX00142
CX00144
CX00145
CX00156
CX00140
CX00142
CX00144
ＵＳＷＦゲームタイプ=01
ＵＳＷＦブロックコード=+00000
IX1=+00001
ＵＳＷＦ支払回号 (IX1)=+00001
ＵＳＷＦゲームタイプ=01
ＵＳＷＦブロックコード=+00000
IX1=+00002
ＵＳＷＦ支払回号 (IX1)=+00002
ＵＳＷＦゲームタイプ=01
ＵＳＷＦブロックコード=+00000
IX1=+00003
ＵＳＷＦ支払回号 (IX1)=+00003
ＵＳＷＦゲームタイプ=01
ＵＳＷＦブロックコード=+00000
IX1=+00004
ＵＳＷＦ支払回号 (IX1)=+00004
ＵＳＷＦゲームタイプ=01
ＵＳＷＦブロックコード=+00000
IX1=+00005
ＵＳＷＦ支払回号 (IX1)=+00005
CX00145
CX00142
CX00144
ＵＳＷＦゲームタイプ=02
ＵＳＷＦブロックコード=+00000
IX1=+00001
ＵＳＷＦ支払回号 (IX1)=+00001
ＵＳＷＦゲームタイプ=02
ＵＳＷＦブロックコード=+00000
IX1=+00002
ＵＳＷＦ支払回号 (IX1)=+00002
ＵＳＷＦゲームタイプ=02
ＵＳＷＦブロックコード=+00000
IX1=+00003
ＵＳＷＦ支払回号 (IX1)=+00003
ＵＳＷＦゲームタイプ=02
ＵＳＷＦブロックコード=+00000
IX1=+00004
ＵＳＷＦ支払回号 (IX1)=+00004
ＵＳＷＦゲームタイプ=02
ＵＳＷＦブロックコード=+00000
IX1=+00005
ＵＳＷＦ支払回号 (IX1)=+00005
CX00145
CX00156
CX00140
CX00142
CX00144
ＵＳＷＦゲームタイプ=01
ＵＳＷＦブロックコード=+00000
IX1=+00001
ＵＳＷＦ支払回号 (IX1)=+00001
ＵＳＷＦゲームタイプ=01
ＵＳＷＦブロックコード=+00000
IX1=+00002
ＵＳＷＦ支払回号 (IX1)=+00002
ＵＳＷＦゲームタイプ=01
ＵＳＷＦブロックコード=+00000
IX1=+00003
ＵＳＷＦ支払回号 (IX1)=+00003
ＵＳＷＦゲームタイプ=01
ＵＳＷＦブロックコード=+00000
IX1=+00004
ＵＳＷＦ支払回号 (IX1)=+00004
ＵＳＷＦゲームタイプ=01
ＵＳＷＦブロックコード=+00000
IX1=+00005
ＵＳＷＦ支払回号 (IX1)=+00005
CX00145
CX00142
CX00144
ＵＳＷＦゲームタイプ=02
ＵＳＷＦブロックコード=+00000
IX1=+00001
ＵＳＷＦ支払回号 (IX1)=+00001
ＵＳＷＦゲームタイプ=02
ＵＳＷＦブロックコード=+00000
IX1=+00002
ＵＳＷＦ支払回号 (IX1)=+00002
ＵＳＷＦゲームタイプ=02
ＵＳＷＦブロックコード=+00000
IX1=+00003
ＵＳＷＦ支払回号 (IX1)=+00003
ＵＳＷＦゲームタイプ=02
ＵＳＷＦブロックコード=+00000
IX1=+00004
ＵＳＷＦ支払回号 (IX1)=+00004
ＵＳＷＦゲームタイプ=02
ＵＳＷＦブロックコード=+00000
IX1=+00005
ＵＳＷＦ支払回号 (IX1)=+00005
CX00145
CX00156

2014/11/19 14:55:05	[HBHUN330-01]の実行処理が正常終了した。
2014/11/19 14:55:05	　　　☆☆☆実行処理が正常に終了しました。☆☆☆　　　
2014/11/19 15:12:27	結果出力　処理開始　(export)
2014/11/19 15:12:27	結果出力　処理終了　(export)
2014/11/19 15:12:27	[HBHUN330-01]の結果出力処理が開始した。
2014/11/19 15:12:28	外部exe実行：diff.exe< .\Work\HBHUN330-01\IO\VIWKUGS .\Work\HBHUN330-01\NEW\VIWKUGS>
2014/11/19 15:12:28	'diff.exe  .\Work\HBHUN330-01\IO\VIWKUGS .\Work\HBHUN330-01\NEW\VIWKUGS' finished with exit code = 1: Std output:
Binary files .\Work\HBHUN330-01\IO\VIWKUGS and .\Work\HBHUN330-01\NEW\VIWKUGS differ


2014/11/19 15:12:28	外部exe実行：diff.exe< .\Work\HBHUN330-01\IO\VIWKURS .\Work\HBHUN330-01\NEW\VIWKURS>
2014/11/19 15:12:28	'diff.exe  .\Work\HBHUN330-01\IO\VIWKURS .\Work\HBHUN330-01\NEW\VIWKURS' finished with exit code = 1: Std output:
Binary files .\Work\HBHUN330-01\IO\VIWKURS and .\Work\HBHUN330-01\NEW\VIWKURS differ


2014/11/19 15:12:43	[HBHUN330-01]に不一致が発生しました。
2014/11/19 15:12:43	　　　☆☆☆結果出力処理が正常に終了しました。☆☆☆　　　
2014/11/19 15:22:49	データ変換　処理開始　(convert)
2014/11/19 15:22:49	データ変換　処理終了　(convert)
2014/11/19 15:22:59	結果出力　処理開始　(export)
2014/11/19 15:23:00	結果出力　処理終了　(export)
2014/11/19 15:23:00	[HBHUN330-01]の結果出力処理が開始した。
2014/11/19 15:23:00	外部exe実行：diff.exe< .\Work\HBHUN330-01\IO\VIWKUGS .\Work\HBHUN330-01\NEW\VIWKUGS>
2014/11/19 15:23:00	'diff.exe  .\Work\HBHUN330-01\IO\VIWKUGS .\Work\HBHUN330-01\NEW\VIWKUGS' finished with exit code = 1: Std output:
Binary files .\Work\HBHUN330-01\IO\VIWKUGS and .\Work\HBHUN330-01\NEW\VIWKUGS differ


2014/11/19 15:23:00	外部exe実行：diff.exe< .\Work\HBHUN330-01\IO\VIWKURS .\Work\HBHUN330-01\NEW\VIWKURS>
2014/11/19 15:23:00	'diff.exe  .\Work\HBHUN330-01\IO\VIWKURS .\Work\HBHUN330-01\NEW\VIWKURS' finished with exit code = 1: Std output:
Binary files .\Work\HBHUN330-01\IO\VIWKURS and .\Work\HBHUN330-01\NEW\VIWKURS differ


2014/11/19 15:25:26	[HBHUN330-01]に不一致が発生しました。
2014/11/19 15:25:27	　　　☆☆☆結果出力処理が正常に終了しました。☆☆☆　　　
2014/11/19 15:33:43	結果出力　処理開始　(export)
2014/11/19 15:33:43	結果出力　処理終了　(export)
2014/11/19 15:33:44	[HBHUN330-01]の結果出力処理が開始した。
2014/11/19 15:33:44	外部exe実行：diff.exe< .\Work\HBHUN330-01\IO\VIWKUGS .\Work\HBHUN330-01\NEW\VIWKUGS>
2014/11/19 15:33:44	'diff.exe  .\Work\HBHUN330-01\IO\VIWKUGS .\Work\HBHUN330-01\NEW\VIWKUGS' finished with exit code = 1: Std output:
Binary files .\Work\HBHUN330-01\IO\VIWKUGS and .\Work\HBHUN330-01\NEW\VIWKUGS differ


2014/11/19 15:33:44	外部exe実行：diff.exe< .\Work\HBHUN330-01\IO\VIWKURS .\Work\HBHUN330-01\NEW\VIWKURS>
2014/11/19 15:33:44	'diff.exe  .\Work\HBHUN330-01\IO\VIWKURS .\Work\HBHUN330-01\NEW\VIWKURS' finished with exit code = 1: Std output:
Binary files .\Work\HBHUN330-01\IO\VIWKURS and .\Work\HBHUN330-01\NEW\VIWKURS differ


2014/11/19 15:33:57	[HBHUN330-01]に不一致が発生しました。
2014/11/19 15:33:58	　　　☆☆☆結果出力処理が正常に終了しました。☆☆☆　　　
2014/11/19 16:22:38	結果出力　処理開始　(export)
2014/11/19 16:22:38	結果出力　処理終了　(export)
2014/11/19 16:22:38	[HBHUN330-01]の結果出力処理が開始した。
2014/11/19 16:22:39	外部exe実行：diff.exe< .\Work\HBHUN330-01\IO\VIWKUGS .\Work\HBHUN330-01\NEW\VIWKUGS>
2014/11/19 16:22:39	'diff.exe  .\Work\HBHUN330-01\IO\VIWKUGS .\Work\HBHUN330-01\NEW\VIWKUGS' finished with exit code = 1: Std output:
Binary files .\Work\HBHUN330-01\IO\VIWKUGS and .\Work\HBHUN330-01\NEW\VIWKUGS differ


2014/11/19 16:22:39	外部exe実行：diff.exe< .\Work\HBHUN330-01\IO\VIWKURS .\Work\HBHUN330-01\NEW\VIWKURS>
2014/11/19 16:22:39	'diff.exe  .\Work\HBHUN330-01\IO\VIWKURS .\Work\HBHUN330-01\NEW\VIWKURS' finished with exit code = 1: Std output:
Binary files .\Work\HBHUN330-01\IO\VIWKURS and .\Work\HBHUN330-01\NEW\VIWKURS differ


2014/11/19 16:22:55	[HBHUN330-01]に不一致が発生しました。
2014/11/19 16:22:55	　　　☆☆☆結果出力処理が正常に終了しました。☆☆☆　　　
2014/11/19 16:23:25	実行　処理開始　(perform)
2014/11/19 16:23:25	実行　処理終了　(perform)
2014/11/19 16:23:25	[HBHUN370-01]の実行処理が開始した。
2014/11/19 16:23:26	外部exe実行：CBLCTFM.EXE</r C:\Work\Projects\aat\aat\bin\Debug\Work\HBHUN370-01\HBHUN370-01.cfm>
2014/11/19 16:23:26	Std Output:	正常終了(DONE)

2014/11/19 16:23:27	外部exe実行：CBLCTFM.EXE</a C:\Work\Projects\aat\aat\bin\Debug\Work\HBHUN370-01\HBHUN370-01.cfm>
2014/11/19 16:23:27	Std Output:	正常終了(DONE)

2014/11/19 16:23:27	外部exe実行：C:\Work\Projects\aat\aat\bin\Debug\Work\HBHUN370-01\HBHUN370.exe<>
2014/11/19 16:23:30	Std Output:CX00027
CX00028
CX00029
CX00030
CX00031
CX00032
CX00033
CX00034
CX00035
CX00036
CX00037
CX00038
CX00039
CX00040
CX00041
CX00042
CX00043
CX00044
CX00045
CX00046
CX00047
CX00048
CX00049
運用管理Ｆ
CX00050
CX00051
CX00054
CX00052
CX00055
CX00060
CX00061
CX00062
CX00059
変数販売チャネルコードＦ
ＳＧ情報管理Ｆ
CX00063
P100-RTN
P110-RTN
CX00120
発売ゲームＦ－Ｂ
CX00125
CX00126
CX00127
CX00124
CX00112
CX00114
CX00114
ゲーム状況Ｆ
CX00115
CX00115
CX00116
CX00116
ゲームＦ
CX00118
CX00118
ゲームルールＦ
CX00119
CX00119
CX00116
CX00116
ゲームＦ
CX00118
CX00118
ゲームルールＦ
CX00119
CX00119
CX00116
CX00116
ゲームＦ
CX00118
CX00118
ゲームルールＦ
CX00119
CX00119
CX00116
CX00116
ゲームＦ
CX00118
CX00118
ゲームルールＦ
CX00119
CX00119
CX00116
CX00116
ゲームＦ
CX00118
CX00118
ゲームルールＦ
CX00119
CX00119
CX00117
CX00117
P110-RTN
CX00120
発売ゲームＦ－Ｂ
CX00125
CX00126
CX00127
CX00124
CX00113
P200-RTN
CX00128
販売チャネルＦ
CX00131
CX00131
CX00135
CX00136
販売Ｃ別手数料変更Ｇ情報Ｆ
CX00139
CX00139
CX00142
CX00142
CX00143
CX00143
CX00144
CX00144
CX00136
販売Ｃ別手数料変更Ｇ情報Ｆ
CX00139
CX00139
CX00142
CX00142
CX00143
CX00143
CX00144
CX00144
CX00136
販売Ｃ別手数料変更Ｇ情報Ｆ
CX00139
CX00139
CX00141
CX00141
CX00144
CX00144
CX00137
CX00137
CX00145
CX00133
CX00128
販売チャネルＦ
CX00131
CX00131
CX00135
CX00136
販売Ｃ別手数料変更Ｇ情報Ｆ
CX00139
CX00139
CX00142
CX00142
CX00143
CX00143
CX00144
CX00144
CX00136
販売Ｃ別手数料変更Ｇ情報Ｆ
CX00139
CX00139
CX00142
CX00142
CX00143
CX00143
CX00144
CX00144
CX00136
販売Ｃ別手数料変更Ｇ情報Ｆ
CX00139
CX00139
CX00141
CX00141
CX00144
CX00144
CX00137
CX00137
CX00145
CX00133
CX00128
販売チャネルＦ
CX00131
CX00131
CX00135
CX00136
販売Ｃ別手数料変更Ｇ情報Ｆ
CX00139
CX00139
CX00142
CX00142
CX00143
CX00143
CX00144
CX00144
CX00136
販売Ｃ別手数料変更Ｇ情報Ｆ
CX00139
CX00139
CX00142
CX00142
CX00143
CX00143
CX00144
CX00144
CX00136
販売Ｃ別手数料変更Ｇ情報Ｆ
CX00138
CX00139
CX00139
CX00141
CX00141
CX00144
CX00144
CX00137
CX00137
CX00145
CX00133
CX00128
販売チャネルＦ
CX00130
CX00131
CX00131
CX00133
CX00129
CX00129
売捌手数料Ｆ
CX00158
CX00159
CX00159
CX00161
CX00161
CX00161
CX00161
CX00161
CX00161
CX00161
CX00161
CX00161
CX00161
CX00162
売捌手数料Ｆ
CX00164
CX00159
CX00159
CX00161
CX00161
CX00161
CX00161
CX00161
CX00161
CX00161
CX00161
CX00161
CX00161
CX00162
売捌手数料Ｆ
CX00163
CX00164
CX00160
CX00064
CX00064
CX00190
トランザクションＦ－Ｂ
CX00196
CX00196
CX00197
CX00198
CX00198
CX00199
CX00195
CX00065
CX00065
CX00069
CX00070
CX00070
CX00071
CX00071
CX00069
CX00070
CX00070
P500-RTN
ＵＲＢＡ売場コード=000001
売場Ｆ
CX00200
CX00200
業者Ｆ
CX00201
P600-RTN
CX00203
CX00203
CX00205
CX00205
URJKWK-RTN
CX00242
IDX-GET-RTN
CX00334
CX00334
CX00336
CX00335
CX00335
CX00338
CX00338
CX00340
CX00339
CX00337
CX00341
CX00341
URISABAKI-GET-RTN
CX00343
CX00343
CX00345
CX00345
CX00346
CX00344
CX00348
CX00348
CX00350
CX00350
CX00351
CX00349
CX00347
CX00352
CX00342
CX00342
CX00353
URJKWK-RTN
CX00242
CX00210
CX00210
CX00209
CX00209
WUBSWK-RTN
CX00281
CX00281
CX00282
CX00279
CX00285
CX00208
CX00207
CX00206
CX00204
CX00211
CX00074
CX00074
CX00077
CX00071
CX00071
CX00068
CX00068
CX00190
トランザクションＦ－Ｂ
CX00196
CX00196
ＦＬＧＴＲＮＳ=1
CX00197
CX00198
CX00198
CX00199
CX00195
CX00066
CX00066
WK-WRITE-RTN
CX00369
CX00369
CX00370
CX00370
CX00372
CX00372
CX00374
CX00376
CX00374
CX00376
CX00374
CX00376
CX00374
CX00376
CX00374
CX00376
CX00374
CX00376
CX00374
CX00376
CX00374
CX00376
CX00374
CX00376
CX00374
CX00376
CX00374
CX00376
CX00374
CX00376
CX00374
CX00376
CX00374
CX00376
CX00374
CX00376
CX00374
CX00376
CX00374
CX00376
CX00374
CX00376
CX00374
CX00376
CX00374
CX00376
CX00374
CX00376
CX00374
CX00376
CX00374
CX00376
CX00374
CX00376
CX00374
CX00376
CX00374
CX00376
CX00374
CX00376
CX00374
CX00376
CX00374
CX00376
CX00374
CX00376
CX00374
CX00376
CX00374
CX00376
CX00374
CX00376
CX00374
CX00376
CX00374
CX00376
CX00374
CX00376
CX00374
CX00376
CX00374
CX00376
CX00374
CX00376
CX00374
CX00376
CX00374
CX00376
CX00374
CX00376
CX00374
CX00376
CX00374
CX00376
CX00374
CX00376
CX00374
CX00376
CX00374
CX00376
CX00374
CX00376
CX00374
CX00376
CX00374
CX00376
CX00374
CX00376
CX00374
CX00376
CX00374
CX00376
CX00374
CX00376
CX00374
CX00376
CX00374
CX00376
CX00374
CX00376
CX00374
CX00376
CX00374
CX00376
CX00374
CX00376
CX00374
CX00376
CX00374
CX00376
CX00374
CX00376
CX00374
CX00376
CX00374
CX00376
CX00374
CX00376
CX00374
CX00376
CX00374
CX00376
CX00374
CX00376
CX00374
CX00376
CX00374
CX00376
CX00374
CX00376
CX00374
CX00376
CX00374
CX00376
CX00374
CX00376
CX00374
CX00376
CX00374
CX00376
CX00374
CX00376
CX00374
CX00376
CX00374
CX00376
CX00375
CX00375
CX00372
CX00372
CX00374
CX00376
CX00374
CX00376
CX00374
CX00376
CX00374
CX00376
CX00374
CX00376
CX00374
CX00376
CX00374
CX00376
CX00374
CX00376
CX00374
CX00376
CX00374
CX00376
CX00374
CX00376
CX00374
CX00376
CX00374
CX00376
CX00374
CX00376
CX00374
CX00376
CX00374
CX00376
CX00374
CX00376
CX00374
CX00376
CX00374
CX00376
CX00374
CX00376
CX00374
CX00376
CX00374
CX00376
CX00374
CX00376
CX00374
CX00376
CX00374
CX00376
CX00374
CX00376
CX00374
CX00376
CX00374
CX00376
CX00374
CX00376
CX00374
CX00376
CX00374
CX00376
CX00374
CX00376
CX00374
CX00376
CX00374
CX00376
CX00374
CX00376
CX00374
CX00376
CX00374
CX00376
CX00374
CX00376
CX00374
CX00376
CX00374
CX00376
CX00374
CX00376
CX00374
CX00376
CX00374
CX00376
CX00374
CX00376
CX00374
CX00376
CX00374
CX00376
CX00374
CX00376
CX00374
CX00376
CX00374
CX00376
CX00374
CX00376
CX00374
CX00376
CX00374
CX00376
CX00374
CX00376
CX00374
CX00376
CX00374
CX00376
CX00374
CX00376
CX00374
CX00376
CX00374
CX00376
CX00374
CX00376
CX00374
CX00376
CX00374
CX00376
CX00374
CX00376
CX00374
CX00376
CX00374
CX00376
CX00374
CX00376
CX00374
CX00376
CX00374
CX00376
CX00374
CX00376
CX00374
CX00376
CX00374
CX00376
CX00374
CX00376
CX00374
CX00376
CX00374
CX00376
CX00374
CX00376
CX00374
CX00376
CX00374
CX00376
CX00374
CX00376
CX00374
CX00376
CX00374
CX00376
CX00374
CX00376
CX00375
CX00375
CX00372
CX00372
CX00374
CX00376
CX00374
CX00376
CX00374
CX00376
CX00374
CX00376
CX00374
CX00376
CX00374
CX00376
CX00374
CX00376
CX00374
CX00376
CX00374
CX00376
CX00374
CX00376
CX00374
CX00376
CX00374
CX00376
CX00374
CX00376
CX00374
CX00376
CX00374
CX00376
CX00374
CX00376
CX00374
CX00376
CX00374
CX00376
CX00374
CX00376
CX00374
CX00376
CX00374
CX00376
CX00374
CX00376
CX00374
CX00376
CX00374
CX00376
CX00374
CX00376
CX00374
CX00376
CX00374
CX00376
CX00374
CX00376
CX00374
CX00376
CX00374
CX00376
CX00374
CX00376
CX00374
CX00376
CX00374
CX00376
CX00374
CX00376
CX00374
CX00376
CX00374
CX00376
CX00374
CX00376
CX00374
CX00376
CX00374
CX00376
CX00374
CX00376
CX00374
CX00376
CX00374
CX00376
CX00374
CX00376
CX00374
CX00376
CX00374
CX00376
CX00374
CX00376
CX00374
CX00376
CX00374
CX00376
CX00374
CX00376
CX00374
CX00376
CX00374
CX00376
CX00374
CX00376
CX00374
CX00376
CX00374
CX00376
CX00374
CX00376
CX00374
CX00376
CX00374
CX00376
CX00374
CX00376
CX00374
CX00376
CX00374
CX00376
CX00374
CX00376
CX00374
CX00376
CX00374
CX00376
CX00374
CX00376
CX00374
CX00376
CX00374
CX00376
CX00374
CX00376
CX00374
CX00376
CX00374
CX00376
CX00374
CX00376
CX00374
CX00376
CX00374
CX00376
CX00374
CX00376
CX00374
CX00376
CX00374
CX00376
CX00374
CX00376
CX00374
CX00376
CX00374
CX00376
CX00374
CX00376
CX00374
CX00376
CX00375
CX00375
CX00372
CX00372
CX00374
CX00376
CX00374
CX00376
CX00374
CX00376
CX00374
CX00376
CX00374
CX00376
CX00374
CX00376
CX00374
CX00376
CX00374
CX00376
CX00374
CX00376
CX00374
CX00376
CX00374
CX00376
CX00374
CX00376
CX00374
CX00376
CX00374
CX00376
CX00374
CX00376
CX00374
CX00376
CX00374
CX00376
CX00374
CX00376
CX00374
CX00376
CX00374
CX00376
CX00374
CX00376
CX00374
CX00376
CX00374
CX00376
CX00374
CX00376
CX00374
CX00376
CX00374
CX00376
CX00374
CX00376
CX00374
CX00376
CX00374
CX00376
CX00374
CX00376
CX00374
CX00376
CX00374
CX00376
CX00374
CX00376
CX00374
CX00376
CX00374
CX00376
CX00374
CX00376
CX00374
CX00376
CX00374
CX00376
CX00374
CX00376
CX00374
CX00376
CX00374
CX00376
CX00374
CX00376
CX00374
CX00376
CX00374
CX00376
CX00374
CX00376
CX00374
CX00376
CX00374
CX00376
CX00374
CX00376
CX00374
CX00376
CX00374
CX00376
CX00374
CX00376
CX00374
CX00376
CX00374
CX00376
CX00374
CX00376
CX00374
CX00376
CX00374
CX00376
CX00374
CX00376
CX00374
CX00376
CX00374
CX00376
CX00374
CX00376
CX00374
CX00376
CX00374
CX00376
CX00374
CX00376
CX00374
CX00376
CX00374
CX00376
CX00374
CX00376
CX00374
CX00376
CX00374
CX00376
CX00374
CX00376
CX00374
CX00376
CX00374
CX00376
CX00374
CX00376
CX00374
CX00376
CX00374
CX00376
CX00374
CX00376
CX00374
CX00376
CX00374
CX00376
CX00374
CX00376
CX00374
CX00376
CX00374
CX00376
CX00375
CX00375
CX00372
CX00372
CX00374
CX00376
CX00374
CX00376
CX00374
CX00376
CX00374
CX00376
CX00374
CX00376
CX00374
CX00376
CX00374
CX00376
CX00374
CX00376
CX00374
CX00376
CX00374
CX00376
CX00374
CX00376
CX00374
CX00376
CX00374
CX00376
CX00374
CX00376
CX00374
CX00376
CX00374
CX00376
CX00374
CX00376
CX00374
CX00376
CX00374
CX00376
CX00374
CX00376
CX00374
CX00376
CX00374
CX00376
CX00374
CX00376
CX00374
CX00376
CX00374
CX00376
CX00374
CX00376
CX00374
CX00376
CX00374
CX00376
CX00374
CX00376
CX00374
CX00376
CX00374
CX00376
CX00374
CX00376
CX00374
CX00376
CX00374
CX00376
CX00374
CX00376
CX00374
CX00376
CX00374
CX00376
CX00374
CX00376
CX00374
CX00376
CX00374
CX00376
CX00374
CX00376
CX00374
CX00376
CX00374
CX00376
CX00374
CX00376
CX00374
CX00376
CX00374
CX00376
CX00374
CX00376
CX00374
CX00376
CX00374
CX00376
CX00374
CX00376
CX00374
CX00376
CX00374
CX00376
CX00374
CX00376
CX00374
CX00376
CX00374
CX00376
CX00374
CX00376
CX00374
CX00376
CX00374
CX00376
CX00374
CX00376
CX00374
CX00376
CX00374
CX00376
CX00374
CX00376
CX00374
CX00376
CX00374
CX00376
CX00374
CX00376
CX00374
CX00376
CX00374
CX00376
CX00374
CX00376
CX00374
CX00376
CX00374
CX00376
CX00374
CX00376
CX00374
CX00376
CX00374
CX00376
CX00374
CX00376
CX00374
CX00376
CX00374
CX00376
CX00374
CX00376
CX00374
CX00376
CX00374
CX00376
CX00374
CX00376
CX00375
CX00375
CX00373
CX00373
CX00371
CX00371
CX00378
CX00380
CX00380
CX00382
CX00384
CX00384
CX00382
CX00384
CX00384
CX00382
CX00384
CX00384
CX00382
CX00384
CX00384
CX00382
CX00384
CX00384
CX00382
CX00384
CX00384
CX00382
CX00384
CX00384
CX00382
CX00384
CX00384
CX00382
CX00384
CX00384
CX00382
CX00384
CX00384
CX00383
CX00383
CX00380
CX00380
CX00382
CX00384
CX00384
CX00382
CX00384
CX00384
CX00382
CX00384
CX00384
CX00382
CX00384
CX00384
CX00382
CX00384
CX00384
CX00382
CX00384
CX00384
CX00382
CX00384
CX00384
CX00382
CX00384
CX00384
CX00382
CX00384
CX00384
CX00382
CX00384
CX00384
CX00383
CX00383
CX00380
CX00380
CX00382
CX00384
CX00384
CX00382
CX00384
CX00384
CX00382
CX00384
CX00384
CX00382
CX00384
CX00384
CX00382
CX00384
CX00384
CX00382
CX00384
CX00384
CX00382
CX00384
CX00384
CX00382
CX00384
CX00384
CX00382
CX00384
CX00384
CX00382
CX00384
CX00384
CX00383
CX00383
CX00380
CX00380
CX00382
CX00384
CX00384
CX00382
CX00384
CX00384
CX00382
CX00384
CX00384
CX00382
CX00384
CX00384
CX00382
CX00384
CX00384
CX00382
CX00384
CX00384
CX00382
CX00384
CX00384
CX00382
CX00384
CX00384
CX00382
CX00384
CX00384
CX00382
CX00384
CX00384
CX00383
CX00383
CX00380
CX00380
CX00382
CX00384
CX00384
CX00382
CX00384
CX00384
CX00382
CX00384
CX00384
CX00382
CX00384
CX00384
CX00382
CX00384
CX00384
CX00382
CX00384
CX00384
CX00382
CX00384
CX00384
CX00382
CX00384
CX00384
CX00382
CX00384
CX00384
CX00382
CX00384
CX00384
CX00383
CX00383
CX00381
CX00381
CX00379
CX00379
E000-RTN
CX00081
CX00082
CX00083
CX00084
CX00085
CX00086
CX00087
CX00088
CX00089
CX00090
CX00091
CX00092
CX00093
CX00094
CX00095
CX00096
CX00097
CX00098
CX00099
CX00100
CX00101
CX00102
CX00103
CX00104
CX00109
CX00110
CX00111
CX00108

2014/11/19 16:23:30	[HBHUN370-01]の実行処理が正常終了した。
2014/11/19 16:23:30	　　　☆☆☆実行処理が正常に終了しました。☆☆☆　　　
2014/11/19 16:23:30	結果出力　処理開始　(export)
2014/11/19 16:23:30	結果出力　処理終了　(export)
2014/11/19 16:23:31	[HBHUN370-01]の結果出力処理が開始した。
2014/11/19 16:23:31	外部exe実行：diff.exe< .\Work\HBHUN370-01\OUTPUT\SQWJIKAN .\Work\HBHUN370-01\NEW\SQWJIKAN_売場時間帯別売上ワーク.csv>
2014/11/19 16:23:31	'diff.exe  .\Work\HBHUN370-01\OUTPUT\SQWJIKAN .\Work\HBHUN370-01\NEW\SQWJIKAN_売場時間帯別売上ワーク.csv' finished with exit code = 1: Std output:
Binary files .\Work\HBHUN370-01\OUTPUT\SQWJIKAN and .\Work\HBHUN370-01\NEW\SQWJIKAN_売場時間帯別売上ワーク.csv differ


2014/11/19 16:23:31	外部exe実行：diff.exe< .\Work\HBHUN370-01\OUTPUT\SQWKAISS .\Work\HBHUN370-01\NEW\SQWKAISS_回号別精算表ワーク.csv>
2014/11/19 16:23:31	外部exe実行：diff.exe< .\Work\HBHUN370-01\OUTPUT\SQWKGKSH .\Work\HBHUN370-01\NEW\SQWKGKSH_高額支払情報ワーク.csv>
2014/11/19 16:23:31	外部exe実行：diff.exe< .\Work\HBHUN370-01\OUTPUT\SQWKNYJY .\Work\HBHUN370-01\NEW\SQWKNYJY_購入日別申込状況ワーク.csv>
2014/11/19 16:23:31	外部exe実行：diff.exe< .\Work\HBHUN370-01\OUTPUT\SQWURISE .\Work\HBHUN370-01\NEW\SQWURISM_売上金精査ワーク.csv>
2014/11/19 16:23:31	外部exe実行：diff.exe< .\Work\HBHUN370-01\OUTPUT\SQWURIUR .\Work\HBHUN370-01\NEW\SQWURIUR_売場別売上ワーク.csv>
2014/11/19 16:23:31	外部exe実行：diff.exe< .\Work\HBHUN370-01\OUTPUT\SQWURISS .\Work\HBHUN370-01\NEW\SQWURSSM_売場別精算表ワーク.csv>
2014/11/19 16:23:31	'diff.exe  .\Work\HBHUN370-01\OUTPUT\SQWURISS .\Work\HBHUN370-01\NEW\SQWURSSM_売場別精算表ワーク.csv' finished with exit code = 1: Std output:
Binary files .\Work\HBHUN370-01\OUTPUT\SQWURISS and .\Work\HBHUN370-01\NEW\SQWURSSM_売場別精算表ワーク.csv differ


2014/11/19 16:23:31	外部exe実行：diff.exe< .\Work\HBHUN370-01\OUTPUT\VIWURTES .\Work\HBHUN370-01\NEW\VIWURTES_売捌手数料ワーク.csv>
2014/11/19 16:23:31	'diff.exe  .\Work\HBHUN370-01\OUTPUT\VIWURTES .\Work\HBHUN370-01\NEW\VIWURTES_売捌手数料ワーク.csv' finished with exit code = 1: Std output:
Binary files .\Work\HBHUN370-01\OUTPUT\VIWURTES and .\Work\HBHUN370-01\NEW\VIWURTES_売捌手数料ワーク.csv differ


2014/11/19 16:23:35	[HBHUN370-01]に不一致が発生しました。
2014/11/19 16:23:36	　　　☆☆☆結果出力処理が正常に終了しました。☆☆☆　　　
2014/11/19 16:29:12	結果出力　処理開始　(export)
2014/11/19 16:29:12	結果出力　処理終了　(export)
2014/11/19 16:29:12	[HBHUN370-01]の結果出力処理が開始した。
2014/11/19 16:29:13	外部exe実行：diff.exe< .\Work\HBHUN370-01\OUTPUT\SQWJIKAN .\Work\HBHUN370-01\NEW\SQWJIKAN_売場時間帯別売上ワーク.csv>
2014/11/19 16:29:13	'diff.exe  .\Work\HBHUN370-01\OUTPUT\SQWJIKAN .\Work\HBHUN370-01\NEW\SQWJIKAN_売場時間帯別売上ワーク.csv' finished with exit code = 1: Std output:
Binary files .\Work\HBHUN370-01\OUTPUT\SQWJIKAN and .\Work\HBHUN370-01\NEW\SQWJIKAN_売場時間帯別売上ワーク.csv differ


2014/11/19 16:29:13	外部exe実行：diff.exe< .\Work\HBHUN370-01\OUTPUT\SQWKAISS .\Work\HBHUN370-01\NEW\SQWKAISS_回号別精算表ワーク.csv>
2014/11/19 16:29:13	外部exe実行：diff.exe< .\Work\HBHUN370-01\OUTPUT\SQWKGKSH .\Work\HBHUN370-01\NEW\SQWKGKSH_高額支払情報ワーク.csv>
2014/11/19 16:29:13	外部exe実行：diff.exe< .\Work\HBHUN370-01\OUTPUT\SQWKNYJY .\Work\HBHUN370-01\NEW\SQWKNYJY_購入日別申込状況ワーク.csv>
2014/11/19 16:29:13	外部exe実行：diff.exe< .\Work\HBHUN370-01\OUTPUT\SQWURISE .\Work\HBHUN370-01\NEW\SQWURISM_売上金精査ワーク.csv>
2014/11/19 16:29:13	外部exe実行：diff.exe< .\Work\HBHUN370-01\OUTPUT\SQWURIUR .\Work\HBHUN370-01\NEW\SQWURIUR_売場別売上ワーク.csv>
2014/11/19 16:29:13	外部exe実行：diff.exe< .\Work\HBHUN370-01\OUTPUT\SQWURISS .\Work\HBHUN370-01\NEW\SQWURSSM_売場別精算表ワーク.csv>
2014/11/19 16:29:13	'diff.exe  .\Work\HBHUN370-01\OUTPUT\SQWURISS .\Work\HBHUN370-01\NEW\SQWURSSM_売場別精算表ワーク.csv' finished with exit code = 1: Std output:
Binary files .\Work\HBHUN370-01\OUTPUT\SQWURISS and .\Work\HBHUN370-01\NEW\SQWURSSM_売場別精算表ワーク.csv differ


2014/11/19 16:29:13	外部exe実行：diff.exe< .\Work\HBHUN370-01\OUTPUT\VIWURTES .\Work\HBHUN370-01\NEW\VIWURTES_売捌手数料ワーク.csv>
2014/11/19 16:29:13	'diff.exe  .\Work\HBHUN370-01\OUTPUT\VIWURTES .\Work\HBHUN370-01\NEW\VIWURTES_売捌手数料ワーク.csv' finished with exit code = 1: Std output:
Binary files .\Work\HBHUN370-01\OUTPUT\VIWURTES and .\Work\HBHUN370-01\NEW\VIWURTES_売捌手数料ワーク.csv differ


2014/11/19 16:29:17	[HBHUN370-01]に不一致が発生しました。
2014/11/19 16:29:17	　　　☆☆☆結果出力処理が正常に終了しました。☆☆☆　　　
2014/11/19 16:31:22	結果出力　処理開始　(export)
2014/11/19 16:31:22	結果出力　処理終了　(export)
2014/11/19 16:31:23	[HBHUN370-01]の結果出力処理が開始した。
2014/11/19 16:31:23	外部exe実行：diff.exe< .\Work\HBHUN370-01\OUTPUT\SQWJIKAN .\Work\HBHUN370-01\NEW\SQWJIKAN_売場時間帯別売上ワーク.csv>
2014/11/19 16:31:23	'diff.exe  .\Work\HBHUN370-01\OUTPUT\SQWJIKAN .\Work\HBHUN370-01\NEW\SQWJIKAN_売場時間帯別売上ワーク.csv' finished with exit code = 1: Std output:
Binary files .\Work\HBHUN370-01\OUTPUT\SQWJIKAN and .\Work\HBHUN370-01\NEW\SQWJIKAN_売場時間帯別売上ワーク.csv differ


2014/11/19 16:31:23	外部exe実行：diff.exe< .\Work\HBHUN370-01\OUTPUT\SQWKAISS .\Work\HBHUN370-01\NEW\SQWKAISS_回号別精算表ワーク.csv>
2014/11/19 16:31:23	外部exe実行：diff.exe< .\Work\HBHUN370-01\OUTPUT\SQWKGKSH .\Work\HBHUN370-01\NEW\SQWKGKSH_高額支払情報ワーク.csv>
2014/11/19 16:31:23	外部exe実行：diff.exe< .\Work\HBHUN370-01\OUTPUT\SQWKNYJY .\Work\HBHUN370-01\NEW\SQWKNYJY_購入日別申込状況ワーク.csv>
2014/11/19 16:31:23	外部exe実行：diff.exe< .\Work\HBHUN370-01\OUTPUT\SQWURISE .\Work\HBHUN370-01\NEW\SQWURISM_売上金精査ワーク.csv>
2014/11/19 16:31:23	外部exe実行：diff.exe< .\Work\HBHUN370-01\OUTPUT\SQWURIUR .\Work\HBHUN370-01\NEW\SQWURIUR_売場別売上ワーク.csv>
2014/11/19 16:31:23	外部exe実行：diff.exe< .\Work\HBHUN370-01\OUTPUT\SQWURISS .\Work\HBHUN370-01\NEW\SQWURSSM_売場別精算表ワーク.csv>
2014/11/19 16:31:23	'diff.exe  .\Work\HBHUN370-01\OUTPUT\SQWURISS .\Work\HBHUN370-01\NEW\SQWURSSM_売場別精算表ワーク.csv' finished with exit code = 1: Std output:
Binary files .\Work\HBHUN370-01\OUTPUT\SQWURISS and .\Work\HBHUN370-01\NEW\SQWURSSM_売場別精算表ワーク.csv differ


2014/11/19 16:31:23	外部exe実行：diff.exe< .\Work\HBHUN370-01\OUTPUT\VIWURTES .\Work\HBHUN370-01\NEW\VIWURTES_売捌手数料ワーク.csv>
2014/11/19 16:31:27	[HBHUN370-01]が一致しました。
2014/11/19 16:31:28	　　　☆☆☆結果出力処理が正常に終了しました。☆☆☆　　　
2014/11/19 16:43:30	結果出力　処理開始　(export)
2014/11/19 16:43:30	結果出力　処理終了　(export)
2014/11/19 16:43:30	[HBHUN370-01]の結果出力処理が開始した。
2014/11/19 16:43:30	外部exe実行：diff.exe< .\Work\HBHUN370-01\OUTPUT\SQWJIKAN .\Work\HBHUN370-01\NEW\SQWJIKAN_売場時間帯別売上ワーク.csv>
2014/11/19 16:43:31	'diff.exe  .\Work\HBHUN370-01\OUTPUT\SQWJIKAN .\Work\HBHUN370-01\NEW\SQWJIKAN_売場時間帯別売上ワーク.csv' finished with exit code = 1: Std output:
Binary files .\Work\HBHUN370-01\OUTPUT\SQWJIKAN and .\Work\HBHUN370-01\NEW\SQWJIKAN_売場時間帯別売上ワーク.csv differ


2014/11/19 16:43:31	外部exe実行：diff.exe< .\Work\HBHUN370-01\OUTPUT\SQWKAISS .\Work\HBHUN370-01\NEW\SQWKAISS_回号別精算表ワーク.csv>
2014/11/19 16:43:31	外部exe実行：diff.exe< .\Work\HBHUN370-01\OUTPUT\SQWKGKSH .\Work\HBHUN370-01\NEW\SQWKGKSH_高額支払情報ワーク.csv>
2014/11/19 16:43:31	外部exe実行：diff.exe< .\Work\HBHUN370-01\OUTPUT\SQWKNYJY .\Work\HBHUN370-01\NEW\SQWKNYJY_購入日別申込状況ワーク.csv>
2014/11/19 16:43:31	外部exe実行：diff.exe< .\Work\HBHUN370-01\OUTPUT\SQWURISE .\Work\HBHUN370-01\NEW\SQWURISM_売上金精査ワーク.csv>
2014/11/19 16:43:31	外部exe実行：diff.exe< .\Work\HBHUN370-01\OUTPUT\SQWURIUR .\Work\HBHUN370-01\NEW\SQWURIUR_売場別売上ワーク.csv>
2014/11/19 16:43:31	外部exe実行：diff.exe< .\Work\HBHUN370-01\OUTPUT\SQWURISS .\Work\HBHUN370-01\NEW\SQWURSSM_売場別精算表ワーク.csv>
2014/11/19 16:43:31	'diff.exe  .\Work\HBHUN370-01\OUTPUT\SQWURISS .\Work\HBHUN370-01\NEW\SQWURSSM_売場別精算表ワーク.csv' finished with exit code = 1: Std output:
Binary files .\Work\HBHUN370-01\OUTPUT\SQWURISS and .\Work\HBHUN370-01\NEW\SQWURSSM_売場別精算表ワーク.csv differ


2014/11/19 16:43:31	外部exe実行：diff.exe< .\Work\HBHUN370-01\OUTPUT\VIWURTES .\Work\HBHUN370-01\NEW\VIWURTES_売捌手数料ワーク.csv>
2014/11/19 16:43:35	[HBHUN370-01]が一致しました。
2014/11/19 16:43:36	　　　☆☆☆結果出力処理が正常に終了しました。☆☆☆　　　
2014/11/19 16:43:55	結果出力　処理開始　(export)
2014/11/19 16:43:55	結果出力　処理終了　(export)
2014/11/19 16:43:55	[HBHUN370-01]の結果出力処理が開始した。
2014/11/19 16:43:59	[HBHUN370-01]が一致しました。
2014/11/19 16:44:00	　　　☆☆☆結果出力処理が正常に終了しました。☆☆☆　　　
2014/11/19 16:44:52	結果出力　処理開始　(export)
2014/11/19 16:44:52	結果出力　処理終了　(export)
2014/11/19 16:44:53	[HBHUN370-01]の結果出力処理が開始した。
2014/11/19 16:44:58	[HBHUN370-01]が一致しました。
2014/11/19 16:44:58	　　　☆☆☆結果出力処理が正常に終了しました。☆☆☆　　　
