2015/01/21 10:31:05	--After --FILE:HBHUN551.cob --LINE:436--  ＨＣＨＮ販売チャネル = 01
2015/01/21 10:31:05	--After --FILE:HBHUN551.cob --LINE:455--  ＨＣＨＮ販売チャネル = 01
2015/01/21 10:31:05	--After --FILE:HBHUN551.cob --LINE:552--  ＨＣＨＮ販売チャネル = 01
2015/01/21 10:31:05	--After --FILE:HBHUN551.cob --LINE:555--  ＨＣＨＮゲームタイプ = 01
2015/01/21 10:31:05	--After --FILE:HBHUN551.cob --LINE:552--  ＨＣＨＮ販売チャネル = 01
2015/01/21 10:31:05	--After --FILE:HBHUN551.cob --LINE:555--  ＨＣＨＮゲームタイプ = 02
2015/01/21 10:31:05	--After --FILE:HBHUN551.cob --LINE:552--  ＨＣＨＮ販売チャネル = 01
2015/01/21 10:31:05	--After --FILE:HBHUN551.cob --LINE:555--  ＨＣＨＮゲームタイプ = 06
2015/01/21 10:31:05	--After --FILE:HBHUN551.cob --LINE:552--  ＨＣＨＮ販売チャネル = 02
2015/01/21 10:31:05	--After --FILE:HBHUN551.cob --LINE:555--  ＨＣＨＮゲームタイプ = 01
2015/01/21 10:31:05	--After --FILE:HBHUN551.cob --LINE:552--  ＨＣＨＮ販売チャネル = 02
2015/01/21 10:31:05	--After --FILE:HBHUN551.cob --LINE:555--  ＨＣＨＮゲームタイプ = 02
2015/01/21 10:31:05	--After --FILE:HBHUN551.cob --LINE:552--  ＨＣＨＮ販売チャネル = 03
2015/01/21 10:31:05	--After --FILE:HBHUN551.cob --LINE:555--  ＨＣＨＮゲームタイプ = 01
2015/01/21 10:31:05	--After --FILE:HBHUN551.cob --LINE:552--  ＨＣＨＮ販売チャネル = 03
2015/01/21 10:31:05	--After --FILE:HBHUN551.cob --LINE:555--  ＨＣＨＮゲームタイプ = 02
2015/01/21 10:31:05	--After --FILE:HBHUN551.cob --LINE:552--  ＨＣＨＮ販売チャネル = 04
2015/01/21 10:31:05	--After --FILE:HBHUN551.cob --LINE:555--  ＨＣＨＮゲームタイプ = 01
2015/01/21 10:31:05	--After --FILE:HBHUN551.cob --LINE:552--  ＨＣＨＮ販売チャネル = 04
2015/01/21 10:31:05	--After --FILE:HBHUN551.cob --LINE:555--  ＨＣＨＮゲームタイプ = 02
2015/01/21 10:31:05	--After --FILE:HBHUN551.cob --LINE:552--  ＨＣＨＮ販売チャネル = 04
2015/01/21 10:31:05	--After --FILE:HBHUN551.cob --LINE:555--  ＨＣＨＮゲームタイプ = 02
2015/01/21 10:31:05	--After --FILE:HBHUN551.cob --LINE:552--  ＨＣＨＮ販売チャネル = 01
2015/01/21 10:31:05	--After --FILE:HBHUN551.cob --LINE:555--  ＨＣＨＮゲームタイプ = 03
2015/01/21 10:31:05	--After --FILE:HBHUN551.cob --LINE:670--  ＨＣＨＮ販売チャネル = 01
2015/01/21 10:31:05	--After --FILE:HBHUN551.cob --LINE:673--  ＨＣＨＮゲームタイプ = 01
2015/01/21 10:31:05	--After --FILE:HBHUN551.cob --LINE:670--  ＨＣＨＮ販売チャネル = 01
2015/01/21 10:31:05	--After --FILE:HBHUN551.cob --LINE:673--  ＨＣＨＮゲームタイプ = 02
2015/01/21 10:31:05	--After --FILE:HBHUN551.cob --LINE:670--  ＨＣＨＮ販売チャネル = 02
2015/01/21 10:31:05	--After --FILE:HBHUN551.cob --LINE:673--  ＨＣＨＮゲームタイプ = 01
2015/01/21 10:31:05	--After --FILE:HBHUN551.cob --LINE:670--  ＨＣＨＮ販売チャネル = 02
2015/01/21 10:31:05	--After --FILE:HBHUN551.cob --LINE:673--  ＨＣＨＮゲームタイプ = 02
2015/01/21 10:31:05	--After --FILE:HBHUN551.cob --LINE:670--  ＨＣＨＮ販売チャネル = 03
2015/01/21 10:31:05	--After --FILE:HBHUN551.cob --LINE:673--  ＨＣＨＮゲームタイプ = 01
2015/01/21 10:31:05	--After --FILE:HBHUN551.cob --LINE:670--  ＨＣＨＮ販売チャネル = 03
2015/01/21 10:31:05	--After --FILE:HBHUN551.cob --LINE:673--  ＨＣＨＮゲームタイプ = 02
2015/01/21 10:31:05	--After --FILE:HBHUN551.cob --LINE:670--  ＨＣＨＮ販売チャネル = 04
2015/01/21 10:31:05	--After --FILE:HBHUN551.cob --LINE:673--  ＨＣＨＮゲームタイプ = 01
2015/01/21 10:31:05	--After --FILE:HBHUN551.cob --LINE:670--  ＨＣＨＮ販売チャネル = 04
2015/01/21 10:31:05	--After --FILE:HBHUN551.cob --LINE:673--  ＨＣＨＮゲームタイプ = 02
2015/01/21 10:31:05	--After --FILE:HBHUN551.cob --LINE:670--  ＨＣＨＮ販売チャネル = 04
2015/01/21 10:31:05	--After --FILE:HBHUN551.cob --LINE:673--  ＨＣＨＮゲームタイプ = 02
2015/01/21 10:31:05	--After --FILE:HBHUN551.cob --LINE:670--  ＨＣＨＮ販売チャネル = 01
2015/01/21 10:31:05	--After --FILE:HBHUN551.cob --LINE:673--  ＨＣＨＮゲームタイプ = 03
2015/01/21 10:34:04	--After --FILE:HBHUN551.cob --LINE:436--  ＨＣＨＮ販売チャネル = 01
2015/01/21 10:34:04	--After --FILE:HBHUN551.cob --LINE:455--  ＨＣＨＮ販売チャネル = 01
2015/01/21 10:34:04	--After --FILE:HBHUN551.cob --LINE:552--  ＨＣＨＮ販売チャネル = 01
2015/01/21 10:34:04	--After --FILE:HBHUN551.cob --LINE:552--  ＨＣＨＮ販売チャネル = 01
2015/01/21 10:34:04	--After --FILE:HBHUN551.cob --LINE:552--  ＨＣＨＮ販売チャネル = 01
2015/01/21 10:34:04	--After --FILE:HBHUN551.cob --LINE:552--  ＨＣＨＮ販売チャネル = 02
2015/01/21 10:34:04	--After --FILE:HBHUN551.cob --LINE:552--  ＨＣＨＮ販売チャネル = 02
2015/01/21 10:34:04	--After --FILE:HBHUN551.cob --LINE:552--  ＨＣＨＮ販売チャネル = 03
2015/01/21 10:34:04	--After --FILE:HBHUN551.cob --LINE:552--  ＨＣＨＮ販売チャネル = 03
2015/01/21 10:34:04	--After --FILE:HBHUN551.cob --LINE:552--  ＨＣＨＮ販売チャネル = 04
2015/01/21 10:34:04	--After --FILE:HBHUN551.cob --LINE:552--  ＨＣＨＮ販売チャネル = 04
2015/01/21 10:34:04	--After --FILE:HBHUN551.cob --LINE:552--  ＨＣＨＮ販売チャネル = 04
2015/01/21 10:34:04	--After --FILE:HBHUN551.cob --LINE:552--  ＨＣＨＮ販売チャネル = 01
2015/01/21 10:34:04	--After --FILE:HBHUN551.cob --LINE:670--  ＨＣＨＮ販売チャネル = 01
2015/01/21 10:34:04	--After --FILE:HBHUN551.cob --LINE:670--  ＨＣＨＮ販売チャネル = 01
2015/01/21 10:34:04	--After --FILE:HBHUN551.cob --LINE:670--  ＨＣＨＮ販売チャネル = 02
2015/01/21 10:34:04	--After --FILE:HBHUN551.cob --LINE:670--  ＨＣＨＮ販売チャネル = 02
2015/01/21 10:34:04	--After --FILE:HBHUN551.cob --LINE:670--  ＨＣＨＮ販売チャネル = 03
2015/01/21 10:34:04	--After --FILE:HBHUN551.cob --LINE:670--  ＨＣＨＮ販売チャネル = 03
2015/01/21 10:34:04	--After --FILE:HBHUN551.cob --LINE:670--  ＨＣＨＮ販売チャネル = 04
2015/01/21 10:34:04	--After --FILE:HBHUN551.cob --LINE:670--  ＨＣＨＮ販売チャネル = 04
2015/01/21 10:34:04	--After --FILE:HBHUN551.cob --LINE:670--  ＨＣＨＮ販売チャネル = 04
2015/01/21 10:34:04	--After --FILE:HBHUN551.cob --LINE:670--  ＨＣＨＮ販売チャネル = 01
2015/01/21 10:35:36	--After --FILE:HBHUN551.cob --LINE:436--  ＨＣＨＮ販売チャネル = 01
2015/01/21 10:35:36	--After --FILE:HBHUN551.cob --LINE:455--  ＨＣＨＮ販売チャネル = 01
2015/01/21 10:35:36	--After --FILE:HBHUN551.cob --LINE:552--  ＨＣＨＮ販売チャネル = 01
2015/01/21 10:35:36	--After --FILE:HBHUN551.cob --LINE:552--  ＨＣＨＮ販売チャネル = 01
2015/01/21 10:35:36	--After --FILE:HBHUN551.cob --LINE:552--  ＨＣＨＮ販売チャネル = 01
2015/01/21 10:35:36	--After --FILE:HBHUN551.cob --LINE:552--  ＨＣＨＮ販売チャネル = 02
2015/01/21 10:35:36	--After --FILE:HBHUN551.cob --LINE:552--  ＨＣＨＮ販売チャネル = 02
2015/01/21 10:35:36	--After --FILE:HBHUN551.cob --LINE:552--  ＨＣＨＮ販売チャネル = 03
2015/01/21 10:35:36	--After --FILE:HBHUN551.cob --LINE:552--  ＨＣＨＮ販売チャネル = 03
2015/01/21 10:35:36	--After --FILE:HBHUN551.cob --LINE:552--  ＨＣＨＮ販売チャネル = 04
2015/01/21 10:35:36	--After --FILE:HBHUN551.cob --LINE:552--  ＨＣＨＮ販売チャネル = 04
2015/01/21 10:35:36	--After --FILE:HBHUN551.cob --LINE:552--  ＨＣＨＮ販売チャネル = 04
2015/01/21 10:35:36	--After --FILE:HBHUN551.cob --LINE:552--  ＨＣＨＮ販売チャネル = 01
2015/01/21 10:35:36	--After --FILE:HBHUN551.cob --LINE:670--  ＨＣＨＮ販売チャネル = 01
2015/01/21 10:35:36	--After --FILE:HBHUN551.cob --LINE:670--  ＨＣＨＮ販売チャネル = 01
2015/01/21 10:35:36	--After --FILE:HBHUN551.cob --LINE:670--  ＨＣＨＮ販売チャネル = 02
2015/01/21 10:35:36	--After --FILE:HBHUN551.cob --LINE:670--  ＨＣＨＮ販売チャネル = 02
2015/01/21 10:35:36	--After --FILE:HBHUN551.cob --LINE:670--  ＨＣＨＮ販売チャネル = 03
2015/01/21 10:35:36	--After --FILE:HBHUN551.cob --LINE:670--  ＨＣＨＮ販売チャネル = 03
2015/01/21 10:35:36	--After --FILE:HBHUN551.cob --LINE:670--  ＨＣＨＮ販売チャネル = 04
2015/01/21 10:35:36	--After --FILE:HBHUN551.cob --LINE:670--  ＨＣＨＮ販売チャネル = 04
2015/01/21 10:35:36	--After --FILE:HBHUN551.cob --LINE:670--  ＨＣＨＮ販売チャネル = 04
2015/01/21 10:35:36	--After --FILE:HBHUN551.cob --LINE:670--  ＨＣＨＮ販売チャネル = 01
2015/01/21 10:41:36	有効ではないスレッド間の操作: コントロールが作成されたスレッド以外のスレッドからコントロール 'rtb1' がアクセスされました。
2015/01/21 10:41:44	　　　☆☆☆実行処理が正常に終了しました。☆☆☆　　　
2015/01/21 10:42:14	有効ではないスレッド間の操作: コントロールが作成されたスレッド以外のスレッドからコントロール 'rtb1' がアクセスされました。
2015/01/21 10:42:14	　　　☆☆☆実行処理が正常に終了しました。☆☆☆　　　
2015/01/21 11:12:41	--After --FILE:HBHUN551.cob --LINE:436--  ＨＣＨＮ販売チャネル = 01
2015/01/21 11:12:41	--After --FILE:HBHUN551.cob --LINE:455--  ＨＣＨＮ販売チャネル = 01
2015/01/21 11:12:41	--After --FILE:HBHUN551.cob --LINE:552--  ＨＣＨＮ販売チャネル = 01
2015/01/21 11:12:41	--After --FILE:HBHUN551.cob --LINE:552--  ＨＣＨＮ販売チャネル = 01
2015/01/21 11:12:41	--After --FILE:HBHUN551.cob --LINE:552--  ＨＣＨＮ販売チャネル = 01
2015/01/21 11:12:41	--After --FILE:HBHUN551.cob --LINE:552--  ＨＣＨＮ販売チャネル = 02
2015/01/21 11:12:41	--After --FILE:HBHUN551.cob --LINE:552--  ＨＣＨＮ販売チャネル = 02
2015/01/21 11:12:41	--After --FILE:HBHUN551.cob --LINE:552--  ＨＣＨＮ販売チャネル = 03
2015/01/21 11:12:41	--After --FILE:HBHUN551.cob --LINE:552--  ＨＣＨＮ販売チャネル = 03
2015/01/21 11:12:41	--After --FILE:HBHUN551.cob --LINE:552--  ＨＣＨＮ販売チャネル = 04
2015/01/21 11:12:41	--After --FILE:HBHUN551.cob --LINE:552--  ＨＣＨＮ販売チャネル = 04
2015/01/21 11:12:41	--After --FILE:HBHUN551.cob --LINE:552--  ＨＣＨＮ販売チャネル = 04
2015/01/21 11:12:41	--After --FILE:HBHUN551.cob --LINE:552--  ＨＣＨＮ販売チャネル = 01
2015/01/21 11:12:41	--After --FILE:HBHUN551.cob --LINE:670--  ＨＣＨＮ販売チャネル = 01
2015/01/21 11:12:41	--After --FILE:HBHUN551.cob --LINE:670--  ＨＣＨＮ販売チャネル = 01
2015/01/21 11:12:41	--After --FILE:HBHUN551.cob --LINE:670--  ＨＣＨＮ販売チャネル = 02
2015/01/21 11:12:41	--After --FILE:HBHUN551.cob --LINE:670--  ＨＣＨＮ販売チャネル = 02
2015/01/21 11:12:41	--After --FILE:HBHUN551.cob --LINE:670--  ＨＣＨＮ販売チャネル = 03
2015/01/21 11:12:41	--After --FILE:HBHUN551.cob --LINE:670--  ＨＣＨＮ販売チャネル = 03
2015/01/21 11:12:41	--After --FILE:HBHUN551.cob --LINE:670--  ＨＣＨＮ販売チャネル = 04
2015/01/21 11:12:41	--After --FILE:HBHUN551.cob --LINE:670--  ＨＣＨＮ販売チャネル = 04
2015/01/21 11:12:41	--After --FILE:HBHUN551.cob --LINE:670--  ＨＣＨＮ販売チャネル = 04
2015/01/21 11:12:41	--After --FILE:HBHUN551.cob --LINE:670--  ＨＣＨＮ販売チャネル = 01
2015/01/21 11:13:12	有効ではないスレッド間の操作: コントロールが作成されたスレッド以外のスレッドからコントロール 'rtb1' がアクセスされました。
2015/01/21 11:13:12	　　　☆☆☆実行処理が正常に終了しました。☆☆☆　　　
2015/01/21 14:06:55	--After --FILE:HBHUN551.cob --LINE:436--  ＨＣＨＮ販売チャネル = 01
2015/01/21 14:06:55	--After --FILE:HBHUN551.cob --LINE:455--  ＨＣＨＮ販売チャネル = 01
2015/01/21 14:06:55	--After --FILE:HBHUN551.cob --LINE:552--  ＨＣＨＮ販売チャネル = 01
2015/01/21 14:06:55	--After --FILE:HBHUN551.cob --LINE:552--  ＨＣＨＮ販売チャネル = 01
2015/01/21 14:06:55	--After --FILE:HBHUN551.cob --LINE:552--  ＨＣＨＮ販売チャネル = 01
2015/01/21 14:06:55	--After --FILE:HBHUN551.cob --LINE:552--  ＨＣＨＮ販売チャネル = 02
2015/01/21 14:06:55	--After --FILE:HBHUN551.cob --LINE:552--  ＨＣＨＮ販売チャネル = 02
2015/01/21 14:06:55	--After --FILE:HBHUN551.cob --LINE:552--  ＨＣＨＮ販売チャネル = 03
2015/01/21 14:06:55	--After --FILE:HBHUN551.cob --LINE:552--  ＨＣＨＮ販売チャネル = 03
2015/01/21 14:06:55	--After --FILE:HBHUN551.cob --LINE:552--  ＨＣＨＮ販売チャネル = 04
2015/01/21 14:06:55	--After --FILE:HBHUN551.cob --LINE:552--  ＨＣＨＮ販売チャネル = 04
2015/01/21 14:06:55	--After --FILE:HBHUN551.cob --LINE:552--  ＨＣＨＮ販売チャネル = 04
2015/01/21 14:06:55	--After --FILE:HBHUN551.cob --LINE:552--  ＨＣＨＮ販売チャネル = 01
2015/01/21 14:06:55	--After --FILE:HBHUN551.cob --LINE:670--  ＨＣＨＮ販売チャネル = 01
2015/01/21 14:06:55	--After --FILE:HBHUN551.cob --LINE:670--  ＨＣＨＮ販売チャネル = 01
2015/01/21 14:06:55	--After --FILE:HBHUN551.cob --LINE:670--  ＨＣＨＮ販売チャネル = 02
2015/01/21 14:06:55	--After --FILE:HBHUN551.cob --LINE:670--  ＨＣＨＮ販売チャネル = 02
2015/01/21 14:06:55	--After --FILE:HBHUN551.cob --LINE:670--  ＨＣＨＮ販売チャネル = 03
2015/01/21 14:06:55	--After --FILE:HBHUN551.cob --LINE:670--  ＨＣＨＮ販売チャネル = 03
2015/01/21 14:06:55	--After --FILE:HBHUN551.cob --LINE:670--  ＨＣＨＮ販売チャネル = 04
2015/01/21 14:06:55	--After --FILE:HBHUN551.cob --LINE:670--  ＨＣＨＮ販売チャネル = 04
2015/01/21 14:06:55	--After --FILE:HBHUN551.cob --LINE:670--  ＨＣＨＮ販売チャネル = 04
2015/01/21 14:06:55	--After --FILE:HBHUN551.cob --LINE:670--  ＨＣＨＮ販売チャネル = 01
2015/01/21 14:07:22	有効ではないスレッド間の操作: コントロールが作成されたスレッド以外のスレッドからコントロール 'rtb1' がアクセスされました。
2015/01/21 14:07:22	　　　☆☆☆実行処理が正常に終了しました。☆☆☆　　　
2015/01/21 14:21:15	--After --FILE:HBHUN551.cob --LINE:596--  ＣＨＵＲ売上金額 = 0000449387570
2015/01/21 14:23:41	有効ではないスレッド間の操作: コントロールが作成されたスレッド以外のスレッドからコントロール 'rtb1' がアクセスされました。
2015/01/21 14:23:41	　　　☆☆☆実行処理が正常に終了しました。☆☆☆　　　
2015/01/21 14:24:25	有効ではないスレッド間の操作: コントロールが作成されたスレッド以外のスレッドからコントロール 'rtb1' がアクセスされました。
2015/01/21 14:24:25	　　　☆☆☆実行処理が正常に終了しました。☆☆☆　　　
2015/01/21 14:38:35	--After --FILE:HBHUN551.cob --LINE:596--  ＣＨＵＲ売上金額 = 0000452844359
2015/01/21 15:09:11	--After --FILE:HBHUN551.cob --LINE:436--  ＨＣＨＮ販売チャネル = 01
2015/01/21 15:09:11	--After --FILE:HBHUN551.cob --LINE:455--  ＨＣＨＮ販売チャネル = 01
2015/01/21 15:09:11	--After --FILE:HBHUN551.cob --LINE:552--  ＨＣＨＮ販売チャネル = 01
2015/01/21 15:09:11	--After --FILE:HBHUN551.cob --LINE:552--  ＨＣＨＮ販売チャネル = 01
2015/01/21 15:09:11	--After --FILE:HBHUN551.cob --LINE:552--  ＨＣＨＮ販売チャネル = 01
2015/01/21 15:09:11	--After --FILE:HBHUN551.cob --LINE:552--  ＨＣＨＮ販売チャネル = 02
2015/01/21 15:09:11	--After --FILE:HBHUN551.cob --LINE:552--  ＨＣＨＮ販売チャネル = 02
2015/01/21 15:09:11	--After --FILE:HBHUN551.cob --LINE:552--  ＨＣＨＮ販売チャネル = 03
2015/01/21 15:09:11	--After --FILE:HBHUN551.cob --LINE:552--  ＨＣＨＮ販売チャネル = 03
2015/01/21 15:09:11	--After --FILE:HBHUN551.cob --LINE:552--  ＨＣＨＮ販売チャネル = 04
2015/01/21 15:09:11	--After --FILE:HBHUN551.cob --LINE:552--  ＨＣＨＮ販売チャネル = 04
2015/01/21 15:09:11	--After --FILE:HBHUN551.cob --LINE:552--  ＨＣＨＮ販売チャネル = 04
2015/01/21 15:09:11	--After --FILE:HBHUN551.cob --LINE:552--  ＨＣＨＮ販売チャネル = 01
2015/01/21 15:09:11	--After --FILE:HBHUN551.cob --LINE:670--  ＨＣＨＮ販売チャネル = 01
2015/01/21 15:09:11	--After --FILE:HBHUN551.cob --LINE:670--  ＨＣＨＮ販売チャネル = 01
2015/01/21 15:09:11	--After --FILE:HBHUN551.cob --LINE:670--  ＨＣＨＮ販売チャネル = 02
2015/01/21 15:09:11	--After --FILE:HBHUN551.cob --LINE:670--  ＨＣＨＮ販売チャネル = 02
2015/01/21 15:09:11	--After --FILE:HBHUN551.cob --LINE:670--  ＨＣＨＮ販売チャネル = 03
2015/01/21 15:09:11	--After --FILE:HBHUN551.cob --LINE:670--  ＨＣＨＮ販売チャネル = 03
2015/01/21 15:09:11	--After --FILE:HBHUN551.cob --LINE:670--  ＨＣＨＮ販売チャネル = 04
2015/01/21 15:09:11	--After --FILE:HBHUN551.cob --LINE:670--  ＨＣＨＮ販売チャネル = 04
2015/01/21 15:09:11	--After --FILE:HBHUN551.cob --LINE:670--  ＨＣＨＮ販売チャネル = 04
2015/01/21 15:09:11	--After --FILE:HBHUN551.cob --LINE:670--  ＨＣＨＮ販売チャネル = 01
2015/01/21 16:16:07	--After --FILE:HBHUN551.cob --LINE:436--  ＨＣＨＮ販売チャネル = 01
2015/01/21 16:16:07	--After --FILE:HBHUN551.cob --LINE:455--  ＨＣＨＮ販売チャネル = 01
2015/01/21 16:16:07	--After --FILE:HBHUN551.cob --LINE:552--  ＨＣＨＮ販売チャネル = 01
2015/01/21 16:16:07	--After --FILE:HBHUN551.cob --LINE:552--  ＨＣＨＮ販売チャネル = 01
2015/01/21 16:16:07	--After --FILE:HBHUN551.cob --LINE:552--  ＨＣＨＮ販売チャネル = 01
2015/01/21 16:16:07	--After --FILE:HBHUN551.cob --LINE:552--  ＨＣＨＮ販売チャネル = 02
2015/01/21 16:16:07	--After --FILE:HBHUN551.cob --LINE:552--  ＨＣＨＮ販売チャネル = 02
2015/01/21 16:16:07	--After --FILE:HBHUN551.cob --LINE:552--  ＨＣＨＮ販売チャネル = 03
2015/01/21 16:16:07	--After --FILE:HBHUN551.cob --LINE:552--  ＨＣＨＮ販売チャネル = 03
2015/01/21 16:16:07	--After --FILE:HBHUN551.cob --LINE:552--  ＨＣＨＮ販売チャネル = 04
2015/01/21 16:16:07	--After --FILE:HBHUN551.cob --LINE:552--  ＨＣＨＮ販売チャネル = 04
2015/01/21 16:16:07	--After --FILE:HBHUN551.cob --LINE:552--  ＨＣＨＮ販売チャネル = 04
2015/01/21 16:16:07	--After --FILE:HBHUN551.cob --LINE:552--  ＨＣＨＮ販売チャネル = 01
2015/01/21 16:16:07	--After --FILE:HBHUN551.cob --LINE:670--  ＨＣＨＮ販売チャネル = 01
2015/01/21 16:16:07	--After --FILE:HBHUN551.cob --LINE:670--  ＨＣＨＮ販売チャネル = 01
2015/01/21 16:16:07	--After --FILE:HBHUN551.cob --LINE:670--  ＨＣＨＮ販売チャネル = 02
2015/01/21 16:16:07	--After --FILE:HBHUN551.cob --LINE:670--  ＨＣＨＮ販売チャネル = 02
2015/01/21 16:16:07	--After --FILE:HBHUN551.cob --LINE:670--  ＨＣＨＮ販売チャネル = 03
2015/01/21 16:16:07	--After --FILE:HBHUN551.cob --LINE:670--  ＨＣＨＮ販売チャネル = 03
2015/01/21 16:16:07	--After --FILE:HBHUN551.cob --LINE:670--  ＨＣＨＮ販売チャネル = 04
2015/01/21 16:16:07	--After --FILE:HBHUN551.cob --LINE:670--  ＨＣＨＮ販売チャネル = 04
2015/01/21 16:16:07	--After --FILE:HBHUN551.cob --LINE:670--  ＨＣＨＮ販売チャネル = 04
2015/01/21 16:16:07	--After --FILE:HBHUN551.cob --LINE:670--  ＨＣＨＮ販売チャネル = 01
2015/01/21 16:17:28	有効ではないスレッド間の操作: コントロールが作成されたスレッド以外のスレッドからコントロール 'rtb1' がアクセスされました。
2015/01/21 16:29:15	--After --FILE:HBHUN551.cob --LINE:591--  ＣＨＵＲ販売チャネルコード = 01
2015/01/21 16:29:25	有効ではないスレッド間の操作: コントロールが作成されたスレッド以外のスレッドからコントロール 'rtb1' がアクセスされました。
2015/01/21 16:30:54	有効ではないスレッド間の操作: コントロールが作成されたスレッド以外のスレッドからコントロール 'rtb1' がアクセスされました。
2015/01/21 16:34:20	--After --FILE:HBHUN551.cob --LINE:436--  ＨＣＨＮ販売チャネル = 01
2015/01/21 16:34:20	--After --FILE:HBHUN551.cob --LINE:455--  ＨＣＨＮ販売チャネル = 01
2015/01/21 16:34:20	--After --FILE:HBHUN551.cob --LINE:552--  ＨＣＨＮ販売チャネル = 01
2015/01/21 16:34:20	--After --FILE:HBHUN551.cob --LINE:552--  ＨＣＨＮ販売チャネル = 01
2015/01/21 16:34:20	--After --FILE:HBHUN551.cob --LINE:552--  ＨＣＨＮ販売チャネル = 01
2015/01/21 16:34:20	--After --FILE:HBHUN551.cob --LINE:552--  ＨＣＨＮ販売チャネル = 02
2015/01/21 16:34:20	--After --FILE:HBHUN551.cob --LINE:552--  ＨＣＨＮ販売チャネル = 02
2015/01/21 16:34:20	--After --FILE:HBHUN551.cob --LINE:552--  ＨＣＨＮ販売チャネル = 03
2015/01/21 16:34:20	--After --FILE:HBHUN551.cob --LINE:552--  ＨＣＨＮ販売チャネル = 03
2015/01/21 16:34:20	--After --FILE:HBHUN551.cob --LINE:552--  ＨＣＨＮ販売チャネル = 04
2015/01/21 16:34:20	--After --FILE:HBHUN551.cob --LINE:552--  ＨＣＨＮ販売チャネル = 04
2015/01/21 16:34:20	--After --FILE:HBHUN551.cob --LINE:552--  ＨＣＨＮ販売チャネル = 04
2015/01/21 16:34:20	--After --FILE:HBHUN551.cob --LINE:552--  ＨＣＨＮ販売チャネル = 01
2015/01/21 16:34:20	--After --FILE:HBHUN551.cob --LINE:670--  ＨＣＨＮ販売チャネル = 01
2015/01/21 16:34:20	--After --FILE:HBHUN551.cob --LINE:670--  ＨＣＨＮ販売チャネル = 01
2015/01/21 16:34:20	--After --FILE:HBHUN551.cob --LINE:670--  ＨＣＨＮ販売チャネル = 02
2015/01/21 16:34:20	--After --FILE:HBHUN551.cob --LINE:670--  ＨＣＨＮ販売チャネル = 02
2015/01/21 16:34:20	--After --FILE:HBHUN551.cob --LINE:670--  ＨＣＨＮ販売チャネル = 03
2015/01/21 16:34:20	--After --FILE:HBHUN551.cob --LINE:670--  ＨＣＨＮ販売チャネル = 03
2015/01/21 16:34:20	--After --FILE:HBHUN551.cob --LINE:670--  ＨＣＨＮ販売チャネル = 04
2015/01/21 16:34:20	--After --FILE:HBHUN551.cob --LINE:670--  ＨＣＨＮ販売チャネル = 04
2015/01/21 16:34:20	--After --FILE:HBHUN551.cob --LINE:670--  ＨＣＨＮ販売チャネル = 04
2015/01/21 16:34:20	--After --FILE:HBHUN551.cob --LINE:670--  ＨＣＨＮ販売チャネル = 01
2015/01/21 16:35:16	--After --FILE:HBHUN551.cob --LINE:436--  ＨＣＨＮ販売チャネル = 01
2015/01/21 16:35:16	--After --FILE:HBHUN551.cob --LINE:455--  ＨＣＨＮ販売チャネル = 01
2015/01/21 16:35:16	--After --FILE:HBHUN551.cob --LINE:552--  ＨＣＨＮ販売チャネル = 01
2015/01/21 16:35:16	--After --FILE:HBHUN551.cob --LINE:552--  ＨＣＨＮ販売チャネル = 01
2015/01/21 16:35:16	--After --FILE:HBHUN551.cob --LINE:552--  ＨＣＨＮ販売チャネル = 01
2015/01/21 16:35:16	--After --FILE:HBHUN551.cob --LINE:552--  ＨＣＨＮ販売チャネル = 02
2015/01/21 16:35:16	--After --FILE:HBHUN551.cob --LINE:552--  ＨＣＨＮ販売チャネル = 02
2015/01/21 16:35:16	--After --FILE:HBHUN551.cob --LINE:552--  ＨＣＨＮ販売チャネル = 03
2015/01/21 16:35:16	--After --FILE:HBHUN551.cob --LINE:552--  ＨＣＨＮ販売チャネル = 03
2015/01/21 16:35:16	--After --FILE:HBHUN551.cob --LINE:552--  ＨＣＨＮ販売チャネル = 04
2015/01/21 16:35:16	--After --FILE:HBHUN551.cob --LINE:552--  ＨＣＨＮ販売チャネル = 04
2015/01/21 16:35:16	--After --FILE:HBHUN551.cob --LINE:552--  ＨＣＨＮ販売チャネル = 04
2015/01/21 16:35:16	--After --FILE:HBHUN551.cob --LINE:552--  ＨＣＨＮ販売チャネル = 01
2015/01/21 16:35:16	--After --FILE:HBHUN551.cob --LINE:670--  ＨＣＨＮ販売チャネル = 01
2015/01/21 16:35:16	--After --FILE:HBHUN551.cob --LINE:670--  ＨＣＨＮ販売チャネル = 01
2015/01/21 16:35:16	--After --FILE:HBHUN551.cob --LINE:670--  ＨＣＨＮ販売チャネル = 02
2015/01/21 16:35:16	--After --FILE:HBHUN551.cob --LINE:670--  ＨＣＨＮ販売チャネル = 02
2015/01/21 16:35:16	--After --FILE:HBHUN551.cob --LINE:670--  ＨＣＨＮ販売チャネル = 03
2015/01/21 16:35:16	--After --FILE:HBHUN551.cob --LINE:670--  ＨＣＨＮ販売チャネル = 03
2015/01/21 16:35:16	--After --FILE:HBHUN551.cob --LINE:670--  ＨＣＨＮ販売チャネル = 04
2015/01/21 16:35:16	--After --FILE:HBHUN551.cob --LINE:670--  ＨＣＨＮ販売チャネル = 04
2015/01/21 16:35:16	--After --FILE:HBHUN551.cob --LINE:670--  ＨＣＨＮ販売チャネル = 04
2015/01/21 16:35:16	--After --FILE:HBHUN551.cob --LINE:670--  ＨＣＨＮ販売チャネル = 01
2015/01/21 16:36:11	ウィンドウ ハンドルが作成される前、コントロールで Invoke または BeginInvoke を呼び出せません。
2015/01/21 16:36:23	ウィンドウ ハンドルが作成される前、コントロールで Invoke または BeginInvoke を呼び出せません。
2015/01/21 16:36:42	ウィンドウ ハンドルが作成される前、コントロールで Invoke または BeginInvoke を呼び出せません。
2015/01/21 16:44:34	--After --FILE:HBHUN551.cob --LINE:436--  ＨＣＨＮ販売チャネル = 01
2015/01/21 16:44:34	--After --FILE:HBHUN551.cob --LINE:455--  ＨＣＨＮ販売チャネル = 01
2015/01/21 16:44:34	--After --FILE:HBHUN551.cob --LINE:552--  ＨＣＨＮ販売チャネル = 01
2015/01/21 16:44:34	--After --FILE:HBHUN551.cob --LINE:552--  ＨＣＨＮ販売チャネル = 01
2015/01/21 16:44:34	--After --FILE:HBHUN551.cob --LINE:552--  ＨＣＨＮ販売チャネル = 01
2015/01/21 16:44:34	--After --FILE:HBHUN551.cob --LINE:552--  ＨＣＨＮ販売チャネル = 02
2015/01/21 16:44:34	--After --FILE:HBHUN551.cob --LINE:552--  ＨＣＨＮ販売チャネル = 02
2015/01/21 16:44:34	--After --FILE:HBHUN551.cob --LINE:552--  ＨＣＨＮ販売チャネル = 03
2015/01/21 16:44:34	--After --FILE:HBHUN551.cob --LINE:552--  ＨＣＨＮ販売チャネル = 03
2015/01/21 16:44:34	--After --FILE:HBHUN551.cob --LINE:552--  ＨＣＨＮ販売チャネル = 04
2015/01/21 16:44:34	--After --FILE:HBHUN551.cob --LINE:552--  ＨＣＨＮ販売チャネル = 04
2015/01/21 16:44:34	--After --FILE:HBHUN551.cob --LINE:552--  ＨＣＨＮ販売チャネル = 04
2015/01/21 16:44:34	--After --FILE:HBHUN551.cob --LINE:552--  ＨＣＨＮ販売チャネル = 01
2015/01/21 16:44:34	--After --FILE:HBHUN551.cob --LINE:670--  ＨＣＨＮ販売チャネル = 01
2015/01/21 16:44:34	--After --FILE:HBHUN551.cob --LINE:670--  ＨＣＨＮ販売チャネル = 01
2015/01/21 16:44:34	--After --FILE:HBHUN551.cob --LINE:670--  ＨＣＨＮ販売チャネル = 02
2015/01/21 16:44:34	--After --FILE:HBHUN551.cob --LINE:670--  ＨＣＨＮ販売チャネル = 02
2015/01/21 16:44:34	--After --FILE:HBHUN551.cob --LINE:670--  ＨＣＨＮ販売チャネル = 03
2015/01/21 16:44:34	--After --FILE:HBHUN551.cob --LINE:670--  ＨＣＨＮ販売チャネル = 03
2015/01/21 16:44:34	--After --FILE:HBHUN551.cob --LINE:670--  ＨＣＨＮ販売チャネル = 04
2015/01/21 16:44:34	--After --FILE:HBHUN551.cob --LINE:670--  ＨＣＨＮ販売チャネル = 04
2015/01/21 16:44:34	--After --FILE:HBHUN551.cob --LINE:670--  ＨＣＨＮ販売チャネル = 04
2015/01/21 16:44:34	--After --FILE:HBHUN551.cob --LINE:670--  ＨＣＨＮ販売チャネル = 01
2015/01/21 16:44:56	ウィンドウ ハンドルが作成される前、コントロールで Invoke または BeginInvoke を呼び出せません。
2015/01/21 16:47:16	--After --FILE:HBHUN551.cob --LINE:436--  ＨＣＨＮ販売チャネル = 01
2015/01/21 16:47:16	--After --FILE:HBHUN551.cob --LINE:455--  ＨＣＨＮ販売チャネル = 01
2015/01/21 16:47:16	--After --FILE:HBHUN551.cob --LINE:552--  ＨＣＨＮ販売チャネル = 01
2015/01/21 16:47:16	--After --FILE:HBHUN551.cob --LINE:552--  ＨＣＨＮ販売チャネル = 01
2015/01/21 16:47:16	--After --FILE:HBHUN551.cob --LINE:552--  ＨＣＨＮ販売チャネル = 01
2015/01/21 16:47:16	--After --FILE:HBHUN551.cob --LINE:552--  ＨＣＨＮ販売チャネル = 02
2015/01/21 16:47:16	--After --FILE:HBHUN551.cob --LINE:552--  ＨＣＨＮ販売チャネル = 02
2015/01/21 16:47:16	--After --FILE:HBHUN551.cob --LINE:552--  ＨＣＨＮ販売チャネル = 03
2015/01/21 16:47:16	--After --FILE:HBHUN551.cob --LINE:552--  ＨＣＨＮ販売チャネル = 03
2015/01/21 16:47:16	--After --FILE:HBHUN551.cob --LINE:552--  ＨＣＨＮ販売チャネル = 04
2015/01/21 16:47:16	--After --FILE:HBHUN551.cob --LINE:552--  ＨＣＨＮ販売チャネル = 04
2015/01/21 16:47:16	--After --FILE:HBHUN551.cob --LINE:552--  ＨＣＨＮ販売チャネル = 04
2015/01/21 16:47:16	--After --FILE:HBHUN551.cob --LINE:552--  ＨＣＨＮ販売チャネル = 01
2015/01/21 16:47:16	--After --FILE:HBHUN551.cob --LINE:670--  ＨＣＨＮ販売チャネル = 01
2015/01/21 16:47:16	--After --FILE:HBHUN551.cob --LINE:670--  ＨＣＨＮ販売チャネル = 01
2015/01/21 16:47:16	--After --FILE:HBHUN551.cob --LINE:670--  ＨＣＨＮ販売チャネル = 02
2015/01/21 16:47:16	--After --FILE:HBHUN551.cob --LINE:670--  ＨＣＨＮ販売チャネル = 02
2015/01/21 16:47:16	--After --FILE:HBHUN551.cob --LINE:670--  ＨＣＨＮ販売チャネル = 03
2015/01/21 16:47:16	--After --FILE:HBHUN551.cob --LINE:670--  ＨＣＨＮ販売チャネル = 03
2015/01/21 16:47:16	--After --FILE:HBHUN551.cob --LINE:670--  ＨＣＨＮ販売チャネル = 04
2015/01/21 16:47:16	--After --FILE:HBHUN551.cob --LINE:670--  ＨＣＨＮ販売チャネル = 04
2015/01/21 16:47:16	--After --FILE:HBHUN551.cob --LINE:670--  ＨＣＨＮ販売チャネル = 04
2015/01/21 16:47:16	--After --FILE:HBHUN551.cob --LINE:670--  ＨＣＨＮ販売チャネル = 01
2015/01/21 17:17:11	--After --FILE:HBHUN551.cob --LINE:436--  ＨＣＨＮ販売チャネル = 01
2015/01/21 17:17:11	--After --FILE:HBHUN551.cob --LINE:455--  ＨＣＨＮ販売チャネル = 01
2015/01/21 17:17:11	--After --FILE:HBHUN551.cob --LINE:552--  ＨＣＨＮ販売チャネル = 01
2015/01/21 17:17:11	--After --FILE:HBHUN551.cob --LINE:552--  ＨＣＨＮ販売チャネル = 01
2015/01/21 17:17:11	--After --FILE:HBHUN551.cob --LINE:552--  ＨＣＨＮ販売チャネル = 01
2015/01/21 17:17:11	--After --FILE:HBHUN551.cob --LINE:552--  ＨＣＨＮ販売チャネル = 02
2015/01/21 17:17:11	--After --FILE:HBHUN551.cob --LINE:552--  ＨＣＨＮ販売チャネル = 02
2015/01/21 17:17:11	--After --FILE:HBHUN551.cob --LINE:552--  ＨＣＨＮ販売チャネル = 03
2015/01/21 17:17:11	--After --FILE:HBHUN551.cob --LINE:552--  ＨＣＨＮ販売チャネル = 03
2015/01/21 17:17:11	--After --FILE:HBHUN551.cob --LINE:552--  ＨＣＨＮ販売チャネル = 04
2015/01/21 17:17:11	--After --FILE:HBHUN551.cob --LINE:552--  ＨＣＨＮ販売チャネル = 04
2015/01/21 17:17:11	--After --FILE:HBHUN551.cob --LINE:552--  ＨＣＨＮ販売チャネル = 04
2015/01/21 17:17:11	--After --FILE:HBHUN551.cob --LINE:552--  ＨＣＨＮ販売チャネル = 01
2015/01/21 17:17:11	--After --FILE:HBHUN551.cob --LINE:670--  ＨＣＨＮ販売チャネル = 01
2015/01/21 17:17:11	--After --FILE:HBHUN551.cob --LINE:670--  ＨＣＨＮ販売チャネル = 01
2015/01/21 17:17:11	--After --FILE:HBHUN551.cob --LINE:670--  ＨＣＨＮ販売チャネル = 02
2015/01/21 17:17:11	--After --FILE:HBHUN551.cob --LINE:670--  ＨＣＨＮ販売チャネル = 02
2015/01/21 17:17:11	--After --FILE:HBHUN551.cob --LINE:670--  ＨＣＨＮ販売チャネル = 03
2015/01/21 17:17:11	--After --FILE:HBHUN551.cob --LINE:670--  ＨＣＨＮ販売チャネル = 03
2015/01/21 17:17:11	--After --FILE:HBHUN551.cob --LINE:670--  ＨＣＨＮ販売チャネル = 04
2015/01/21 17:17:11	--After --FILE:HBHUN551.cob --LINE:670--  ＨＣＨＮ販売チャネル = 04
2015/01/21 17:17:11	--After --FILE:HBHUN551.cob --LINE:670--  ＨＣＨＮ販売チャネル = 04
2015/01/21 17:17:11	--After --FILE:HBHUN551.cob --LINE:670--  ＨＣＨＮ販売チャネル = 01
