2015/01/19 10:31:22	--After --FILE:HBHUN551.cob --LINE:436--  ＨＣＨＮ販売チャネル = 01
2015/01/19 10:31:22	--After --FILE:HBHUN551.cob --LINE:455--  ＨＣＨＮ販売チャネル = 01
2015/01/19 10:31:22	--After --FILE:HBHUN551.cob --LINE:552--  ＨＣＨＮ販売チャネル = 01
2015/01/19 10:31:22	--After --FILE:HBHUN551.cob --LINE:552--  ＨＣＨＮ販売チャネル = 01
2015/01/19 10:31:22	--After --FILE:HBHUN551.cob --LINE:552--  ＨＣＨＮ販売チャネル = 01
2015/01/19 10:31:22	--After --FILE:HBHUN551.cob --LINE:552--  ＨＣＨＮ販売チャネル = 02
2015/01/19 10:31:22	--After --FILE:HBHUN551.cob --LINE:552--  ＨＣＨＮ販売チャネル = 02
2015/01/19 10:31:22	--After --FILE:HBHUN551.cob --LINE:552--  ＨＣＨＮ販売チャネル = 03
2015/01/19 10:31:22	--After --FILE:HBHUN551.cob --LINE:552--  ＨＣＨＮ販売チャネル = 03
2015/01/19 10:31:22	--After --FILE:HBHUN551.cob --LINE:552--  ＨＣＨＮ販売チャネル = 04
2015/01/19 10:31:22	--After --FILE:HBHUN551.cob --LINE:552--  ＨＣＨＮ販売チャネル = 04
2015/01/19 10:31:22	--After --FILE:HBHUN551.cob --LINE:552--  ＨＣＨＮ販売チャネル = 04
2015/01/19 10:31:22	--After --FILE:HBHUN551.cob --LINE:552--  ＨＣＨＮ販売チャネル = 01
2015/01/19 10:31:22	--After --FILE:HBHUN551.cob --LINE:670--  ＨＣＨＮ販売チャネル = 01
2015/01/19 10:31:22	--After --FILE:HBHUN551.cob --LINE:670--  ＨＣＨＮ販売チャネル = 01
2015/01/19 10:31:22	--After --FILE:HBHUN551.cob --LINE:670--  ＨＣＨＮ販売チャネル = 02
2015/01/19 10:31:22	--After --FILE:HBHUN551.cob --LINE:670--  ＨＣＨＮ販売チャネル = 02
2015/01/19 10:31:23	--After --FILE:HBHUN551.cob --LINE:670--  ＨＣＨＮ販売チャネル = 03
2015/01/19 10:31:23	--After --FILE:HBHUN551.cob --LINE:670--  ＨＣＨＮ販売チャネル = 03
2015/01/19 10:31:23	--After --FILE:HBHUN551.cob --LINE:670--  ＨＣＨＮ販売チャネル = 04
2015/01/19 10:31:23	--After --FILE:HBHUN551.cob --LINE:670--  ＨＣＨＮ販売チャネル = 04
2015/01/19 10:31:23	--After --FILE:HBHUN551.cob --LINE:670--  ＨＣＨＮ販売チャネル = 04
2015/01/19 10:31:23	--After --FILE:HBHUN551.cob --LINE:670--  ＨＣＨＮ販売チャネル = 01
2015/01/19 13:10:45	--After --FILE:HBHUN551.cob --LINE:436--  ＨＣＨＮ販売チャネル = 01
2015/01/19 13:10:45	--After --FILE:HBHUN551.cob --LINE:455--  ＨＣＨＮ販売チャネル = 01
2015/01/19 13:10:45	--After --FILE:HBHUN551.cob --LINE:552--  ＨＣＨＮ販売チャネル = 01
2015/01/19 13:10:46	--After --FILE:HBHUN551.cob --LINE:552--  ＨＣＨＮ販売チャネル = 01
2015/01/19 13:10:46	--After --FILE:HBHUN551.cob --LINE:552--  ＨＣＨＮ販売チャネル = 01
2015/01/19 13:10:46	--After --FILE:HBHUN551.cob --LINE:552--  ＨＣＨＮ販売チャネル = 02
2015/01/19 13:10:46	--After --FILE:HBHUN551.cob --LINE:552--  ＨＣＨＮ販売チャネル = 02
2015/01/19 13:10:46	--After --FILE:HBHUN551.cob --LINE:552--  ＨＣＨＮ販売チャネル = 03
2015/01/19 13:10:46	--After --FILE:HBHUN551.cob --LINE:552--  ＨＣＨＮ販売チャネル = 03
2015/01/19 13:10:46	--After --FILE:HBHUN551.cob --LINE:552--  ＨＣＨＮ販売チャネル = 04
2015/01/19 13:10:46	--After --FILE:HBHUN551.cob --LINE:552--  ＨＣＨＮ販売チャネル = 04
2015/01/19 13:10:46	--After --FILE:HBHUN551.cob --LINE:552--  ＨＣＨＮ販売チャネル = 04
2015/01/19 13:10:46	--After --FILE:HBHUN551.cob --LINE:552--  ＨＣＨＮ販売チャネル = 01
2015/01/19 13:10:46	--After --FILE:HBHUN551.cob --LINE:670--  ＨＣＨＮ販売チャネル = 01
2015/01/19 13:10:46	--After --FILE:HBHUN551.cob --LINE:670--  ＨＣＨＮ販売チャネル = 01
2015/01/19 13:10:46	--After --FILE:HBHUN551.cob --LINE:670--  ＨＣＨＮ販売チャネル = 02
2015/01/19 13:10:46	--After --FILE:HBHUN551.cob --LINE:670--  ＨＣＨＮ販売チャネル = 02
2015/01/19 13:10:46	--After --FILE:HBHUN551.cob --LINE:670--  ＨＣＨＮ販売チャネル = 03
2015/01/19 13:10:46	--After --FILE:HBHUN551.cob --LINE:670--  ＨＣＨＮ販売チャネル = 03
2015/01/19 13:10:46	--After --FILE:HBHUN551.cob --LINE:670--  ＨＣＨＮ販売チャネル = 04
2015/01/19 13:10:46	--After --FILE:HBHUN551.cob --LINE:670--  ＨＣＨＮ販売チャネル = 04
2015/01/19 13:10:46	--After --FILE:HBHUN551.cob --LINE:670--  ＨＣＨＮ販売チャネル = 04
2015/01/19 13:10:46	--After --FILE:HBHUN551.cob --LINE:670--  ＨＣＨＮ販売チャネル = 01
2015/01/19 13:12:36	--After --FILE:HBHUN551.cob --LINE:596--  ＣＨＵＲ売上金額 = 0000304202432
2015/01/19 13:18:37	--After --FILE:HBHUN551.cob --LINE:596--  ＣＨＵＲ売上金額 = 0000307659221
2015/01/19 13:26:36	--After --FILE:HBHUN551.cob --LINE:596--  ＣＨＵＲ売上金額 = 0000311116010
2015/01/19 13:47:17	--After --FILE:HBHUN551.cob --LINE:596--  ＣＨＵＲ売上金額 = 0000314572799
2015/01/19 13:49:23	--After --FILE:HBHUN551.cob --LINE:596--  ＣＨＵＲ売上金額 = 0000318029588
2015/01/19 13:51:52	--After --FILE:HBHUN551.cob --LINE:596--  ＣＨＵＲ売上金額 = 0000321486377
2015/01/19 15:03:25	--After --FILE:HBHUN551.cob --LINE:596--  ＣＨＵＲ売上金額 = 0000324943166
2015/01/19 15:42:55	--After --FILE:HBHUN551.cob --LINE:596--  ＣＨＵＲ売上金額 = 0000328399955
2015/01/19 15:56:26	--After --FILE:HBHUN551.cob --LINE:555--  ＨＣＨＮゲームタイプ = 01
2015/01/19 15:56:26	--After --FILE:HBHUN551.cob --LINE:561--  ＨＣＨＮ回号 = +01234
2015/01/19 15:56:26	--After --FILE:HBHUN551.cob --LINE:555--  ＨＣＨＮゲームタイプ = 02
2015/01/19 15:56:26	--After --FILE:HBHUN551.cob --LINE:561--  ＨＣＨＮ回号 = +00004
2015/01/19 15:56:26	--After --FILE:HBHUN551.cob --LINE:555--  ＨＣＨＮゲームタイプ = 06
2015/01/19 15:56:26	--After --FILE:HBHUN551.cob --LINE:561--  ＨＣＨＮ回号 = +01000
2015/01/19 15:56:26	--After --FILE:HBHUN551.cob --LINE:555--  ＨＣＨＮゲームタイプ = 01
2015/01/19 15:56:26	--After --FILE:HBHUN551.cob --LINE:561--  ＨＣＨＮ回号 = +01000
2015/01/19 15:56:26	--After --FILE:HBHUN551.cob --LINE:555--  ＨＣＨＮゲームタイプ = 02
2015/01/19 15:56:26	--After --FILE:HBHUN551.cob --LINE:561--  ＨＣＨＮ回号 = +00004
2015/01/19 15:56:26	--After --FILE:HBHUN551.cob --LINE:555--  ＨＣＨＮゲームタイプ = 01
2015/01/19 15:56:26	--After --FILE:HBHUN551.cob --LINE:561--  ＨＣＨＮ回号 = +01234
2015/01/19 15:56:26	--After --FILE:HBHUN551.cob --LINE:555--  ＨＣＨＮゲームタイプ = 02
2015/01/19 15:56:26	--After --FILE:HBHUN551.cob --LINE:561--  ＨＣＨＮ回号 = +00004
2015/01/19 15:56:26	--After --FILE:HBHUN551.cob --LINE:555--  ＨＣＨＮゲームタイプ = 01
2015/01/19 15:56:26	--After --FILE:HBHUN551.cob --LINE:561--  ＨＣＨＮ回号 = +01234
2015/01/19 15:56:26	--After --FILE:HBHUN551.cob --LINE:555--  ＨＣＨＮゲームタイプ = 02
2015/01/19 15:56:26	--After --FILE:HBHUN551.cob --LINE:561--  ＨＣＨＮ回号 = +00004
2015/01/19 15:56:26	--After --FILE:HBHUN551.cob --LINE:555--  ＨＣＨＮゲームタイプ = 02
2015/01/19 15:56:26	--After --FILE:HBHUN551.cob --LINE:561--  ＨＣＨＮ回号 = +00004
2015/01/19 15:56:26	--After --FILE:HBHUN551.cob --LINE:555--  ＨＣＨＮゲームタイプ = 03
2015/01/19 15:56:26	--After --FILE:HBHUN551.cob --LINE:561--  ＨＣＨＮ回号 = +00005
2015/01/19 15:56:26	--After --FILE:HBHUN551.cob --LINE:673--  ＨＣＨＮゲームタイプ = 01
2015/01/19 15:56:26	--After --FILE:HBHUN551.cob --LINE:678--  ＨＣＨＮ回号 = +01234
2015/01/19 15:56:26	--After --FILE:HBHUN551.cob --LINE:673--  ＨＣＨＮゲームタイプ = 02
2015/01/19 15:56:26	--After --FILE:HBHUN551.cob --LINE:678--  ＨＣＨＮ回号 = +00004
2015/01/19 15:56:26	--After --FILE:HBHUN551.cob --LINE:673--  ＨＣＨＮゲームタイプ = 01
2015/01/19 15:56:26	--After --FILE:HBHUN551.cob --LINE:678--  ＨＣＨＮ回号 = +01000
2015/01/19 15:56:26	--After --FILE:HBHUN551.cob --LINE:673--  ＨＣＨＮゲームタイプ = 02
2015/01/19 15:56:26	--After --FILE:HBHUN551.cob --LINE:678--  ＨＣＨＮ回号 = +00004
2015/01/19 15:56:26	--After --FILE:HBHUN551.cob --LINE:673--  ＨＣＨＮゲームタイプ = 01
2015/01/19 15:56:26	--After --FILE:HBHUN551.cob --LINE:678--  ＨＣＨＮ回号 = +01234
2015/01/19 15:56:26	--After --FILE:HBHUN551.cob --LINE:673--  ＨＣＨＮゲームタイプ = 02
2015/01/19 15:56:26	--After --FILE:HBHUN551.cob --LINE:678--  ＨＣＨＮ回号 = +00004
2015/01/19 15:56:26	--After --FILE:HBHUN551.cob --LINE:673--  ＨＣＨＮゲームタイプ = 01
2015/01/19 15:56:26	--After --FILE:HBHUN551.cob --LINE:678--  ＨＣＨＮ回号 = +01234
2015/01/19 15:56:26	--After --FILE:HBHUN551.cob --LINE:673--  ＨＣＨＮゲームタイプ = 02
2015/01/19 15:56:26	--After --FILE:HBHUN551.cob --LINE:678--  ＨＣＨＮ回号 = +00004
2015/01/19 15:56:26	--After --FILE:HBHUN551.cob --LINE:673--  ＨＣＨＮゲームタイプ = 02
2015/01/19 15:56:26	--After --FILE:HBHUN551.cob --LINE:678--  ＨＣＨＮ回号 = +00004
2015/01/19 15:56:26	--After --FILE:HBHUN551.cob --LINE:673--  ＨＣＨＮゲームタイプ = 03
2015/01/19 15:56:26	--After --FILE:HBHUN551.cob --LINE:678--  ＨＣＨＮ回号 = +00005
2015/01/19 15:58:53	--After --FILE:HBHUN551.cob --LINE:436--  ＨＣＨＮ販売チャネル = 01
2015/01/19 15:58:53	--After --FILE:HBHUN551.cob --LINE:455--  ＨＣＨＮ販売チャネル = 01
2015/01/19 15:58:53	--After --FILE:HBHUN551.cob --LINE:552--  ＨＣＨＮ販売チャネル = 01
2015/01/19 15:58:53	--After --FILE:HBHUN551.cob --LINE:555--  ＨＣＨＮゲームタイプ = 01
2015/01/19 15:58:53	--After --FILE:HBHUN551.cob --LINE:552--  ＨＣＨＮ販売チャネル = 01
2015/01/19 15:58:53	--After --FILE:HBHUN551.cob --LINE:555--  ＨＣＨＮゲームタイプ = 02
2015/01/19 15:58:53	--After --FILE:HBHUN551.cob --LINE:552--  ＨＣＨＮ販売チャネル = 01
2015/01/19 15:58:53	--After --FILE:HBHUN551.cob --LINE:555--  ＨＣＨＮゲームタイプ = 06
2015/01/19 15:58:53	--After --FILE:HBHUN551.cob --LINE:552--  ＨＣＨＮ販売チャネル = 02
2015/01/19 15:58:53	--After --FILE:HBHUN551.cob --LINE:555--  ＨＣＨＮゲームタイプ = 01
2015/01/19 15:58:53	--After --FILE:HBHUN551.cob --LINE:552--  ＨＣＨＮ販売チャネル = 02
2015/01/19 15:58:53	--After --FILE:HBHUN551.cob --LINE:555--  ＨＣＨＮゲームタイプ = 02
2015/01/19 15:58:53	--After --FILE:HBHUN551.cob --LINE:552--  ＨＣＨＮ販売チャネル = 03
2015/01/19 15:58:53	--After --FILE:HBHUN551.cob --LINE:555--  ＨＣＨＮゲームタイプ = 01
2015/01/19 15:58:53	--After --FILE:HBHUN551.cob --LINE:552--  ＨＣＨＮ販売チャネル = 03
2015/01/19 15:58:53	--After --FILE:HBHUN551.cob --LINE:555--  ＨＣＨＮゲームタイプ = 02
2015/01/19 15:58:53	--After --FILE:HBHUN551.cob --LINE:552--  ＨＣＨＮ販売チャネル = 04
2015/01/19 15:58:53	--After --FILE:HBHUN551.cob --LINE:555--  ＨＣＨＮゲームタイプ = 01
2015/01/19 15:58:53	--After --FILE:HBHUN551.cob --LINE:552--  ＨＣＨＮ販売チャネル = 04
2015/01/19 15:58:53	--After --FILE:HBHUN551.cob --LINE:555--  ＨＣＨＮゲームタイプ = 02
2015/01/19 15:58:53	--After --FILE:HBHUN551.cob --LINE:552--  ＨＣＨＮ販売チャネル = 04
2015/01/19 15:58:53	--After --FILE:HBHUN551.cob --LINE:555--  ＨＣＨＮゲームタイプ = 02
2015/01/19 15:58:53	--After --FILE:HBHUN551.cob --LINE:552--  ＨＣＨＮ販売チャネル = 01
2015/01/19 15:58:53	--After --FILE:HBHUN551.cob --LINE:555--  ＨＣＨＮゲームタイプ = 03
2015/01/19 15:58:53	--After --FILE:HBHUN551.cob --LINE:670--  ＨＣＨＮ販売チャネル = 01
2015/01/19 15:58:53	--After --FILE:HBHUN551.cob --LINE:673--  ＨＣＨＮゲームタイプ = 01
2015/01/19 15:58:53	--After --FILE:HBHUN551.cob --LINE:670--  ＨＣＨＮ販売チャネル = 01
2015/01/19 15:58:53	--After --FILE:HBHUN551.cob --LINE:673--  ＨＣＨＮゲームタイプ = 02
2015/01/19 15:58:53	--After --FILE:HBHUN551.cob --LINE:670--  ＨＣＨＮ販売チャネル = 02
2015/01/19 15:58:53	--After --FILE:HBHUN551.cob --LINE:673--  ＨＣＨＮゲームタイプ = 01
2015/01/19 15:58:53	--After --FILE:HBHUN551.cob --LINE:670--  ＨＣＨＮ販売チャネル = 02
2015/01/19 15:58:53	--After --FILE:HBHUN551.cob --LINE:673--  ＨＣＨＮゲームタイプ = 02
2015/01/19 15:58:53	--After --FILE:HBHUN551.cob --LINE:670--  ＨＣＨＮ販売チャネル = 03
2015/01/19 15:58:53	--After --FILE:HBHUN551.cob --LINE:673--  ＨＣＨＮゲームタイプ = 01
2015/01/19 15:58:53	--After --FILE:HBHUN551.cob --LINE:670--  ＨＣＨＮ販売チャネル = 03
2015/01/19 15:58:53	--After --FILE:HBHUN551.cob --LINE:673--  ＨＣＨＮゲームタイプ = 02
2015/01/19 15:58:53	--After --FILE:HBHUN551.cob --LINE:670--  ＨＣＨＮ販売チャネル = 04
2015/01/19 15:58:53	--After --FILE:HBHUN551.cob --LINE:673--  ＨＣＨＮゲームタイプ = 01
2015/01/19 15:58:53	--After --FILE:HBHUN551.cob --LINE:670--  ＨＣＨＮ販売チャネル = 04
2015/01/19 15:58:53	--After --FILE:HBHUN551.cob --LINE:673--  ＨＣＨＮゲームタイプ = 02
2015/01/19 15:58:53	--After --FILE:HBHUN551.cob --LINE:670--  ＨＣＨＮ販売チャネル = 04
2015/01/19 15:58:53	--After --FILE:HBHUN551.cob --LINE:673--  ＨＣＨＮゲームタイプ = 02
2015/01/19 15:58:53	--After --FILE:HBHUN551.cob --LINE:670--  ＨＣＨＮ販売チャネル = 01
2015/01/19 15:58:53	--After --FILE:HBHUN551.cob --LINE:673--  ＨＣＨＮゲームタイプ = 03
2015/01/19 16:06:43	--After --FILE:HBHUN551.cob --LINE:436--  ＨＣＨＮ販売チャネル = 01
2015/01/19 16:06:43	--After --FILE:HBHUN551.cob --LINE:455--  ＨＣＨＮ販売チャネル = 01
2015/01/19 16:06:43	--After --FILE:HBHUN551.cob --LINE:552--  ＨＣＨＮ販売チャネル = 01
2015/01/19 16:06:43	--After --FILE:HBHUN551.cob --LINE:555--  ＨＣＨＮゲームタイプ = 01
2015/01/19 16:06:43	--After --FILE:HBHUN551.cob --LINE:552--  ＨＣＨＮ販売チャネル = 01
2015/01/19 16:06:43	--After --FILE:HBHUN551.cob --LINE:555--  ＨＣＨＮゲームタイプ = 02
2015/01/19 16:06:43	--After --FILE:HBHUN551.cob --LINE:552--  ＨＣＨＮ販売チャネル = 01
2015/01/19 16:06:43	--After --FILE:HBHUN551.cob --LINE:555--  ＨＣＨＮゲームタイプ = 06
2015/01/19 16:06:43	--After --FILE:HBHUN551.cob --LINE:552--  ＨＣＨＮ販売チャネル = 02
2015/01/19 16:06:43	--After --FILE:HBHUN551.cob --LINE:555--  ＨＣＨＮゲームタイプ = 01
2015/01/19 16:06:43	--After --FILE:HBHUN551.cob --LINE:552--  ＨＣＨＮ販売チャネル = 02
2015/01/19 16:06:43	--After --FILE:HBHUN551.cob --LINE:555--  ＨＣＨＮゲームタイプ = 02
2015/01/19 16:06:43	--After --FILE:HBHUN551.cob --LINE:552--  ＨＣＨＮ販売チャネル = 03
2015/01/19 16:06:43	--After --FILE:HBHUN551.cob --LINE:555--  ＨＣＨＮゲームタイプ = 01
2015/01/19 16:06:43	--After --FILE:HBHUN551.cob --LINE:552--  ＨＣＨＮ販売チャネル = 03
2015/01/19 16:06:43	--After --FILE:HBHUN551.cob --LINE:555--  ＨＣＨＮゲームタイプ = 02
2015/01/19 16:06:43	--After --FILE:HBHUN551.cob --LINE:552--  ＨＣＨＮ販売チャネル = 04
2015/01/19 16:06:43	--After --FILE:HBHUN551.cob --LINE:555--  ＨＣＨＮゲームタイプ = 01
2015/01/19 16:06:43	--After --FILE:HBHUN551.cob --LINE:552--  ＨＣＨＮ販売チャネル = 04
2015/01/19 16:06:43	--After --FILE:HBHUN551.cob --LINE:555--  ＨＣＨＮゲームタイプ = 02
2015/01/19 16:06:43	--After --FILE:HBHUN551.cob --LINE:552--  ＨＣＨＮ販売チャネル = 04
2015/01/19 16:06:43	--After --FILE:HBHUN551.cob --LINE:555--  ＨＣＨＮゲームタイプ = 02
2015/01/19 16:06:43	--After --FILE:HBHUN551.cob --LINE:552--  ＨＣＨＮ販売チャネル = 01
2015/01/19 16:06:43	--After --FILE:HBHUN551.cob --LINE:555--  ＨＣＨＮゲームタイプ = 03
2015/01/19 16:06:43	--After --FILE:HBHUN551.cob --LINE:670--  ＨＣＨＮ販売チャネル = 01
2015/01/19 16:06:43	--After --FILE:HBHUN551.cob --LINE:673--  ＨＣＨＮゲームタイプ = 01
2015/01/19 16:06:43	--After --FILE:HBHUN551.cob --LINE:670--  ＨＣＨＮ販売チャネル = 01
2015/01/19 16:06:43	--After --FILE:HBHUN551.cob --LINE:673--  ＨＣＨＮゲームタイプ = 02
2015/01/19 16:06:43	--After --FILE:HBHUN551.cob --LINE:670--  ＨＣＨＮ販売チャネル = 02
2015/01/19 16:06:43	--After --FILE:HBHUN551.cob --LINE:673--  ＨＣＨＮゲームタイプ = 01
2015/01/19 16:06:43	--After --FILE:HBHUN551.cob --LINE:670--  ＨＣＨＮ販売チャネル = 02
2015/01/19 16:06:43	--After --FILE:HBHUN551.cob --LINE:673--  ＨＣＨＮゲームタイプ = 02
2015/01/19 16:06:43	--After --FILE:HBHUN551.cob --LINE:670--  ＨＣＨＮ販売チャネル = 03
2015/01/19 16:06:43	--After --FILE:HBHUN551.cob --LINE:673--  ＨＣＨＮゲームタイプ = 01
2015/01/19 16:06:43	--After --FILE:HBHUN551.cob --LINE:670--  ＨＣＨＮ販売チャネル = 03
2015/01/19 16:06:43	--After --FILE:HBHUN551.cob --LINE:673--  ＨＣＨＮゲームタイプ = 02
2015/01/19 16:06:43	--After --FILE:HBHUN551.cob --LINE:670--  ＨＣＨＮ販売チャネル = 04
2015/01/19 16:06:43	--After --FILE:HBHUN551.cob --LINE:673--  ＨＣＨＮゲームタイプ = 01
2015/01/19 16:06:43	--After --FILE:HBHUN551.cob --LINE:670--  ＨＣＨＮ販売チャネル = 04
2015/01/19 16:06:43	--After --FILE:HBHUN551.cob --LINE:673--  ＨＣＨＮゲームタイプ = 02
2015/01/19 16:06:43	--After --FILE:HBHUN551.cob --LINE:670--  ＨＣＨＮ販売チャネル = 04
2015/01/19 16:06:43	--After --FILE:HBHUN551.cob --LINE:673--  ＨＣＨＮゲームタイプ = 02
2015/01/19 16:06:43	--After --FILE:HBHUN551.cob --LINE:670--  ＨＣＨＮ販売チャネル = 01
2015/01/19 16:06:43	--After --FILE:HBHUN551.cob --LINE:673--  ＨＣＨＮゲームタイプ = 03
2015/01/19 16:13:18	--After --FILE:HBHUN551.cob --LINE:555--  ＨＣＨＮゲームタイプ = 01
2015/01/19 16:13:18	--After --FILE:HBHUN551.cob --LINE:555--  ＨＣＨＮゲームタイプ = 02
2015/01/19 16:13:18	--After --FILE:HBHUN551.cob --LINE:555--  ＨＣＨＮゲームタイプ = 06
2015/01/19 16:13:18	--After --FILE:HBHUN551.cob --LINE:555--  ＨＣＨＮゲームタイプ = 01
2015/01/19 16:13:18	--After --FILE:HBHUN551.cob --LINE:555--  ＨＣＨＮゲームタイプ = 02
2015/01/19 16:13:18	--After --FILE:HBHUN551.cob --LINE:555--  ＨＣＨＮゲームタイプ = 01
2015/01/19 16:13:18	--After --FILE:HBHUN551.cob --LINE:555--  ＨＣＨＮゲームタイプ = 02
2015/01/19 16:13:18	--After --FILE:HBHUN551.cob --LINE:555--  ＨＣＨＮゲームタイプ = 01
2015/01/19 16:13:18	--After --FILE:HBHUN551.cob --LINE:555--  ＨＣＨＮゲームタイプ = 02
2015/01/19 16:13:18	--After --FILE:HBHUN551.cob --LINE:555--  ＨＣＨＮゲームタイプ = 02
2015/01/19 16:13:18	--After --FILE:HBHUN551.cob --LINE:555--  ＨＣＨＮゲームタイプ = 03
2015/01/19 16:13:18	--After --FILE:HBHUN551.cob --LINE:591--  ＣＨＵＲ販売チャネルコード = 01
2015/01/19 16:13:18	--After --FILE:HBHUN551.cob --LINE:673--  ＨＣＨＮゲームタイプ = 01
2015/01/19 16:13:18	--After --FILE:HBHUN551.cob --LINE:673--  ＨＣＨＮゲームタイプ = 02
2015/01/19 16:13:18	--After --FILE:HBHUN551.cob --LINE:673--  ＨＣＨＮゲームタイプ = 01
2015/01/19 16:13:18	--After --FILE:HBHUN551.cob --LINE:673--  ＨＣＨＮゲームタイプ = 02
2015/01/19 16:13:18	--After --FILE:HBHUN551.cob --LINE:673--  ＨＣＨＮゲームタイプ = 01
2015/01/19 16:13:18	--After --FILE:HBHUN551.cob --LINE:673--  ＨＣＨＮゲームタイプ = 02
2015/01/19 16:13:18	--After --FILE:HBHUN551.cob --LINE:673--  ＨＣＨＮゲームタイプ = 01
2015/01/19 16:13:18	--After --FILE:HBHUN551.cob --LINE:673--  ＨＣＨＮゲームタイプ = 02
2015/01/19 16:13:18	--After --FILE:HBHUN551.cob --LINE:673--  ＨＣＨＮゲームタイプ = 02
2015/01/19 16:13:18	--After --FILE:HBHUN551.cob --LINE:673--  ＨＣＨＮゲームタイプ = 03
2015/01/19 16:16:59	--After --FILE:HBHUN551.cob --LINE:436--  ＨＣＨＮ販売チャネル = 01
2015/01/19 16:16:59	--After --FILE:HBHUN551.cob --LINE:455--  ＨＣＨＮ販売チャネル = 01
2015/01/19 16:16:59	--After --FILE:HBHUN551.cob --LINE:552--  ＨＣＨＮ販売チャネル = 01
2015/01/19 16:16:59	--After --FILE:HBHUN551.cob --LINE:555--  ＨＣＨＮゲームタイプ = 01
2015/01/19 16:16:59	--After --FILE:HBHUN551.cob --LINE:552--  ＨＣＨＮ販売チャネル = 01
2015/01/19 16:16:59	--After --FILE:HBHUN551.cob --LINE:555--  ＨＣＨＮゲームタイプ = 02
2015/01/19 16:16:59	--After --FILE:HBHUN551.cob --LINE:552--  ＨＣＨＮ販売チャネル = 01
2015/01/19 16:16:59	--After --FILE:HBHUN551.cob --LINE:555--  ＨＣＨＮゲームタイプ = 06
2015/01/19 16:16:59	--After --FILE:HBHUN551.cob --LINE:552--  ＨＣＨＮ販売チャネル = 02
2015/01/19 16:16:59	--After --FILE:HBHUN551.cob --LINE:555--  ＨＣＨＮゲームタイプ = 01
2015/01/19 16:16:59	--After --FILE:HBHUN551.cob --LINE:552--  ＨＣＨＮ販売チャネル = 02
2015/01/19 16:16:59	--After --FILE:HBHUN551.cob --LINE:555--  ＨＣＨＮゲームタイプ = 02
2015/01/19 16:16:59	--After --FILE:HBHUN551.cob --LINE:552--  ＨＣＨＮ販売チャネル = 03
2015/01/19 16:16:59	--After --FILE:HBHUN551.cob --LINE:555--  ＨＣＨＮゲームタイプ = 01
2015/01/19 16:16:59	--After --FILE:HBHUN551.cob --LINE:552--  ＨＣＨＮ販売チャネル = 03
2015/01/19 16:16:59	--After --FILE:HBHUN551.cob --LINE:555--  ＨＣＨＮゲームタイプ = 02
2015/01/19 16:16:59	--After --FILE:HBHUN551.cob --LINE:552--  ＨＣＨＮ販売チャネル = 04
2015/01/19 16:16:59	--After --FILE:HBHUN551.cob --LINE:555--  ＨＣＨＮゲームタイプ = 01
2015/01/19 16:16:59	--After --FILE:HBHUN551.cob --LINE:552--  ＨＣＨＮ販売チャネル = 04
2015/01/19 16:16:59	--After --FILE:HBHUN551.cob --LINE:555--  ＨＣＨＮゲームタイプ = 02
2015/01/19 16:16:59	--After --FILE:HBHUN551.cob --LINE:552--  ＨＣＨＮ販売チャネル = 04
2015/01/19 16:16:59	--After --FILE:HBHUN551.cob --LINE:555--  ＨＣＨＮゲームタイプ = 02
2015/01/19 16:16:59	--After --FILE:HBHUN551.cob --LINE:552--  ＨＣＨＮ販売チャネル = 01
2015/01/19 16:16:59	--After --FILE:HBHUN551.cob --LINE:555--  ＨＣＨＮゲームタイプ = 03
2015/01/19 16:16:59	--After --FILE:HBHUN551.cob --LINE:670--  ＨＣＨＮ販売チャネル = 01
2015/01/19 16:16:59	--After --FILE:HBHUN551.cob --LINE:673--  ＨＣＨＮゲームタイプ = 01
2015/01/19 16:16:59	--After --FILE:HBHUN551.cob --LINE:670--  ＨＣＨＮ販売チャネル = 01
2015/01/19 16:16:59	--After --FILE:HBHUN551.cob --LINE:673--  ＨＣＨＮゲームタイプ = 02
2015/01/19 16:16:59	--After --FILE:HBHUN551.cob --LINE:670--  ＨＣＨＮ販売チャネル = 02
2015/01/19 16:16:59	--After --FILE:HBHUN551.cob --LINE:673--  ＨＣＨＮゲームタイプ = 01
2015/01/19 16:16:59	--After --FILE:HBHUN551.cob --LINE:670--  ＨＣＨＮ販売チャネル = 02
2015/01/19 16:16:59	--After --FILE:HBHUN551.cob --LINE:673--  ＨＣＨＮゲームタイプ = 02
2015/01/19 16:16:59	--After --FILE:HBHUN551.cob --LINE:670--  ＨＣＨＮ販売チャネル = 03
2015/01/19 16:16:59	--After --FILE:HBHUN551.cob --LINE:673--  ＨＣＨＮゲームタイプ = 01
2015/01/19 16:16:59	--After --FILE:HBHUN551.cob --LINE:670--  ＨＣＨＮ販売チャネル = 03
2015/01/19 16:16:59	--After --FILE:HBHUN551.cob --LINE:673--  ＨＣＨＮゲームタイプ = 02
2015/01/19 16:16:59	--After --FILE:HBHUN551.cob --LINE:670--  ＨＣＨＮ販売チャネル = 04
2015/01/19 16:16:59	--After --FILE:HBHUN551.cob --LINE:673--  ＨＣＨＮゲームタイプ = 01
2015/01/19 16:16:59	--After --FILE:HBHUN551.cob --LINE:670--  ＨＣＨＮ販売チャネル = 04
2015/01/19 16:17:00	--After --FILE:HBHUN551.cob --LINE:673--  ＨＣＨＮゲームタイプ = 02
2015/01/19 16:17:00	--After --FILE:HBHUN551.cob --LINE:670--  ＨＣＨＮ販売チャネル = 04
2015/01/19 16:17:00	--After --FILE:HBHUN551.cob --LINE:673--  ＨＣＨＮゲームタイプ = 02
2015/01/19 16:17:00	--After --FILE:HBHUN551.cob --LINE:670--  ＨＣＨＮ販売チャネル = 01
2015/01/19 16:17:00	--After --FILE:HBHUN551.cob --LINE:673--  ＨＣＨＮゲームタイプ = 03
2015/01/19 17:10:57	--After --FILE:HBHUN551.cob --LINE:436--  ＨＣＨＮ販売チャネル = 01
2015/01/19 17:10:57	--After --FILE:HBHUN551.cob --LINE:455--  ＨＣＨＮ販売チャネル = 01
2015/01/19 17:10:57	--After --FILE:HBHUN551.cob --LINE:552--  ＨＣＨＮ販売チャネル = 01
2015/01/19 17:10:57	--After --FILE:HBHUN551.cob --LINE:555--  ＨＣＨＮゲームタイプ = 01
2015/01/19 17:10:57	--After --FILE:HBHUN551.cob --LINE:552--  ＨＣＨＮ販売チャネル = 01
2015/01/19 17:10:57	--After --FILE:HBHUN551.cob --LINE:555--  ＨＣＨＮゲームタイプ = 02
2015/01/19 17:10:57	--After --FILE:HBHUN551.cob --LINE:552--  ＨＣＨＮ販売チャネル = 01
2015/01/19 17:10:57	--After --FILE:HBHUN551.cob --LINE:555--  ＨＣＨＮゲームタイプ = 06
2015/01/19 17:10:57	--After --FILE:HBHUN551.cob --LINE:552--  ＨＣＨＮ販売チャネル = 02
2015/01/19 17:10:57	--After --FILE:HBHUN551.cob --LINE:555--  ＨＣＨＮゲームタイプ = 01
2015/01/19 17:10:57	--After --FILE:HBHUN551.cob --LINE:552--  ＨＣＨＮ販売チャネル = 02
2015/01/19 17:10:57	--After --FILE:HBHUN551.cob --LINE:555--  ＨＣＨＮゲームタイプ = 02
2015/01/19 17:10:57	--After --FILE:HBHUN551.cob --LINE:552--  ＨＣＨＮ販売チャネル = 03
2015/01/19 17:10:57	--After --FILE:HBHUN551.cob --LINE:555--  ＨＣＨＮゲームタイプ = 01
2015/01/19 17:10:57	--After --FILE:HBHUN551.cob --LINE:552--  ＨＣＨＮ販売チャネル = 03
2015/01/19 17:10:57	--After --FILE:HBHUN551.cob --LINE:555--  ＨＣＨＮゲームタイプ = 02
2015/01/19 17:10:57	--After --FILE:HBHUN551.cob --LINE:552--  ＨＣＨＮ販売チャネル = 04
2015/01/19 17:10:57	--After --FILE:HBHUN551.cob --LINE:555--  ＨＣＨＮゲームタイプ = 01
2015/01/19 17:10:57	--After --FILE:HBHUN551.cob --LINE:552--  ＨＣＨＮ販売チャネル = 04
2015/01/19 17:10:57	--After --FILE:HBHUN551.cob --LINE:555--  ＨＣＨＮゲームタイプ = 02
2015/01/19 17:10:57	--After --FILE:HBHUN551.cob --LINE:552--  ＨＣＨＮ販売チャネル = 04
2015/01/19 17:10:57	--After --FILE:HBHUN551.cob --LINE:555--  ＨＣＨＮゲームタイプ = 02
2015/01/19 17:10:57	--After --FILE:HBHUN551.cob --LINE:552--  ＨＣＨＮ販売チャネル = 01
2015/01/19 17:10:57	--After --FILE:HBHUN551.cob --LINE:555--  ＨＣＨＮゲームタイプ = 03
2015/01/19 17:10:57	--After --FILE:HBHUN551.cob --LINE:670--  ＨＣＨＮ販売チャネル = 01
2015/01/19 17:10:57	--After --FILE:HBHUN551.cob --LINE:673--  ＨＣＨＮゲームタイプ = 01
2015/01/19 17:10:57	--After --FILE:HBHUN551.cob --LINE:670--  ＨＣＨＮ販売チャネル = 01
2015/01/19 17:10:57	--After --FILE:HBHUN551.cob --LINE:673--  ＨＣＨＮゲームタイプ = 02
2015/01/19 17:10:57	--After --FILE:HBHUN551.cob --LINE:670--  ＨＣＨＮ販売チャネル = 02
2015/01/19 17:10:57	--After --FILE:HBHUN551.cob --LINE:673--  ＨＣＨＮゲームタイプ = 01
2015/01/19 17:10:57	--After --FILE:HBHUN551.cob --LINE:670--  ＨＣＨＮ販売チャネル = 02
2015/01/19 17:10:57	--After --FILE:HBHUN551.cob --LINE:673--  ＨＣＨＮゲームタイプ = 02
2015/01/19 17:10:57	--After --FILE:HBHUN551.cob --LINE:670--  ＨＣＨＮ販売チャネル = 03
2015/01/19 17:10:58	--After --FILE:HBHUN551.cob --LINE:673--  ＨＣＨＮゲームタイプ = 01
2015/01/19 17:10:58	--After --FILE:HBHUN551.cob --LINE:670--  ＨＣＨＮ販売チャネル = 03
2015/01/19 17:10:58	--After --FILE:HBHUN551.cob --LINE:673--  ＨＣＨＮゲームタイプ = 02
2015/01/19 17:10:58	--After --FILE:HBHUN551.cob --LINE:670--  ＨＣＨＮ販売チャネル = 04
2015/01/19 17:10:58	--After --FILE:HBHUN551.cob --LINE:673--  ＨＣＨＮゲームタイプ = 01
2015/01/19 17:10:58	--After --FILE:HBHUN551.cob --LINE:670--  ＨＣＨＮ販売チャネル = 04
2015/01/19 17:10:58	--After --FILE:HBHUN551.cob --LINE:673--  ＨＣＨＮゲームタイプ = 02
2015/01/19 17:10:58	--After --FILE:HBHUN551.cob --LINE:670--  ＨＣＨＮ販売チャネル = 04
2015/01/19 17:10:58	--After --FILE:HBHUN551.cob --LINE:673--  ＨＣＨＮゲームタイプ = 02
2015/01/19 17:10:58	--After --FILE:HBHUN551.cob --LINE:670--  ＨＣＨＮ販売チャネル = 01
2015/01/19 17:10:58	--After --FILE:HBHUN551.cob --LINE:673--  ＨＣＨＮゲームタイプ = 03
